<?xml version="1.0" encoding="UTF-8"?>
<testsuites name="01HU-Login-Cierre de Sesión" time="1570.134" tests="16" failures="5" errors="0">
   <testsuite name="01HU-Login-Cierre de Sesión" tests="16" failures="5" errors="0" time="1570.134" skipped="0" timestamp="2022-05-23 23:35:57" hostname="Jose_Arrieta - Jose-Arrieta" id="Test Suites/Sprint 1/01HU-Login-Cierre de Sesión">
      <properties>
         <property name="deviceName" value="HUAWEI MRD-LX3 (Android 9)"/>
         <property name="devicePlatform" value=""/>
         <property name="logFolder" value="C:\\Users\\Jose_Arrieta\\git\\UENO-App-Android\\UENO-App-Android\\Reports\\20220523_233534\\Sprint 1\\01HU-Login-Cierre de Sesi\u00F3n\\20220523_233535"/>
         <property name="logFiles" value="C:\\Users\\Jose_Arrieta\\git\\UENO-App-Android\\UENO-App-Android\\Reports\\20220523_233534\\Sprint 1\\01HU-Login-Cierre de Sesi\u00F3n\\20220523_233535\\appium.log, C:\\Users\\Jose_Arrieta\\git\\UENO-App-Android\\UENO-App-Android\\Reports\\20220523_233534\\Sprint 1\\01HU-Login-Cierre de Sesi\u00F3n\\20220523_233535\\execution0.log"/>
         <property name="attachments" value="C:\\Users\\Jose_Arrieta\\git\\UENO-App-Android\\UENO-App-Android\\Reports\\20220523_233534\\Sprint 1\\01HU-Login-Cierre de Sesi\u00F3n\\20220523_233535\\1653364894841.png"/>
         <property name="hostName" value="Jose_Arrieta - Jose-Arrieta"/>
         <property name="os" value="Windows 10 64bit"/>
         <property name="appiumServerStatus" value="{&quot;value&quot;:{&quot;build&quot;:{&quot;version&quot;:&quot;1.22.3&quot;}},&quot;sessionId&quot;:null,&quot;status&quot;:0}"/>
         <property name="katalonVersion" value="8.3.0.208"/>
         <property name="deviceOS" value="Android"/>
         <property name="appiumVersion" value="1.22.3"/>
         <property name="deviceModel" value="MRD-LX3"/>
         <property name="hostAddress" value="192.168.0.103"/>
         <property name="deviceManufacturer" value="HUAWEI"/>
         <property name="deviceId" value="ASJNW19409003146"/>
         <property name="deviceName" value="HUAWEI MRD-LX3 (Android 9)"/>
         <property name="deviceOSVersion" value="9"/>
      </properties>
      <testcase name="Test Cases/Sprint 1/01HU-Login-Cierre de Sesión/01 Especificaciones Funcionales - Primer Login exitoso del Cliente" time="104.324" classname="Test Cases/Sprint 1/01HU-Login-Cierre de Sesión/01 Especificaciones Funcionales - Primer Login exitoso del Cliente" status="PASSED">
         <system-out><![CDATA[2022-05-23 23:35:57 - [TEST_CASE][PASSED] - Test Cases/Sprint 1/01HU-Login-Cierre de Sesión/01 Especificaciones Funcionales - Primer Login exitoso del Cliente: Test Cases/Sprint 1/01HU-Login-Cierre de Sesión/01 Especificaciones Funcionales - Primer Login exitoso del Cliente

2022-05-23 23:35:59 - [TEST_STEP][PASSED] - startApplication(URL, true): Started app at: 'C:\Users\Jose_Arrieta\Desktop\JA\Proyectos\Automatizacion de pruebas\APK para inicio\crtopyinfinitymobilebanking-release (8).apk'

2022-05-23 23:35:59 - [MESSAGE][WARNING] - Test object with id 'Object Repository/cierre de sesion/android.widget.TextView - Sesin cerrada por inactividad. Ingres de nuevo' does not exist

2022-05-23 23:35:59 - [MESSAGE][WARNING] - Test object with id 'Object Repository/falla de conexion dashboard/android.widget.TextView - Ups Hubo una falla en la conexin. Por favor, verific y prob de nuevo' does not exist

2022-05-23 23:35:59 - [MESSAGE][WARNING] - Test object with id 'Object Repository/dasboard/android.widget.TextView - Te gustara activar tu huella digital como mtodo de acceso predeterminado' does not exist

2022-05-23 23:35:59 - [MESSAGE][INFO] - User set preference: ['deviceId', '']

2022-05-23 23:36:00 - [MESSAGE][INFO] - Detected NodeJS location: "C:\Program Files\nodejs\node.exe"

2022-05-23 23:36:01 - [MESSAGE][INFO] - Appium server started on port 52.172

2022-05-23 23:36:51 - [MESSAGE][PASSED] - Started app at: 'C:\Users\Jose_Arrieta\Desktop\JA\Proyectos\Automatizacion de pruebas\APK para inicio\crtopyinfinitymobilebanking-release (8).apk'

2022-05-23 23:36:51 - [TEST_STEP][PASSED] - delay(10, CONTINUE_ON_FAILURE): Delayed 10 second(s)

2022-05-23 23:37:01 - [MESSAGE][PASSED] - Delayed 10 second(s)

2022-05-23 23:37:01 - [TEST_STEP][PASSED] - Hola = getText(findTestObject("Object Repository/Sprint 1/Inicio primera vez y cierre de sesion/android.widget.TextView - Hola Primer Login"), 0): Text of element 'Object Repository/Sprint 1/Inicio primera vez y cierre de sesion/android.widget.TextView - Hola Primer Login' is: '¡Hola!'

2022-05-23 23:37:01 - [MESSAGE][WARNING] - Timeout '0' is invalid. Using default page load timeout: '30'

2022-05-23 23:37:03 - [MESSAGE][PASSED] - Text of element 'Object Repository/Sprint 1/Inicio primera vez y cierre de sesion/android.widget.TextView - Hola Primer Login' is: '¡Hola!'

2022-05-23 23:37:03 - [TEST_STEP][PASSED] - verifyEqual(Hola, "¡Hola!"): Actual object '¡Hola!' and expected object '¡Hola!' are equal

2022-05-23 23:37:03 - [MESSAGE][PASSED] - Actual object '¡Hola!' and expected object '¡Hola!' are equal

2022-05-23 23:37:03 - [TEST_STEP][PASSED] - setText(findTestObject("Object Repository/Sprint 1/Inicio primera vez y cierre de sesion/android.widget.EditText - Ejemplo 0981123456 (1)"), Numerocelular, 0): Text '0972875200' has been set to element 'Object Repository/Sprint 1/Inicio primera vez y cierre de sesion/android.widget.EditText - Ejemplo 0981123456 (1)'

2022-05-23 23:37:03 - [MESSAGE][WARNING] - Timeout '0' is invalid. Using default page load timeout: '30'

2022-05-23 23:37:05 - [MESSAGE][PASSED] - Text '0972875200' has been set to element 'Object Repository/Sprint 1/Inicio primera vez y cierre de sesion/android.widget.EditText - Ejemplo 0981123456 (1)'

2022-05-23 23:37:05 - [TEST_STEP][PASSED] - setText(findTestObject("Object Repository/Sprint 1/Inicio primera vez y cierre de sesion/android.widget.EditText (2)"), Contrasena, 0): Text 'Kony!12345' has been set to element 'Object Repository/Sprint 1/Inicio primera vez y cierre de sesion/android.widget.EditText (2)'

2022-05-23 23:37:05 - [MESSAGE][WARNING] - Timeout '0' is invalid. Using default page load timeout: '30'

2022-05-23 23:37:07 - [MESSAGE][PASSED] - Text 'Kony!12345' has been set to element 'Object Repository/Sprint 1/Inicio primera vez y cierre de sesion/android.widget.EditText (2)'

2022-05-23 23:37:07 - [TEST_STEP][PASSED] - tap(findTestObject("Object Repository/Sprint 1/Inicio primera vez y cierre de sesion/android.widget.Button - Ingresar (2)"), 0): Tapped on element 'Object Repository/Sprint 1/Inicio primera vez y cierre de sesion/android.widget.Button - Ingresar (2)'

2022-05-23 23:37:07 - [MESSAGE][WARNING] - Timeout '0' is invalid. Using default page load timeout: '30'

2022-05-23 23:37:08 - [MESSAGE][PASSED] - Tapped on element 'Object Repository/Sprint 1/Inicio primera vez y cierre de sesion/android.widget.Button - Ingresar (2)'

2022-05-23 23:37:08 - [TEST_STEP][PASSED] - tap(findTestObject("Sprint 1/Inicio primera vez y cierre de sesion/android.widget.Button - NO (1)"), 0): Tapped on element 'Object Repository/Sprint 1/Inicio primera vez y cierre de sesion/android.widget.Button - NO (1)'

2022-05-23 23:37:08 - [MESSAGE][WARNING] - Timeout '0' is invalid. Using default page load timeout: '30'

2022-05-23 23:37:29 - [MESSAGE][PASSED] - Tapped on element 'Object Repository/Sprint 1/Inicio primera vez y cierre de sesion/android.widget.Button - NO (1)'

2022-05-23 23:37:29 - [TEST_STEP][PASSED] - tap(findTestObject("Sprint 1/Inicio primera vez y cierre de sesion/android.widget.ImageView"), 0): Tapped on element 'Object Repository/Sprint 1/Inicio primera vez y cierre de sesion/android.widget.ImageView'

2022-05-23 23:37:29 - [MESSAGE][WARNING] - Timeout '0' is invalid. Using default page load timeout: '30'

2022-05-23 23:37:30 - [MESSAGE][PASSED] - Tapped on element 'Object Repository/Sprint 1/Inicio primera vez y cierre de sesion/android.widget.ImageView'

2022-05-23 23:37:30 - [TEST_STEP][PASSED] - tap(findTestObject("Sprint 1/cierre de sesion/android.widget.ImageView Icono salir superior"), 0): Tapped on element 'Object Repository/Sprint 1/cierre de sesion/android.widget.ImageView Icono salir superior'

2022-05-23 23:37:30 - [MESSAGE][WARNING] - Timeout '0' is invalid. Using default page load timeout: '30'

2022-05-23 23:37:33 - [MESSAGE][PASSED] - Tapped on element 'Object Repository/Sprint 1/cierre de sesion/android.widget.ImageView Icono salir superior'

2022-05-23 23:37:33 - [TEST_STEP][PASSED] - tap(findTestObject("Sprint 1/cierre de sesion/android.widget.Button - SI (cerrar sesion)"), 0): Tapped on element 'Object Repository/Sprint 1/cierre de sesion/android.widget.Button - SI (cerrar sesion)'

2022-05-23 23:37:33 - [MESSAGE][WARNING] - Timeout '0' is invalid. Using default page load timeout: '30'

2022-05-23 23:37:34 - [MESSAGE][PASSED] - Tapped on element 'Object Repository/Sprint 1/cierre de sesion/android.widget.Button - SI (cerrar sesion)'

2022-05-23 23:37:34 - [TEST_STEP][PASSED] - SILVIA = getText(findTestObject("Sprint 1/Inicio primera vez y cierre de sesion/android.widget.TextView -  NombreUsuario"), 0): Text of element 'Object Repository/Sprint 1/Inicio primera vez y cierre de sesion/android.widget.TextView -  NombreUsuario' is: ' SILVIA'

2022-05-23 23:37:34 - [MESSAGE][WARNING] - Timeout '0' is invalid. Using default page load timeout: '30'

2022-05-23 23:37:41 - [MESSAGE][PASSED] - Text of element 'Object Repository/Sprint 1/Inicio primera vez y cierre de sesion/android.widget.TextView -  NombreUsuario' is: ' SILVIA'

2022-05-23 23:37:41 - [TEST_STEP][PASSED] - verifyEqual(Nombredeusuario, findTestData("Usuarios").getValue(4, 1)): Actual object 'SILVIA' and expected object 'SILVIA' are equal

2022-05-23 23:37:41 - [MESSAGE][PASSED] - Actual object 'SILVIA' and expected object 'SILVIA' are equal]]></system-out>
         <system-err><![CDATA[]]></system-err>
      </testcase>
      <testcase name="Test Cases/Sprint 1/01HU-Login-Cierre de Sesión/02Estructura de la pantalla - Pantalla de Login" time="28.905" classname="Test Cases/Sprint 1/01HU-Login-Cierre de Sesión/02Estructura de la pantalla - Pantalla de Login" status="PASSED">
         <system-out><![CDATA[2022-05-23 23:37:41 - [TEST_CASE][PASSED] - Test Cases/Sprint 1/01HU-Login-Cierre de Sesión/02Estructura de la pantalla - Pantalla de Login: Test Cases/Sprint 1/01HU-Login-Cierre de Sesión/02Estructura de la pantalla - Pantalla de Login

2022-05-23 23:37:42 - [TEST_STEP][PASSED] - startApplication(URL, false): Started app at: 'C:\Users\Jose_Arrieta\Desktop\JA\Proyectos\Automatizacion de pruebas\APK para inicio\crtopyinfinitymobilebanking-release (8).apk'

2022-05-23 23:37:42 - [MESSAGE][INFO] - User set preference: ['deviceId', '']

2022-05-23 23:37:55 - [MESSAGE][PASSED] - Started app at: 'C:\Users\Jose_Arrieta\Desktop\JA\Proyectos\Automatizacion de pruebas\APK para inicio\crtopyinfinitymobilebanking-release (8).apk'

2022-05-23 23:37:55 - [TEST_STEP][PASSED] - delay(5, CONTINUE_ON_FAILURE): Delayed 5 second(s)

2022-05-23 23:38:00 - [MESSAGE][PASSED] - Delayed 5 second(s)

2022-05-23 23:38:00 - [TEST_STEP][PASSED] - clearText(findTestObject("Sprint 1/Login/android.widget.EditText - Numero de celular login"), 0): Element 'Object Repository/Sprint 1/Login/android.widget.EditText - Numero de celular login' text is cleared

2022-05-23 23:38:00 - [MESSAGE][WARNING] - Timeout '0' is invalid. Using default page load timeout: '30'

2022-05-23 23:38:02 - [MESSAGE][PASSED] - Element 'Object Repository/Sprint 1/Login/android.widget.EditText - Numero de celular login' text is cleared

2022-05-23 23:38:02 - [TEST_STEP][PASSED] - Banner = getAttribute(findTestObject("Sprint 1/Login/android.widget.ImageView.Banner"), "resource-id", 0): Element 'Object Repository/Sprint 1/Login/android.widget.ImageView.Banner' has attribute 'resource-id' is 'com.verticalapps.KonyMobileBanking:id/imgKonyLogo'

2022-05-23 23:38:03 - [MESSAGE][WARNING] - Timeout '0' is invalid. Using default page load timeout: '30'

2022-05-23 23:38:04 - [MESSAGE][PASSED] - Element 'Object Repository/Sprint 1/Login/android.widget.ImageView.Banner' has attribute 'resource-id' is 'com.verticalapps.KonyMobileBanking:id/imgKonyLogo'

2022-05-23 23:38:04 - [TEST_STEP][PASSED] - verifyMatch(Banner, "com.verticalapps.KonyMobileBanking:id/imgKonyLogo", false): Actual text 'com.verticalapps.KonyMobileBanking:id/imgKonyLogo' and expected text 'com.verticalapps.KonyMobileBanking:id/imgKonyLogo' are matched 

2022-05-23 23:38:04 - [MESSAGE][PASSED] - Actual text 'com.verticalapps.KonyMobileBanking:id/imgKonyLogo' and expected text 'com.verticalapps.KonyMobileBanking:id/imgKonyLogo' are matched 

2022-05-23 23:38:04 - [TEST_STEP][PASSED] - Hola = getText(findTestObject("Sprint 1/Login/android.widget.TextView - Hola (1)"), 0, CONTINUE_ON_FAILURE): Text of element 'Object Repository/Sprint 1/Login/android.widget.TextView - Hola (1)' is: '¡Hola'

2022-05-23 23:38:04 - [MESSAGE][WARNING] - Timeout '0' is invalid. Using default page load timeout: '30'

2022-05-23 23:38:05 - [MESSAGE][PASSED] - Text of element 'Object Repository/Sprint 1/Login/android.widget.TextView - Hola (1)' is: '¡Hola'

2022-05-23 23:38:05 - [TEST_STEP][PASSED] - verifyEqual(Hola, "¡Hola"): Actual object '¡Hola' and expected object '¡Hola' are equal

2022-05-23 23:38:05 - [MESSAGE][PASSED] - Actual object '¡Hola' and expected object '¡Hola' are equal

2022-05-23 23:38:05 - [TEST_STEP][PASSED] - NumerodeCelular = getText(findTestObject("Sprint 1/Login/android.widget.TextView - Nmero de celular"), 0): Text of element 'Object Repository/Sprint 1/Login/android.widget.TextView - Nmero de celular' is: 'Número de celular:'

2022-05-23 23:38:05 - [MESSAGE][WARNING] - Timeout '0' is invalid. Using default page load timeout: '30'

2022-05-23 23:38:06 - [MESSAGE][PASSED] - Text of element 'Object Repository/Sprint 1/Login/android.widget.TextView - Nmero de celular' is: 'Número de celular:'

2022-05-23 23:38:06 - [TEST_STEP][PASSED] - verifyEqual(NumerodeCelular, "Número de celular:"): Actual object 'Número de celular:' and expected object 'Número de celular:' are equal

2022-05-23 23:38:06 - [MESSAGE][PASSED] - Actual object 'Número de celular:' and expected object 'Número de celular:' are equal

2022-05-23 23:38:06 - [TEST_STEP][PASSED] - Contrasena = getText(findTestObject("Sprint 1/Login/android.widget.TextView - Contrasea"), 0): Text of element 'Object Repository/Sprint 1/Login/android.widget.TextView - Contrasea' is: 'Contraseña:'

2022-05-23 23:38:06 - [MESSAGE][WARNING] - Timeout '0' is invalid. Using default page load timeout: '30'

2022-05-23 23:38:07 - [MESSAGE][PASSED] - Text of element 'Object Repository/Sprint 1/Login/android.widget.TextView - Contrasea' is: 'Contraseña:'

2022-05-23 23:38:07 - [TEST_STEP][PASSED] - verifyEqual(Contrasena, "Contraseña:"): Actual object 'Contraseña:' and expected object 'Contraseña:' are equal

2022-05-23 23:38:07 - [MESSAGE][PASSED] - Actual object 'Contraseña:' and expected object 'Contraseña:' are equal

2022-05-23 23:38:07 - [TEST_STEP][PASSED] - IconoContrasena = getAttribute(findTestObject("Sprint 1/Login/android.widget.ImageView.IconoMostrarContraseña"), "resource-id", 0): Element 'Object Repository/Sprint 1/Login/android.widget.ImageView.IconoMostrarContraseña' has attribute 'resource-id' is 'com.verticalapps.KonyMobileBanking:id/imgPwdVisiblityToggle'

2022-05-23 23:38:07 - [MESSAGE][WARNING] - Timeout '0' is invalid. Using default page load timeout: '30'

2022-05-23 23:38:07 - [MESSAGE][PASSED] - Element 'Object Repository/Sprint 1/Login/android.widget.ImageView.IconoMostrarContraseña' has attribute 'resource-id' is 'com.verticalapps.KonyMobileBanking:id/imgPwdVisiblityToggle'

2022-05-23 23:38:07 - [TEST_STEP][PASSED] - verifyMatch(IconoContrasena, "com.verticalapps.KonyMobileBanking:id/imgPwdVisiblityToggle", false): Actual text 'com.verticalapps.KonyMobileBanking:id/imgPwdVisiblityToggle' and expected text 'com.verticalapps.KonyMobileBanking:id/imgPwdVisiblityToggle' are matched 

2022-05-23 23:38:07 - [MESSAGE][PASSED] - Actual text 'com.verticalapps.KonyMobileBanking:id/imgPwdVisiblityToggle' and expected text 'com.verticalapps.KonyMobileBanking:id/imgPwdVisiblityToggle' are matched 

2022-05-23 23:38:07 - [TEST_STEP][PASSED] - OlvidastetuContrasena = getText(findTestObject("Sprint 1/Login/android.widget.TextView - Olvidaste tu contrasea"), 0): Text of element 'Object Repository/Sprint 1/Login/android.widget.TextView - Olvidaste tu contrasea' is: '¿Olvidaste tu contraseña?'

2022-05-23 23:38:07 - [MESSAGE][WARNING] - Timeout '0' is invalid. Using default page load timeout: '30'

2022-05-23 23:38:08 - [MESSAGE][PASSED] - Text of element 'Object Repository/Sprint 1/Login/android.widget.TextView - Olvidaste tu contrasea' is: '¿Olvidaste tu contraseña?'

2022-05-23 23:38:08 - [TEST_STEP][PASSED] - verifyEqual(OlvidastetuContrasena, "¿Olvidaste tu contraseña?"): Actual object '¿Olvidaste tu contraseña?' and expected object '¿Olvidaste tu contraseña?' are equal

2022-05-23 23:38:08 - [MESSAGE][PASSED] - Actual object '¿Olvidaste tu contraseña?' and expected object '¿Olvidaste tu contraseña?' are equal

2022-05-23 23:38:08 - [TEST_STEP][PASSED] - BotonIngresar = getAttribute(findTestObject("Sprint 1/Login/android.widget.Button - Ingresar"), "text", 0): Element 'Object Repository/Sprint 1/Login/android.widget.Button - Ingresar' has attribute 'text' is 'Ingresar'

2022-05-23 23:38:08 - [MESSAGE][WARNING] - Timeout '0' is invalid. Using default page load timeout: '30'

2022-05-23 23:38:08 - [MESSAGE][PASSED] - Element 'Object Repository/Sprint 1/Login/android.widget.Button - Ingresar' has attribute 'text' is 'Ingresar'

2022-05-23 23:38:08 - [TEST_STEP][PASSED] - verifyEqual(BotonIngresar, "Ingresar"): Actual object 'Ingresar' and expected object 'Ingresar' are equal

2022-05-23 23:38:08 - [MESSAGE][PASSED] - Actual object 'Ingresar' and expected object 'Ingresar' are equal

2022-05-23 23:38:08 - [TEST_STEP][PASSED] - Registrarme = getAttribute(findTestObject("Sprint 1/Login/android.widget.Button - Registrarme"), "text", 0): Element 'Object Repository/Sprint 1/Login/android.widget.Button - Registrarme' has attribute 'text' is 'Registrarme'

2022-05-23 23:38:08 - [MESSAGE][WARNING] - Timeout '0' is invalid. Using default page load timeout: '30'

2022-05-23 23:38:09 - [MESSAGE][PASSED] - Element 'Object Repository/Sprint 1/Login/android.widget.Button - Registrarme' has attribute 'text' is 'Registrarme'

2022-05-23 23:38:09 - [TEST_STEP][PASSED] - verifyEqual(Registrarme, "Registrarme"): Actual object 'Registrarme' and expected object 'Registrarme' are equal

2022-05-23 23:38:09 - [MESSAGE][PASSED] - Actual object 'Registrarme' and expected object 'Registrarme' are equal

2022-05-23 23:38:09 - [TEST_STEP][PASSED] - Soporte = getAttribute(findTestObject("Sprint 1/Login/android.widget.Button - Soporte"), "text", 0): Element 'Object Repository/Sprint 1/Login/android.widget.Button - Soporte' has attribute 'text' is 'Soporte'

2022-05-23 23:38:09 - [MESSAGE][WARNING] - Timeout '0' is invalid. Using default page load timeout: '30'

2022-05-23 23:38:10 - [MESSAGE][PASSED] - Element 'Object Repository/Sprint 1/Login/android.widget.Button - Soporte' has attribute 'text' is 'Soporte'

2022-05-23 23:38:10 - [TEST_STEP][PASSED] - verifyEqual(Soporte, "Soporte"): Actual object 'Soporte' and expected object 'Soporte' are equal

2022-05-23 23:38:10 - [MESSAGE][PASSED] - Actual object 'Soporte' and expected object 'Soporte' are equal

2022-05-23 23:38:10 - [TEST_STEP][PASSED] - TextoAyuda = getAttribute(findTestObject("Sprint 1/Login/android.widget.EditText - Ejemplo 0981123456"), "text", 0): Element 'Object Repository/Sprint 1/Login/android.widget.EditText - Ejemplo 0981123456' has attribute 'text' is 'Ejemplo: 0981123456'

2022-05-23 23:38:10 - [MESSAGE][WARNING] - Timeout '0' is invalid. Using default page load timeout: '30'

2022-05-23 23:38:10 - [MESSAGE][PASSED] - Element 'Object Repository/Sprint 1/Login/android.widget.EditText - Ejemplo 0981123456' has attribute 'text' is 'Ejemplo: 0981123456'

2022-05-23 23:38:10 - [TEST_STEP][PASSED] - verifyEqual(TextoAyuda, "Ejemplo: 0981123456"): Actual object 'Ejemplo: 0981123456' and expected object 'Ejemplo: 0981123456' are equal

2022-05-23 23:38:10 - [MESSAGE][PASSED] - Actual object 'Ejemplo: 0981123456' and expected object 'Ejemplo: 0981123456' are equal]]></system-out>
         <system-err><![CDATA[]]></system-err>
      </testcase>
      <testcase name="Test Cases/Sprint 1/01HU-Login-Cierre de Sesión/03Especificaciones funcionales - Botón Plano Olvidaste tu contraseña" time="69.262" classname="Test Cases/Sprint 1/01HU-Login-Cierre de Sesión/03Especificaciones funcionales - Botón Plano Olvidaste tu contraseña" status="PASSED">
         <system-out><![CDATA[2022-05-23 23:38:10 - [TEST_CASE][PASSED] - Test Cases/Sprint 1/01HU-Login-Cierre de Sesión/03Especificaciones funcionales - Botón Plano Olvidaste tu contraseña: Test Cases/Sprint 1/01HU-Login-Cierre de Sesión/03Especificaciones funcionales - Botón Plano Olvidaste tu contraseña

2022-05-23 23:38:11 - [TEST_STEP][PASSED] - startApplication(URL, true): Started app at: 'C:\Users\Jose_Arrieta\Desktop\JA\Proyectos\Automatizacion de pruebas\APK para inicio\crtopyinfinitymobilebanking-release (8).apk'

2022-05-23 23:38:11 - [MESSAGE][INFO] - User set preference: ['deviceId', '']

2022-05-23 23:38:52 - [MESSAGE][PASSED] - Started app at: 'C:\Users\Jose_Arrieta\Desktop\JA\Proyectos\Automatizacion de pruebas\APK para inicio\crtopyinfinitymobilebanking-release (8).apk'

2022-05-23 23:38:52 - [TEST_STEP][PASSED] - delay(10, CONTINUE_ON_FAILURE): Delayed 10 second(s)

2022-05-23 23:39:02 - [MESSAGE][PASSED] - Delayed 10 second(s)

2022-05-23 23:39:02 - [TEST_STEP][PASSED] - OlvidastetuContrasena = getText(findTestObject("Object Repository/Sprint 1/Olvido Contrasena/android.widget.TextView - Olvidaste tu contrasena Pantalla de inicio"), 0): Text of element 'Object Repository/Sprint 1/Olvido Contrasena/android.widget.TextView - Olvidaste tu contrasena Pantalla de inicio' is: '¿Olvidaste tu contraseña?'

2022-05-23 23:39:02 - [MESSAGE][WARNING] - Timeout '0' is invalid. Using default page load timeout: '30'

2022-05-23 23:39:04 - [MESSAGE][PASSED] - Text of element 'Object Repository/Sprint 1/Olvido Contrasena/android.widget.TextView - Olvidaste tu contrasena Pantalla de inicio' is: '¿Olvidaste tu contraseña?'

2022-05-23 23:39:04 - [TEST_STEP][PASSED] - verifyEqual(OlvidastetuContrasena, "¿Olvidaste tu contraseña?"): Actual object '¿Olvidaste tu contraseña?' and expected object '¿Olvidaste tu contraseña?' are equal

2022-05-23 23:39:04 - [MESSAGE][PASSED] - Actual object '¿Olvidaste tu contraseña?' and expected object '¿Olvidaste tu contraseña?' are equal

2022-05-23 23:39:04 - [TEST_STEP][PASSED] - tap(findTestObject("Sprint 1/Login/android.widget.Button - Olvidaste tu contrasea"), 0): Tapped on element 'Object Repository/Sprint 1/Login/android.widget.Button - Olvidaste tu contrasea'

2022-05-23 23:39:05 - [MESSAGE][WARNING] - Timeout '0' is invalid. Using default page load timeout: '30'

2022-05-23 23:39:06 - [MESSAGE][PASSED] - Tapped on element 'Object Repository/Sprint 1/Login/android.widget.Button - Olvidaste tu contrasea'

2022-05-23 23:39:06 - [TEST_STEP][PASSED] - Titulo = getText(findTestObject("Object Repository/Sprint 1/Olvido Contrasena/android.widget.TextView - Olvidaste tu contrasea (pantalla Olvido)"), 0): Text of element 'Object Repository/Sprint 1/Olvido Contrasena/android.widget.TextView - Olvidaste tu contrasea (pantalla Olvido)' is: '¿Olvidaste tu contraseña?'

2022-05-23 23:39:06 - [MESSAGE][WARNING] - Timeout '0' is invalid. Using default page load timeout: '30'

2022-05-23 23:39:07 - [MESSAGE][PASSED] - Text of element 'Object Repository/Sprint 1/Olvido Contrasena/android.widget.TextView - Olvidaste tu contrasea (pantalla Olvido)' is: '¿Olvidaste tu contraseña?'

2022-05-23 23:39:07 - [TEST_STEP][PASSED] - verifyEqual(Titulo, "¿Olvidaste tu contraseña?"): Actual object '¿Olvidaste tu contraseña?' and expected object '¿Olvidaste tu contraseña?' are equal

2022-05-23 23:39:07 - [MESSAGE][PASSED] - Actual object '¿Olvidaste tu contraseña?' and expected object '¿Olvidaste tu contraseña?' are equal

2022-05-23 23:39:07 - [TEST_STEP][PASSED] - NumeroCedula = getText(findTestObject("Sprint 1/Olvido Contrasena/android.widget.TextView - CI nmero"), 0): Text of element 'Object Repository/Sprint 1/Olvido Contrasena/android.widget.TextView - CI nmero' is: 'CI número:'

2022-05-23 23:39:07 - [MESSAGE][WARNING] - Timeout '0' is invalid. Using default page load timeout: '30'

2022-05-23 23:39:08 - [MESSAGE][PASSED] - Text of element 'Object Repository/Sprint 1/Olvido Contrasena/android.widget.TextView - CI nmero' is: 'CI número:'

2022-05-23 23:39:08 - [TEST_STEP][PASSED] - verifyEqual(NumeroCedula, "CI número:"): Actual object 'CI número:' and expected object 'CI número:' are equal

2022-05-23 23:39:08 - [MESSAGE][PASSED] - Actual object 'CI número:' and expected object 'CI número:' are equal

2022-05-23 23:39:08 - [TEST_STEP][PASSED] - TextoAyuda = getText(findTestObject("Object Repository/Sprint 1/Olvido Contrasena/android.widget.EditText - Ejemplo 1234567"), 0): Text of element 'Object Repository/Sprint 1/Olvido Contrasena/android.widget.EditText - Ejemplo 1234567' is: 'Ejemplo: 1234567'

2022-05-23 23:39:09 - [MESSAGE][WARNING] - Timeout '0' is invalid. Using default page load timeout: '30'

2022-05-23 23:39:09 - [MESSAGE][PASSED] - Text of element 'Object Repository/Sprint 1/Olvido Contrasena/android.widget.EditText - Ejemplo 1234567' is: 'Ejemplo: 1234567'

2022-05-23 23:39:09 - [TEST_STEP][PASSED] - verifyEqual(TextoAyuda, "Ejemplo: 1234567"): Actual object 'Ejemplo: 1234567' and expected object 'Ejemplo: 1234567' are equal

2022-05-23 23:39:09 - [MESSAGE][PASSED] - Actual object 'Ejemplo: 1234567' and expected object 'Ejemplo: 1234567' are equal

2022-05-23 23:39:09 - [TEST_STEP][PASSED] - Nrodecelularconelqueteregistraste = getText(findTestObject("Sprint 1/Olvido Contrasena/android.widget.TextView - Nro. de celular con el que te registraste"), 0): Text of element 'Object Repository/Sprint 1/Olvido Contrasena/android.widget.TextView - Nro. de celular con el que te registraste' is: 'Nro. de celular con el que te registraste:'

2022-05-23 23:39:09 - [MESSAGE][WARNING] - Timeout '0' is invalid. Using default page load timeout: '30'

2022-05-23 23:39:10 - [MESSAGE][PASSED] - Text of element 'Object Repository/Sprint 1/Olvido Contrasena/android.widget.TextView - Nro. de celular con el que te registraste' is: 'Nro. de celular con el que te registraste:'

2022-05-23 23:39:10 - [TEST_STEP][PASSED] - verifyEqual(Nrodecelularconelqueteregistraste, "Nro. de celular con el que te registraste:"): Actual object 'Nro. de celular con el que te registraste:' and expected object 'Nro. de celular con el que te registraste:' are equal

2022-05-23 23:39:10 - [MESSAGE][PASSED] - Actual object 'Nro. de celular con el que te registraste:' and expected object 'Nro. de celular con el que te registraste:' are equal

2022-05-23 23:39:10 - [TEST_STEP][PASSED] - TextoAyuda1 = getText(findTestObject("Object Repository/Sprint 1/Olvido Contrasena/android.widget.EditText - Ejemplo 0981123456"), 0): Text of element 'Object Repository/Sprint 1/Olvido Contrasena/android.widget.EditText - Ejemplo 0981123456' is: 'Ejemplo: 0981123456'

2022-05-23 23:39:10 - [MESSAGE][WARNING] - Timeout '0' is invalid. Using default page load timeout: '30'

2022-05-23 23:39:10 - [MESSAGE][PASSED] - Text of element 'Object Repository/Sprint 1/Olvido Contrasena/android.widget.EditText - Ejemplo 0981123456' is: 'Ejemplo: 0981123456'

2022-05-23 23:39:10 - [TEST_STEP][PASSED] - verifyEqual(TextoAyuda1, "Ejemplo: 0981123456"): Actual object 'Ejemplo: 0981123456' and expected object 'Ejemplo: 0981123456' are equal

2022-05-23 23:39:10 - [MESSAGE][PASSED] - Actual object 'Ejemplo: 0981123456' and expected object 'Ejemplo: 0981123456' are equal

2022-05-23 23:39:10 - [TEST_STEP][PASSED] - Correoelectronicoconelqueteregistraste = getText(findTestObject("Object Repository/Sprint 1/Olvido Contrasena/android.widget.TextView - Correo electrnico con el que te registraste"), 0): Text of element 'Object Repository/Sprint 1/Olvido Contrasena/android.widget.TextView - Correo electrnico con el que te registraste' is: 'Correo electrónico con el que te registraste:'

2022-05-23 23:39:10 - [MESSAGE][WARNING] - Timeout '0' is invalid. Using default page load timeout: '30'

2022-05-23 23:39:11 - [MESSAGE][PASSED] - Text of element 'Object Repository/Sprint 1/Olvido Contrasena/android.widget.TextView - Correo electrnico con el que te registraste' is: 'Correo electrónico con el que te registraste:'

2022-05-23 23:39:11 - [TEST_STEP][PASSED] - verifyEqual(Correoelectronicoconelqueteregistraste, "Correo electrónico con el que te registraste:"): Actual object 'Correo electrónico con el que te registraste:' and expected object 'Correo electrónico con el que te registraste:' are equal

2022-05-23 23:39:11 - [MESSAGE][PASSED] - Actual object 'Correo electrónico con el que te registraste:' and expected object 'Correo electrónico con el que te registraste:' are equal

2022-05-23 23:39:11 - [TEST_STEP][PASSED] - Ejemplo = getText(findTestObject("Object Repository/Sprint 1/Olvido Contrasena/android.widget.EditText - Ejemplo ejemplogmail.com"), 0): Text of element 'Object Repository/Sprint 1/Olvido Contrasena/android.widget.EditText - Ejemplo ejemplogmail.com' is: 'Ejemplo: ejemplo@gmail.com'

2022-05-23 23:39:11 - [MESSAGE][WARNING] - Timeout '0' is invalid. Using default page load timeout: '30'

2022-05-23 23:39:11 - [MESSAGE][PASSED] - Text of element 'Object Repository/Sprint 1/Olvido Contrasena/android.widget.EditText - Ejemplo ejemplogmail.com' is: 'Ejemplo: ejemplo@gmail.com'

2022-05-23 23:39:11 - [TEST_STEP][PASSED] - verifyEqual(Ejemplo, "Ejemplo: ejemplo@gmail.com"): Actual object 'Ejemplo: ejemplo@gmail.com' and expected object 'Ejemplo: ejemplo@gmail.com' are equal

2022-05-23 23:39:11 - [MESSAGE][PASSED] - Actual object 'Ejemplo: ejemplo@gmail.com' and expected object 'Ejemplo: ejemplo@gmail.com' are equal

2022-05-23 23:39:11 - [TEST_STEP][PASSED] - Continuar = getText(findTestObject("Object Repository/Sprint 1/Olvido Contrasena/android.widget.Button - Continuar"), 0): Text of element 'Object Repository/Sprint 1/Olvido Contrasena/android.widget.Button - Continuar' is: 'Continuar'

2022-05-23 23:39:11 - [MESSAGE][WARNING] - Timeout '0' is invalid. Using default page load timeout: '30'

2022-05-23 23:39:12 - [MESSAGE][PASSED] - Text of element 'Object Repository/Sprint 1/Olvido Contrasena/android.widget.Button - Continuar' is: 'Continuar'

2022-05-23 23:39:12 - [TEST_STEP][PASSED] - verifyEqual(Continuar, "Continuar"): Actual object 'Continuar' and expected object 'Continuar' are equal

2022-05-23 23:39:12 - [MESSAGE][PASSED] - Actual object 'Continuar' and expected object 'Continuar' are equal

2022-05-23 23:39:12 - [TEST_STEP][PASSED] - tap(findTestObject("Object Repository/Sprint 1/Olvido Contrasena/android.widget.ImageView Boton Back superior"), 0): Tapped on element 'Object Repository/Sprint 1/Olvido Contrasena/android.widget.ImageView Boton Back superior'

2022-05-23 23:39:12 - [MESSAGE][WARNING] - Timeout '0' is invalid. Using default page load timeout: '30'

2022-05-23 23:39:13 - [MESSAGE][PASSED] - Tapped on element 'Object Repository/Sprint 1/Olvido Contrasena/android.widget.ImageView Boton Back superior'

2022-05-23 23:39:13 - [TEST_STEP][PASSED] - tap(findTestObject("Sprint 1/Olvido Contrasena/android.widget.TextView - Olvidaste tu contrasena Pantalla de inicio"), 0): Tapped on element 'Object Repository/Sprint 1/Olvido Contrasena/android.widget.TextView - Olvidaste tu contrasena Pantalla de inicio'

2022-05-23 23:39:13 - [MESSAGE][WARNING] - Timeout '0' is invalid. Using default page load timeout: '30'

2022-05-23 23:39:17 - [MESSAGE][PASSED] - Tapped on element 'Object Repository/Sprint 1/Olvido Contrasena/android.widget.TextView - Olvidaste tu contrasena Pantalla de inicio'

2022-05-23 23:39:17 - [TEST_STEP][PASSED] - tap(findTestObject("Object Repository/Sprint 1/Olvido Contrasena/android.widget.ImageView (boton x)"), 0): Tapped on element 'Object Repository/Sprint 1/Olvido Contrasena/android.widget.ImageView (boton x)'

2022-05-23 23:39:17 - [MESSAGE][WARNING] - Timeout '0' is invalid. Using default page load timeout: '30'

2022-05-23 23:39:20 - [MESSAGE][PASSED] - Tapped on element 'Object Repository/Sprint 1/Olvido Contrasena/android.widget.ImageView (boton x)']]></system-out>
         <system-err><![CDATA[]]></system-err>
      </testcase>
      <testcase name="Test Cases/Sprint 1/01HU-Login-Cierre de Sesión/04 Estructura de la pantalla - Splash" time="45.229" classname="Test Cases/Sprint 1/01HU-Login-Cierre de Sesión/04 Estructura de la pantalla - Splash" status="FAILED">
         <failure type="FAILED" message="Test Cases/Sprint 1/01HU-Login-Cierre de Sesión/04 Estructura de la pantalla - Splash FAILED.
Reason:
com.kms.katalon.core.exception.StepFailedException: Element 'Object Repository/Sprint 1/Login/android.widget.ImageViewSplash' not found
	at com.kms.katalon.core.keyword.internal.KeywordMain.stepFailed(KeywordMain.groovy:39)
	at com.kms.katalon.core.mobile.keyword.internal.MobileKeywordMain.stepFailed(MobileKeywordMain.groovy:40)
	at com.kms.katalon.core.mobile.keyword.builtin.VerifyElementVisibleKeyword$_verifyElementVisible_closure1.doCall(VerifyElementVisibleKeyword.groovy:82)
	at com.kms.katalon.core.mobile.keyword.builtin.VerifyElementVisibleKeyword$_verifyElementVisible_closure1.call(VerifyElementVisibleKeyword.groovy)
	at com.kms.katalon.core.mobile.keyword.internal.MobileKeywordMain.runKeyword(MobileKeywordMain.groovy:21)
	at com.kms.katalon.core.mobile.keyword.builtin.VerifyElementVisibleKeyword.verifyElementVisible(VerifyElementVisibleKeyword.groovy:85)
	at com.kms.katalon.core.mobile.keyword.builtin.VerifyElementVisibleKeyword.execute(VerifyElementVisibleKeyword.groovy:64)
	at com.kms.katalon.core.keyword.internal.KeywordExecutor.executeKeywordForPlatform(KeywordExecutor.groovy:74)
	at com.kms.katalon.core.mobile.keyword.MobileBuiltInKeywords.verifyElementVisible(MobileBuiltInKeywords.groovy:2031)
	at com.kms.katalon.core.mobile.keyword.MobileBuiltInKeywords$verifyElementVisible$6.call(Unknown Source)
	at 04 Estructura de la pantalla - Splash.run(04 Estructura de la pantalla - Splash:22)
	at com.kms.katalon.core.main.ScriptEngine.run(ScriptEngine.java:194)
	at com.kms.katalon.core.main.ScriptEngine.runScriptAsRawText(ScriptEngine.java:119)
	at com.kms.katalon.core.main.TestCaseExecutor.runScript(TestCaseExecutor.java:445)
	at com.kms.katalon.core.main.TestCaseExecutor.doExecute(TestCaseExecutor.java:436)
	at com.kms.katalon.core.main.TestCaseExecutor.processExecutionPhase(TestCaseExecutor.java:415)
	at com.kms.katalon.core.main.TestCaseExecutor.accessMainPhase(TestCaseExecutor.java:407)
	at com.kms.katalon.core.main.TestCaseExecutor.execute(TestCaseExecutor.java:284)
	at com.kms.katalon.core.common.CommonExecutor.accessTestCaseMainPhase(CommonExecutor.java:65)
	at com.kms.katalon.core.main.TestSuiteExecutor.accessTestSuiteMainPhase(TestSuiteExecutor.java:144)
	at com.kms.katalon.core.main.TestSuiteExecutor.execute(TestSuiteExecutor.java:106)
	at com.kms.katalon.core.main.TestCaseMain.startTestSuite(TestCaseMain.java:185)
	at com.kms.katalon.core.main.TestCaseMain$startTestSuite$0.call(Unknown Source)
	at TempTestSuite1653363335604.run(TempTestSuite1653363335604.groovy:36)
"/>
         <system-out><![CDATA[2022-05-23 23:39:20 - [TEST_CASE][FAILED] - Test Cases/Sprint 1/01HU-Login-Cierre de Sesión/04 Estructura de la pantalla - Splash: Test Cases/Sprint 1/01HU-Login-Cierre de Sesión/04 Estructura de la pantalla - Splash FAILED.
Reason:
com.kms.katalon.core.exception.StepFailedException: Element 'Object Repository/Sprint 1/Login/android.widget.ImageViewSplash' not found
	at com.kms.katalon.core.keyword.internal.KeywordMain.stepFailed(KeywordMain.groovy:39)
	at com.kms.katalon.core.mobile.keyword.internal.MobileKeywordMain.stepFailed(MobileKeywordMain.groovy:40)
	at com.kms.katalon.core.mobile.keyword.builtin.VerifyElementVisibleKeyword$_verifyElementVisible_closure1.doCall(VerifyElementVisibleKeyword.groovy:82)
	at com.kms.katalon.core.mobile.keyword.builtin.VerifyElementVisibleKeyword$_verifyElementVisible_closure1.call(VerifyElementVisibleKeyword.groovy)
	at com.kms.katalon.core.mobile.keyword.internal.MobileKeywordMain.runKeyword(MobileKeywordMain.groovy:21)
	at com.kms.katalon.core.mobile.keyword.builtin.VerifyElementVisibleKeyword.verifyElementVisible(VerifyElementVisibleKeyword.groovy:85)
	at com.kms.katalon.core.mobile.keyword.builtin.VerifyElementVisibleKeyword.execute(VerifyElementVisibleKeyword.groovy:64)
	at com.kms.katalon.core.keyword.internal.KeywordExecutor.executeKeywordForPlatform(KeywordExecutor.groovy:74)
	at com.kms.katalon.core.mobile.keyword.MobileBuiltInKeywords.verifyElementVisible(MobileBuiltInKeywords.groovy:2031)
	at com.kms.katalon.core.mobile.keyword.MobileBuiltInKeywords$verifyElementVisible$6.call(Unknown Source)
	at 04 Estructura de la pantalla - Splash.run(04 Estructura de la pantalla - Splash:22)
	at com.kms.katalon.core.main.ScriptEngine.run(ScriptEngine.java:194)
	at com.kms.katalon.core.main.ScriptEngine.runScriptAsRawText(ScriptEngine.java:119)
	at com.kms.katalon.core.main.TestCaseExecutor.runScript(TestCaseExecutor.java:445)
	at com.kms.katalon.core.main.TestCaseExecutor.doExecute(TestCaseExecutor.java:436)
	at com.kms.katalon.core.main.TestCaseExecutor.processExecutionPhase(TestCaseExecutor.java:415)
	at com.kms.katalon.core.main.TestCaseExecutor.accessMainPhase(TestCaseExecutor.java:407)
	at com.kms.katalon.core.main.TestCaseExecutor.execute(TestCaseExecutor.java:284)
	at com.kms.katalon.core.common.CommonExecutor.accessTestCaseMainPhase(CommonExecutor.java:65)
	at com.kms.katalon.core.main.TestSuiteExecutor.accessTestSuiteMainPhase(TestSuiteExecutor.java:144)
	at com.kms.katalon.core.main.TestSuiteExecutor.execute(TestSuiteExecutor.java:106)
	at com.kms.katalon.core.main.TestCaseMain.startTestSuite(TestCaseMain.java:185)
	at com.kms.katalon.core.main.TestCaseMain$startTestSuite$0.call(Unknown Source)
	at TempTestSuite1653363335604.run(TempTestSuite1653363335604.groovy:36)


2022-05-23 23:39:20 - [TEST_STEP][PASSED] - startApplication(URL, false): Started app at: 'C:\Users\Jose_Arrieta\Desktop\JA\Proyectos\Automatizacion de pruebas\APK para inicio\crtopyinfinitymobilebanking-release (8).apk'

2022-05-23 23:39:20 - [MESSAGE][INFO] - User set preference: ['deviceId', '']

2022-05-23 23:39:35 - [MESSAGE][PASSED] - Started app at: 'C:\Users\Jose_Arrieta\Desktop\JA\Proyectos\Automatizacion de pruebas\APK para inicio\crtopyinfinitymobilebanking-release (8).apk'

2022-05-23 23:39:35 - [TEST_STEP][FAILED] - verifyElementVisible(findTestObject("Sprint 1/Login/android.widget.ImageViewSplash"), 0): Element 'Object Repository/Sprint 1/Login/android.widget.ImageViewSplash' not found

2022-05-23 23:39:35 - [MESSAGE][WARNING] - Timeout '0' is invalid. Using default page load timeout: '30'

2022-05-23 23:40:05 - [MESSAGE][FAILED] - Element 'Object Repository/Sprint 1/Login/android.widget.ImageViewSplash' not found]]></system-out>
         <system-err><![CDATA[2022-05-23 23:39:20 - [TEST_CASE][FAILED] - Test Cases/Sprint 1/01HU-Login-Cierre de Sesión/04 Estructura de la pantalla - Splash: Test Cases/Sprint 1/01HU-Login-Cierre de Sesión/04 Estructura de la pantalla - Splash FAILED.
Reason:
com.kms.katalon.core.exception.StepFailedException: Element 'Object Repository/Sprint 1/Login/android.widget.ImageViewSplash' not found
	at com.kms.katalon.core.keyword.internal.KeywordMain.stepFailed(KeywordMain.groovy:39)
	at com.kms.katalon.core.mobile.keyword.internal.MobileKeywordMain.stepFailed(MobileKeywordMain.groovy:40)
	at com.kms.katalon.core.mobile.keyword.builtin.VerifyElementVisibleKeyword$_verifyElementVisible_closure1.doCall(VerifyElementVisibleKeyword.groovy:82)
	at com.kms.katalon.core.mobile.keyword.builtin.VerifyElementVisibleKeyword$_verifyElementVisible_closure1.call(VerifyElementVisibleKeyword.groovy)
	at com.kms.katalon.core.mobile.keyword.internal.MobileKeywordMain.runKeyword(MobileKeywordMain.groovy:21)
	at com.kms.katalon.core.mobile.keyword.builtin.VerifyElementVisibleKeyword.verifyElementVisible(VerifyElementVisibleKeyword.groovy:85)
	at com.kms.katalon.core.mobile.keyword.builtin.VerifyElementVisibleKeyword.execute(VerifyElementVisibleKeyword.groovy:64)
	at com.kms.katalon.core.keyword.internal.KeywordExecutor.executeKeywordForPlatform(KeywordExecutor.groovy:74)
	at com.kms.katalon.core.mobile.keyword.MobileBuiltInKeywords.verifyElementVisible(MobileBuiltInKeywords.groovy:2031)
	at com.kms.katalon.core.mobile.keyword.MobileBuiltInKeywords$verifyElementVisible$6.call(Unknown Source)
	at 04 Estructura de la pantalla - Splash.run(04 Estructura de la pantalla - Splash:22)
	at com.kms.katalon.core.main.ScriptEngine.run(ScriptEngine.java:194)
	at com.kms.katalon.core.main.ScriptEngine.runScriptAsRawText(ScriptEngine.java:119)
	at com.kms.katalon.core.main.TestCaseExecutor.runScript(TestCaseExecutor.java:445)
	at com.kms.katalon.core.main.TestCaseExecutor.doExecute(TestCaseExecutor.java:436)
	at com.kms.katalon.core.main.TestCaseExecutor.processExecutionPhase(TestCaseExecutor.java:415)
	at com.kms.katalon.core.main.TestCaseExecutor.accessMainPhase(TestCaseExecutor.java:407)
	at com.kms.katalon.core.main.TestCaseExecutor.execute(TestCaseExecutor.java:284)
	at com.kms.katalon.core.common.CommonExecutor.accessTestCaseMainPhase(CommonExecutor.java:65)
	at com.kms.katalon.core.main.TestSuiteExecutor.accessTestSuiteMainPhase(TestSuiteExecutor.java:144)
	at com.kms.katalon.core.main.TestSuiteExecutor.execute(TestSuiteExecutor.java:106)
	at com.kms.katalon.core.main.TestCaseMain.startTestSuite(TestCaseMain.java:185)
	at com.kms.katalon.core.main.TestCaseMain$startTestSuite$0.call(Unknown Source)
	at TempTestSuite1653363335604.run(TempTestSuite1653363335604.groovy:36)]]></system-err>
      </testcase>
      <testcase name="Test Cases/Sprint 1/01HU-Login-Cierre de Sesión/05 Especificaciones Funcionales - Focus" time="41.009" classname="Test Cases/Sprint 1/01HU-Login-Cierre de Sesión/05 Especificaciones Funcionales - Focus" status="PASSED">
         <system-out><![CDATA[2022-05-23 23:40:05 - [TEST_CASE][PASSED] - Test Cases/Sprint 1/01HU-Login-Cierre de Sesión/05 Especificaciones Funcionales - Focus: Test Cases/Sprint 1/01HU-Login-Cierre de Sesión/05 Especificaciones Funcionales - Focus

2022-05-23 23:40:05 - [TEST_STEP][PASSED] - startApplication(URL, false): Started app at: 'C:\Users\Jose_Arrieta\Desktop\JA\Proyectos\Automatizacion de pruebas\APK para inicio\crtopyinfinitymobilebanking-release (8).apk'

2022-05-23 23:40:05 - [MESSAGE][INFO] - User set preference: ['deviceId', '']

2022-05-23 23:40:18 - [MESSAGE][PASSED] - Started app at: 'C:\Users\Jose_Arrieta\Desktop\JA\Proyectos\Automatizacion de pruebas\APK para inicio\crtopyinfinitymobilebanking-release (8).apk'

2022-05-23 23:40:18 - [TEST_STEP][PASSED] - delay(10, CONTINUE_ON_FAILURE): Delayed 10 second(s)

2022-05-23 23:40:28 - [MESSAGE][PASSED] - Delayed 10 second(s)

2022-05-23 23:40:28 - [TEST_STEP][PASSED] - tap(findTestObject("Sprint 1/Login/android.widget.TextView - Nmero de celular"), 0, CONTINUE_ON_FAILURE): Tapped on element 'Object Repository/Sprint 1/Login/android.widget.TextView - Nmero de celular'

2022-05-23 23:40:28 - [MESSAGE][WARNING] - Timeout '0' is invalid. Using default page load timeout: '30'

2022-05-23 23:40:30 - [MESSAGE][PASSED] - Tapped on element 'Object Repository/Sprint 1/Login/android.widget.TextView - Nmero de celular'

2022-05-23 23:40:30 - [TEST_STEP][PASSED] - tap(findTestObject("Sprint 1/Login/android.widget.EditText - tipear contrasea"), 0): Tapped on element 'Object Repository/Sprint 1/Login/android.widget.EditText - tipear contrasea'

2022-05-23 23:40:30 - [MESSAGE][WARNING] - Timeout '0' is invalid. Using default page load timeout: '30'

2022-05-23 23:40:32 - [MESSAGE][PASSED] - Tapped on element 'Object Repository/Sprint 1/Login/android.widget.EditText - tipear contrasea'

2022-05-23 23:40:32 - [TEST_STEP][PASSED] - tap(findTestObject("Sprint 1/Login/android.widget.Button - Olvidaste tu contrasea"), 0): Tapped on element 'Object Repository/Sprint 1/Login/android.widget.Button - Olvidaste tu contrasea'

2022-05-23 23:40:32 - [MESSAGE][WARNING] - Timeout '0' is invalid. Using default page load timeout: '30'

2022-05-23 23:40:33 - [MESSAGE][PASSED] - Tapped on element 'Object Repository/Sprint 1/Login/android.widget.Button - Olvidaste tu contrasea'

2022-05-23 23:40:33 - [TEST_STEP][PASSED] - tap(findTestObject("Sprint 1/Olvido Contrasena/android.widget.ImageView Boton Back superior"), 0): Tapped on element 'Object Repository/Sprint 1/Olvido Contrasena/android.widget.ImageView Boton Back superior'

2022-05-23 23:40:33 - [MESSAGE][WARNING] - Timeout '0' is invalid. Using default page load timeout: '30'

2022-05-23 23:40:35 - [MESSAGE][PASSED] - Tapped on element 'Object Repository/Sprint 1/Olvido Contrasena/android.widget.ImageView Boton Back superior'

2022-05-23 23:40:35 - [TEST_STEP][PASSED] - tap(findTestObject("Sprint 1/Login/android.widget.Button - Soporte"), 0): Tapped on element 'Object Repository/Sprint 1/Login/android.widget.Button - Soporte'

2022-05-23 23:40:35 - [MESSAGE][WARNING] - Timeout '0' is invalid. Using default page load timeout: '30'

2022-05-23 23:40:39 - [MESSAGE][PASSED] - Tapped on element 'Object Repository/Sprint 1/Login/android.widget.Button - Soporte'

2022-05-23 23:40:39 - [TEST_STEP][PASSED] - tap(findTestObject("Sprint 1/Soporte/android.widget.ImageView Back Pantalla Soporte"), 0): Tapped on element 'Object Repository/Sprint 1/Soporte/android.widget.ImageView Back Pantalla Soporte'

2022-05-23 23:40:39 - [MESSAGE][WARNING] - Timeout '0' is invalid. Using default page load timeout: '30'

2022-05-23 23:40:41 - [MESSAGE][PASSED] - Tapped on element 'Object Repository/Sprint 1/Soporte/android.widget.ImageView Back Pantalla Soporte'

2022-05-23 23:40:41 - [TEST_STEP][PASSED] - tap(findTestObject("Sprint 1/Login/android.widget.Button - Registrarme"), 0): Tapped on element 'Object Repository/Sprint 1/Login/android.widget.Button - Registrarme'

2022-05-23 23:40:41 - [MESSAGE][WARNING] - Timeout '0' is invalid. Using default page load timeout: '30'

2022-05-23 23:40:46 - [MESSAGE][PASSED] - Tapped on element 'Object Repository/Sprint 1/Login/android.widget.Button - Registrarme'

2022-05-23 23:40:46 - [TEST_STEP][PASSED] - pressBack(): Press back button successfully

2022-05-23 23:40:46 - [MESSAGE][PASSED] - Press back button successfully]]></system-out>
         <system-err><![CDATA[]]></system-err>
      </testcase>
      <testcase name="Test Cases/Sprint 1/01HU-Login-Cierre de Sesión/07 Especificaciones Funcionales - Campo contraseña" time="31.232" classname="Test Cases/Sprint 1/01HU-Login-Cierre de Sesión/07 Especificaciones Funcionales - Campo contraseña" status="PASSED">
         <system-out><![CDATA[2022-05-23 23:40:46 - [TEST_CASE][PASSED] - Test Cases/Sprint 1/01HU-Login-Cierre de Sesión/07 Especificaciones Funcionales - Campo contraseña: Test Cases/Sprint 1/01HU-Login-Cierre de Sesión/07 Especificaciones Funcionales - Campo contraseña

2022-05-23 23:40:46 - [TEST_STEP][PASSED] - startApplication(URL, false): Started app at: 'C:\Users\Jose_Arrieta\Desktop\JA\Proyectos\Automatizacion de pruebas\APK para inicio\crtopyinfinitymobilebanking-release (8).apk'

2022-05-23 23:40:46 - [MESSAGE][INFO] - User set preference: ['deviceId', '']

2022-05-23 23:40:59 - [MESSAGE][PASSED] - Started app at: 'C:\Users\Jose_Arrieta\Desktop\JA\Proyectos\Automatizacion de pruebas\APK para inicio\crtopyinfinitymobilebanking-release (8).apk'

2022-05-23 23:40:59 - [TEST_STEP][PASSED] - delay(10, CONTINUE_ON_FAILURE): Delayed 10 second(s)

2022-05-23 23:41:09 - [MESSAGE][PASSED] - Delayed 10 second(s)

2022-05-23 23:41:09 - [TEST_STEP][PASSED] - clearText(findTestObject("Sprint 1/Login/android.widget.EditText - Numero de celular login"), 0): Element 'Object Repository/Sprint 1/Login/android.widget.EditText - Numero de celular login' text is cleared

2022-05-23 23:41:09 - [MESSAGE][WARNING] - Timeout '0' is invalid. Using default page load timeout: '30'

2022-05-23 23:41:11 - [MESSAGE][PASSED] - Element 'Object Repository/Sprint 1/Login/android.widget.EditText - Numero de celular login' text is cleared

2022-05-23 23:41:11 - [TEST_STEP][PASSED] - setText(findTestObject("Sprint 1/Login/android.widget.EditText - Ejemplo 0981123456"), Numerocelular, 0): Text '0972875200' has been set to element 'Object Repository/Sprint 1/Login/android.widget.EditText - Ejemplo 0981123456'

2022-05-23 23:41:11 - [MESSAGE][WARNING] - Timeout '0' is invalid. Using default page load timeout: '30'

2022-05-23 23:41:14 - [MESSAGE][PASSED] - Text '0972875200' has been set to element 'Object Repository/Sprint 1/Login/android.widget.EditText - Ejemplo 0981123456'

2022-05-23 23:41:14 - [TEST_STEP][PASSED] - setText(findTestObject("Sprint 1/Login/android.widget.EditText - tipear contrasea"), Contrasena, 0): Text 'Kony!12345' has been set to element 'Object Repository/Sprint 1/Login/android.widget.EditText - tipear contrasea'

2022-05-23 23:41:14 - [MESSAGE][WARNING] - Timeout '0' is invalid. Using default page load timeout: '30'

2022-05-23 23:41:16 - [MESSAGE][PASSED] - Text 'Kony!12345' has been set to element 'Object Repository/Sprint 1/Login/android.widget.EditText - tipear contrasea'

2022-05-23 23:41:16 - [TEST_STEP][PASSED] - tap(findTestObject("Sprint 1/Login/android.view.ViewGroup Ojito Ver contrasea"), 0): Tapped on element 'Object Repository/Sprint 1/Login/android.view.ViewGroup Ojito Ver contrasea'

2022-05-23 23:41:16 - [MESSAGE][WARNING] - Timeout '0' is invalid. Using default page load timeout: '30'

2022-05-23 23:41:17 - [MESSAGE][PASSED] - Tapped on element 'Object Repository/Sprint 1/Login/android.view.ViewGroup Ojito Ver contrasea']]></system-out>
         <system-err><![CDATA[]]></system-err>
      </testcase>
      <testcase name="Test Cases/Sprint 1/01HU-Login-Cierre de Sesión/08 Especificaciones Funcionales Numero de Celular -Contraseña" time="31.812" classname="Test Cases/Sprint 1/01HU-Login-Cierre de Sesión/08 Especificaciones Funcionales Numero de Celular -Contraseña" status="PASSED">
         <system-out><![CDATA[2022-05-23 23:41:17 - [TEST_CASE][PASSED] - Test Cases/Sprint 1/01HU-Login-Cierre de Sesión/08 Especificaciones Funcionales Numero de Celular -Contraseña: Test Cases/Sprint 1/01HU-Login-Cierre de Sesión/08 Especificaciones Funcionales Numero de Celular -Contraseña

2022-05-23 23:41:18 - [TEST_STEP][PASSED] - startApplication(URL, false): Started app at: 'C:\Users\Jose_Arrieta\Desktop\JA\Proyectos\Automatizacion de pruebas\APK para inicio\crtopyinfinitymobilebanking-release (8).apk'

2022-05-23 23:41:18 - [MESSAGE][INFO] - User set preference: ['deviceId', '']

2022-05-23 23:41:30 - [MESSAGE][PASSED] - Started app at: 'C:\Users\Jose_Arrieta\Desktop\JA\Proyectos\Automatizacion de pruebas\APK para inicio\crtopyinfinitymobilebanking-release (8).apk'

2022-05-23 23:41:30 - [TEST_STEP][PASSED] - delay(10, CONTINUE_ON_FAILURE): Delayed 10 second(s)

2022-05-23 23:41:40 - [MESSAGE][PASSED] - Delayed 10 second(s)

2022-05-23 23:41:40 - [TEST_STEP][PASSED] - clearText(findTestObject("Sprint 1/Login/android.widget.EditText - Numero de celular login"), 0): Element 'Object Repository/Sprint 1/Login/android.widget.EditText - Numero de celular login' text is cleared

2022-05-23 23:41:40 - [MESSAGE][WARNING] - Timeout '0' is invalid. Using default page load timeout: '30'

2022-05-23 23:41:42 - [MESSAGE][PASSED] - Element 'Object Repository/Sprint 1/Login/android.widget.EditText - Numero de celular login' text is cleared

2022-05-23 23:41:42 - [TEST_STEP][PASSED] - setText(findTestObject("Sprint 1/Login/android.widget.EditText - Ejemplo 0981123456"), Numerocelular, 0): Text '0972875200' has been set to element 'Object Repository/Sprint 1/Login/android.widget.EditText - Ejemplo 0981123456'

2022-05-23 23:41:42 - [MESSAGE][WARNING] - Timeout '0' is invalid. Using default page load timeout: '30'

2022-05-23 23:41:45 - [MESSAGE][PASSED] - Text '0972875200' has been set to element 'Object Repository/Sprint 1/Login/android.widget.EditText - Ejemplo 0981123456'

2022-05-23 23:41:45 - [TEST_STEP][PASSED] - setText(findTestObject("Sprint 1/Login/android.widget.EditText - tipear contrasea"), Contrasena, 0): Text 'Kony!12345' has been set to element 'Object Repository/Sprint 1/Login/android.widget.EditText - tipear contrasea'

2022-05-23 23:41:45 - [MESSAGE][WARNING] - Timeout '0' is invalid. Using default page load timeout: '30'

2022-05-23 23:41:46 - [MESSAGE][PASSED] - Text 'Kony!12345' has been set to element 'Object Repository/Sprint 1/Login/android.widget.EditText - tipear contrasea'

2022-05-23 23:41:46 - [TEST_STEP][PASSED] - checkElement(findTestObject("Sprint 1/Login/android.widget.Button - Ingresar"), 0): Element 'Object Repository/Sprint 1/Login/android.widget.Button - Ingresar' is checked

2022-05-23 23:41:47 - [MESSAGE][WARNING] - Timeout '0' is invalid. Using default page load timeout: '30'

2022-05-23 23:41:49 - [MESSAGE][PASSED] - Element 'Object Repository/Sprint 1/Login/android.widget.Button - Ingresar' is checked]]></system-out>
         <system-err><![CDATA[]]></system-err>
      </testcase>
      <testcase name="Test Cases/Sprint 1/01HU-Login-Cierre de Sesión/10 Especificaciones Funcionales para el campo numero de Celular" time="34.778" classname="Test Cases/Sprint 1/01HU-Login-Cierre de Sesión/10 Especificaciones Funcionales para el campo numero de Celular" status="PASSED">
         <system-out><![CDATA[2022-05-23 23:41:49 - [TEST_CASE][PASSED] - Test Cases/Sprint 1/01HU-Login-Cierre de Sesión/10 Especificaciones Funcionales para el campo numero de Celular: Test Cases/Sprint 1/01HU-Login-Cierre de Sesión/10 Especificaciones Funcionales para el campo numero de Celular

2022-05-23 23:41:49 - [TEST_STEP][PASSED] - startApplication(URL, false): Started app at: 'C:\Users\Jose_Arrieta\Desktop\JA\Proyectos\Automatizacion de pruebas\APK para inicio\crtopyinfinitymobilebanking-release (8).apk'

2022-05-23 23:41:49 - [MESSAGE][INFO] - User set preference: ['deviceId', '']

2022-05-23 23:42:12 - [MESSAGE][PASSED] - Started app at: 'C:\Users\Jose_Arrieta\Desktop\JA\Proyectos\Automatizacion de pruebas\APK para inicio\crtopyinfinitymobilebanking-release (8).apk'

2022-05-23 23:42:12 - [TEST_STEP][PASSED] - delay(10): Delayed 10 second(s)

2022-05-23 23:42:22 - [MESSAGE][PASSED] - Delayed 10 second(s)

2022-05-23 23:42:22 - [TEST_STEP][PASSED] - NumeroCelular = getText(findTestObject("Sprint 1/Login/android.widget.EditText - Numero de celular login"), 0): Text of element 'Object Repository/Sprint 1/Login/android.widget.EditText - Numero de celular login' is: '0972875200'

2022-05-23 23:42:22 - [MESSAGE][WARNING] - Timeout '0' is invalid. Using default page load timeout: '30'

2022-05-23 23:42:24 - [MESSAGE][PASSED] - Text of element 'Object Repository/Sprint 1/Login/android.widget.EditText - Numero de celular login' is: '0972875200'

2022-05-23 23:42:24 - [TEST_STEP][PASSED] - verifyEqual(NumeroCelular, NumeroEsperado): Actual object '0972875200' and expected object '0972875200' are equal

2022-05-23 23:42:24 - [MESSAGE][PASSED] - Actual object '0972875200' and expected object '0972875200' are equal]]></system-out>
         <system-err><![CDATA[]]></system-err>
      </testcase>
      <testcase name="Test Cases/Sprint 1/01HU-Login-Cierre de Sesión/11 Especificaciones Funcionales - Login exitoso del usuario" time="34.775" classname="Test Cases/Sprint 1/01HU-Login-Cierre de Sesión/11 Especificaciones Funcionales - Login exitoso del usuario" status="PASSED">
         <system-out><![CDATA[2022-05-23 23:42:24 - [TEST_CASE][PASSED] - Test Cases/Sprint 1/01HU-Login-Cierre de Sesión/11 Especificaciones Funcionales - Login exitoso del usuario: Test Cases/Sprint 1/01HU-Login-Cierre de Sesión/11 Especificaciones Funcionales - Login exitoso del usuario

2022-05-23 23:42:24 - [TEST_STEP][PASSED] - startApplication(APKjose, false): Started app at: 'C:\Users\Jose_Arrieta\Desktop\JA\Proyectos\Automatizacion de pruebas\APK para inicio\crtopyinfinitymobilebanking-release (8).apk'

2022-05-23 23:42:24 - [MESSAGE][INFO] - User set preference: ['deviceId', '']

2022-05-23 23:42:41 - [MESSAGE][PASSED] - Started app at: 'C:\Users\Jose_Arrieta\Desktop\JA\Proyectos\Automatizacion de pruebas\APK para inicio\crtopyinfinitymobilebanking-release (8).apk'

2022-05-23 23:42:41 - [TEST_STEP][PASSED] - delay(10, STOP_ON_FAILURE): Delayed 10 second(s)

2022-05-23 23:42:51 - [MESSAGE][PASSED] - Delayed 10 second(s)

2022-05-23 23:42:51 - [TEST_STEP][PASSED] - clearText(findTestObject("Sprint 1/Login/android.widget.EditText - Numero de celular login"), 0): Element 'Object Repository/Sprint 1/Login/android.widget.EditText - Numero de celular login' text is cleared

2022-05-23 23:42:51 - [MESSAGE][WARNING] - Timeout '0' is invalid. Using default page load timeout: '30'

2022-05-23 23:42:53 - [MESSAGE][PASSED] - Element 'Object Repository/Sprint 1/Login/android.widget.EditText - Numero de celular login' text is cleared

2022-05-23 23:42:53 - [TEST_STEP][PASSED] - setText(findTestObject("Sprint 1/Login/android.widget.EditText - Ejemplo 0981123456"), Numerocelular, 0): Text '0972875200' has been set to element 'Object Repository/Sprint 1/Login/android.widget.EditText - Ejemplo 0981123456'

2022-05-23 23:42:53 - [MESSAGE][WARNING] - Timeout '0' is invalid. Using default page load timeout: '30'

2022-05-23 23:42:55 - [MESSAGE][PASSED] - Text '0972875200' has been set to element 'Object Repository/Sprint 1/Login/android.widget.EditText - Ejemplo 0981123456'

2022-05-23 23:42:55 - [TEST_STEP][PASSED] - setText(findTestObject("Sprint 1/Login/android.widget.EditText - tipear contrasea"), Contrasena, 0): Text 'Kony!12345' has been set to element 'Object Repository/Sprint 1/Login/android.widget.EditText - tipear contrasea'

2022-05-23 23:42:55 - [MESSAGE][WARNING] - Timeout '0' is invalid. Using default page load timeout: '30'

2022-05-23 23:42:57 - [MESSAGE][PASSED] - Text 'Kony!12345' has been set to element 'Object Repository/Sprint 1/Login/android.widget.EditText - tipear contrasea'

2022-05-23 23:42:57 - [TEST_STEP][PASSED] - tap(findTestObject("Sprint 1/Login/android.widget.Button - Ingresar"), 0): Tapped on element 'Object Repository/Sprint 1/Login/android.widget.Button - Ingresar'

2022-05-23 23:42:57 - [MESSAGE][WARNING] - Timeout '0' is invalid. Using default page load timeout: '30'

2022-05-23 23:42:59 - [MESSAGE][PASSED] - Tapped on element 'Object Repository/Sprint 1/Login/android.widget.Button - Ingresar']]></system-out>
         <system-err><![CDATA[]]></system-err>
      </testcase>
      <testcase name="Test Cases/Sprint 1/01HU-Login-Cierre de Sesión/13 Especificaciones funcionales - Cierre de Sesión" time="74.918" classname="Test Cases/Sprint 1/01HU-Login-Cierre de Sesión/13 Especificaciones funcionales - Cierre de Sesión" status="PASSED">
         <system-out><![CDATA[2022-05-23 23:42:59 - [TEST_CASE][PASSED] - Test Cases/Sprint 1/01HU-Login-Cierre de Sesión/13 Especificaciones funcionales - Cierre de Sesión: Test Cases/Sprint 1/01HU-Login-Cierre de Sesión/13 Especificaciones funcionales - Cierre de Sesión

2022-05-23 23:42:59 - [TEST_STEP][PASSED] - callTestCase(findTestCase("Sprint 1/01HU-Login-Cierre de Sesión/11 Especificaciones Funcionales - Login exitoso del usuario"), ["NumeroCelular":findTestData("Usuarios").getValue(1, 1), "Contrasena":findTestData("Usuarios").getValue(2, 1)], CONTINUE_ON_FAILURE): Call Test Case 'Test Cases/Sprint 1/01HU-Login-Cierre de Sesión/11 Especificaciones Funcionales - Login exitoso del usuario' successfully

2022-05-23 23:42:59 - [TEST_CASE][PASSED] - Test Cases/Sprint 1/01HU-Login-Cierre de Sesión/11 Especificaciones Funcionales - Login exitoso del usuario: Test Cases/Sprint 1/01HU-Login-Cierre de Sesión/11 Especificaciones Funcionales - Login exitoso del usuario

2022-05-23 23:42:59 - [TEST_STEP][PASSED] - startApplication(APKjose, false): Started app at: 'C:\Users\Jose_Arrieta\Desktop\JA\Proyectos\Automatizacion de pruebas\APK para inicio\crtopyinfinitymobilebanking-release (8).apk'

2022-05-23 23:42:59 - [MESSAGE][INFO] - User set preference: ['deviceId', '']

2022-05-23 23:43:29 - [MESSAGE][PASSED] - Started app at: 'C:\Users\Jose_Arrieta\Desktop\JA\Proyectos\Automatizacion de pruebas\APK para inicio\crtopyinfinitymobilebanking-release (8).apk'

2022-05-23 23:43:29 - [TEST_STEP][PASSED] - delay(10, STOP_ON_FAILURE): Delayed 10 second(s)

2022-05-23 23:43:39 - [MESSAGE][PASSED] - Delayed 10 second(s)

2022-05-23 23:43:39 - [TEST_STEP][PASSED] - clearText(findTestObject("Sprint 1/Login/android.widget.EditText - Numero de celular login"), 0): Element 'Object Repository/Sprint 1/Login/android.widget.EditText - Numero de celular login' text is cleared

2022-05-23 23:43:39 - [MESSAGE][WARNING] - Timeout '0' is invalid. Using default page load timeout: '30'

2022-05-23 23:43:41 - [MESSAGE][PASSED] - Element 'Object Repository/Sprint 1/Login/android.widget.EditText - Numero de celular login' text is cleared

2022-05-23 23:43:41 - [TEST_STEP][PASSED] - setText(findTestObject("Sprint 1/Login/android.widget.EditText - Ejemplo 0981123456"), Numerocelular, 0): Text '0972875200' has been set to element 'Object Repository/Sprint 1/Login/android.widget.EditText - Ejemplo 0981123456'

2022-05-23 23:43:41 - [MESSAGE][WARNING] - Timeout '0' is invalid. Using default page load timeout: '30'

2022-05-23 23:43:44 - [MESSAGE][PASSED] - Text '0972875200' has been set to element 'Object Repository/Sprint 1/Login/android.widget.EditText - Ejemplo 0981123456'

2022-05-23 23:43:44 - [TEST_STEP][PASSED] - setText(findTestObject("Sprint 1/Login/android.widget.EditText - tipear contrasea"), Contrasena, 0): Text 'Kony!12345' has been set to element 'Object Repository/Sprint 1/Login/android.widget.EditText - tipear contrasea'

2022-05-23 23:43:44 - [MESSAGE][WARNING] - Timeout '0' is invalid. Using default page load timeout: '30'

2022-05-23 23:43:46 - [MESSAGE][PASSED] - Text 'Kony!12345' has been set to element 'Object Repository/Sprint 1/Login/android.widget.EditText - tipear contrasea'

2022-05-23 23:43:46 - [TEST_STEP][PASSED] - tap(findTestObject("Sprint 1/Login/android.widget.Button - Ingresar"), 0): Tapped on element 'Object Repository/Sprint 1/Login/android.widget.Button - Ingresar'

2022-05-23 23:43:46 - [MESSAGE][WARNING] - Timeout '0' is invalid. Using default page load timeout: '30'

2022-05-23 23:43:47 - [MESSAGE][PASSED] - Tapped on element 'Object Repository/Sprint 1/Login/android.widget.Button - Ingresar'

2022-05-23 23:43:47 - [MESSAGE][PASSED] - Call Test Case 'Test Cases/Sprint 1/01HU-Login-Cierre de Sesión/11 Especificaciones Funcionales - Login exitoso del usuario' successfully

2022-05-23 23:43:47 - [TEST_STEP][PASSED] - tap(findTestObject("Object Repository/Sprint 1/cierre de sesion/android.widget.ImageView Menu hamburguesa Inferior"), 0): Tapped on element 'Object Repository/Sprint 1/cierre de sesion/android.widget.ImageView Menu hamburguesa Inferior'

2022-05-23 23:43:47 - [MESSAGE][WARNING] - Timeout '0' is invalid. Using default page load timeout: '30'

2022-05-23 23:44:09 - [MESSAGE][PASSED] - Tapped on element 'Object Repository/Sprint 1/cierre de sesion/android.widget.ImageView Menu hamburguesa Inferior'

2022-05-23 23:44:09 - [TEST_STEP][PASSED] - tap(findTestObject("Object Repository/Sprint 1/cierre de sesion/android.widget.ImageView Icono salir superior"), 0): Tapped on element 'Object Repository/Sprint 1/cierre de sesion/android.widget.ImageView Icono salir superior'

2022-05-23 23:44:09 - [MESSAGE][WARNING] - Timeout '0' is invalid. Using default page load timeout: '30'

2022-05-23 23:44:12 - [MESSAGE][PASSED] - Tapped on element 'Object Repository/Sprint 1/cierre de sesion/android.widget.ImageView Icono salir superior'

2022-05-23 23:44:12 - [TEST_STEP][PASSED] - tap(findTestObject("Sprint 1/cierre de sesion/android.widget.Button - SI (cerrar sesion)"), 0): Tapped on element 'Object Repository/Sprint 1/cierre de sesion/android.widget.Button - SI (cerrar sesion)'

2022-05-23 23:44:12 - [MESSAGE][WARNING] - Timeout '0' is invalid. Using default page load timeout: '30'

2022-05-23 23:44:13 - [MESSAGE][PASSED] - Tapped on element 'Object Repository/Sprint 1/cierre de sesion/android.widget.Button - SI (cerrar sesion)']]></system-out>
         <system-err><![CDATA[]]></system-err>
      </testcase>
      <testcase name="Test Cases/Sprint 1/01HU-Login-Cierre de Sesión/14 Cierre de Sesion - Tiempo de Inactividad" time="349.952" classname="Test Cases/Sprint 1/01HU-Login-Cierre de Sesión/14 Cierre de Sesion - Tiempo de Inactividad" status="FAILED">
         <failure type="FAILED" message="Test Cases/Sprint 1/01HU-Login-Cierre de Sesión/14 Cierre de Sesion - Tiempo de Inactividad FAILED.
Reason:
com.kms.katalon.core.exception.StepFailedException: Unable to verify equal between actual object '' and expected object 'Sesión cerrada por inactividad. Ingresá de nuevo.' (Root cause: com.kms.katalon.core.exception.StepFailedException: Actual object '' and expected object 'Sesión cerrada por inactividad. Ingresá de nuevo.' are not equal
	at com.kms.katalon.core.keyword.builtin.VerifyEqualKeyword$_verifyEqual_closure1.doCall(VerifyEqualKeyword.groovy:58)
	at com.kms.katalon.core.keyword.builtin.VerifyEqualKeyword$_verifyEqual_closure1.call(VerifyEqualKeyword.groovy)
	at com.kms.katalon.core.keyword.internal.KeywordMain.runKeyword(KeywordMain.groovy:74)
	at com.kms.katalon.core.keyword.builtin.VerifyEqualKeyword.verifyEqual(VerifyEqualKeyword.groovy:63)
	at com.kms.katalon.core.keyword.builtin.VerifyEqualKeyword.execute(VerifyEqualKeyword.groovy:44)
	at com.kms.katalon.core.keyword.internal.KeywordExecutor.executeKeywordForPlatform(KeywordExecutor.groovy:74)
	at com.kms.katalon.core.keyword.BuiltinKeywords.verifyEqual(BuiltinKeywords.groovy:141)
	at 14 Cierre de Sesion - Tiempo de Inactividad.run(14 Cierre de Sesion - Tiempo de Inactividad:38)
	at com.kms.katalon.core.main.ScriptEngine.run(ScriptEngine.java:194)
	at com.kms.katalon.core.main.ScriptEngine.runScriptAsRawText(ScriptEngine.java:119)
	at com.kms.katalon.core.main.TestCaseExecutor.runScript(TestCaseExecutor.java:445)
	at com.kms.katalon.core.main.TestCaseExecutor.doExecute(TestCaseExecutor.java:436)
	at com.kms.katalon.core.main.TestCaseExecutor.processExecutionPhase(TestCaseExecutor.java:415)
	at com.kms.katalon.core.main.TestCaseExecutor.accessMainPhase(TestCaseExecutor.java:407)
	at com.kms.katalon.core.main.TestCaseExecutor.execute(TestCaseExecutor.java:284)
	at com.kms.katalon.core.common.CommonExecutor.accessTestCaseMainPhase(CommonExecutor.java:65)
	at com.kms.katalon.core.main.TestSuiteExecutor.accessTestSuiteMainPhase(TestSuiteExecutor.java:144)
	at com.kms.katalon.core.main.TestSuiteExecutor.execute(TestSuiteExecutor.java:106)
	at com.kms.katalon.core.main.TestCaseMain.startTestSuite(TestCaseMain.java:185)
	at com.kms.katalon.core.main.TestCaseMain$startTestSuite$0.call(Unknown Source)
	at TempTestSuite1653363335604.run(TempTestSuite1653363335604.groovy:36)
)
	at com.kms.katalon.core.keyword.internal.KeywordMain.stepFailed(KeywordMain.groovy:39)
	at com.kms.katalon.core.keyword.internal.KeywordMain.stepFailed(KeywordMain.groovy)
	at com.kms.katalon.core.keyword.internal.KeywordMain.runKeyword(KeywordMain.groovy:76)
	at com.kms.katalon.core.keyword.builtin.VerifyEqualKeyword.verifyEqual(VerifyEqualKeyword.groovy:63)
	at com.kms.katalon.core.keyword.builtin.VerifyEqualKeyword.execute(VerifyEqualKeyword.groovy:44)
	at com.kms.katalon.core.keyword.internal.KeywordExecutor.executeKeywordForPlatform(KeywordExecutor.groovy:74)
	at com.kms.katalon.core.keyword.BuiltinKeywords.verifyEqual(BuiltinKeywords.groovy:141)
	at 14 Cierre de Sesion - Tiempo de Inactividad.run(14 Cierre de Sesion - Tiempo de Inactividad:38)
	at com.kms.katalon.core.main.ScriptEngine.run(ScriptEngine.java:194)
	at com.kms.katalon.core.main.ScriptEngine.runScriptAsRawText(ScriptEngine.java:119)
	at com.kms.katalon.core.main.TestCaseExecutor.runScript(TestCaseExecutor.java:445)
	at com.kms.katalon.core.main.TestCaseExecutor.doExecute(TestCaseExecutor.java:436)
	at com.kms.katalon.core.main.TestCaseExecutor.processExecutionPhase(TestCaseExecutor.java:415)
	at com.kms.katalon.core.main.TestCaseExecutor.accessMainPhase(TestCaseExecutor.java:407)
	at com.kms.katalon.core.main.TestCaseExecutor.execute(TestCaseExecutor.java:284)
	at com.kms.katalon.core.common.CommonExecutor.accessTestCaseMainPhase(CommonExecutor.java:65)
	at com.kms.katalon.core.main.TestSuiteExecutor.accessTestSuiteMainPhase(TestSuiteExecutor.java:144)
	at com.kms.katalon.core.main.TestSuiteExecutor.execute(TestSuiteExecutor.java:106)
	at com.kms.katalon.core.main.TestCaseMain.startTestSuite(TestCaseMain.java:185)
	at com.kms.katalon.core.main.TestCaseMain$startTestSuite$0.call(Unknown Source)
	at TempTestSuite1653363335604.run(TempTestSuite1653363335604.groovy:36)
Caused by: com.kms.katalon.core.exception.StepFailedException: Actual object '' and expected object 'Sesión cerrada por inactividad. Ingresá de nuevo.' are not equal
	at com.kms.katalon.core.keyword.builtin.VerifyEqualKeyword$_verifyEqual_closure1.doCall(VerifyEqualKeyword.groovy:58)
	at com.kms.katalon.core.keyword.builtin.VerifyEqualKeyword$_verifyEqual_closure1.call(VerifyEqualKeyword.groovy)
	at com.kms.katalon.core.keyword.internal.KeywordMain.runKeyword(KeywordMain.groovy:74)
	... 18 more
"/>
         <system-out><![CDATA[2022-05-23 23:44:13 - [TEST_CASE][FAILED] - Test Cases/Sprint 1/01HU-Login-Cierre de Sesión/14 Cierre de Sesion - Tiempo de Inactividad: Test Cases/Sprint 1/01HU-Login-Cierre de Sesión/14 Cierre de Sesion - Tiempo de Inactividad FAILED.
Reason:
com.kms.katalon.core.exception.StepFailedException: Unable to verify equal between actual object '' and expected object 'Sesión cerrada por inactividad. Ingresá de nuevo.' (Root cause: com.kms.katalon.core.exception.StepFailedException: Actual object '' and expected object 'Sesión cerrada por inactividad. Ingresá de nuevo.' are not equal
	at com.kms.katalon.core.keyword.builtin.VerifyEqualKeyword$_verifyEqual_closure1.doCall(VerifyEqualKeyword.groovy:58)
	at com.kms.katalon.core.keyword.builtin.VerifyEqualKeyword$_verifyEqual_closure1.call(VerifyEqualKeyword.groovy)
	at com.kms.katalon.core.keyword.internal.KeywordMain.runKeyword(KeywordMain.groovy:74)
	at com.kms.katalon.core.keyword.builtin.VerifyEqualKeyword.verifyEqual(VerifyEqualKeyword.groovy:63)
	at com.kms.katalon.core.keyword.builtin.VerifyEqualKeyword.execute(VerifyEqualKeyword.groovy:44)
	at com.kms.katalon.core.keyword.internal.KeywordExecutor.executeKeywordForPlatform(KeywordExecutor.groovy:74)
	at com.kms.katalon.core.keyword.BuiltinKeywords.verifyEqual(BuiltinKeywords.groovy:141)
	at 14 Cierre de Sesion - Tiempo de Inactividad.run(14 Cierre de Sesion - Tiempo de Inactividad:38)
	at com.kms.katalon.core.main.ScriptEngine.run(ScriptEngine.java:194)
	at com.kms.katalon.core.main.ScriptEngine.runScriptAsRawText(ScriptEngine.java:119)
	at com.kms.katalon.core.main.TestCaseExecutor.runScript(TestCaseExecutor.java:445)
	at com.kms.katalon.core.main.TestCaseExecutor.doExecute(TestCaseExecutor.java:436)
	at com.kms.katalon.core.main.TestCaseExecutor.processExecutionPhase(TestCaseExecutor.java:415)
	at com.kms.katalon.core.main.TestCaseExecutor.accessMainPhase(TestCaseExecutor.java:407)
	at com.kms.katalon.core.main.TestCaseExecutor.execute(TestCaseExecutor.java:284)
	at com.kms.katalon.core.common.CommonExecutor.accessTestCaseMainPhase(CommonExecutor.java:65)
	at com.kms.katalon.core.main.TestSuiteExecutor.accessTestSuiteMainPhase(TestSuiteExecutor.java:144)
	at com.kms.katalon.core.main.TestSuiteExecutor.execute(TestSuiteExecutor.java:106)
	at com.kms.katalon.core.main.TestCaseMain.startTestSuite(TestCaseMain.java:185)
	at com.kms.katalon.core.main.TestCaseMain$startTestSuite$0.call(Unknown Source)
	at TempTestSuite1653363335604.run(TempTestSuite1653363335604.groovy:36)
)
	at com.kms.katalon.core.keyword.internal.KeywordMain.stepFailed(KeywordMain.groovy:39)
	at com.kms.katalon.core.keyword.internal.KeywordMain.stepFailed(KeywordMain.groovy)
	at com.kms.katalon.core.keyword.internal.KeywordMain.runKeyword(KeywordMain.groovy:76)
	at com.kms.katalon.core.keyword.builtin.VerifyEqualKeyword.verifyEqual(VerifyEqualKeyword.groovy:63)
	at com.kms.katalon.core.keyword.builtin.VerifyEqualKeyword.execute(VerifyEqualKeyword.groovy:44)
	at com.kms.katalon.core.keyword.internal.KeywordExecutor.executeKeywordForPlatform(KeywordExecutor.groovy:74)
	at com.kms.katalon.core.keyword.BuiltinKeywords.verifyEqual(BuiltinKeywords.groovy:141)
	at 14 Cierre de Sesion - Tiempo de Inactividad.run(14 Cierre de Sesion - Tiempo de Inactividad:38)
	at com.kms.katalon.core.main.ScriptEngine.run(ScriptEngine.java:194)
	at com.kms.katalon.core.main.ScriptEngine.runScriptAsRawText(ScriptEngine.java:119)
	at com.kms.katalon.core.main.TestCaseExecutor.runScript(TestCaseExecutor.java:445)
	at com.kms.katalon.core.main.TestCaseExecutor.doExecute(TestCaseExecutor.java:436)
	at com.kms.katalon.core.main.TestCaseExecutor.processExecutionPhase(TestCaseExecutor.java:415)
	at com.kms.katalon.core.main.TestCaseExecutor.accessMainPhase(TestCaseExecutor.java:407)
	at com.kms.katalon.core.main.TestCaseExecutor.execute(TestCaseExecutor.java:284)
	at com.kms.katalon.core.common.CommonExecutor.accessTestCaseMainPhase(CommonExecutor.java:65)
	at com.kms.katalon.core.main.TestSuiteExecutor.accessTestSuiteMainPhase(TestSuiteExecutor.java:144)
	at com.kms.katalon.core.main.TestSuiteExecutor.execute(TestSuiteExecutor.java:106)
	at com.kms.katalon.core.main.TestCaseMain.startTestSuite(TestCaseMain.java:185)
	at com.kms.katalon.core.main.TestCaseMain$startTestSuite$0.call(Unknown Source)
	at TempTestSuite1653363335604.run(TempTestSuite1653363335604.groovy:36)
Caused by: com.kms.katalon.core.exception.StepFailedException: Actual object '' and expected object 'Sesión cerrada por inactividad. Ingresá de nuevo.' are not equal
	at com.kms.katalon.core.keyword.builtin.VerifyEqualKeyword$_verifyEqual_closure1.doCall(VerifyEqualKeyword.groovy:58)
	at com.kms.katalon.core.keyword.builtin.VerifyEqualKeyword$_verifyEqual_closure1.call(VerifyEqualKeyword.groovy)
	at com.kms.katalon.core.keyword.internal.KeywordMain.runKeyword(KeywordMain.groovy:74)
	... 18 more


2022-05-23 23:44:14 - [TEST_STEP][PASSED] - startApplication(URL, false): Started app at: 'C:\Users\Jose_Arrieta\Desktop\JA\Proyectos\Automatizacion de pruebas\APK para inicio\crtopyinfinitymobilebanking-release (8).apk'

2022-05-23 23:44:14 - [MESSAGE][INFO] - User set preference: ['deviceId', '']

2022-05-23 23:44:35 - [MESSAGE][PASSED] - Started app at: 'C:\Users\Jose_Arrieta\Desktop\JA\Proyectos\Automatizacion de pruebas\APK para inicio\crtopyinfinitymobilebanking-release (8).apk'

2022-05-23 23:44:35 - [TEST_STEP][PASSED] - delay(10, CONTINUE_ON_FAILURE): Delayed 10 second(s)

2022-05-23 23:44:45 - [MESSAGE][PASSED] - Delayed 10 second(s)

2022-05-23 23:44:45 - [TEST_STEP][PASSED] - clearText(findTestObject("Sprint 1/Login/android.widget.EditText - Numero de celular login"), 0): Element 'Object Repository/Sprint 1/Login/android.widget.EditText - Numero de celular login' text is cleared

2022-05-23 23:44:45 - [MESSAGE][WARNING] - Timeout '0' is invalid. Using default page load timeout: '30'

2022-05-23 23:44:47 - [MESSAGE][PASSED] - Element 'Object Repository/Sprint 1/Login/android.widget.EditText - Numero de celular login' text is cleared

2022-05-23 23:44:47 - [TEST_STEP][PASSED] - setText(findTestObject("Sprint 1/Login/android.widget.EditText - Ejemplo 0981123456"), Numerocelular, 0): Text '0972875200' has been set to element 'Object Repository/Sprint 1/Login/android.widget.EditText - Ejemplo 0981123456'

2022-05-23 23:44:47 - [MESSAGE][WARNING] - Timeout '0' is invalid. Using default page load timeout: '30'

2022-05-23 23:44:50 - [MESSAGE][PASSED] - Text '0972875200' has been set to element 'Object Repository/Sprint 1/Login/android.widget.EditText - Ejemplo 0981123456'

2022-05-23 23:44:50 - [TEST_STEP][PASSED] - setText(findTestObject("Sprint 1/Login/android.widget.EditText - tipear contrasea"), Contrasena, 0): Text 'Kony!12345' has been set to element 'Object Repository/Sprint 1/Login/android.widget.EditText - tipear contrasea'

2022-05-23 23:44:50 - [MESSAGE][WARNING] - Timeout '0' is invalid. Using default page load timeout: '30'

2022-05-23 23:44:51 - [MESSAGE][PASSED] - Text 'Kony!12345' has been set to element 'Object Repository/Sprint 1/Login/android.widget.EditText - tipear contrasea'

2022-05-23 23:44:51 - [TEST_STEP][PASSED] - tap(findTestObject("Object Repository/Sprint 1/cierre de sesion/android.widget.Button - Ingresar"), 0): Tapped on element 'Object Repository/Sprint 1/cierre de sesion/android.widget.Button - Ingresar'

2022-05-23 23:44:52 - [MESSAGE][WARNING] - Timeout '0' is invalid. Using default page load timeout: '30'

2022-05-23 23:44:53 - [MESSAGE][PASSED] - Tapped on element 'Object Repository/Sprint 1/cierre de sesion/android.widget.Button - Ingresar'

2022-05-23 23:44:53 - [TEST_STEP][PASSED] - delay(300, CONTINUE_ON_FAILURE): Delayed 300 second(s)

2022-05-23 23:49:53 - [MESSAGE][PASSED] - Delayed 300 second(s)

2022-05-23 23:49:53 - [TEST_STEP][PASSED] - MensajeInactividad = getText(findTestObject("Sprint 1/cierre de sesion/android.widget.TextView - Sesin cerrada por inactividad. Ingres de nuevo"), 0): Text of element 'Object Repository/Sprint 1/cierre de sesion/android.widget.TextView - Sesin cerrada por inactividad. Ingres de nuevo' is: 'Sesión cerrada por inactividad. Ingresá de nuevo.'

2022-05-23 23:49:53 - [MESSAGE][WARNING] - Timeout '0' is invalid. Using default page load timeout: '30'

2022-05-23 23:50:03 - [MESSAGE][PASSED] - Text of element 'Object Repository/Sprint 1/cierre de sesion/android.widget.TextView - Sesin cerrada por inactividad. Ingres de nuevo' is: 'Sesión cerrada por inactividad. Ingresá de nuevo.'

2022-05-23 23:50:03 - [TEST_STEP][FAILED] - verifyEqual(MensajeInactividad, "Sesión cerrada por inactividad. Ingresá de nuevo."): Unable to verify equal between actual object '' and expected object 'Sesión cerrada por inactividad. Ingresá de nuevo.' (Root cause: com.kms.katalon.core.exception.StepFailedException: Actual object '' and expected object 'Sesión cerrada por inactividad. Ingresá de nuevo.' are not equal
	at com.kms.katalon.core.keyword.builtin.VerifyEqualKeyword$_verifyEqual_closure1.doCall(VerifyEqualKeyword.groovy:58)
	at com.kms.katalon.core.keyword.builtin.VerifyEqualKeyword$_verifyEqual_closure1.call(VerifyEqualKeyword.groovy)
	at com.kms.katalon.core.keyword.internal.KeywordMain.runKeyword(KeywordMain.groovy:74)
	at com.kms.katalon.core.keyword.builtin.VerifyEqualKeyword.verifyEqual(VerifyEqualKeyword.groovy:63)
	at com.kms.katalon.core.keyword.builtin.VerifyEqualKeyword.execute(VerifyEqualKeyword.groovy:44)
	at com.kms.katalon.core.keyword.internal.KeywordExecutor.executeKeywordForPlatform(KeywordExecutor.groovy:74)
	at com.kms.katalon.core.keyword.BuiltinKeywords.verifyEqual(BuiltinKeywords.groovy:141)
	at 14 Cierre de Sesion - Tiempo de Inactividad.run(14 Cierre de Sesion - Tiempo de Inactividad:38)
	at com.kms.katalon.core.main.ScriptEngine.run(ScriptEngine.java:194)
	at com.kms.katalon.core.main.ScriptEngine.runScriptAsRawText(ScriptEngine.java:119)
	at com.kms.katalon.core.main.TestCaseExecutor.runScript(TestCaseExecutor.java:445)
	at com.kms.katalon.core.main.TestCaseExecutor.doExecute(TestCaseExecutor.java:436)
	at com.kms.katalon.core.main.TestCaseExecutor.processExecutionPhase(TestCaseExecutor.java:415)
	at com.kms.katalon.core.main.TestCaseExecutor.accessMainPhase(TestCaseExecutor.java:407)
	at com.kms.katalon.core.main.TestCaseExecutor.execute(TestCaseExecutor.java:284)
	at com.kms.katalon.core.common.CommonExecutor.accessTestCaseMainPhase(CommonExecutor.java:65)
	at com.kms.katalon.core.main.TestSuiteExecutor.accessTestSuiteMainPhase(TestSuiteExecutor.java:144)
	at com.kms.katalon.core.main.TestSuiteExecutor.execute(TestSuiteExecutor.java:106)
	at com.kms.katalon.core.main.TestCaseMain.startTestSuite(TestCaseMain.java:185)
	at com.kms.katalon.core.main.TestCaseMain$startTestSuite$0.call(Unknown Source)
	at TempTestSuite1653363335604.run(TempTestSuite1653363335604.groovy:36)
)

2022-05-23 23:50:03 - [MESSAGE][FAILED] - Unable to verify equal between actual object '' and expected object 'Sesión cerrada por inactividad. Ingresá de nuevo.' (Root cause: com.kms.katalon.core.exception.StepFailedException: Actual object '' and expected object 'Sesión cerrada por inactividad. Ingresá de nuevo.' are not equal
	at com.kms.katalon.core.keyword.builtin.VerifyEqualKeyword$_verifyEqual_closure1.doCall(VerifyEqualKeyword.groovy:58)
	at com.kms.katalon.core.keyword.builtin.VerifyEqualKeyword$_verifyEqual_closure1.call(VerifyEqualKeyword.groovy)
	at com.kms.katalon.core.keyword.internal.KeywordMain.runKeyword(KeywordMain.groovy:74)
	at com.kms.katalon.core.keyword.builtin.VerifyEqualKeyword.verifyEqual(VerifyEqualKeyword.groovy:63)
	at com.kms.katalon.core.keyword.builtin.VerifyEqualKeyword.execute(VerifyEqualKeyword.groovy:44)
	at com.kms.katalon.core.keyword.internal.KeywordExecutor.executeKeywordForPlatform(KeywordExecutor.groovy:74)
	at com.kms.katalon.core.keyword.BuiltinKeywords.verifyEqual(BuiltinKeywords.groovy:141)
	at 14 Cierre de Sesion - Tiempo de Inactividad.run(14 Cierre de Sesion - Tiempo de Inactividad:38)
	at com.kms.katalon.core.main.ScriptEngine.run(ScriptEngine.java:194)
	at com.kms.katalon.core.main.ScriptEngine.runScriptAsRawText(ScriptEngine.java:119)
	at com.kms.katalon.core.main.TestCaseExecutor.runScript(TestCaseExecutor.java:445)
	at com.kms.katalon.core.main.TestCaseExecutor.doExecute(TestCaseExecutor.java:436)
	at com.kms.katalon.core.main.TestCaseExecutor.processExecutionPhase(TestCaseExecutor.java:415)
	at com.kms.katalon.core.main.TestCaseExecutor.accessMainPhase(TestCaseExecutor.java:407)
	at com.kms.katalon.core.main.TestCaseExecutor.execute(TestCaseExecutor.java:284)
	at com.kms.katalon.core.common.CommonExecutor.accessTestCaseMainPhase(CommonExecutor.java:65)
	at com.kms.katalon.core.main.TestSuiteExecutor.accessTestSuiteMainPhase(TestSuiteExecutor.java:144)
	at com.kms.katalon.core.main.TestSuiteExecutor.execute(TestSuiteExecutor.java:106)
	at com.kms.katalon.core.main.TestCaseMain.startTestSuite(TestCaseMain.java:185)
	at com.kms.katalon.core.main.TestCaseMain$startTestSuite$0.call(Unknown Source)
	at TempTestSuite1653363335604.run(TempTestSuite1653363335604.groovy:36)
)]]></system-out>
         <system-err><![CDATA[2022-05-23 23:44:13 - [TEST_CASE][FAILED] - Test Cases/Sprint 1/01HU-Login-Cierre de Sesión/14 Cierre de Sesion - Tiempo de Inactividad: Test Cases/Sprint 1/01HU-Login-Cierre de Sesión/14 Cierre de Sesion - Tiempo de Inactividad FAILED.
Reason:
com.kms.katalon.core.exception.StepFailedException: Unable to verify equal between actual object '' and expected object 'Sesión cerrada por inactividad. Ingresá de nuevo.' (Root cause: com.kms.katalon.core.exception.StepFailedException: Actual object '' and expected object 'Sesión cerrada por inactividad. Ingresá de nuevo.' are not equal
	at com.kms.katalon.core.keyword.builtin.VerifyEqualKeyword$_verifyEqual_closure1.doCall(VerifyEqualKeyword.groovy:58)
	at com.kms.katalon.core.keyword.builtin.VerifyEqualKeyword$_verifyEqual_closure1.call(VerifyEqualKeyword.groovy)
	at com.kms.katalon.core.keyword.internal.KeywordMain.runKeyword(KeywordMain.groovy:74)
	at com.kms.katalon.core.keyword.builtin.VerifyEqualKeyword.verifyEqual(VerifyEqualKeyword.groovy:63)
	at com.kms.katalon.core.keyword.builtin.VerifyEqualKeyword.execute(VerifyEqualKeyword.groovy:44)
	at com.kms.katalon.core.keyword.internal.KeywordExecutor.executeKeywordForPlatform(KeywordExecutor.groovy:74)
	at com.kms.katalon.core.keyword.BuiltinKeywords.verifyEqual(BuiltinKeywords.groovy:141)
	at 14 Cierre de Sesion - Tiempo de Inactividad.run(14 Cierre de Sesion - Tiempo de Inactividad:38)
	at com.kms.katalon.core.main.ScriptEngine.run(ScriptEngine.java:194)
	at com.kms.katalon.core.main.ScriptEngine.runScriptAsRawText(ScriptEngine.java:119)
	at com.kms.katalon.core.main.TestCaseExecutor.runScript(TestCaseExecutor.java:445)
	at com.kms.katalon.core.main.TestCaseExecutor.doExecute(TestCaseExecutor.java:436)
	at com.kms.katalon.core.main.TestCaseExecutor.processExecutionPhase(TestCaseExecutor.java:415)
	at com.kms.katalon.core.main.TestCaseExecutor.accessMainPhase(TestCaseExecutor.java:407)
	at com.kms.katalon.core.main.TestCaseExecutor.execute(TestCaseExecutor.java:284)
	at com.kms.katalon.core.common.CommonExecutor.accessTestCaseMainPhase(CommonExecutor.java:65)
	at com.kms.katalon.core.main.TestSuiteExecutor.accessTestSuiteMainPhase(TestSuiteExecutor.java:144)
	at com.kms.katalon.core.main.TestSuiteExecutor.execute(TestSuiteExecutor.java:106)
	at com.kms.katalon.core.main.TestCaseMain.startTestSuite(TestCaseMain.java:185)
	at com.kms.katalon.core.main.TestCaseMain$startTestSuite$0.call(Unknown Source)
	at TempTestSuite1653363335604.run(TempTestSuite1653363335604.groovy:36)
)
	at com.kms.katalon.core.keyword.internal.KeywordMain.stepFailed(KeywordMain.groovy:39)
	at com.kms.katalon.core.keyword.internal.KeywordMain.stepFailed(KeywordMain.groovy)
	at com.kms.katalon.core.keyword.internal.KeywordMain.runKeyword(KeywordMain.groovy:76)
	at com.kms.katalon.core.keyword.builtin.VerifyEqualKeyword.verifyEqual(VerifyEqualKeyword.groovy:63)
	at com.kms.katalon.core.keyword.builtin.VerifyEqualKeyword.execute(VerifyEqualKeyword.groovy:44)
	at com.kms.katalon.core.keyword.internal.KeywordExecutor.executeKeywordForPlatform(KeywordExecutor.groovy:74)
	at com.kms.katalon.core.keyword.BuiltinKeywords.verifyEqual(BuiltinKeywords.groovy:141)
	at 14 Cierre de Sesion - Tiempo de Inactividad.run(14 Cierre de Sesion - Tiempo de Inactividad:38)
	at com.kms.katalon.core.main.ScriptEngine.run(ScriptEngine.java:194)
	at com.kms.katalon.core.main.ScriptEngine.runScriptAsRawText(ScriptEngine.java:119)
	at com.kms.katalon.core.main.TestCaseExecutor.runScript(TestCaseExecutor.java:445)
	at com.kms.katalon.core.main.TestCaseExecutor.doExecute(TestCaseExecutor.java:436)
	at com.kms.katalon.core.main.TestCaseExecutor.processExecutionPhase(TestCaseExecutor.java:415)
	at com.kms.katalon.core.main.TestCaseExecutor.accessMainPhase(TestCaseExecutor.java:407)
	at com.kms.katalon.core.main.TestCaseExecutor.execute(TestCaseExecutor.java:284)
	at com.kms.katalon.core.common.CommonExecutor.accessTestCaseMainPhase(CommonExecutor.java:65)
	at com.kms.katalon.core.main.TestSuiteExecutor.accessTestSuiteMainPhase(TestSuiteExecutor.java:144)
	at com.kms.katalon.core.main.TestSuiteExecutor.execute(TestSuiteExecutor.java:106)
	at com.kms.katalon.core.main.TestCaseMain.startTestSuite(TestCaseMain.java:185)
	at com.kms.katalon.core.main.TestCaseMain$startTestSuite$0.call(Unknown Source)
	at TempTestSuite1653363335604.run(TempTestSuite1653363335604.groovy:36)
Caused by: com.kms.katalon.core.exception.StepFailedException: Actual object '' and expected object 'Sesión cerrada por inactividad. Ingresá de nuevo.' are not equal
	at com.kms.katalon.core.keyword.builtin.VerifyEqualKeyword$_verifyEqual_closure1.doCall(VerifyEqualKeyword.groovy:58)
	at com.kms.katalon.core.keyword.builtin.VerifyEqualKeyword$_verifyEqual_closure1.call(VerifyEqualKeyword.groovy)
	at com.kms.katalon.core.keyword.internal.KeywordMain.runKeyword(KeywordMain.groovy:74)
	... 18 more]]></system-err>
      </testcase>
      <testcase name="Test Cases/Sprint 1/01HU-Login-Cierre de Sesión/15 Cerrar sesión del cliente desde la pantalla Dashboard" time="64.463" classname="Test Cases/Sprint 1/01HU-Login-Cierre de Sesión/15 Cerrar sesión del cliente desde la pantalla Dashboard" status="PASSED">
         <system-out><![CDATA[2022-05-23 23:50:03 - [TEST_CASE][PASSED] - Test Cases/Sprint 1/01HU-Login-Cierre de Sesión/15 Cerrar sesión del cliente desde la pantalla Dashboard: Test Cases/Sprint 1/01HU-Login-Cierre de Sesión/15 Cerrar sesión del cliente desde la pantalla Dashboard

2022-05-23 23:50:04 - [TEST_STEP][PASSED] - startApplication(URL, false): Started app at: 'C:\Users\Jose_Arrieta\Desktop\JA\Proyectos\Automatizacion de pruebas\APK para inicio\crtopyinfinitymobilebanking-release (8).apk'

2022-05-23 23:50:04 - [MESSAGE][INFO] - User set preference: ['deviceId', '']

2022-05-23 23:50:18 - [MESSAGE][PASSED] - Started app at: 'C:\Users\Jose_Arrieta\Desktop\JA\Proyectos\Automatizacion de pruebas\APK para inicio\crtopyinfinitymobilebanking-release (8).apk'

2022-05-23 23:50:18 - [TEST_STEP][PASSED] - delay(10, CONTINUE_ON_FAILURE): Delayed 10 second(s)

2022-05-23 23:50:28 - [MESSAGE][PASSED] - Delayed 10 second(s)

2022-05-23 23:50:28 - [TEST_STEP][PASSED] - clearText(findTestObject("Sprint 1/Login/android.widget.EditText - Numero de celular login"), 0): Element 'Object Repository/Sprint 1/Login/android.widget.EditText - Numero de celular login' text is cleared

2022-05-23 23:50:28 - [MESSAGE][WARNING] - Timeout '0' is invalid. Using default page load timeout: '30'

2022-05-23 23:50:30 - [MESSAGE][PASSED] - Element 'Object Repository/Sprint 1/Login/android.widget.EditText - Numero de celular login' text is cleared

2022-05-23 23:50:30 - [TEST_STEP][PASSED] - setText(findTestObject("Sprint 1/Login/android.widget.EditText - Ejemplo 0981123456"), Numerocelular, 0): Text '0972875200' has been set to element 'Object Repository/Sprint 1/Login/android.widget.EditText - Ejemplo 0981123456'

2022-05-23 23:50:30 - [MESSAGE][WARNING] - Timeout '0' is invalid. Using default page load timeout: '30'

2022-05-23 23:50:32 - [MESSAGE][PASSED] - Text '0972875200' has been set to element 'Object Repository/Sprint 1/Login/android.widget.EditText - Ejemplo 0981123456'

2022-05-23 23:50:32 - [TEST_STEP][PASSED] - setText(findTestObject("Sprint 1/Login/android.widget.EditText - tipear contrasea"), Contrasena, 0): Text 'Kony!12345' has been set to element 'Object Repository/Sprint 1/Login/android.widget.EditText - tipear contrasea'

2022-05-23 23:50:32 - [MESSAGE][WARNING] - Timeout '0' is invalid. Using default page load timeout: '30'

2022-05-23 23:50:35 - [MESSAGE][PASSED] - Text 'Kony!12345' has been set to element 'Object Repository/Sprint 1/Login/android.widget.EditText - tipear contrasea'

2022-05-23 23:50:35 - [TEST_STEP][PASSED] - tap(findTestObject("Object Repository/Sprint 1/cierre de sesion/android.widget.Button - Ingresar"), 0): Tapped on element 'Object Repository/Sprint 1/cierre de sesion/android.widget.Button - Ingresar'

2022-05-23 23:50:35 - [MESSAGE][WARNING] - Timeout '0' is invalid. Using default page load timeout: '30'

2022-05-23 23:50:36 - [MESSAGE][PASSED] - Tapped on element 'Object Repository/Sprint 1/cierre de sesion/android.widget.Button - Ingresar'

2022-05-23 23:50:36 - [TEST_STEP][PASSED] - tap(findTestObject("Object Repository/Sprint 1/cierre de sesion/android.widget.ImageView Menu hamburguesa Inferior"), 0): Tapped on element 'Object Repository/Sprint 1/cierre de sesion/android.widget.ImageView Menu hamburguesa Inferior'

2022-05-23 23:50:36 - [MESSAGE][WARNING] - Timeout '0' is invalid. Using default page load timeout: '30'

2022-05-23 23:51:03 - [MESSAGE][PASSED] - Tapped on element 'Object Repository/Sprint 1/cierre de sesion/android.widget.ImageView Menu hamburguesa Inferior'

2022-05-23 23:51:03 - [TEST_STEP][PASSED] - tap(findTestObject("Object Repository/Sprint 1/cierre de sesion/android.widget.ImageView Icono salir superior"), 0): Tapped on element 'Object Repository/Sprint 1/cierre de sesion/android.widget.ImageView Icono salir superior'

2022-05-23 23:51:03 - [MESSAGE][WARNING] - Timeout '0' is invalid. Using default page load timeout: '30'

2022-05-23 23:51:07 - [MESSAGE][PASSED] - Tapped on element 'Object Repository/Sprint 1/cierre de sesion/android.widget.ImageView Icono salir superior'

2022-05-23 23:51:07 - [TEST_STEP][PASSED] - tap(findTestObject("Sprint 1/cierre de sesion/android.widget.Button - SI (cerrar sesion)"), 0): Tapped on element 'Object Repository/Sprint 1/cierre de sesion/android.widget.Button - SI (cerrar sesion)'

2022-05-23 23:51:07 - [MESSAGE][WARNING] - Timeout '0' is invalid. Using default page load timeout: '30'

2022-05-23 23:51:08 - [MESSAGE][PASSED] - Tapped on element 'Object Repository/Sprint 1/cierre de sesion/android.widget.Button - SI (cerrar sesion)']]></system-out>
         <system-err><![CDATA[]]></system-err>
      </testcase>
      <testcase name="Test Cases/Sprint 1/01HU-Login-Cierre de Sesión/16 Cierre de sesión del cliente desde la pantalla Resumen de Saldo" time="69.827" classname="Test Cases/Sprint 1/01HU-Login-Cierre de Sesión/16 Cierre de sesión del cliente desde la pantalla Resumen de Saldo" status="PASSED">
         <system-out><![CDATA[2022-05-23 23:51:08 - [TEST_CASE][PASSED] - Test Cases/Sprint 1/01HU-Login-Cierre de Sesión/16 Cierre de sesión del cliente desde la pantalla Resumen de Saldo: Test Cases/Sprint 1/01HU-Login-Cierre de Sesión/16 Cierre de sesión del cliente desde la pantalla Resumen de Saldo

2022-05-23 23:51:08 - [TEST_STEP][PASSED] - startApplication(URL, false): Started app at: 'C:\Users\Jose_Arrieta\Desktop\JA\Proyectos\Automatizacion de pruebas\APK para inicio\crtopyinfinitymobilebanking-release (8).apk'

2022-05-23 23:51:08 - [MESSAGE][INFO] - User set preference: ['deviceId', '']

2022-05-23 23:51:29 - [MESSAGE][PASSED] - Started app at: 'C:\Users\Jose_Arrieta\Desktop\JA\Proyectos\Automatizacion de pruebas\APK para inicio\crtopyinfinitymobilebanking-release (8).apk'

2022-05-23 23:51:29 - [TEST_STEP][PASSED] - delay(10, CONTINUE_ON_FAILURE): Delayed 10 second(s)

2022-05-23 23:51:39 - [MESSAGE][PASSED] - Delayed 10 second(s)

2022-05-23 23:51:39 - [TEST_STEP][PASSED] - clearText(findTestObject("Sprint 1/Login/android.widget.EditText - Numero de celular login"), 0): Element 'Object Repository/Sprint 1/Login/android.widget.EditText - Numero de celular login' text is cleared

2022-05-23 23:51:39 - [MESSAGE][WARNING] - Timeout '0' is invalid. Using default page load timeout: '30'

2022-05-23 23:51:41 - [MESSAGE][PASSED] - Element 'Object Repository/Sprint 1/Login/android.widget.EditText - Numero de celular login' text is cleared

2022-05-23 23:51:41 - [TEST_STEP][PASSED] - setText(findTestObject("Sprint 1/Login/android.widget.EditText - Ejemplo 0981123456"), Numerocelular, 0): Text '0972875200' has been set to element 'Object Repository/Sprint 1/Login/android.widget.EditText - Ejemplo 0981123456'

2022-05-23 23:51:42 - [MESSAGE][WARNING] - Timeout '0' is invalid. Using default page load timeout: '30'

2022-05-23 23:51:45 - [MESSAGE][PASSED] - Text '0972875200' has been set to element 'Object Repository/Sprint 1/Login/android.widget.EditText - Ejemplo 0981123456'

2022-05-23 23:51:45 - [TEST_STEP][PASSED] - setText(findTestObject("Sprint 1/Login/android.widget.EditText - tipear contrasea"), Contrasena, 0): Text 'Kony!12345' has been set to element 'Object Repository/Sprint 1/Login/android.widget.EditText - tipear contrasea'

2022-05-23 23:51:45 - [MESSAGE][WARNING] - Timeout '0' is invalid. Using default page load timeout: '30'

2022-05-23 23:51:47 - [MESSAGE][PASSED] - Text 'Kony!12345' has been set to element 'Object Repository/Sprint 1/Login/android.widget.EditText - tipear contrasea'

2022-05-23 23:51:47 - [TEST_STEP][PASSED] - tap(findTestObject("Object Repository/Sprint 1/cierre de sesion/android.widget.Button - Ingresar"), 0): Tapped on element 'Object Repository/Sprint 1/cierre de sesion/android.widget.Button - Ingresar'

2022-05-23 23:51:47 - [MESSAGE][WARNING] - Timeout '0' is invalid. Using default page load timeout: '30'

2022-05-23 23:51:49 - [MESSAGE][PASSED] - Tapped on element 'Object Repository/Sprint 1/cierre de sesion/android.widget.Button - Ingresar'

2022-05-23 23:51:49 - [TEST_STEP][PASSED] - tap(findTestObject("Object Repository/Sprint 1/cierre de sesion/android.widget.ImageView Menu hamburguesa Inferior"), 0): Tapped on element 'Object Repository/Sprint 1/cierre de sesion/android.widget.ImageView Menu hamburguesa Inferior'

2022-05-23 23:51:49 - [MESSAGE][WARNING] - Timeout '0' is invalid. Using default page load timeout: '30'

2022-05-23 23:52:13 - [MESSAGE][PASSED] - Tapped on element 'Object Repository/Sprint 1/cierre de sesion/android.widget.ImageView Menu hamburguesa Inferior'

2022-05-23 23:52:13 - [TEST_STEP][PASSED] - tap(findTestObject("Object Repository/Sprint 1/cierre de sesion/android.widget.ImageView Icono salir superior"), 0): Tapped on element 'Object Repository/Sprint 1/cierre de sesion/android.widget.ImageView Icono salir superior'

2022-05-23 23:52:13 - [MESSAGE][WARNING] - Timeout '0' is invalid. Using default page load timeout: '30'

2022-05-23 23:52:16 - [MESSAGE][PASSED] - Tapped on element 'Object Repository/Sprint 1/cierre de sesion/android.widget.ImageView Icono salir superior'

2022-05-23 23:52:16 - [TEST_STEP][PASSED] - tap(findTestObject("Sprint 1/cierre de sesion/android.widget.Button - SI (cerrar sesion)"), 0): Tapped on element 'Object Repository/Sprint 1/cierre de sesion/android.widget.Button - SI (cerrar sesion)'

2022-05-23 23:52:16 - [MESSAGE][WARNING] - Timeout '0' is invalid. Using default page load timeout: '30'

2022-05-23 23:52:18 - [MESSAGE][PASSED] - Tapped on element 'Object Repository/Sprint 1/cierre de sesion/android.widget.Button - SI (cerrar sesion)']]></system-out>
         <system-err><![CDATA[]]></system-err>
      </testcase>
      <testcase name="Test Cases/Sprint 1/01HU-Login-Cierre de Sesión/17 Cierre de Sesión - Desde la pantalla Resumen -por Tiempo de Inactividad" time="430.981" classname="Test Cases/Sprint 1/01HU-Login-Cierre de Sesión/17 Cierre de Sesión - Desde la pantalla Resumen -por Tiempo de Inactividad" status="FAILED">
         <failure type="FAILED" message="Test Cases/Sprint 1/01HU-Login-Cierre de Sesión/17 Cierre de Sesión - Desde la pantalla Resumen -por Tiempo de Inactividad FAILED.
Reason:
com.kms.katalon.core.exception.StepFailedException: Object Object Repository/Sprint 1/cierre de sesion/android.widget.ImageView Menu hamburguesa Inferior not found
	at com.kms.katalon.core.keyword.internal.KeywordMain.stepFailed(KeywordMain.groovy:39)
	at com.kms.katalon.core.mobile.keyword.internal.MobileKeywordMain.stepFailed(MobileKeywordMain.groovy:40)
	at com.kms.katalon.core.mobile.keyword.builtin.TapKeyword$_tap_closure1.doCall(TapKeyword.groovy:79)
	at com.kms.katalon.core.mobile.keyword.builtin.TapKeyword$_tap_closure1.call(TapKeyword.groovy)
	at com.kms.katalon.core.mobile.keyword.internal.MobileKeywordMain.runKeyword(MobileKeywordMain.groovy:21)
	at com.kms.katalon.core.mobile.keyword.builtin.TapKeyword.tap(TapKeyword.groovy:84)
	at com.kms.katalon.core.mobile.keyword.builtin.TapKeyword.execute(TapKeyword.groovy:68)
	at com.kms.katalon.core.keyword.internal.KeywordExecutor.executeKeywordForPlatform(KeywordExecutor.groovy:74)
	at com.kms.katalon.core.mobile.keyword.MobileBuiltInKeywords.tap(MobileBuiltInKeywords.groovy:1490)
	at com.kms.katalon.core.mobile.keyword.MobileBuiltInKeywords$tap$2.call(Unknown Source)
	at 17 Cierre de Sesión - Desde la pantalla Resumen -por Tiempo de Inactividad.run(17 Cierre de Sesión - Desde la pantalla Resumen -por Tiempo de Inactividad:33)
	at com.kms.katalon.core.main.ScriptEngine.run(ScriptEngine.java:194)
	at com.kms.katalon.core.main.ScriptEngine.runScriptAsRawText(ScriptEngine.java:119)
	at com.kms.katalon.core.main.TestCaseExecutor.runScript(TestCaseExecutor.java:445)
	at com.kms.katalon.core.main.TestCaseExecutor.doExecute(TestCaseExecutor.java:436)
	at com.kms.katalon.core.main.TestCaseExecutor.processExecutionPhase(TestCaseExecutor.java:415)
	at com.kms.katalon.core.main.TestCaseExecutor.accessMainPhase(TestCaseExecutor.java:407)
	at com.kms.katalon.core.main.TestCaseExecutor.execute(TestCaseExecutor.java:284)
	at com.kms.katalon.core.common.CommonExecutor.accessTestCaseMainPhase(CommonExecutor.java:65)
	at com.kms.katalon.core.main.TestSuiteExecutor.accessTestSuiteMainPhase(TestSuiteExecutor.java:144)
	at com.kms.katalon.core.main.TestSuiteExecutor.execute(TestSuiteExecutor.java:106)
	at com.kms.katalon.core.main.TestCaseMain.startTestSuite(TestCaseMain.java:185)
	at com.kms.katalon.core.main.TestCaseMain$startTestSuite$0.call(Unknown Source)
	at TempTestSuite1653363335604.run(TempTestSuite1653363335604.groovy:36)
"/>
         <system-out><![CDATA[2022-05-23 23:52:18 - [TEST_CASE][FAILED] - Test Cases/Sprint 1/01HU-Login-Cierre de Sesión/17 Cierre de Sesión - Desde la pantalla Resumen -por Tiempo de Inactividad: Test Cases/Sprint 1/01HU-Login-Cierre de Sesión/17 Cierre de Sesión - Desde la pantalla Resumen -por Tiempo de Inactividad FAILED.
Reason:
com.kms.katalon.core.exception.StepFailedException: Object Object Repository/Sprint 1/cierre de sesion/android.widget.ImageView Menu hamburguesa Inferior not found
	at com.kms.katalon.core.keyword.internal.KeywordMain.stepFailed(KeywordMain.groovy:39)
	at com.kms.katalon.core.mobile.keyword.internal.MobileKeywordMain.stepFailed(MobileKeywordMain.groovy:40)
	at com.kms.katalon.core.mobile.keyword.builtin.TapKeyword$_tap_closure1.doCall(TapKeyword.groovy:79)
	at com.kms.katalon.core.mobile.keyword.builtin.TapKeyword$_tap_closure1.call(TapKeyword.groovy)
	at com.kms.katalon.core.mobile.keyword.internal.MobileKeywordMain.runKeyword(MobileKeywordMain.groovy:21)
	at com.kms.katalon.core.mobile.keyword.builtin.TapKeyword.tap(TapKeyword.groovy:84)
	at com.kms.katalon.core.mobile.keyword.builtin.TapKeyword.execute(TapKeyword.groovy:68)
	at com.kms.katalon.core.keyword.internal.KeywordExecutor.executeKeywordForPlatform(KeywordExecutor.groovy:74)
	at com.kms.katalon.core.mobile.keyword.MobileBuiltInKeywords.tap(MobileBuiltInKeywords.groovy:1490)
	at com.kms.katalon.core.mobile.keyword.MobileBuiltInKeywords$tap$2.call(Unknown Source)
	at 17 Cierre de Sesión - Desde la pantalla Resumen -por Tiempo de Inactividad.run(17 Cierre de Sesión - Desde la pantalla Resumen -por Tiempo de Inactividad:33)
	at com.kms.katalon.core.main.ScriptEngine.run(ScriptEngine.java:194)
	at com.kms.katalon.core.main.ScriptEngine.runScriptAsRawText(ScriptEngine.java:119)
	at com.kms.katalon.core.main.TestCaseExecutor.runScript(TestCaseExecutor.java:445)
	at com.kms.katalon.core.main.TestCaseExecutor.doExecute(TestCaseExecutor.java:436)
	at com.kms.katalon.core.main.TestCaseExecutor.processExecutionPhase(TestCaseExecutor.java:415)
	at com.kms.katalon.core.main.TestCaseExecutor.accessMainPhase(TestCaseExecutor.java:407)
	at com.kms.katalon.core.main.TestCaseExecutor.execute(TestCaseExecutor.java:284)
	at com.kms.katalon.core.common.CommonExecutor.accessTestCaseMainPhase(CommonExecutor.java:65)
	at com.kms.katalon.core.main.TestSuiteExecutor.accessTestSuiteMainPhase(TestSuiteExecutor.java:144)
	at com.kms.katalon.core.main.TestSuiteExecutor.execute(TestSuiteExecutor.java:106)
	at com.kms.katalon.core.main.TestCaseMain.startTestSuite(TestCaseMain.java:185)
	at com.kms.katalon.core.main.TestCaseMain$startTestSuite$0.call(Unknown Source)
	at TempTestSuite1653363335604.run(TempTestSuite1653363335604.groovy:36)


2022-05-23 23:52:18 - [TEST_STEP][PASSED] - startApplication(URL, true): Started app at: 'C:\Users\Jose_Arrieta\Desktop\JA\Proyectos\Automatizacion de pruebas\APK para inicio\crtopyinfinitymobilebanking-release (8).apk'

2022-05-23 23:52:18 - [MESSAGE][INFO] - User set preference: ['deviceId', '']

2022-05-23 23:53:11 - [MESSAGE][PASSED] - Started app at: 'C:\Users\Jose_Arrieta\Desktop\JA\Proyectos\Automatizacion de pruebas\APK para inicio\crtopyinfinitymobilebanking-release (8).apk'

2022-05-23 23:53:11 - [TEST_STEP][PASSED] - delay(10, CONTINUE_ON_FAILURE): Delayed 10 second(s)

2022-05-23 23:53:21 - [MESSAGE][PASSED] - Delayed 10 second(s)

2022-05-23 23:53:21 - [TEST_STEP][PASSED] - clearText(findTestObject("Sprint 1/Login/android.widget.EditText - Numero de celular login"), 0): Element 'Object Repository/Sprint 1/Login/android.widget.EditText - Numero de celular login' text is cleared

2022-05-23 23:53:21 - [MESSAGE][WARNING] - Timeout '0' is invalid. Using default page load timeout: '30'

2022-05-23 23:53:23 - [MESSAGE][PASSED] - Element 'Object Repository/Sprint 1/Login/android.widget.EditText - Numero de celular login' text is cleared

2022-05-23 23:53:23 - [TEST_STEP][PASSED] - setText(findTestObject("Sprint 1/Login/android.widget.EditText - Ejemplo 0981123456"), Numerocelular, 0): Text '0972875200' has been set to element 'Object Repository/Sprint 1/Login/android.widget.EditText - Ejemplo 0981123456'

2022-05-23 23:53:23 - [MESSAGE][WARNING] - Timeout '0' is invalid. Using default page load timeout: '30'

2022-05-23 23:53:25 - [MESSAGE][PASSED] - Text '0972875200' has been set to element 'Object Repository/Sprint 1/Login/android.widget.EditText - Ejemplo 0981123456'

2022-05-23 23:53:25 - [TEST_STEP][PASSED] - setText(findTestObject("Sprint 1/Login/android.widget.EditText - tipear contrasea"), Contrasena, 0): Text 'Kony!12345' has been set to element 'Object Repository/Sprint 1/Login/android.widget.EditText - tipear contrasea'

2022-05-23 23:53:25 - [MESSAGE][WARNING] - Timeout '0' is invalid. Using default page load timeout: '30'

2022-05-23 23:53:27 - [MESSAGE][PASSED] - Text 'Kony!12345' has been set to element 'Object Repository/Sprint 1/Login/android.widget.EditText - tipear contrasea'

2022-05-23 23:53:27 - [TEST_STEP][PASSED] - tap(findTestObject("Object Repository/Sprint 1/cierre de sesion/android.widget.Button - Ingresar"), 0): Tapped on element 'Object Repository/Sprint 1/cierre de sesion/android.widget.Button - Ingresar'

2022-05-23 23:53:27 - [MESSAGE][WARNING] - Timeout '0' is invalid. Using default page load timeout: '30'

2022-05-23 23:53:28 - [MESSAGE][PASSED] - Tapped on element 'Object Repository/Sprint 1/cierre de sesion/android.widget.Button - Ingresar'

2022-05-23 23:53:28 - [TEST_STEP][FAILED] - tap(findTestObject("Object Repository/Sprint 1/cierre de sesion/android.widget.ImageView Menu hamburguesa Inferior"), 0): Object Object Repository/Sprint 1/cierre de sesion/android.widget.ImageView Menu hamburguesa Inferior not found

2022-05-23 23:53:28 - [MESSAGE][WARNING] - Timeout '0' is invalid. Using default page load timeout: '30'

2022-05-23 23:53:58 - [MESSAGE][FAILED] - Object Object Repository/Sprint 1/cierre de sesion/android.widget.ImageView Menu hamburguesa Inferior not found

2022-05-23 23:53:58 - [TEST_STEP][PASSED] - delay(300, CONTINUE_ON_FAILURE): Delayed 300 second(s)

2022-05-23 23:58:58 - [MESSAGE][PASSED] - Delayed 300 second(s)

2022-05-23 23:58:58 - [TEST_STEP][FAILED] - MensajeInactividad = getText(findTestObject("Sprint 1/cierre de sesion/android.widget.TextView - Sesin cerrada por inactividad. Ingres de nuevo"), 0): Object Object Repository/Sprint 1/cierre de sesion/android.widget.TextView - Sesin cerrada por inactividad. Ingres de nuevo not found

2022-05-23 23:58:59 - [MESSAGE][WARNING] - Timeout '0' is invalid. Using default page load timeout: '30'

2022-05-23 23:59:29 - [MESSAGE][FAILED] - Object Object Repository/Sprint 1/cierre de sesion/android.widget.TextView - Sesin cerrada por inactividad. Ingres de nuevo not found

2022-05-23 23:59:29 - [TEST_STEP][FAILED] - verifyEqual(MensajeInactividad, "Sesión cerrada por inactividad. Ingresá de nuevo."): Unable to verify equal between actual object '' and expected object 'Sesión cerrada por inactividad. Ingresá de nuevo.' (Root cause: com.kms.katalon.core.exception.StepFailedException: Actual object '' and expected object 'Sesión cerrada por inactividad. Ingresá de nuevo.' are not equal
	at com.kms.katalon.core.keyword.builtin.VerifyEqualKeyword$_verifyEqual_closure1.doCall(VerifyEqualKeyword.groovy:58)
	at com.kms.katalon.core.keyword.builtin.VerifyEqualKeyword$_verifyEqual_closure1.call(VerifyEqualKeyword.groovy)
	at com.kms.katalon.core.keyword.internal.KeywordMain.runKeyword(KeywordMain.groovy:74)
	at com.kms.katalon.core.keyword.builtin.VerifyEqualKeyword.verifyEqual(VerifyEqualKeyword.groovy:63)
	at com.kms.katalon.core.keyword.builtin.VerifyEqualKeyword.execute(VerifyEqualKeyword.groovy:44)
	at com.kms.katalon.core.keyword.internal.KeywordExecutor.executeKeywordForPlatform(KeywordExecutor.groovy:74)
	at com.kms.katalon.core.keyword.BuiltinKeywords.verifyEqual(BuiltinKeywords.groovy:141)
	at 17 Cierre de Sesión - Desde la pantalla Resumen -por Tiempo de Inactividad.run(17 Cierre de Sesión - Desde la pantalla Resumen -por Tiempo de Inactividad:41)
	at com.kms.katalon.core.main.ScriptEngine.run(ScriptEngine.java:194)
	at com.kms.katalon.core.main.ScriptEngine.runScriptAsRawText(ScriptEngine.java:119)
	at com.kms.katalon.core.main.TestCaseExecutor.runScript(TestCaseExecutor.java:445)
	at com.kms.katalon.core.main.TestCaseExecutor.doExecute(TestCaseExecutor.java:436)
	at com.kms.katalon.core.main.TestCaseExecutor.processExecutionPhase(TestCaseExecutor.java:415)
	at com.kms.katalon.core.main.TestCaseExecutor.accessMainPhase(TestCaseExecutor.java:407)
	at com.kms.katalon.core.main.TestCaseExecutor.execute(TestCaseExecutor.java:284)
	at com.kms.katalon.core.common.CommonExecutor.accessTestCaseMainPhase(CommonExecutor.java:65)
	at com.kms.katalon.core.main.TestSuiteExecutor.accessTestSuiteMainPhase(TestSuiteExecutor.java:144)
	at com.kms.katalon.core.main.TestSuiteExecutor.execute(TestSuiteExecutor.java:106)
	at com.kms.katalon.core.main.TestCaseMain.startTestSuite(TestCaseMain.java:185)
	at com.kms.katalon.core.main.TestCaseMain$startTestSuite$0.call(Unknown Source)
	at TempTestSuite1653363335604.run(TempTestSuite1653363335604.groovy:36)
)

2022-05-23 23:59:29 - [MESSAGE][FAILED] - Unable to verify equal between actual object '' and expected object 'Sesión cerrada por inactividad. Ingresá de nuevo.' (Root cause: com.kms.katalon.core.exception.StepFailedException: Actual object '' and expected object 'Sesión cerrada por inactividad. Ingresá de nuevo.' are not equal
	at com.kms.katalon.core.keyword.builtin.VerifyEqualKeyword$_verifyEqual_closure1.doCall(VerifyEqualKeyword.groovy:58)
	at com.kms.katalon.core.keyword.builtin.VerifyEqualKeyword$_verifyEqual_closure1.call(VerifyEqualKeyword.groovy)
	at com.kms.katalon.core.keyword.internal.KeywordMain.runKeyword(KeywordMain.groovy:74)
	at com.kms.katalon.core.keyword.builtin.VerifyEqualKeyword.verifyEqual(VerifyEqualKeyword.groovy:63)
	at com.kms.katalon.core.keyword.builtin.VerifyEqualKeyword.execute(VerifyEqualKeyword.groovy:44)
	at com.kms.katalon.core.keyword.internal.KeywordExecutor.executeKeywordForPlatform(KeywordExecutor.groovy:74)
	at com.kms.katalon.core.keyword.BuiltinKeywords.verifyEqual(BuiltinKeywords.groovy:141)
	at 17 Cierre de Sesión - Desde la pantalla Resumen -por Tiempo de Inactividad.run(17 Cierre de Sesión - Desde la pantalla Resumen -por Tiempo de Inactividad:41)
	at com.kms.katalon.core.main.ScriptEngine.run(ScriptEngine.java:194)
	at com.kms.katalon.core.main.ScriptEngine.runScriptAsRawText(ScriptEngine.java:119)
	at com.kms.katalon.core.main.TestCaseExecutor.runScript(TestCaseExecutor.java:445)
	at com.kms.katalon.core.main.TestCaseExecutor.doExecute(TestCaseExecutor.java:436)
	at com.kms.katalon.core.main.TestCaseExecutor.processExecutionPhase(TestCaseExecutor.java:415)
	at com.kms.katalon.core.main.TestCaseExecutor.accessMainPhase(TestCaseExecutor.java:407)
	at com.kms.katalon.core.main.TestCaseExecutor.execute(TestCaseExecutor.java:284)
	at com.kms.katalon.core.common.CommonExecutor.accessTestCaseMainPhase(CommonExecutor.java:65)
	at com.kms.katalon.core.main.TestSuiteExecutor.accessTestSuiteMainPhase(TestSuiteExecutor.java:144)
	at com.kms.katalon.core.main.TestSuiteExecutor.execute(TestSuiteExecutor.java:106)
	at com.kms.katalon.core.main.TestCaseMain.startTestSuite(TestCaseMain.java:185)
	at com.kms.katalon.core.main.TestCaseMain$startTestSuite$0.call(Unknown Source)
	at TempTestSuite1653363335604.run(TempTestSuite1653363335604.groovy:36)
)]]></system-out>
         <system-err><![CDATA[2022-05-23 23:52:18 - [TEST_CASE][FAILED] - Test Cases/Sprint 1/01HU-Login-Cierre de Sesión/17 Cierre de Sesión - Desde la pantalla Resumen -por Tiempo de Inactividad: Test Cases/Sprint 1/01HU-Login-Cierre de Sesión/17 Cierre de Sesión - Desde la pantalla Resumen -por Tiempo de Inactividad FAILED.
Reason:
com.kms.katalon.core.exception.StepFailedException: Object Object Repository/Sprint 1/cierre de sesion/android.widget.ImageView Menu hamburguesa Inferior not found
	at com.kms.katalon.core.keyword.internal.KeywordMain.stepFailed(KeywordMain.groovy:39)
	at com.kms.katalon.core.mobile.keyword.internal.MobileKeywordMain.stepFailed(MobileKeywordMain.groovy:40)
	at com.kms.katalon.core.mobile.keyword.builtin.TapKeyword$_tap_closure1.doCall(TapKeyword.groovy:79)
	at com.kms.katalon.core.mobile.keyword.builtin.TapKeyword$_tap_closure1.call(TapKeyword.groovy)
	at com.kms.katalon.core.mobile.keyword.internal.MobileKeywordMain.runKeyword(MobileKeywordMain.groovy:21)
	at com.kms.katalon.core.mobile.keyword.builtin.TapKeyword.tap(TapKeyword.groovy:84)
	at com.kms.katalon.core.mobile.keyword.builtin.TapKeyword.execute(TapKeyword.groovy:68)
	at com.kms.katalon.core.keyword.internal.KeywordExecutor.executeKeywordForPlatform(KeywordExecutor.groovy:74)
	at com.kms.katalon.core.mobile.keyword.MobileBuiltInKeywords.tap(MobileBuiltInKeywords.groovy:1490)
	at com.kms.katalon.core.mobile.keyword.MobileBuiltInKeywords$tap$2.call(Unknown Source)
	at 17 Cierre de Sesión - Desde la pantalla Resumen -por Tiempo de Inactividad.run(17 Cierre de Sesión - Desde la pantalla Resumen -por Tiempo de Inactividad:33)
	at com.kms.katalon.core.main.ScriptEngine.run(ScriptEngine.java:194)
	at com.kms.katalon.core.main.ScriptEngine.runScriptAsRawText(ScriptEngine.java:119)
	at com.kms.katalon.core.main.TestCaseExecutor.runScript(TestCaseExecutor.java:445)
	at com.kms.katalon.core.main.TestCaseExecutor.doExecute(TestCaseExecutor.java:436)
	at com.kms.katalon.core.main.TestCaseExecutor.processExecutionPhase(TestCaseExecutor.java:415)
	at com.kms.katalon.core.main.TestCaseExecutor.accessMainPhase(TestCaseExecutor.java:407)
	at com.kms.katalon.core.main.TestCaseExecutor.execute(TestCaseExecutor.java:284)
	at com.kms.katalon.core.common.CommonExecutor.accessTestCaseMainPhase(CommonExecutor.java:65)
	at com.kms.katalon.core.main.TestSuiteExecutor.accessTestSuiteMainPhase(TestSuiteExecutor.java:144)
	at com.kms.katalon.core.main.TestSuiteExecutor.execute(TestSuiteExecutor.java:106)
	at com.kms.katalon.core.main.TestCaseMain.startTestSuite(TestCaseMain.java:185)
	at com.kms.katalon.core.main.TestCaseMain$startTestSuite$0.call(Unknown Source)
	at TempTestSuite1653363335604.run(TempTestSuite1653363335604.groovy:36)]]></system-err>
      </testcase>
      <testcase name="Test Cases/Sprint 1/01HU-Login-Cierre de Sesión/18 Validaciones Funcionales - Intentar iniciar sesión con falla de conexión" time="48.053" classname="Test Cases/Sprint 1/01HU-Login-Cierre de Sesión/18 Validaciones Funcionales - Intentar iniciar sesión con falla de conexión" status="FAILED">
         <failure type="FAILED" message="Test Cases/Sprint 1/01HU-Login-Cierre de Sesión/18 Validaciones Funcionales - Intentar iniciar sesión con falla de conexión FAILED.
Reason:
com.kms.katalon.core.exception.StepFailedException: Unable to verify equal between actual object '' and expected object 'Ups! Hubo una falla en la conexión. Por favor, verificá y probá de nuevo.' (Root cause: com.kms.katalon.core.exception.StepFailedException: Actual object '' and expected object 'Ups! Hubo una falla en la conexión. Por favor, verificá y probá de nuevo.' are not equal
	at com.kms.katalon.core.keyword.builtin.VerifyEqualKeyword$_verifyEqual_closure1.doCall(VerifyEqualKeyword.groovy:58)
	at com.kms.katalon.core.keyword.builtin.VerifyEqualKeyword$_verifyEqual_closure1.call(VerifyEqualKeyword.groovy)
	at com.kms.katalon.core.keyword.internal.KeywordMain.runKeyword(KeywordMain.groovy:74)
	at com.kms.katalon.core.keyword.builtin.VerifyEqualKeyword.verifyEqual(VerifyEqualKeyword.groovy:63)
	at com.kms.katalon.core.keyword.builtin.VerifyEqualKeyword.execute(VerifyEqualKeyword.groovy:44)
	at com.kms.katalon.core.keyword.internal.KeywordExecutor.executeKeywordForPlatform(KeywordExecutor.groovy:74)
	at com.kms.katalon.core.keyword.BuiltinKeywords.verifyEqual(BuiltinKeywords.groovy:141)
	at 18 Validaciones Funcionales - Intentar iniciar sesión con falla de conexión.run(18 Validaciones Funcionales - Intentar iniciar sesión con falla de conexión:38)
	at com.kms.katalon.core.main.ScriptEngine.run(ScriptEngine.java:194)
	at com.kms.katalon.core.main.ScriptEngine.runScriptAsRawText(ScriptEngine.java:119)
	at com.kms.katalon.core.main.TestCaseExecutor.runScript(TestCaseExecutor.java:445)
	at com.kms.katalon.core.main.TestCaseExecutor.doExecute(TestCaseExecutor.java:436)
	at com.kms.katalon.core.main.TestCaseExecutor.processExecutionPhase(TestCaseExecutor.java:415)
	at com.kms.katalon.core.main.TestCaseExecutor.accessMainPhase(TestCaseExecutor.java:407)
	at com.kms.katalon.core.main.TestCaseExecutor.execute(TestCaseExecutor.java:284)
	at com.kms.katalon.core.common.CommonExecutor.accessTestCaseMainPhase(CommonExecutor.java:65)
	at com.kms.katalon.core.main.TestSuiteExecutor.accessTestSuiteMainPhase(TestSuiteExecutor.java:144)
	at com.kms.katalon.core.main.TestSuiteExecutor.execute(TestSuiteExecutor.java:106)
	at com.kms.katalon.core.main.TestCaseMain.startTestSuite(TestCaseMain.java:185)
	at com.kms.katalon.core.main.TestCaseMain$startTestSuite$0.call(Unknown Source)
	at TempTestSuite1653363335604.run(TempTestSuite1653363335604.groovy:36)
)
	at com.kms.katalon.core.keyword.internal.KeywordMain.stepFailed(KeywordMain.groovy:39)
	at com.kms.katalon.core.keyword.internal.KeywordMain.stepFailed(KeywordMain.groovy)
	at com.kms.katalon.core.keyword.internal.KeywordMain.runKeyword(KeywordMain.groovy:76)
	at com.kms.katalon.core.keyword.builtin.VerifyEqualKeyword.verifyEqual(VerifyEqualKeyword.groovy:63)
	at com.kms.katalon.core.keyword.builtin.VerifyEqualKeyword.execute(VerifyEqualKeyword.groovy:44)
	at com.kms.katalon.core.keyword.internal.KeywordExecutor.executeKeywordForPlatform(KeywordExecutor.groovy:74)
	at com.kms.katalon.core.keyword.BuiltinKeywords.verifyEqual(BuiltinKeywords.groovy:141)
	at 18 Validaciones Funcionales - Intentar iniciar sesión con falla de conexión.run(18 Validaciones Funcionales - Intentar iniciar sesión con falla de conexión:38)
	at com.kms.katalon.core.main.ScriptEngine.run(ScriptEngine.java:194)
	at com.kms.katalon.core.main.ScriptEngine.runScriptAsRawText(ScriptEngine.java:119)
	at com.kms.katalon.core.main.TestCaseExecutor.runScript(TestCaseExecutor.java:445)
	at com.kms.katalon.core.main.TestCaseExecutor.doExecute(TestCaseExecutor.java:436)
	at com.kms.katalon.core.main.TestCaseExecutor.processExecutionPhase(TestCaseExecutor.java:415)
	at com.kms.katalon.core.main.TestCaseExecutor.accessMainPhase(TestCaseExecutor.java:407)
	at com.kms.katalon.core.main.TestCaseExecutor.execute(TestCaseExecutor.java:284)
	at com.kms.katalon.core.common.CommonExecutor.accessTestCaseMainPhase(CommonExecutor.java:65)
	at com.kms.katalon.core.main.TestSuiteExecutor.accessTestSuiteMainPhase(TestSuiteExecutor.java:144)
	at com.kms.katalon.core.main.TestSuiteExecutor.execute(TestSuiteExecutor.java:106)
	at com.kms.katalon.core.main.TestCaseMain.startTestSuite(TestCaseMain.java:185)
	at com.kms.katalon.core.main.TestCaseMain$startTestSuite$0.call(Unknown Source)
	at TempTestSuite1653363335604.run(TempTestSuite1653363335604.groovy:36)
Caused by: com.kms.katalon.core.exception.StepFailedException: Actual object '' and expected object 'Ups! Hubo una falla en la conexión. Por favor, verificá y probá de nuevo.' are not equal
	at com.kms.katalon.core.keyword.builtin.VerifyEqualKeyword$_verifyEqual_closure1.doCall(VerifyEqualKeyword.groovy:58)
	at com.kms.katalon.core.keyword.builtin.VerifyEqualKeyword$_verifyEqual_closure1.call(VerifyEqualKeyword.groovy)
	at com.kms.katalon.core.keyword.internal.KeywordMain.runKeyword(KeywordMain.groovy:74)
	... 18 more
"/>
         <system-out><![CDATA[2022-05-23 23:59:29 - [TEST_CASE][FAILED] - Test Cases/Sprint 1/01HU-Login-Cierre de Sesión/18 Validaciones Funcionales - Intentar iniciar sesión con falla de conexión: Test Cases/Sprint 1/01HU-Login-Cierre de Sesión/18 Validaciones Funcionales - Intentar iniciar sesión con falla de conexión FAILED.
Reason:
com.kms.katalon.core.exception.StepFailedException: Unable to verify equal between actual object '' and expected object 'Ups! Hubo una falla en la conexión. Por favor, verificá y probá de nuevo.' (Root cause: com.kms.katalon.core.exception.StepFailedException: Actual object '' and expected object 'Ups! Hubo una falla en la conexión. Por favor, verificá y probá de nuevo.' are not equal
	at com.kms.katalon.core.keyword.builtin.VerifyEqualKeyword$_verifyEqual_closure1.doCall(VerifyEqualKeyword.groovy:58)
	at com.kms.katalon.core.keyword.builtin.VerifyEqualKeyword$_verifyEqual_closure1.call(VerifyEqualKeyword.groovy)
	at com.kms.katalon.core.keyword.internal.KeywordMain.runKeyword(KeywordMain.groovy:74)
	at com.kms.katalon.core.keyword.builtin.VerifyEqualKeyword.verifyEqual(VerifyEqualKeyword.groovy:63)
	at com.kms.katalon.core.keyword.builtin.VerifyEqualKeyword.execute(VerifyEqualKeyword.groovy:44)
	at com.kms.katalon.core.keyword.internal.KeywordExecutor.executeKeywordForPlatform(KeywordExecutor.groovy:74)
	at com.kms.katalon.core.keyword.BuiltinKeywords.verifyEqual(BuiltinKeywords.groovy:141)
	at 18 Validaciones Funcionales - Intentar iniciar sesión con falla de conexión.run(18 Validaciones Funcionales - Intentar iniciar sesión con falla de conexión:38)
	at com.kms.katalon.core.main.ScriptEngine.run(ScriptEngine.java:194)
	at com.kms.katalon.core.main.ScriptEngine.runScriptAsRawText(ScriptEngine.java:119)
	at com.kms.katalon.core.main.TestCaseExecutor.runScript(TestCaseExecutor.java:445)
	at com.kms.katalon.core.main.TestCaseExecutor.doExecute(TestCaseExecutor.java:436)
	at com.kms.katalon.core.main.TestCaseExecutor.processExecutionPhase(TestCaseExecutor.java:415)
	at com.kms.katalon.core.main.TestCaseExecutor.accessMainPhase(TestCaseExecutor.java:407)
	at com.kms.katalon.core.main.TestCaseExecutor.execute(TestCaseExecutor.java:284)
	at com.kms.katalon.core.common.CommonExecutor.accessTestCaseMainPhase(CommonExecutor.java:65)
	at com.kms.katalon.core.main.TestSuiteExecutor.accessTestSuiteMainPhase(TestSuiteExecutor.java:144)
	at com.kms.katalon.core.main.TestSuiteExecutor.execute(TestSuiteExecutor.java:106)
	at com.kms.katalon.core.main.TestCaseMain.startTestSuite(TestCaseMain.java:185)
	at com.kms.katalon.core.main.TestCaseMain$startTestSuite$0.call(Unknown Source)
	at TempTestSuite1653363335604.run(TempTestSuite1653363335604.groovy:36)
)
	at com.kms.katalon.core.keyword.internal.KeywordMain.stepFailed(KeywordMain.groovy:39)
	at com.kms.katalon.core.keyword.internal.KeywordMain.stepFailed(KeywordMain.groovy)
	at com.kms.katalon.core.keyword.internal.KeywordMain.runKeyword(KeywordMain.groovy:76)
	at com.kms.katalon.core.keyword.builtin.VerifyEqualKeyword.verifyEqual(VerifyEqualKeyword.groovy:63)
	at com.kms.katalon.core.keyword.builtin.VerifyEqualKeyword.execute(VerifyEqualKeyword.groovy:44)
	at com.kms.katalon.core.keyword.internal.KeywordExecutor.executeKeywordForPlatform(KeywordExecutor.groovy:74)
	at com.kms.katalon.core.keyword.BuiltinKeywords.verifyEqual(BuiltinKeywords.groovy:141)
	at 18 Validaciones Funcionales - Intentar iniciar sesión con falla de conexión.run(18 Validaciones Funcionales - Intentar iniciar sesión con falla de conexión:38)
	at com.kms.katalon.core.main.ScriptEngine.run(ScriptEngine.java:194)
	at com.kms.katalon.core.main.ScriptEngine.runScriptAsRawText(ScriptEngine.java:119)
	at com.kms.katalon.core.main.TestCaseExecutor.runScript(TestCaseExecutor.java:445)
	at com.kms.katalon.core.main.TestCaseExecutor.doExecute(TestCaseExecutor.java:436)
	at com.kms.katalon.core.main.TestCaseExecutor.processExecutionPhase(TestCaseExecutor.java:415)
	at com.kms.katalon.core.main.TestCaseExecutor.accessMainPhase(TestCaseExecutor.java:407)
	at com.kms.katalon.core.main.TestCaseExecutor.execute(TestCaseExecutor.java:284)
	at com.kms.katalon.core.common.CommonExecutor.accessTestCaseMainPhase(CommonExecutor.java:65)
	at com.kms.katalon.core.main.TestSuiteExecutor.accessTestSuiteMainPhase(TestSuiteExecutor.java:144)
	at com.kms.katalon.core.main.TestSuiteExecutor.execute(TestSuiteExecutor.java:106)
	at com.kms.katalon.core.main.TestCaseMain.startTestSuite(TestCaseMain.java:185)
	at com.kms.katalon.core.main.TestCaseMain$startTestSuite$0.call(Unknown Source)
	at TempTestSuite1653363335604.run(TempTestSuite1653363335604.groovy:36)
Caused by: com.kms.katalon.core.exception.StepFailedException: Actual object '' and expected object 'Ups! Hubo una falla en la conexión. Por favor, verificá y probá de nuevo.' are not equal
	at com.kms.katalon.core.keyword.builtin.VerifyEqualKeyword$_verifyEqual_closure1.doCall(VerifyEqualKeyword.groovy:58)
	at com.kms.katalon.core.keyword.builtin.VerifyEqualKeyword$_verifyEqual_closure1.call(VerifyEqualKeyword.groovy)
	at com.kms.katalon.core.keyword.internal.KeywordMain.runKeyword(KeywordMain.groovy:74)
	... 18 more


2022-05-23 23:59:29 - [TEST_STEP][PASSED] - startApplication(URL, false): Started app at: 'C:\Users\Jose_Arrieta\Desktop\JA\Proyectos\Automatizacion de pruebas\APK para inicio\crtopyinfinitymobilebanking-release (8).apk'

2022-05-23 23:59:29 - [MESSAGE][INFO] - User set preference: ['deviceId', '']

2022-05-23 23:59:46 - [MESSAGE][PASSED] - Started app at: 'C:\Users\Jose_Arrieta\Desktop\JA\Proyectos\Automatizacion de pruebas\APK para inicio\crtopyinfinitymobilebanking-release (8).apk'

2022-05-23 23:59:46 - [TEST_STEP][PASSED] - delay(10, STOP_ON_FAILURE): Delayed 10 second(s)

2022-05-23 23:59:56 - [MESSAGE][PASSED] - Delayed 10 second(s)

2022-05-23 23:59:56 - [TEST_STEP][PASSED] - toggleAirplaneMode("yes", CONTINUE_ON_FAILURE): Toggled airplane mode: 'yes'

2022-05-24 00:00:03 - [MESSAGE][PASSED] - Toggled airplane mode: 'yes'

2022-05-24 00:00:03 - [TEST_STEP][PASSED] - clearText(findTestObject("Sprint 1/Login/android.widget.EditText - Numero de celular login"), 0): Element 'Object Repository/Sprint 1/Login/android.widget.EditText - Numero de celular login' text is cleared

2022-05-24 00:00:03 - [MESSAGE][WARNING] - Timeout '0' is invalid. Using default page load timeout: '30'

2022-05-24 00:00:05 - [MESSAGE][PASSED] - Element 'Object Repository/Sprint 1/Login/android.widget.EditText - Numero de celular login' text is cleared

2022-05-24 00:00:05 - [TEST_STEP][PASSED] - setText(findTestObject("Sprint 1/Login/android.widget.EditText - Ejemplo 0981123456"), Numerocelular, 0): Text '0972875200' has been set to element 'Object Repository/Sprint 1/Login/android.widget.EditText - Ejemplo 0981123456'

2022-05-24 00:00:06 - [MESSAGE][WARNING] - Timeout '0' is invalid. Using default page load timeout: '30'

2022-05-24 00:00:07 - [MESSAGE][PASSED] - Text '0972875200' has been set to element 'Object Repository/Sprint 1/Login/android.widget.EditText - Ejemplo 0981123456'

2022-05-24 00:00:07 - [TEST_STEP][PASSED] - setText(findTestObject("Sprint 1/Login/android.widget.EditText - tipear contrasea"), Contrasena, 0): Text 'Kony!12345' has been set to element 'Object Repository/Sprint 1/Login/android.widget.EditText - tipear contrasea'

2022-05-24 00:00:08 - [MESSAGE][WARNING] - Timeout '0' is invalid. Using default page load timeout: '30'

2022-05-24 00:00:10 - [MESSAGE][PASSED] - Text 'Kony!12345' has been set to element 'Object Repository/Sprint 1/Login/android.widget.EditText - tipear contrasea'

2022-05-24 00:00:10 - [TEST_STEP][PASSED] - tap(findTestObject("Sprint 1/Login/android.widget.Button - Ingresar"), 0): Tapped on element 'Object Repository/Sprint 1/Login/android.widget.Button - Ingresar'

2022-05-24 00:00:10 - [MESSAGE][WARNING] - Timeout '0' is invalid. Using default page load timeout: '30'

2022-05-24 00:00:11 - [MESSAGE][PASSED] - Tapped on element 'Object Repository/Sprint 1/Login/android.widget.Button - Ingresar'

2022-05-24 00:00:11 - [TEST_STEP][PASSED] - Mensajefallaconexion = getText(findTestObject("Sprint 1/falla de conexion dashboard/android.widget.TextView - Ups Hubo una falla en la conexin. Por favor, verific y prob de nuevo"), 0): Text of element 'Object Repository/Sprint 1/falla de conexion dashboard/android.widget.TextView - Ups Hubo una falla en la conexin. Por favor, verific y prob de nuevo' is: 'Ups! Hubo una falla en la conexión. Por favor, verificá y probá de nuevo.'

2022-05-24 00:00:11 - [MESSAGE][WARNING] - Timeout '0' is invalid. Using default page load timeout: '30'

2022-05-24 00:00:12 - [MESSAGE][PASSED] - Text of element 'Object Repository/Sprint 1/falla de conexion dashboard/android.widget.TextView - Ups Hubo una falla en la conexin. Por favor, verific y prob de nuevo' is: 'Ups! Hubo una falla en la conexión. Por favor, verificá y probá de nuevo.'

2022-05-24 00:00:12 - [TEST_STEP][FAILED] - verifyEqual(Falladeconexion, "Ups! Hubo una falla en la conexión. Por favor, verificá y probá de nuevo."): Unable to verify equal between actual object '' and expected object 'Ups! Hubo una falla en la conexión. Por favor, verificá y probá de nuevo.' (Root cause: com.kms.katalon.core.exception.StepFailedException: Actual object '' and expected object 'Ups! Hubo una falla en la conexión. Por favor, verificá y probá de nuevo.' are not equal
	at com.kms.katalon.core.keyword.builtin.VerifyEqualKeyword$_verifyEqual_closure1.doCall(VerifyEqualKeyword.groovy:58)
	at com.kms.katalon.core.keyword.builtin.VerifyEqualKeyword$_verifyEqual_closure1.call(VerifyEqualKeyword.groovy)
	at com.kms.katalon.core.keyword.internal.KeywordMain.runKeyword(KeywordMain.groovy:74)
	at com.kms.katalon.core.keyword.builtin.VerifyEqualKeyword.verifyEqual(VerifyEqualKeyword.groovy:63)
	at com.kms.katalon.core.keyword.builtin.VerifyEqualKeyword.execute(VerifyEqualKeyword.groovy:44)
	at com.kms.katalon.core.keyword.internal.KeywordExecutor.executeKeywordForPlatform(KeywordExecutor.groovy:74)
	at com.kms.katalon.core.keyword.BuiltinKeywords.verifyEqual(BuiltinKeywords.groovy:141)
	at 18 Validaciones Funcionales - Intentar iniciar sesión con falla de conexión.run(18 Validaciones Funcionales - Intentar iniciar sesión con falla de conexión:38)
	at com.kms.katalon.core.main.ScriptEngine.run(ScriptEngine.java:194)
	at com.kms.katalon.core.main.ScriptEngine.runScriptAsRawText(ScriptEngine.java:119)
	at com.kms.katalon.core.main.TestCaseExecutor.runScript(TestCaseExecutor.java:445)
	at com.kms.katalon.core.main.TestCaseExecutor.doExecute(TestCaseExecutor.java:436)
	at com.kms.katalon.core.main.TestCaseExecutor.processExecutionPhase(TestCaseExecutor.java:415)
	at com.kms.katalon.core.main.TestCaseExecutor.accessMainPhase(TestCaseExecutor.java:407)
	at com.kms.katalon.core.main.TestCaseExecutor.execute(TestCaseExecutor.java:284)
	at com.kms.katalon.core.common.CommonExecutor.accessTestCaseMainPhase(CommonExecutor.java:65)
	at com.kms.katalon.core.main.TestSuiteExecutor.accessTestSuiteMainPhase(TestSuiteExecutor.java:144)
	at com.kms.katalon.core.main.TestSuiteExecutor.execute(TestSuiteExecutor.java:106)
	at com.kms.katalon.core.main.TestCaseMain.startTestSuite(TestCaseMain.java:185)
	at com.kms.katalon.core.main.TestCaseMain$startTestSuite$0.call(Unknown Source)
	at TempTestSuite1653363335604.run(TempTestSuite1653363335604.groovy:36)
)

2022-05-24 00:00:12 - [MESSAGE][FAILED] - Unable to verify equal between actual object '' and expected object 'Ups! Hubo una falla en la conexión. Por favor, verificá y probá de nuevo.' (Root cause: com.kms.katalon.core.exception.StepFailedException: Actual object '' and expected object 'Ups! Hubo una falla en la conexión. Por favor, verificá y probá de nuevo.' are not equal
	at com.kms.katalon.core.keyword.builtin.VerifyEqualKeyword$_verifyEqual_closure1.doCall(VerifyEqualKeyword.groovy:58)
	at com.kms.katalon.core.keyword.builtin.VerifyEqualKeyword$_verifyEqual_closure1.call(VerifyEqualKeyword.groovy)
	at com.kms.katalon.core.keyword.internal.KeywordMain.runKeyword(KeywordMain.groovy:74)
	at com.kms.katalon.core.keyword.builtin.VerifyEqualKeyword.verifyEqual(VerifyEqualKeyword.groovy:63)
	at com.kms.katalon.core.keyword.builtin.VerifyEqualKeyword.execute(VerifyEqualKeyword.groovy:44)
	at com.kms.katalon.core.keyword.internal.KeywordExecutor.executeKeywordForPlatform(KeywordExecutor.groovy:74)
	at com.kms.katalon.core.keyword.BuiltinKeywords.verifyEqual(BuiltinKeywords.groovy:141)
	at 18 Validaciones Funcionales - Intentar iniciar sesión con falla de conexión.run(18 Validaciones Funcionales - Intentar iniciar sesión con falla de conexión:38)
	at com.kms.katalon.core.main.ScriptEngine.run(ScriptEngine.java:194)
	at com.kms.katalon.core.main.ScriptEngine.runScriptAsRawText(ScriptEngine.java:119)
	at com.kms.katalon.core.main.TestCaseExecutor.runScript(TestCaseExecutor.java:445)
	at com.kms.katalon.core.main.TestCaseExecutor.doExecute(TestCaseExecutor.java:436)
	at com.kms.katalon.core.main.TestCaseExecutor.processExecutionPhase(TestCaseExecutor.java:415)
	at com.kms.katalon.core.main.TestCaseExecutor.accessMainPhase(TestCaseExecutor.java:407)
	at com.kms.katalon.core.main.TestCaseExecutor.execute(TestCaseExecutor.java:284)
	at com.kms.katalon.core.common.CommonExecutor.accessTestCaseMainPhase(CommonExecutor.java:65)
	at com.kms.katalon.core.main.TestSuiteExecutor.accessTestSuiteMainPhase(TestSuiteExecutor.java:144)
	at com.kms.katalon.core.main.TestSuiteExecutor.execute(TestSuiteExecutor.java:106)
	at com.kms.katalon.core.main.TestCaseMain.startTestSuite(TestCaseMain.java:185)
	at com.kms.katalon.core.main.TestCaseMain$startTestSuite$0.call(Unknown Source)
	at TempTestSuite1653363335604.run(TempTestSuite1653363335604.groovy:36)
)

2022-05-24 00:00:12 - [TEST_STEP][PASSED] - tap(findTestObject("Sprint 1/falla de conexion dashboard/android.widget.Button - ACEPTAR"), 0): Tapped on element 'Object Repository/Sprint 1/falla de conexion dashboard/android.widget.Button - ACEPTAR'

2022-05-24 00:00:12 - [MESSAGE][WARNING] - Timeout '0' is invalid. Using default page load timeout: '30'

2022-05-24 00:00:13 - [MESSAGE][PASSED] - Tapped on element 'Object Repository/Sprint 1/falla de conexion dashboard/android.widget.Button - ACEPTAR'

2022-05-24 00:00:13 - [TEST_STEP][PASSED] - toggleAirplaneMode("no", CONTINUE_ON_FAILURE): Toggled airplane mode: 'no'

2022-05-24 00:00:17 - [MESSAGE][PASSED] - Toggled airplane mode: 'no']]></system-out>
         <system-err><![CDATA[2022-05-23 23:59:29 - [TEST_CASE][FAILED] - Test Cases/Sprint 1/01HU-Login-Cierre de Sesión/18 Validaciones Funcionales - Intentar iniciar sesión con falla de conexión: Test Cases/Sprint 1/01HU-Login-Cierre de Sesión/18 Validaciones Funcionales - Intentar iniciar sesión con falla de conexión FAILED.
Reason:
com.kms.katalon.core.exception.StepFailedException: Unable to verify equal between actual object '' and expected object 'Ups! Hubo una falla en la conexión. Por favor, verificá y probá de nuevo.' (Root cause: com.kms.katalon.core.exception.StepFailedException: Actual object '' and expected object 'Ups! Hubo una falla en la conexión. Por favor, verificá y probá de nuevo.' are not equal
	at com.kms.katalon.core.keyword.builtin.VerifyEqualKeyword$_verifyEqual_closure1.doCall(VerifyEqualKeyword.groovy:58)
	at com.kms.katalon.core.keyword.builtin.VerifyEqualKeyword$_verifyEqual_closure1.call(VerifyEqualKeyword.groovy)
	at com.kms.katalon.core.keyword.internal.KeywordMain.runKeyword(KeywordMain.groovy:74)
	at com.kms.katalon.core.keyword.builtin.VerifyEqualKeyword.verifyEqual(VerifyEqualKeyword.groovy:63)
	at com.kms.katalon.core.keyword.builtin.VerifyEqualKeyword.execute(VerifyEqualKeyword.groovy:44)
	at com.kms.katalon.core.keyword.internal.KeywordExecutor.executeKeywordForPlatform(KeywordExecutor.groovy:74)
	at com.kms.katalon.core.keyword.BuiltinKeywords.verifyEqual(BuiltinKeywords.groovy:141)
	at 18 Validaciones Funcionales - Intentar iniciar sesión con falla de conexión.run(18 Validaciones Funcionales - Intentar iniciar sesión con falla de conexión:38)
	at com.kms.katalon.core.main.ScriptEngine.run(ScriptEngine.java:194)
	at com.kms.katalon.core.main.ScriptEngine.runScriptAsRawText(ScriptEngine.java:119)
	at com.kms.katalon.core.main.TestCaseExecutor.runScript(TestCaseExecutor.java:445)
	at com.kms.katalon.core.main.TestCaseExecutor.doExecute(TestCaseExecutor.java:436)
	at com.kms.katalon.core.main.TestCaseExecutor.processExecutionPhase(TestCaseExecutor.java:415)
	at com.kms.katalon.core.main.TestCaseExecutor.accessMainPhase(TestCaseExecutor.java:407)
	at com.kms.katalon.core.main.TestCaseExecutor.execute(TestCaseExecutor.java:284)
	at com.kms.katalon.core.common.CommonExecutor.accessTestCaseMainPhase(CommonExecutor.java:65)
	at com.kms.katalon.core.main.TestSuiteExecutor.accessTestSuiteMainPhase(TestSuiteExecutor.java:144)
	at com.kms.katalon.core.main.TestSuiteExecutor.execute(TestSuiteExecutor.java:106)
	at com.kms.katalon.core.main.TestCaseMain.startTestSuite(TestCaseMain.java:185)
	at com.kms.katalon.core.main.TestCaseMain$startTestSuite$0.call(Unknown Source)
	at TempTestSuite1653363335604.run(TempTestSuite1653363335604.groovy:36)
)
	at com.kms.katalon.core.keyword.internal.KeywordMain.stepFailed(KeywordMain.groovy:39)
	at com.kms.katalon.core.keyword.internal.KeywordMain.stepFailed(KeywordMain.groovy)
	at com.kms.katalon.core.keyword.internal.KeywordMain.runKeyword(KeywordMain.groovy:76)
	at com.kms.katalon.core.keyword.builtin.VerifyEqualKeyword.verifyEqual(VerifyEqualKeyword.groovy:63)
	at com.kms.katalon.core.keyword.builtin.VerifyEqualKeyword.execute(VerifyEqualKeyword.groovy:44)
	at com.kms.katalon.core.keyword.internal.KeywordExecutor.executeKeywordForPlatform(KeywordExecutor.groovy:74)
	at com.kms.katalon.core.keyword.BuiltinKeywords.verifyEqual(BuiltinKeywords.groovy:141)
	at 18 Validaciones Funcionales - Intentar iniciar sesión con falla de conexión.run(18 Validaciones Funcionales - Intentar iniciar sesión con falla de conexión:38)
	at com.kms.katalon.core.main.ScriptEngine.run(ScriptEngine.java:194)
	at com.kms.katalon.core.main.ScriptEngine.runScriptAsRawText(ScriptEngine.java:119)
	at com.kms.katalon.core.main.TestCaseExecutor.runScript(TestCaseExecutor.java:445)
	at com.kms.katalon.core.main.TestCaseExecutor.doExecute(TestCaseExecutor.java:436)
	at com.kms.katalon.core.main.TestCaseExecutor.processExecutionPhase(TestCaseExecutor.java:415)
	at com.kms.katalon.core.main.TestCaseExecutor.accessMainPhase(TestCaseExecutor.java:407)
	at com.kms.katalon.core.main.TestCaseExecutor.execute(TestCaseExecutor.java:284)
	at com.kms.katalon.core.common.CommonExecutor.accessTestCaseMainPhase(CommonExecutor.java:65)
	at com.kms.katalon.core.main.TestSuiteExecutor.accessTestSuiteMainPhase(TestSuiteExecutor.java:144)
	at com.kms.katalon.core.main.TestSuiteExecutor.execute(TestSuiteExecutor.java:106)
	at com.kms.katalon.core.main.TestCaseMain.startTestSuite(TestCaseMain.java:185)
	at com.kms.katalon.core.main.TestCaseMain$startTestSuite$0.call(Unknown Source)
	at TempTestSuite1653363335604.run(TempTestSuite1653363335604.groovy:36)
Caused by: com.kms.katalon.core.exception.StepFailedException: Actual object '' and expected object 'Ups! Hubo una falla en la conexión. Por favor, verificá y probá de nuevo.' are not equal
	at com.kms.katalon.core.keyword.builtin.VerifyEqualKeyword$_verifyEqual_closure1.doCall(VerifyEqualKeyword.groovy:58)
	at com.kms.katalon.core.keyword.builtin.VerifyEqualKeyword$_verifyEqual_closure1.call(VerifyEqualKeyword.groovy)
	at com.kms.katalon.core.keyword.internal.KeywordMain.runKeyword(KeywordMain.groovy:74)
	... 18 more]]></system-err>
      </testcase>
      <testcase name="Test Cases/Sprint 1/01HU-Login-Cierre de Sesión/19 Estructura de pantalla - Pantalla Cierre de sesión" time="110.204" classname="Test Cases/Sprint 1/01HU-Login-Cierre de Sesión/19 Estructura de pantalla - Pantalla Cierre de sesión" status="FAILED">
         <failure type="FAILED" message="Test Cases/Sprint 1/01HU-Login-Cierre de Sesión/19 Estructura de pantalla - Pantalla Cierre de sesión FAILED.
Reason:
com.kms.katalon.core.exception.StepFailedException: Failed to tap on element 'Object Repository/Sprint 1/cierre de sesion/android.widget.ImageView Icono salir superior' (Root cause: org.openqa.selenium.StaleElementReferenceException: Cached elements 'By.xpath: //*[@class = 'android.widget.ImageView' and @resource-id = 'com.verticalapps.KonyMobileBanking:id/imgLogout' and (@text = '' or . = '')]' do not exist in DOM anymore
For documentation on this error, please visit: https://www.seleniumhq.org/exceptions/stale_element_reference.html
Build info: version: '3.141.59', revision: 'e82be7d358', time: '2018-11-14T08:25:53'
System info: host: 'JOSE-ARRIETA', ip: '192.168.0.103', os.name: 'Windows 10', os.arch: 'amd64', os.version: '10.0', java.version: '1.8.0_282'
Driver info: com.kms.katalon.core.appium.driver.SwipeableAndroidDriver
Capabilities {app: C:\Users\Jose_Arrieta\Deskt..., appPackage: com.verticalapps.KonyMobile..., autoGrantPermissions: true, automationName: uiautomator2, chromedriverPort: 52173, databaseEnabled: false, desired: {app: C:\Users\Jose_Arrieta\Deskt..., autoGrantPermissions: true, automationName: uiautomator2, chromedriverPort: 52173, deviceId: , deviceName: HUAWEI MRD-LX3 (Android 9), fullReset: false, newCommandTimeout: 1800, noReset: true, platform: ANDROID, platformName: android, platformVersion: 9, systemPort: 51687, udid: ASJNW19409003146}, deviceApiLevel: 28, deviceId: , deviceManufacturer: HUAWEI, deviceModel: MRD-LX3, deviceName: ASJNW19409003146, deviceScreenDensity: 272, deviceScreenSize: 720x1560, deviceUDID: ASJNW19409003146, fullReset: false, javascriptEnabled: true, locationContextEnabled: false, networkConnectionEnabled: true, newCommandTimeout: 1800, noReset: true, pixelRatio: 1.7, platform: ANDROID, platformName: Android, platformVersion: 9, statBarHeight: 54, systemPort: 51687, takesScreenshot: true, udid: ASJNW19409003146, viewportRect: {height: 1368, left: 0, top: 54, width: 720}, warnings: {}, webStorageEnabled: false}
Session ID: f6871bca-cd24-4d80-9f57-495b00dbd6a6
	at org.openqa.selenium.remote.http.W3CHttpResponseCodec.createException(W3CHttpResponseCodec.java:187)
	at org.openqa.selenium.remote.http.W3CHttpResponseCodec.decode(W3CHttpResponseCodec.java:122)
	at org.openqa.selenium.remote.http.W3CHttpResponseCodec.decode(W3CHttpResponseCodec.java:49)
	at org.openqa.selenium.remote.HttpCommandExecutor.execute(HttpCommandExecutor.java:158)
	at io.appium.java_client.remote.AppiumCommandExecutor.execute(AppiumCommandExecutor.java:239)
	at org.openqa.selenium.remote.RemoteWebDriver.execute(RemoteWebDriver.java:552)
	at io.appium.java_client.DefaultGenericMobileDriver.execute(DefaultGenericMobileDriver.java:42)
	at io.appium.java_client.AppiumDriver.execute(AppiumDriver.java:1)
	at io.appium.java_client.android.AndroidDriver.execute(AndroidDriver.java:1)
	at com.kms.katalon.core.appium.driver.SwipeableAndroidDriver.execute(SwipeableAndroidDriver.java:1)
	at org.openqa.selenium.remote.RemoteWebElement.execute(RemoteWebElement.java:285)
	at io.appium.java_client.DefaultGenericMobileElement.execute(DefaultGenericMobileElement.java:45)
	at io.appium.java_client.MobileElement.execute(MobileElement.java:1)
	at io.appium.java_client.android.AndroidElement.execute(AndroidElement.java:1)
	at org.openqa.selenium.remote.RemoteWebElement.getLocation(RemoteWebElement.java:337)
	at org.openqa.selenium.WebElement$getLocation.call(Unknown Source)
	at com.kms.katalon.core.mobile.keyword.internal.MobileAbstractKeyword.findElement(MobileAbstractKeyword.groovy:86)
	at com.kms.katalon.core.mobile.keyword.builtin.TapKeyword.access$1(TapKeyword.groovy)
	at com.kms.katalon.core.mobile.keyword.builtin.TapKeyword$_tap_closure1.doCall(TapKeyword.groovy:76)
	at com.kms.katalon.core.mobile.keyword.builtin.TapKeyword$_tap_closure1.call(TapKeyword.groovy)
	at com.kms.katalon.core.mobile.keyword.internal.MobileKeywordMain.runKeyword(MobileKeywordMain.groovy:21)
	at com.kms.katalon.core.mobile.keyword.builtin.TapKeyword.tap(TapKeyword.groovy:84)
	at com.kms.katalon.core.mobile.keyword.builtin.TapKeyword.execute(TapKeyword.groovy:68)
	at com.kms.katalon.core.keyword.internal.KeywordExecutor.executeKeywordForPlatform(KeywordExecutor.groovy:74)
	at com.kms.katalon.core.mobile.keyword.MobileBuiltInKeywords.tap(MobileBuiltInKeywords.groovy:1490)
	at com.kms.katalon.core.mobile.keyword.MobileBuiltInKeywords$tap$2.call(Unknown Source)
	at 19 Estructura de pantalla - Pantalla Cierre de sesión.run(19 Estructura de pantalla - Pantalla Cierre de sesión:26)
	at com.kms.katalon.core.main.ScriptEngine.run(ScriptEngine.java:194)
	at com.kms.katalon.core.main.ScriptEngine.runScriptAsRawText(ScriptEngine.java:119)
	at com.kms.katalon.core.main.TestCaseExecutor.runScript(TestCaseExecutor.java:445)
	at com.kms.katalon.core.main.TestCaseExecutor.doExecute(TestCaseExecutor.java:436)
	at com.kms.katalon.core.main.TestCaseExecutor.processExecutionPhase(TestCaseExecutor.java:415)
	at com.kms.katalon.core.main.TestCaseExecutor.accessMainPhase(TestCaseExecutor.java:407)
	at com.kms.katalon.core.main.TestCaseExecutor.execute(TestCaseExecutor.java:284)
	at com.kms.katalon.core.common.CommonExecutor.accessTestCaseMainPhase(CommonExecutor.java:65)
	at com.kms.katalon.core.main.TestSuiteExecutor.accessTestSuiteMainPhase(TestSuiteExecutor.java:144)
	at com.kms.katalon.core.main.TestSuiteExecutor.execute(TestSuiteExecutor.java:106)
	at com.kms.katalon.core.main.TestCaseMain.startTestSuite(TestCaseMain.java:185)
	at com.kms.katalon.core.main.TestCaseMain$startTestSuite$0.call(Unknown Source)
	at TempTestSuite1653363335604.run(TempTestSuite1653363335604.groovy:36)
)
	at com.kms.katalon.core.keyword.internal.KeywordMain.stepFailed(KeywordMain.groovy:39)
	at com.kms.katalon.core.mobile.keyword.internal.MobileKeywordMain.stepFailed(MobileKeywordMain.groovy:40)
	at com.kms.katalon.core.mobile.keyword.internal.MobileKeywordMain.runKeyword(MobileKeywordMain.groovy:23)
	at com.kms.katalon.core.mobile.keyword.builtin.TapKeyword.tap(TapKeyword.groovy:84)
	at com.kms.katalon.core.mobile.keyword.builtin.TapKeyword.execute(TapKeyword.groovy:68)
	at com.kms.katalon.core.keyword.internal.KeywordExecutor.executeKeywordForPlatform(KeywordExecutor.groovy:74)
	at com.kms.katalon.core.mobile.keyword.MobileBuiltInKeywords.tap(MobileBuiltInKeywords.groovy:1490)
	at com.kms.katalon.core.mobile.keyword.MobileBuiltInKeywords$tap$2.call(Unknown Source)
	at 19 Estructura de pantalla - Pantalla Cierre de sesión.run(19 Estructura de pantalla - Pantalla Cierre de sesión:26)
	at com.kms.katalon.core.main.ScriptEngine.run(ScriptEngine.java:194)
	at com.kms.katalon.core.main.ScriptEngine.runScriptAsRawText(ScriptEngine.java:119)
	at com.kms.katalon.core.main.TestCaseExecutor.runScript(TestCaseExecutor.java:445)
	at com.kms.katalon.core.main.TestCaseExecutor.doExecute(TestCaseExecutor.java:436)
	at com.kms.katalon.core.main.TestCaseExecutor.processExecutionPhase(TestCaseExecutor.java:415)
	at com.kms.katalon.core.main.TestCaseExecutor.accessMainPhase(TestCaseExecutor.java:407)
	at com.kms.katalon.core.main.TestCaseExecutor.execute(TestCaseExecutor.java:284)
	at com.kms.katalon.core.common.CommonExecutor.accessTestCaseMainPhase(CommonExecutor.java:65)
	at com.kms.katalon.core.main.TestSuiteExecutor.accessTestSuiteMainPhase(TestSuiteExecutor.java:144)
	at com.kms.katalon.core.main.TestSuiteExecutor.execute(TestSuiteExecutor.java:106)
	at com.kms.katalon.core.main.TestCaseMain.startTestSuite(TestCaseMain.java:185)
	at com.kms.katalon.core.main.TestCaseMain$startTestSuite$0.call(Unknown Source)
	at TempTestSuite1653363335604.run(TempTestSuite1653363335604.groovy:36)
Caused by: org.openqa.selenium.StaleElementReferenceException: Cached elements 'By.xpath: //*[@class = 'android.widget.ImageView' and @resource-id = 'com.verticalapps.KonyMobileBanking:id/imgLogout' and (@text = '' or . = '')]' do not exist in DOM anymore
For documentation on this error, please visit: https://www.seleniumhq.org/exceptions/stale_element_reference.html
Build info: version: '3.141.59', revision: 'e82be7d358', time: '2018-11-14T08:25:53'
System info: host: 'JOSE-ARRIETA', ip: '192.168.0.103', os.name: 'Windows 10', os.arch: 'amd64', os.version: '10.0', java.version: '1.8.0_282'
Driver info: com.kms.katalon.core.appium.driver.SwipeableAndroidDriver
Capabilities {app: C:\Users\Jose_Arrieta\Deskt..., appPackage: com.verticalapps.KonyMobile..., autoGrantPermissions: true, automationName: uiautomator2, chromedriverPort: 52173, databaseEnabled: false, desired: {app: C:\Users\Jose_Arrieta\Deskt..., autoGrantPermissions: true, automationName: uiautomator2, chromedriverPort: 52173, deviceId: , deviceName: HUAWEI MRD-LX3 (Android 9), fullReset: false, newCommandTimeout: 1800, noReset: true, platform: ANDROID, platformName: android, platformVersion: 9, systemPort: 51687, udid: ASJNW19409003146}, deviceApiLevel: 28, deviceId: , deviceManufacturer: HUAWEI, deviceModel: MRD-LX3, deviceName: ASJNW19409003146, deviceScreenDensity: 272, deviceScreenSize: 720x1560, deviceUDID: ASJNW19409003146, fullReset: false, javascriptEnabled: true, locationContextEnabled: false, networkConnectionEnabled: true, newCommandTimeout: 1800, noReset: true, pixelRatio: 1.7, platform: ANDROID, platformName: Android, platformVersion: 9, statBarHeight: 54, systemPort: 51687, takesScreenshot: true, udid: ASJNW19409003146, viewportRect: {height: 1368, left: 0, top: 54, width: 720}, warnings: {}, webStorageEnabled: false}
Session ID: f6871bca-cd24-4d80-9f57-495b00dbd6a6
	at org.openqa.selenium.remote.http.W3CHttpResponseCodec.createException(W3CHttpResponseCodec.java:187)
	at org.openqa.selenium.remote.http.W3CHttpResponseCodec.decode(W3CHttpResponseCodec.java:122)
	at org.openqa.selenium.remote.http.W3CHttpResponseCodec.decode(W3CHttpResponseCodec.java:49)
	at org.openqa.selenium.remote.HttpCommandExecutor.execute(HttpCommandExecutor.java:158)
	at io.appium.java_client.remote.AppiumCommandExecutor.execute(AppiumCommandExecutor.java:239)
	at org.openqa.selenium.remote.RemoteWebDriver.execute(RemoteWebDriver.java:552)
	at io.appium.java_client.DefaultGenericMobileDriver.execute(DefaultGenericMobileDriver.java:42)
	at io.appium.java_client.AppiumDriver.execute(AppiumDriver.java:1)
	at io.appium.java_client.android.AndroidDriver.execute(AndroidDriver.java:1)
	at com.kms.katalon.core.appium.driver.SwipeableAndroidDriver.execute(SwipeableAndroidDriver.java:1)
	at org.openqa.selenium.remote.RemoteWebElement.execute(RemoteWebElement.java:285)
	at io.appium.java_client.DefaultGenericMobileElement.execute(DefaultGenericMobileElement.java:45)
	at io.appium.java_client.MobileElement.execute(MobileElement.java:1)
	at io.appium.java_client.android.AndroidElement.execute(AndroidElement.java:1)
	at org.openqa.selenium.remote.RemoteWebElement.getLocation(RemoteWebElement.java:337)
	at org.openqa.selenium.WebElement$getLocation.call(Unknown Source)
	at com.kms.katalon.core.mobile.keyword.internal.MobileAbstractKeyword.findElement(MobileAbstractKeyword.groovy:86)
	at com.kms.katalon.core.mobile.keyword.builtin.TapKeyword.access$1(TapKeyword.groovy)
	at com.kms.katalon.core.mobile.keyword.builtin.TapKeyword$_tap_closure1.doCall(TapKeyword.groovy:76)
	at com.kms.katalon.core.mobile.keyword.builtin.TapKeyword$_tap_closure1.call(TapKeyword.groovy)
	at com.kms.katalon.core.mobile.keyword.internal.MobileKeywordMain.runKeyword(MobileKeywordMain.groovy:21)
	... 19 more
"/>
         <system-out><![CDATA[2022-05-24 00:00:17 - [TEST_CASE][FAILED] - Test Cases/Sprint 1/01HU-Login-Cierre de Sesión/19 Estructura de pantalla - Pantalla Cierre de sesión: Test Cases/Sprint 1/01HU-Login-Cierre de Sesión/19 Estructura de pantalla - Pantalla Cierre de sesión FAILED.
Reason:
com.kms.katalon.core.exception.StepFailedException: Failed to tap on element 'Object Repository/Sprint 1/cierre de sesion/android.widget.ImageView Icono salir superior' (Root cause: org.openqa.selenium.StaleElementReferenceException: Cached elements 'By.xpath: //*[@class = 'android.widget.ImageView' and @resource-id = 'com.verticalapps.KonyMobileBanking:id/imgLogout' and (@text = '' or . = '')]' do not exist in DOM anymore
For documentation on this error, please visit: https://www.seleniumhq.org/exceptions/stale_element_reference.html
Build info: version: '3.141.59', revision: 'e82be7d358', time: '2018-11-14T08:25:53'
System info: host: 'JOSE-ARRIETA', ip: '192.168.0.103', os.name: 'Windows 10', os.arch: 'amd64', os.version: '10.0', java.version: '1.8.0_282'
Driver info: com.kms.katalon.core.appium.driver.SwipeableAndroidDriver
Capabilities {app: C:\Users\Jose_Arrieta\Deskt..., appPackage: com.verticalapps.KonyMobile..., autoGrantPermissions: true, automationName: uiautomator2, chromedriverPort: 52173, databaseEnabled: false, desired: {app: C:\Users\Jose_Arrieta\Deskt..., autoGrantPermissions: true, automationName: uiautomator2, chromedriverPort: 52173, deviceId: , deviceName: HUAWEI MRD-LX3 (Android 9), fullReset: false, newCommandTimeout: 1800, noReset: true, platform: ANDROID, platformName: android, platformVersion: 9, systemPort: 51687, udid: ASJNW19409003146}, deviceApiLevel: 28, deviceId: , deviceManufacturer: HUAWEI, deviceModel: MRD-LX3, deviceName: ASJNW19409003146, deviceScreenDensity: 272, deviceScreenSize: 720x1560, deviceUDID: ASJNW19409003146, fullReset: false, javascriptEnabled: true, locationContextEnabled: false, networkConnectionEnabled: true, newCommandTimeout: 1800, noReset: true, pixelRatio: 1.7, platform: ANDROID, platformName: Android, platformVersion: 9, statBarHeight: 54, systemPort: 51687, takesScreenshot: true, udid: ASJNW19409003146, viewportRect: {height: 1368, left: 0, top: 54, width: 720}, warnings: {}, webStorageEnabled: false}
Session ID: f6871bca-cd24-4d80-9f57-495b00dbd6a6
	at org.openqa.selenium.remote.http.W3CHttpResponseCodec.createException(W3CHttpResponseCodec.java:187)
	at org.openqa.selenium.remote.http.W3CHttpResponseCodec.decode(W3CHttpResponseCodec.java:122)
	at org.openqa.selenium.remote.http.W3CHttpResponseCodec.decode(W3CHttpResponseCodec.java:49)
	at org.openqa.selenium.remote.HttpCommandExecutor.execute(HttpCommandExecutor.java:158)
	at io.appium.java_client.remote.AppiumCommandExecutor.execute(AppiumCommandExecutor.java:239)
	at org.openqa.selenium.remote.RemoteWebDriver.execute(RemoteWebDriver.java:552)
	at io.appium.java_client.DefaultGenericMobileDriver.execute(DefaultGenericMobileDriver.java:42)
	at io.appium.java_client.AppiumDriver.execute(AppiumDriver.java:1)
	at io.appium.java_client.android.AndroidDriver.execute(AndroidDriver.java:1)
	at com.kms.katalon.core.appium.driver.SwipeableAndroidDriver.execute(SwipeableAndroidDriver.java:1)
	at org.openqa.selenium.remote.RemoteWebElement.execute(RemoteWebElement.java:285)
	at io.appium.java_client.DefaultGenericMobileElement.execute(DefaultGenericMobileElement.java:45)
	at io.appium.java_client.MobileElement.execute(MobileElement.java:1)
	at io.appium.java_client.android.AndroidElement.execute(AndroidElement.java:1)
	at org.openqa.selenium.remote.RemoteWebElement.getLocation(RemoteWebElement.java:337)
	at org.openqa.selenium.WebElement$getLocation.call(Unknown Source)
	at com.kms.katalon.core.mobile.keyword.internal.MobileAbstractKeyword.findElement(MobileAbstractKeyword.groovy:86)
	at com.kms.katalon.core.mobile.keyword.builtin.TapKeyword.access$1(TapKeyword.groovy)
	at com.kms.katalon.core.mobile.keyword.builtin.TapKeyword$_tap_closure1.doCall(TapKeyword.groovy:76)
	at com.kms.katalon.core.mobile.keyword.builtin.TapKeyword$_tap_closure1.call(TapKeyword.groovy)
	at com.kms.katalon.core.mobile.keyword.internal.MobileKeywordMain.runKeyword(MobileKeywordMain.groovy:21)
	at com.kms.katalon.core.mobile.keyword.builtin.TapKeyword.tap(TapKeyword.groovy:84)
	at com.kms.katalon.core.mobile.keyword.builtin.TapKeyword.execute(TapKeyword.groovy:68)
	at com.kms.katalon.core.keyword.internal.KeywordExecutor.executeKeywordForPlatform(KeywordExecutor.groovy:74)
	at com.kms.katalon.core.mobile.keyword.MobileBuiltInKeywords.tap(MobileBuiltInKeywords.groovy:1490)
	at com.kms.katalon.core.mobile.keyword.MobileBuiltInKeywords$tap$2.call(Unknown Source)
	at 19 Estructura de pantalla - Pantalla Cierre de sesión.run(19 Estructura de pantalla - Pantalla Cierre de sesión:26)
	at com.kms.katalon.core.main.ScriptEngine.run(ScriptEngine.java:194)
	at com.kms.katalon.core.main.ScriptEngine.runScriptAsRawText(ScriptEngine.java:119)
	at com.kms.katalon.core.main.TestCaseExecutor.runScript(TestCaseExecutor.java:445)
	at com.kms.katalon.core.main.TestCaseExecutor.doExecute(TestCaseExecutor.java:436)
	at com.kms.katalon.core.main.TestCaseExecutor.processExecutionPhase(TestCaseExecutor.java:415)
	at com.kms.katalon.core.main.TestCaseExecutor.accessMainPhase(TestCaseExecutor.java:407)
	at com.kms.katalon.core.main.TestCaseExecutor.execute(TestCaseExecutor.java:284)
	at com.kms.katalon.core.common.CommonExecutor.accessTestCaseMainPhase(CommonExecutor.java:65)
	at com.kms.katalon.core.main.TestSuiteExecutor.accessTestSuiteMainPhase(TestSuiteExecutor.java:144)
	at com.kms.katalon.core.main.TestSuiteExecutor.execute(TestSuiteExecutor.java:106)
	at com.kms.katalon.core.main.TestCaseMain.startTestSuite(TestCaseMain.java:185)
	at com.kms.katalon.core.main.TestCaseMain$startTestSuite$0.call(Unknown Source)
	at TempTestSuite1653363335604.run(TempTestSuite1653363335604.groovy:36)
)
	at com.kms.katalon.core.keyword.internal.KeywordMain.stepFailed(KeywordMain.groovy:39)
	at com.kms.katalon.core.mobile.keyword.internal.MobileKeywordMain.stepFailed(MobileKeywordMain.groovy:40)
	at com.kms.katalon.core.mobile.keyword.internal.MobileKeywordMain.runKeyword(MobileKeywordMain.groovy:23)
	at com.kms.katalon.core.mobile.keyword.builtin.TapKeyword.tap(TapKeyword.groovy:84)
	at com.kms.katalon.core.mobile.keyword.builtin.TapKeyword.execute(TapKeyword.groovy:68)
	at com.kms.katalon.core.keyword.internal.KeywordExecutor.executeKeywordForPlatform(KeywordExecutor.groovy:74)
	at com.kms.katalon.core.mobile.keyword.MobileBuiltInKeywords.tap(MobileBuiltInKeywords.groovy:1490)
	at com.kms.katalon.core.mobile.keyword.MobileBuiltInKeywords$tap$2.call(Unknown Source)
	at 19 Estructura de pantalla - Pantalla Cierre de sesión.run(19 Estructura de pantalla - Pantalla Cierre de sesión:26)
	at com.kms.katalon.core.main.ScriptEngine.run(ScriptEngine.java:194)
	at com.kms.katalon.core.main.ScriptEngine.runScriptAsRawText(ScriptEngine.java:119)
	at com.kms.katalon.core.main.TestCaseExecutor.runScript(TestCaseExecutor.java:445)
	at com.kms.katalon.core.main.TestCaseExecutor.doExecute(TestCaseExecutor.java:436)
	at com.kms.katalon.core.main.TestCaseExecutor.processExecutionPhase(TestCaseExecutor.java:415)
	at com.kms.katalon.core.main.TestCaseExecutor.accessMainPhase(TestCaseExecutor.java:407)
	at com.kms.katalon.core.main.TestCaseExecutor.execute(TestCaseExecutor.java:284)
	at com.kms.katalon.core.common.CommonExecutor.accessTestCaseMainPhase(CommonExecutor.java:65)
	at com.kms.katalon.core.main.TestSuiteExecutor.accessTestSuiteMainPhase(TestSuiteExecutor.java:144)
	at com.kms.katalon.core.main.TestSuiteExecutor.execute(TestSuiteExecutor.java:106)
	at com.kms.katalon.core.main.TestCaseMain.startTestSuite(TestCaseMain.java:185)
	at com.kms.katalon.core.main.TestCaseMain$startTestSuite$0.call(Unknown Source)
	at TempTestSuite1653363335604.run(TempTestSuite1653363335604.groovy:36)
Caused by: org.openqa.selenium.StaleElementReferenceException: Cached elements 'By.xpath: //*[@class = 'android.widget.ImageView' and @resource-id = 'com.verticalapps.KonyMobileBanking:id/imgLogout' and (@text = '' or . = '')]' do not exist in DOM anymore
For documentation on this error, please visit: https://www.seleniumhq.org/exceptions/stale_element_reference.html
Build info: version: '3.141.59', revision: 'e82be7d358', time: '2018-11-14T08:25:53'
System info: host: 'JOSE-ARRIETA', ip: '192.168.0.103', os.name: 'Windows 10', os.arch: 'amd64', os.version: '10.0', java.version: '1.8.0_282'
Driver info: com.kms.katalon.core.appium.driver.SwipeableAndroidDriver
Capabilities {app: C:\Users\Jose_Arrieta\Deskt..., appPackage: com.verticalapps.KonyMobile..., autoGrantPermissions: true, automationName: uiautomator2, chromedriverPort: 52173, databaseEnabled: false, desired: {app: C:\Users\Jose_Arrieta\Deskt..., autoGrantPermissions: true, automationName: uiautomator2, chromedriverPort: 52173, deviceId: , deviceName: HUAWEI MRD-LX3 (Android 9), fullReset: false, newCommandTimeout: 1800, noReset: true, platform: ANDROID, platformName: android, platformVersion: 9, systemPort: 51687, udid: ASJNW19409003146}, deviceApiLevel: 28, deviceId: , deviceManufacturer: HUAWEI, deviceModel: MRD-LX3, deviceName: ASJNW19409003146, deviceScreenDensity: 272, deviceScreenSize: 720x1560, deviceUDID: ASJNW19409003146, fullReset: false, javascriptEnabled: true, locationContextEnabled: false, networkConnectionEnabled: true, newCommandTimeout: 1800, noReset: true, pixelRatio: 1.7, platform: ANDROID, platformName: Android, platformVersion: 9, statBarHeight: 54, systemPort: 51687, takesScreenshot: true, udid: ASJNW19409003146, viewportRect: {height: 1368, left: 0, top: 54, width: 720}, warnings: {}, webStorageEnabled: false}
Session ID: f6871bca-cd24-4d80-9f57-495b00dbd6a6
	at org.openqa.selenium.remote.http.W3CHttpResponseCodec.createException(W3CHttpResponseCodec.java:187)
	at org.openqa.selenium.remote.http.W3CHttpResponseCodec.decode(W3CHttpResponseCodec.java:122)
	at org.openqa.selenium.remote.http.W3CHttpResponseCodec.decode(W3CHttpResponseCodec.java:49)
	at org.openqa.selenium.remote.HttpCommandExecutor.execute(HttpCommandExecutor.java:158)
	at io.appium.java_client.remote.AppiumCommandExecutor.execute(AppiumCommandExecutor.java:239)
	at org.openqa.selenium.remote.RemoteWebDriver.execute(RemoteWebDriver.java:552)
	at io.appium.java_client.DefaultGenericMobileDriver.execute(DefaultGenericMobileDriver.java:42)
	at io.appium.java_client.AppiumDriver.execute(AppiumDriver.java:1)
	at io.appium.java_client.android.AndroidDriver.execute(AndroidDriver.java:1)
	at com.kms.katalon.core.appium.driver.SwipeableAndroidDriver.execute(SwipeableAndroidDriver.java:1)
	at org.openqa.selenium.remote.RemoteWebElement.execute(RemoteWebElement.java:285)
	at io.appium.java_client.DefaultGenericMobileElement.execute(DefaultGenericMobileElement.java:45)
	at io.appium.java_client.MobileElement.execute(MobileElement.java:1)
	at io.appium.java_client.android.AndroidElement.execute(AndroidElement.java:1)
	at org.openqa.selenium.remote.RemoteWebElement.getLocation(RemoteWebElement.java:337)
	at org.openqa.selenium.WebElement$getLocation.call(Unknown Source)
	at com.kms.katalon.core.mobile.keyword.internal.MobileAbstractKeyword.findElement(MobileAbstractKeyword.groovy:86)
	at com.kms.katalon.core.mobile.keyword.builtin.TapKeyword.access$1(TapKeyword.groovy)
	at com.kms.katalon.core.mobile.keyword.builtin.TapKeyword$_tap_closure1.doCall(TapKeyword.groovy:76)
	at com.kms.katalon.core.mobile.keyword.builtin.TapKeyword$_tap_closure1.call(TapKeyword.groovy)
	at com.kms.katalon.core.mobile.keyword.internal.MobileKeywordMain.runKeyword(MobileKeywordMain.groovy:21)
	... 19 more


2022-05-24 00:00:17 - [TEST_STEP][PASSED] - callTestCase(findTestCase("Sprint 1/01HU-Login-Cierre de Sesión/11 Especificaciones Funcionales - Login exitoso del usuario"), ["NumeroCelular":findTestData("Usuarios").getValue(1, 1), "Contrasena":findTestData("Usuarios").getValue(2, 1)], CONTINUE_ON_FAILURE): Call Test Case 'Test Cases/Sprint 1/01HU-Login-Cierre de Sesión/11 Especificaciones Funcionales - Login exitoso del usuario' successfully

2022-05-24 00:00:17 - [TEST_CASE][PASSED] - Test Cases/Sprint 1/01HU-Login-Cierre de Sesión/11 Especificaciones Funcionales - Login exitoso del usuario: Test Cases/Sprint 1/01HU-Login-Cierre de Sesión/11 Especificaciones Funcionales - Login exitoso del usuario

2022-05-24 00:00:17 - [TEST_STEP][PASSED] - startApplication(APKjose, false): Started app at: 'C:\Users\Jose_Arrieta\Desktop\JA\Proyectos\Automatizacion de pruebas\APK para inicio\crtopyinfinitymobilebanking-release (8).apk'

2022-05-24 00:00:17 - [MESSAGE][INFO] - User set preference: ['deviceId', '']

2022-05-24 00:00:41 - [MESSAGE][PASSED] - Started app at: 'C:\Users\Jose_Arrieta\Desktop\JA\Proyectos\Automatizacion de pruebas\APK para inicio\crtopyinfinitymobilebanking-release (8).apk'

2022-05-24 00:00:41 - [TEST_STEP][PASSED] - delay(10, STOP_ON_FAILURE): Delayed 10 second(s)

2022-05-24 00:00:51 - [MESSAGE][PASSED] - Delayed 10 second(s)

2022-05-24 00:00:51 - [TEST_STEP][PASSED] - clearText(findTestObject("Sprint 1/Login/android.widget.EditText - Numero de celular login"), 0): Element 'Object Repository/Sprint 1/Login/android.widget.EditText - Numero de celular login' text is cleared

2022-05-24 00:00:51 - [MESSAGE][WARNING] - Timeout '0' is invalid. Using default page load timeout: '30'

2022-05-24 00:00:53 - [MESSAGE][PASSED] - Element 'Object Repository/Sprint 1/Login/android.widget.EditText - Numero de celular login' text is cleared

2022-05-24 00:00:53 - [TEST_STEP][PASSED] - setText(findTestObject("Sprint 1/Login/android.widget.EditText - Ejemplo 0981123456"), Numerocelular, 0): Text '0972875200' has been set to element 'Object Repository/Sprint 1/Login/android.widget.EditText - Ejemplo 0981123456'

2022-05-24 00:00:53 - [MESSAGE][WARNING] - Timeout '0' is invalid. Using default page load timeout: '30'

2022-05-24 00:00:56 - [MESSAGE][PASSED] - Text '0972875200' has been set to element 'Object Repository/Sprint 1/Login/android.widget.EditText - Ejemplo 0981123456'

2022-05-24 00:00:56 - [TEST_STEP][PASSED] - setText(findTestObject("Sprint 1/Login/android.widget.EditText - tipear contrasea"), Contrasena, 0): Text 'Kony!12345' has been set to element 'Object Repository/Sprint 1/Login/android.widget.EditText - tipear contrasea'

2022-05-24 00:00:56 - [MESSAGE][WARNING] - Timeout '0' is invalid. Using default page load timeout: '30'

2022-05-24 00:00:58 - [MESSAGE][PASSED] - Text 'Kony!12345' has been set to element 'Object Repository/Sprint 1/Login/android.widget.EditText - tipear contrasea'

2022-05-24 00:00:58 - [TEST_STEP][PASSED] - tap(findTestObject("Sprint 1/Login/android.widget.Button - Ingresar"), 0): Tapped on element 'Object Repository/Sprint 1/Login/android.widget.Button - Ingresar'

2022-05-24 00:00:58 - [MESSAGE][WARNING] - Timeout '0' is invalid. Using default page load timeout: '30'

2022-05-24 00:00:59 - [MESSAGE][PASSED] - Tapped on element 'Object Repository/Sprint 1/Login/android.widget.Button - Ingresar'

2022-05-24 00:00:59 - [MESSAGE][PASSED] - Call Test Case 'Test Cases/Sprint 1/01HU-Login-Cierre de Sesión/11 Especificaciones Funcionales - Login exitoso del usuario' successfully

2022-05-24 00:00:59 - [TEST_STEP][PASSED] - tap(findTestObject("Object Repository/Sprint 1/cierre de sesion/android.widget.ImageView Menu hamburguesa Inferior"), 0): Tapped on element 'Object Repository/Sprint 1/cierre de sesion/android.widget.ImageView Menu hamburguesa Inferior'

2022-05-24 00:00:59 - [MESSAGE][WARNING] - Timeout '0' is invalid. Using default page load timeout: '30'

2022-05-24 00:01:27 - [MESSAGE][PASSED] - Tapped on element 'Object Repository/Sprint 1/cierre de sesion/android.widget.ImageView Menu hamburguesa Inferior'

2022-05-24 00:01:27 - [TEST_STEP][FAILED] - tap(findTestObject("Object Repository/Sprint 1/cierre de sesion/android.widget.ImageView Icono salir superior"), 0): Failed to tap on element 'Object Repository/Sprint 1/cierre de sesion/android.widget.ImageView Icono salir superior' (Root cause: org.openqa.selenium.StaleElementReferenceException: Cached elements 'By.xpath: //*[@class = 'android.widget.ImageView' and @resource-id = 'com.verticalapps.KonyMobileBanking:id/imgLogout' and (@text = '' or . = '')]' do not exist in DOM anymore
For documentation on this error, please visit: https://www.seleniumhq.org/exceptions/stale_element_reference.html
Build info: version: '3.141.59', revision: 'e82be7d358', time: '2018-11-14T08:25:53'
System info: host: 'JOSE-ARRIETA', ip: '192.168.0.103', os.name: 'Windows 10', os.arch: 'amd64', os.version: '10.0', java.version: '1.8.0_282'
Driver info: com.kms.katalon.core.appium.driver.SwipeableAndroidDriver
Capabilities {app: C:\Users\Jose_Arrieta\Deskt..., appPackage: com.verticalapps.KonyMobile..., autoGrantPermissions: true, automationName: uiautomator2, chromedriverPort: 52173, databaseEnabled: false, desired: {app: C:\Users\Jose_Arrieta\Deskt..., autoGrantPermissions: true, automationName: uiautomator2, chromedriverPort: 52173, deviceId: , deviceName: HUAWEI MRD-LX3 (Android 9), fullReset: false, newCommandTimeout: 1800, noReset: true, platform: ANDROID, platformName: android, platformVersion: 9, systemPort: 51687, udid: ASJNW19409003146}, deviceApiLevel: 28, deviceId: , deviceManufacturer: HUAWEI, deviceModel: MRD-LX3, deviceName: ASJNW19409003146, deviceScreenDensity: 272, deviceScreenSize: 720x1560, deviceUDID: ASJNW19409003146, fullReset: false, javascriptEnabled: true, locationContextEnabled: false, networkConnectionEnabled: true, newCommandTimeout: 1800, noReset: true, pixelRatio: 1.7, platform: ANDROID, platformName: Android, platformVersion: 9, statBarHeight: 54, systemPort: 51687, takesScreenshot: true, udid: ASJNW19409003146, viewportRect: {height: 1368, left: 0, top: 54, width: 720}, warnings: {}, webStorageEnabled: false}
Session ID: f6871bca-cd24-4d80-9f57-495b00dbd6a6
	at org.openqa.selenium.remote.http.W3CHttpResponseCodec.createException(W3CHttpResponseCodec.java:187)
	at org.openqa.selenium.remote.http.W3CHttpResponseCodec.decode(W3CHttpResponseCodec.java:122)
	at org.openqa.selenium.remote.http.W3CHttpResponseCodec.decode(W3CHttpResponseCodec.java:49)
	at org.openqa.selenium.remote.HttpCommandExecutor.execute(HttpCommandExecutor.java:158)
	at io.appium.java_client.remote.AppiumCommandExecutor.execute(AppiumCommandExecutor.java:239)
	at org.openqa.selenium.remote.RemoteWebDriver.execute(RemoteWebDriver.java:552)
	at io.appium.java_client.DefaultGenericMobileDriver.execute(DefaultGenericMobileDriver.java:42)
	at io.appium.java_client.AppiumDriver.execute(AppiumDriver.java:1)
	at io.appium.java_client.android.AndroidDriver.execute(AndroidDriver.java:1)
	at com.kms.katalon.core.appium.driver.SwipeableAndroidDriver.execute(SwipeableAndroidDriver.java:1)
	at org.openqa.selenium.remote.RemoteWebElement.execute(RemoteWebElement.java:285)
	at io.appium.java_client.DefaultGenericMobileElement.execute(DefaultGenericMobileElement.java:45)
	at io.appium.java_client.MobileElement.execute(MobileElement.java:1)
	at io.appium.java_client.android.AndroidElement.execute(AndroidElement.java:1)
	at org.openqa.selenium.remote.RemoteWebElement.getLocation(RemoteWebElement.java:337)
	at org.openqa.selenium.WebElement$getLocation.call(Unknown Source)
	at com.kms.katalon.core.mobile.keyword.internal.MobileAbstractKeyword.findElement(MobileAbstractKeyword.groovy:86)
	at com.kms.katalon.core.mobile.keyword.builtin.TapKeyword.access$1(TapKeyword.groovy)
	at com.kms.katalon.core.mobile.keyword.builtin.TapKeyword$_tap_closure1.doCall(TapKeyword.groovy:76)
	at com.kms.katalon.core.mobile.keyword.builtin.TapKeyword$_tap_closure1.call(TapKeyword.groovy)
	at com.kms.katalon.core.mobile.keyword.internal.MobileKeywordMain.runKeyword(MobileKeywordMain.groovy:21)
	at com.kms.katalon.core.mobile.keyword.builtin.TapKeyword.tap(TapKeyword.groovy:84)
	at com.kms.katalon.core.mobile.keyword.builtin.TapKeyword.execute(TapKeyword.groovy:68)
	at com.kms.katalon.core.keyword.internal.KeywordExecutor.executeKeywordForPlatform(KeywordExecutor.groovy:74)
	at com.kms.katalon.core.mobile.keyword.MobileBuiltInKeywords.tap(MobileBuiltInKeywords.groovy:1490)
	at com.kms.katalon.core.mobile.keyword.MobileBuiltInKeywords$tap$2.call(Unknown Source)
	at 19 Estructura de pantalla - Pantalla Cierre de sesión.run(19 Estructura de pantalla - Pantalla Cierre de sesión:26)
	at com.kms.katalon.core.main.ScriptEngine.run(ScriptEngine.java:194)
	at com.kms.katalon.core.main.ScriptEngine.runScriptAsRawText(ScriptEngine.java:119)
	at com.kms.katalon.core.main.TestCaseExecutor.runScript(TestCaseExecutor.java:445)
	at com.kms.katalon.core.main.TestCaseExecutor.doExecute(TestCaseExecutor.java:436)
	at com.kms.katalon.core.main.TestCaseExecutor.processExecutionPhase(TestCaseExecutor.java:415)
	at com.kms.katalon.core.main.TestCaseExecutor.accessMainPhase(TestCaseExecutor.java:407)
	at com.kms.katalon.core.main.TestCaseExecutor.execute(TestCaseExecutor.java:284)
	at com.kms.katalon.core.common.CommonExecutor.accessTestCaseMainPhase(CommonExecutor.java:65)
	at com.kms.katalon.core.main.TestSuiteExecutor.accessTestSuiteMainPhase(TestSuiteExecutor.java:144)
	at com.kms.katalon.core.main.TestSuiteExecutor.execute(TestSuiteExecutor.java:106)
	at com.kms.katalon.core.main.TestCaseMain.startTestSuite(TestCaseMain.java:185)
	at com.kms.katalon.core.main.TestCaseMain$startTestSuite$0.call(Unknown Source)
	at TempTestSuite1653363335604.run(TempTestSuite1653363335604.groovy:36)
)

2022-05-24 00:01:27 - [MESSAGE][WARNING] - Timeout '0' is invalid. Using default page load timeout: '30'

2022-05-24 00:01:37 - [MESSAGE][FAILED] - Failed to tap on element 'Object Repository/Sprint 1/cierre de sesion/android.widget.ImageView Icono salir superior' (Root cause: org.openqa.selenium.StaleElementReferenceException: Cached elements 'By.xpath: //*[@class = 'android.widget.ImageView' and @resource-id = 'com.verticalapps.KonyMobileBanking:id/imgLogout' and (@text = '' or . = '')]' do not exist in DOM anymore
For documentation on this error, please visit: https://www.seleniumhq.org/exceptions/stale_element_reference.html
Build info: version: '3.141.59', revision: 'e82be7d358', time: '2018-11-14T08:25:53'
System info: host: 'JOSE-ARRIETA', ip: '192.168.0.103', os.name: 'Windows 10', os.arch: 'amd64', os.version: '10.0', java.version: '1.8.0_282'
Driver info: com.kms.katalon.core.appium.driver.SwipeableAndroidDriver
Capabilities {app: C:\Users\Jose_Arrieta\Deskt..., appPackage: com.verticalapps.KonyMobile..., autoGrantPermissions: true, automationName: uiautomator2, chromedriverPort: 52173, databaseEnabled: false, desired: {app: C:\Users\Jose_Arrieta\Deskt..., autoGrantPermissions: true, automationName: uiautomator2, chromedriverPort: 52173, deviceId: , deviceName: HUAWEI MRD-LX3 (Android 9), fullReset: false, newCommandTimeout: 1800, noReset: true, platform: ANDROID, platformName: android, platformVersion: 9, systemPort: 51687, udid: ASJNW19409003146}, deviceApiLevel: 28, deviceId: , deviceManufacturer: HUAWEI, deviceModel: MRD-LX3, deviceName: ASJNW19409003146, deviceScreenDensity: 272, deviceScreenSize: 720x1560, deviceUDID: ASJNW19409003146, fullReset: false, javascriptEnabled: true, locationContextEnabled: false, networkConnectionEnabled: true, newCommandTimeout: 1800, noReset: true, pixelRatio: 1.7, platform: ANDROID, platformName: Android, platformVersion: 9, statBarHeight: 54, systemPort: 51687, takesScreenshot: true, udid: ASJNW19409003146, viewportRect: {height: 1368, left: 0, top: 54, width: 720}, warnings: {}, webStorageEnabled: false}
Session ID: f6871bca-cd24-4d80-9f57-495b00dbd6a6
	at org.openqa.selenium.remote.http.W3CHttpResponseCodec.createException(W3CHttpResponseCodec.java:187)
	at org.openqa.selenium.remote.http.W3CHttpResponseCodec.decode(W3CHttpResponseCodec.java:122)
	at org.openqa.selenium.remote.http.W3CHttpResponseCodec.decode(W3CHttpResponseCodec.java:49)
	at org.openqa.selenium.remote.HttpCommandExecutor.execute(HttpCommandExecutor.java:158)
	at io.appium.java_client.remote.AppiumCommandExecutor.execute(AppiumCommandExecutor.java:239)
	at org.openqa.selenium.remote.RemoteWebDriver.execute(RemoteWebDriver.java:552)
	at io.appium.java_client.DefaultGenericMobileDriver.execute(DefaultGenericMobileDriver.java:42)
	at io.appium.java_client.AppiumDriver.execute(AppiumDriver.java:1)
	at io.appium.java_client.android.AndroidDriver.execute(AndroidDriver.java:1)
	at com.kms.katalon.core.appium.driver.SwipeableAndroidDriver.execute(SwipeableAndroidDriver.java:1)
	at org.openqa.selenium.remote.RemoteWebElement.execute(RemoteWebElement.java:285)
	at io.appium.java_client.DefaultGenericMobileElement.execute(DefaultGenericMobileElement.java:45)
	at io.appium.java_client.MobileElement.execute(MobileElement.java:1)
	at io.appium.java_client.android.AndroidElement.execute(AndroidElement.java:1)
	at org.openqa.selenium.remote.RemoteWebElement.getLocation(RemoteWebElement.java:337)
	at org.openqa.selenium.WebElement$getLocation.call(Unknown Source)
	at com.kms.katalon.core.mobile.keyword.internal.MobileAbstractKeyword.findElement(MobileAbstractKeyword.groovy:86)
	at com.kms.katalon.core.mobile.keyword.builtin.TapKeyword.access$1(TapKeyword.groovy)
	at com.kms.katalon.core.mobile.keyword.builtin.TapKeyword$_tap_closure1.doCall(TapKeyword.groovy:76)
	at com.kms.katalon.core.mobile.keyword.builtin.TapKeyword$_tap_closure1.call(TapKeyword.groovy)
	at com.kms.katalon.core.mobile.keyword.internal.MobileKeywordMain.runKeyword(MobileKeywordMain.groovy:21)
	at com.kms.katalon.core.mobile.keyword.builtin.TapKeyword.tap(TapKeyword.groovy:84)
	at com.kms.katalon.core.mobile.keyword.builtin.TapKeyword.execute(TapKeyword.groovy:68)
	at com.kms.katalon.core.keyword.internal.KeywordExecutor.executeKeywordForPlatform(KeywordExecutor.groovy:74)
	at com.kms.katalon.core.mobile.keyword.MobileBuiltInKeywords.tap(MobileBuiltInKeywords.groovy:1490)
	at com.kms.katalon.core.mobile.keyword.MobileBuiltInKeywords$tap$2.call(Unknown Source)
	at 19 Estructura de pantalla - Pantalla Cierre de sesión.run(19 Estructura de pantalla - Pantalla Cierre de sesión:26)
	at com.kms.katalon.core.main.ScriptEngine.run(ScriptEngine.java:194)
	at com.kms.katalon.core.main.ScriptEngine.runScriptAsRawText(ScriptEngine.java:119)
	at com.kms.katalon.core.main.TestCaseExecutor.runScript(TestCaseExecutor.java:445)
	at com.kms.katalon.core.main.TestCaseExecutor.doExecute(TestCaseExecutor.java:436)
	at com.kms.katalon.core.main.TestCaseExecutor.processExecutionPhase(TestCaseExecutor.java:415)
	at com.kms.katalon.core.main.TestCaseExecutor.accessMainPhase(TestCaseExecutor.java:407)
	at com.kms.katalon.core.main.TestCaseExecutor.execute(TestCaseExecutor.java:284)
	at com.kms.katalon.core.common.CommonExecutor.accessTestCaseMainPhase(CommonExecutor.java:65)
	at com.kms.katalon.core.main.TestSuiteExecutor.accessTestSuiteMainPhase(TestSuiteExecutor.java:144)
	at com.kms.katalon.core.main.TestSuiteExecutor.execute(TestSuiteExecutor.java:106)
	at com.kms.katalon.core.main.TestCaseMain.startTestSuite(TestCaseMain.java:185)
	at com.kms.katalon.core.main.TestCaseMain$startTestSuite$0.call(Unknown Source)
	at TempTestSuite1653363335604.run(TempTestSuite1653363335604.groovy:36)
)
[[ATTACHMENT|C:\\Users\\Jose_Arrieta\\git\\UENO-App-Android\\UENO-App-Android\\Reports\\20220523_233534\\Sprint 1\\01HU-Login-Cierre de Sesi\u00F3n\\20220523_233535\\1653364894841.png]]

2022-05-24 00:01:37 - [TEST_STEP][FAILED] - mensajecierresesion = getText(findTestObject("Sprint 1/cierre de sesion/android.widget.TextView - Ests seguro de querer salir"), 0): Object Object Repository/Sprint 1/cierre de sesion/android.widget.TextView - Ests seguro de querer salir not found

2022-05-24 00:01:37 - [MESSAGE][WARNING] - Timeout '0' is invalid. Using default page load timeout: '30'

2022-05-24 00:02:07 - [MESSAGE][FAILED] - Object Object Repository/Sprint 1/cierre de sesion/android.widget.TextView - Ests seguro de querer salir not found

2022-05-24 00:02:07 - [TEST_STEP][FAILED] - verifyEqual(mensajecierresesion, "¿Estás seguro de querer salir?"): Unable to verify equal between actual object 'null' and expected object '¿Estás seguro de querer salir?' (Root cause: com.kms.katalon.core.exception.StepFailedException: Actual object 'null' and expected object '¿Estás seguro de querer salir?' are not equal
	at com.kms.katalon.core.keyword.builtin.VerifyEqualKeyword$_verifyEqual_closure1.doCall(VerifyEqualKeyword.groovy:58)
	at com.kms.katalon.core.keyword.builtin.VerifyEqualKeyword$_verifyEqual_closure1.call(VerifyEqualKeyword.groovy)
	at com.kms.katalon.core.keyword.internal.KeywordMain.runKeyword(KeywordMain.groovy:74)
	at com.kms.katalon.core.keyword.builtin.VerifyEqualKeyword.verifyEqual(VerifyEqualKeyword.groovy:63)
	at com.kms.katalon.core.keyword.builtin.VerifyEqualKeyword.execute(VerifyEqualKeyword.groovy:44)
	at com.kms.katalon.core.keyword.internal.KeywordExecutor.executeKeywordForPlatform(KeywordExecutor.groovy:74)
	at com.kms.katalon.core.keyword.BuiltinKeywords.verifyEqual(BuiltinKeywords.groovy:141)
	at 19 Estructura de pantalla - Pantalla Cierre de sesión.run(19 Estructura de pantalla - Pantalla Cierre de sesión:31)
	at com.kms.katalon.core.main.ScriptEngine.run(ScriptEngine.java:194)
	at com.kms.katalon.core.main.ScriptEngine.runScriptAsRawText(ScriptEngine.java:119)
	at com.kms.katalon.core.main.TestCaseExecutor.runScript(TestCaseExecutor.java:445)
	at com.kms.katalon.core.main.TestCaseExecutor.doExecute(TestCaseExecutor.java:436)
	at com.kms.katalon.core.main.TestCaseExecutor.processExecutionPhase(TestCaseExecutor.java:415)
	at com.kms.katalon.core.main.TestCaseExecutor.accessMainPhase(TestCaseExecutor.java:407)
	at com.kms.katalon.core.main.TestCaseExecutor.execute(TestCaseExecutor.java:284)
	at com.kms.katalon.core.common.CommonExecutor.accessTestCaseMainPhase(CommonExecutor.java:65)
	at com.kms.katalon.core.main.TestSuiteExecutor.accessTestSuiteMainPhase(TestSuiteExecutor.java:144)
	at com.kms.katalon.core.main.TestSuiteExecutor.execute(TestSuiteExecutor.java:106)
	at com.kms.katalon.core.main.TestCaseMain.startTestSuite(TestCaseMain.java:185)
	at com.kms.katalon.core.main.TestCaseMain$startTestSuite$0.call(Unknown Source)
	at TempTestSuite1653363335604.run(TempTestSuite1653363335604.groovy:36)
)

2022-05-24 00:02:07 - [MESSAGE][FAILED] - Unable to verify equal between actual object 'null' and expected object '¿Estás seguro de querer salir?' (Root cause: com.kms.katalon.core.exception.StepFailedException: Actual object 'null' and expected object '¿Estás seguro de querer salir?' are not equal
	at com.kms.katalon.core.keyword.builtin.VerifyEqualKeyword$_verifyEqual_closure1.doCall(VerifyEqualKeyword.groovy:58)
	at com.kms.katalon.core.keyword.builtin.VerifyEqualKeyword$_verifyEqual_closure1.call(VerifyEqualKeyword.groovy)
	at com.kms.katalon.core.keyword.internal.KeywordMain.runKeyword(KeywordMain.groovy:74)
	at com.kms.katalon.core.keyword.builtin.VerifyEqualKeyword.verifyEqual(VerifyEqualKeyword.groovy:63)
	at com.kms.katalon.core.keyword.builtin.VerifyEqualKeyword.execute(VerifyEqualKeyword.groovy:44)
	at com.kms.katalon.core.keyword.internal.KeywordExecutor.executeKeywordForPlatform(KeywordExecutor.groovy:74)
	at com.kms.katalon.core.keyword.BuiltinKeywords.verifyEqual(BuiltinKeywords.groovy:141)
	at 19 Estructura de pantalla - Pantalla Cierre de sesión.run(19 Estructura de pantalla - Pantalla Cierre de sesión:31)
	at com.kms.katalon.core.main.ScriptEngine.run(ScriptEngine.java:194)
	at com.kms.katalon.core.main.ScriptEngine.runScriptAsRawText(ScriptEngine.java:119)
	at com.kms.katalon.core.main.TestCaseExecutor.runScript(TestCaseExecutor.java:445)
	at com.kms.katalon.core.main.TestCaseExecutor.doExecute(TestCaseExecutor.java:436)
	at com.kms.katalon.core.main.TestCaseExecutor.processExecutionPhase(TestCaseExecutor.java:415)
	at com.kms.katalon.core.main.TestCaseExecutor.accessMainPhase(TestCaseExecutor.java:407)
	at com.kms.katalon.core.main.TestCaseExecutor.execute(TestCaseExecutor.java:284)
	at com.kms.katalon.core.common.CommonExecutor.accessTestCaseMainPhase(CommonExecutor.java:65)
	at com.kms.katalon.core.main.TestSuiteExecutor.accessTestSuiteMainPhase(TestSuiteExecutor.java:144)
	at com.kms.katalon.core.main.TestSuiteExecutor.execute(TestSuiteExecutor.java:106)
	at com.kms.katalon.core.main.TestCaseMain.startTestSuite(TestCaseMain.java:185)
	at com.kms.katalon.core.main.TestCaseMain$startTestSuite$0.call(Unknown Source)
	at TempTestSuite1653363335604.run(TempTestSuite1653363335604.groovy:36)
)]]></system-out>
         <system-err><![CDATA[2022-05-24 00:00:17 - [TEST_CASE][FAILED] - Test Cases/Sprint 1/01HU-Login-Cierre de Sesión/19 Estructura de pantalla - Pantalla Cierre de sesión: Test Cases/Sprint 1/01HU-Login-Cierre de Sesión/19 Estructura de pantalla - Pantalla Cierre de sesión FAILED.
Reason:
com.kms.katalon.core.exception.StepFailedException: Failed to tap on element 'Object Repository/Sprint 1/cierre de sesion/android.widget.ImageView Icono salir superior' (Root cause: org.openqa.selenium.StaleElementReferenceException: Cached elements 'By.xpath: //*[@class = 'android.widget.ImageView' and @resource-id = 'com.verticalapps.KonyMobileBanking:id/imgLogout' and (@text = '' or . = '')]' do not exist in DOM anymore
For documentation on this error, please visit: https://www.seleniumhq.org/exceptions/stale_element_reference.html
Build info: version: '3.141.59', revision: 'e82be7d358', time: '2018-11-14T08:25:53'
System info: host: 'JOSE-ARRIETA', ip: '192.168.0.103', os.name: 'Windows 10', os.arch: 'amd64', os.version: '10.0', java.version: '1.8.0_282'
Driver info: com.kms.katalon.core.appium.driver.SwipeableAndroidDriver
Capabilities {app: C:\Users\Jose_Arrieta\Deskt..., appPackage: com.verticalapps.KonyMobile..., autoGrantPermissions: true, automationName: uiautomator2, chromedriverPort: 52173, databaseEnabled: false, desired: {app: C:\Users\Jose_Arrieta\Deskt..., autoGrantPermissions: true, automationName: uiautomator2, chromedriverPort: 52173, deviceId: , deviceName: HUAWEI MRD-LX3 (Android 9), fullReset: false, newCommandTimeout: 1800, noReset: true, platform: ANDROID, platformName: android, platformVersion: 9, systemPort: 51687, udid: ASJNW19409003146}, deviceApiLevel: 28, deviceId: , deviceManufacturer: HUAWEI, deviceModel: MRD-LX3, deviceName: ASJNW19409003146, deviceScreenDensity: 272, deviceScreenSize: 720x1560, deviceUDID: ASJNW19409003146, fullReset: false, javascriptEnabled: true, locationContextEnabled: false, networkConnectionEnabled: true, newCommandTimeout: 1800, noReset: true, pixelRatio: 1.7, platform: ANDROID, platformName: Android, platformVersion: 9, statBarHeight: 54, systemPort: 51687, takesScreenshot: true, udid: ASJNW19409003146, viewportRect: {height: 1368, left: 0, top: 54, width: 720}, warnings: {}, webStorageEnabled: false}
Session ID: f6871bca-cd24-4d80-9f57-495b00dbd6a6
	at org.openqa.selenium.remote.http.W3CHttpResponseCodec.createException(W3CHttpResponseCodec.java:187)
	at org.openqa.selenium.remote.http.W3CHttpResponseCodec.decode(W3CHttpResponseCodec.java:122)
	at org.openqa.selenium.remote.http.W3CHttpResponseCodec.decode(W3CHttpResponseCodec.java:49)
	at org.openqa.selenium.remote.HttpCommandExecutor.execute(HttpCommandExecutor.java:158)
	at io.appium.java_client.remote.AppiumCommandExecutor.execute(AppiumCommandExecutor.java:239)
	at org.openqa.selenium.remote.RemoteWebDriver.execute(RemoteWebDriver.java:552)
	at io.appium.java_client.DefaultGenericMobileDriver.execute(DefaultGenericMobileDriver.java:42)
	at io.appium.java_client.AppiumDriver.execute(AppiumDriver.java:1)
	at io.appium.java_client.android.AndroidDriver.execute(AndroidDriver.java:1)
	at com.kms.katalon.core.appium.driver.SwipeableAndroidDriver.execute(SwipeableAndroidDriver.java:1)
	at org.openqa.selenium.remote.RemoteWebElement.execute(RemoteWebElement.java:285)
	at io.appium.java_client.DefaultGenericMobileElement.execute(DefaultGenericMobileElement.java:45)
	at io.appium.java_client.MobileElement.execute(MobileElement.java:1)
	at io.appium.java_client.android.AndroidElement.execute(AndroidElement.java:1)
	at org.openqa.selenium.remote.RemoteWebElement.getLocation(RemoteWebElement.java:337)
	at org.openqa.selenium.WebElement$getLocation.call(Unknown Source)
	at com.kms.katalon.core.mobile.keyword.internal.MobileAbstractKeyword.findElement(MobileAbstractKeyword.groovy:86)
	at com.kms.katalon.core.mobile.keyword.builtin.TapKeyword.access$1(TapKeyword.groovy)
	at com.kms.katalon.core.mobile.keyword.builtin.TapKeyword$_tap_closure1.doCall(TapKeyword.groovy:76)
	at com.kms.katalon.core.mobile.keyword.builtin.TapKeyword$_tap_closure1.call(TapKeyword.groovy)
	at com.kms.katalon.core.mobile.keyword.internal.MobileKeywordMain.runKeyword(MobileKeywordMain.groovy:21)
	at com.kms.katalon.core.mobile.keyword.builtin.TapKeyword.tap(TapKeyword.groovy:84)
	at com.kms.katalon.core.mobile.keyword.builtin.TapKeyword.execute(TapKeyword.groovy:68)
	at com.kms.katalon.core.keyword.internal.KeywordExecutor.executeKeywordForPlatform(KeywordExecutor.groovy:74)
	at com.kms.katalon.core.mobile.keyword.MobileBuiltInKeywords.tap(MobileBuiltInKeywords.groovy:1490)
	at com.kms.katalon.core.mobile.keyword.MobileBuiltInKeywords$tap$2.call(Unknown Source)
	at 19 Estructura de pantalla - Pantalla Cierre de sesión.run(19 Estructura de pantalla - Pantalla Cierre de sesión:26)
	at com.kms.katalon.core.main.ScriptEngine.run(ScriptEngine.java:194)
	at com.kms.katalon.core.main.ScriptEngine.runScriptAsRawText(ScriptEngine.java:119)
	at com.kms.katalon.core.main.TestCaseExecutor.runScript(TestCaseExecutor.java:445)
	at com.kms.katalon.core.main.TestCaseExecutor.doExecute(TestCaseExecutor.java:436)
	at com.kms.katalon.core.main.TestCaseExecutor.processExecutionPhase(TestCaseExecutor.java:415)
	at com.kms.katalon.core.main.TestCaseExecutor.accessMainPhase(TestCaseExecutor.java:407)
	at com.kms.katalon.core.main.TestCaseExecutor.execute(TestCaseExecutor.java:284)
	at com.kms.katalon.core.common.CommonExecutor.accessTestCaseMainPhase(CommonExecutor.java:65)
	at com.kms.katalon.core.main.TestSuiteExecutor.accessTestSuiteMainPhase(TestSuiteExecutor.java:144)
	at com.kms.katalon.core.main.TestSuiteExecutor.execute(TestSuiteExecutor.java:106)
	at com.kms.katalon.core.main.TestCaseMain.startTestSuite(TestCaseMain.java:185)
	at com.kms.katalon.core.main.TestCaseMain$startTestSuite$0.call(Unknown Source)
	at TempTestSuite1653363335604.run(TempTestSuite1653363335604.groovy:36)
)
	at com.kms.katalon.core.keyword.internal.KeywordMain.stepFailed(KeywordMain.groovy:39)
	at com.kms.katalon.core.mobile.keyword.internal.MobileKeywordMain.stepFailed(MobileKeywordMain.groovy:40)
	at com.kms.katalon.core.mobile.keyword.internal.MobileKeywordMain.runKeyword(MobileKeywordMain.groovy:23)
	at com.kms.katalon.core.mobile.keyword.builtin.TapKeyword.tap(TapKeyword.groovy:84)
	at com.kms.katalon.core.mobile.keyword.builtin.TapKeyword.execute(TapKeyword.groovy:68)
	at com.kms.katalon.core.keyword.internal.KeywordExecutor.executeKeywordForPlatform(KeywordExecutor.groovy:74)
	at com.kms.katalon.core.mobile.keyword.MobileBuiltInKeywords.tap(MobileBuiltInKeywords.groovy:1490)
	at com.kms.katalon.core.mobile.keyword.MobileBuiltInKeywords$tap$2.call(Unknown Source)
	at 19 Estructura de pantalla - Pantalla Cierre de sesión.run(19 Estructura de pantalla - Pantalla Cierre de sesión:26)
	at com.kms.katalon.core.main.ScriptEngine.run(ScriptEngine.java:194)
	at com.kms.katalon.core.main.ScriptEngine.runScriptAsRawText(ScriptEngine.java:119)
	at com.kms.katalon.core.main.TestCaseExecutor.runScript(TestCaseExecutor.java:445)
	at com.kms.katalon.core.main.TestCaseExecutor.doExecute(TestCaseExecutor.java:436)
	at com.kms.katalon.core.main.TestCaseExecutor.processExecutionPhase(TestCaseExecutor.java:415)
	at com.kms.katalon.core.main.TestCaseExecutor.accessMainPhase(TestCaseExecutor.java:407)
	at com.kms.katalon.core.main.TestCaseExecutor.execute(TestCaseExecutor.java:284)
	at com.kms.katalon.core.common.CommonExecutor.accessTestCaseMainPhase(CommonExecutor.java:65)
	at com.kms.katalon.core.main.TestSuiteExecutor.accessTestSuiteMainPhase(TestSuiteExecutor.java:144)
	at com.kms.katalon.core.main.TestSuiteExecutor.execute(TestSuiteExecutor.java:106)
	at com.kms.katalon.core.main.TestCaseMain.startTestSuite(TestCaseMain.java:185)
	at com.kms.katalon.core.main.TestCaseMain$startTestSuite$0.call(Unknown Source)
	at TempTestSuite1653363335604.run(TempTestSuite1653363335604.groovy:36)
Caused by: org.openqa.selenium.StaleElementReferenceException: Cached elements 'By.xpath: //*[@class = 'android.widget.ImageView' and @resource-id = 'com.verticalapps.KonyMobileBanking:id/imgLogout' and (@text = '' or . = '')]' do not exist in DOM anymore
For documentation on this error, please visit: https://www.seleniumhq.org/exceptions/stale_element_reference.html
Build info: version: '3.141.59', revision: 'e82be7d358', time: '2018-11-14T08:25:53'
System info: host: 'JOSE-ARRIETA', ip: '192.168.0.103', os.name: 'Windows 10', os.arch: 'amd64', os.version: '10.0', java.version: '1.8.0_282'
Driver info: com.kms.katalon.core.appium.driver.SwipeableAndroidDriver
Capabilities {app: C:\Users\Jose_Arrieta\Deskt..., appPackage: com.verticalapps.KonyMobile..., autoGrantPermissions: true, automationName: uiautomator2, chromedriverPort: 52173, databaseEnabled: false, desired: {app: C:\Users\Jose_Arrieta\Deskt..., autoGrantPermissions: true, automationName: uiautomator2, chromedriverPort: 52173, deviceId: , deviceName: HUAWEI MRD-LX3 (Android 9), fullReset: false, newCommandTimeout: 1800, noReset: true, platform: ANDROID, platformName: android, platformVersion: 9, systemPort: 51687, udid: ASJNW19409003146}, deviceApiLevel: 28, deviceId: , deviceManufacturer: HUAWEI, deviceModel: MRD-LX3, deviceName: ASJNW19409003146, deviceScreenDensity: 272, deviceScreenSize: 720x1560, deviceUDID: ASJNW19409003146, fullReset: false, javascriptEnabled: true, locationContextEnabled: false, networkConnectionEnabled: true, newCommandTimeout: 1800, noReset: true, pixelRatio: 1.7, platform: ANDROID, platformName: Android, platformVersion: 9, statBarHeight: 54, systemPort: 51687, takesScreenshot: true, udid: ASJNW19409003146, viewportRect: {height: 1368, left: 0, top: 54, width: 720}, warnings: {}, webStorageEnabled: false}
Session ID: f6871bca-cd24-4d80-9f57-495b00dbd6a6
	at org.openqa.selenium.remote.http.W3CHttpResponseCodec.createException(W3CHttpResponseCodec.java:187)
	at org.openqa.selenium.remote.http.W3CHttpResponseCodec.decode(W3CHttpResponseCodec.java:122)
	at org.openqa.selenium.remote.http.W3CHttpResponseCodec.decode(W3CHttpResponseCodec.java:49)
	at org.openqa.selenium.remote.HttpCommandExecutor.execute(HttpCommandExecutor.java:158)
	at io.appium.java_client.remote.AppiumCommandExecutor.execute(AppiumCommandExecutor.java:239)
	at org.openqa.selenium.remote.RemoteWebDriver.execute(RemoteWebDriver.java:552)
	at io.appium.java_client.DefaultGenericMobileDriver.execute(DefaultGenericMobileDriver.java:42)
	at io.appium.java_client.AppiumDriver.execute(AppiumDriver.java:1)
	at io.appium.java_client.android.AndroidDriver.execute(AndroidDriver.java:1)
	at com.kms.katalon.core.appium.driver.SwipeableAndroidDriver.execute(SwipeableAndroidDriver.java:1)
	at org.openqa.selenium.remote.RemoteWebElement.execute(RemoteWebElement.java:285)
	at io.appium.java_client.DefaultGenericMobileElement.execute(DefaultGenericMobileElement.java:45)
	at io.appium.java_client.MobileElement.execute(MobileElement.java:1)
	at io.appium.java_client.android.AndroidElement.execute(AndroidElement.java:1)
	at org.openqa.selenium.remote.RemoteWebElement.getLocation(RemoteWebElement.java:337)
	at org.openqa.selenium.WebElement$getLocation.call(Unknown Source)
	at com.kms.katalon.core.mobile.keyword.internal.MobileAbstractKeyword.findElement(MobileAbstractKeyword.groovy:86)
	at com.kms.katalon.core.mobile.keyword.builtin.TapKeyword.access$1(TapKeyword.groovy)
	at com.kms.katalon.core.mobile.keyword.builtin.TapKeyword$_tap_closure1.doCall(TapKeyword.groovy:76)
	at com.kms.katalon.core.mobile.keyword.builtin.TapKeyword$_tap_closure1.call(TapKeyword.groovy)
	at com.kms.katalon.core.mobile.keyword.internal.MobileKeywordMain.runKeyword(MobileKeywordMain.groovy:21)
	... 19 more]]></system-err>
      </testcase>
      <system-out><![CDATA[2022-05-23 23:35:57 - [TEST_SUITE][FAILED] - 01HU-Login-Cierre de Sesión: Test Cases/Sprint 1/01HU-Login-Cierre de Sesión/04 Estructura de la pantalla - Splash FAILED.
Reason:
com.kms.katalon.core.exception.StepFailedException: Element 'Object Repository/Sprint 1/Login/android.widget.ImageViewSplash' not found
	at com.kms.katalon.core.keyword.internal.KeywordMain.stepFailed(KeywordMain.groovy:39)
	at com.kms.katalon.core.mobile.keyword.internal.MobileKeywordMain.stepFailed(MobileKeywordMain.groovy:40)
	at com.kms.katalon.core.mobile.keyword.builtin.VerifyElementVisibleKeyword$_verifyElementVisible_closure1.doCall(VerifyElementVisibleKeyword.groovy:82)
	at com.kms.katalon.core.mobile.keyword.builtin.VerifyElementVisibleKeyword$_verifyElementVisible_closure1.call(VerifyElementVisibleKeyword.groovy)
	at com.kms.katalon.core.mobile.keyword.internal.MobileKeywordMain.runKeyword(MobileKeywordMain.groovy:21)
	at com.kms.katalon.core.mobile.keyword.builtin.VerifyElementVisibleKeyword.verifyElementVisible(VerifyElementVisibleKeyword.groovy:85)
	at com.kms.katalon.core.mobile.keyword.builtin.VerifyElementVisibleKeyword.execute(VerifyElementVisibleKeyword.groovy:64)
	at com.kms.katalon.core.keyword.internal.KeywordExecutor.executeKeywordForPlatform(KeywordExecutor.groovy:74)
	at com.kms.katalon.core.mobile.keyword.MobileBuiltInKeywords.verifyElementVisible(MobileBuiltInKeywords.groovy:2031)
	at com.kms.katalon.core.mobile.keyword.MobileBuiltInKeywords$verifyElementVisible$6.call(Unknown Source)
	at 04 Estructura de la pantalla - Splash.run(04 Estructura de la pantalla - Splash:22)
	at com.kms.katalon.core.main.ScriptEngine.run(ScriptEngine.java:194)
	at com.kms.katalon.core.main.ScriptEngine.runScriptAsRawText(ScriptEngine.java:119)
	at com.kms.katalon.core.main.TestCaseExecutor.runScript(TestCaseExecutor.java:445)
	at com.kms.katalon.core.main.TestCaseExecutor.doExecute(TestCaseExecutor.java:436)
	at com.kms.katalon.core.main.TestCaseExecutor.processExecutionPhase(TestCaseExecutor.java:415)
	at com.kms.katalon.core.main.TestCaseExecutor.accessMainPhase(TestCaseExecutor.java:407)
	at com.kms.katalon.core.main.TestCaseExecutor.execute(TestCaseExecutor.java:284)
	at com.kms.katalon.core.common.CommonExecutor.accessTestCaseMainPhase(CommonExecutor.java:65)
	at com.kms.katalon.core.main.TestSuiteExecutor.accessTestSuiteMainPhase(TestSuiteExecutor.java:144)
	at com.kms.katalon.core.main.TestSuiteExecutor.execute(TestSuiteExecutor.java:106)
	at com.kms.katalon.core.main.TestCaseMain.startTestSuite(TestCaseMain.java:185)
	at com.kms.katalon.core.main.TestCaseMain$startTestSuite$0.call(Unknown Source)
	at TempTestSuite1653363335604.run(TempTestSuite1653363335604.groovy:36)]]></system-out>
      <system-err><![CDATA[2022-05-23 23:35:57 - [TEST_SUITE][FAILED] - 01HU-Login-Cierre de Sesión: Test Cases/Sprint 1/01HU-Login-Cierre de Sesión/04 Estructura de la pantalla - Splash FAILED.
Reason:
com.kms.katalon.core.exception.StepFailedException: Element 'Object Repository/Sprint 1/Login/android.widget.ImageViewSplash' not found
	at com.kms.katalon.core.keyword.internal.KeywordMain.stepFailed(KeywordMain.groovy:39)
	at com.kms.katalon.core.mobile.keyword.internal.MobileKeywordMain.stepFailed(MobileKeywordMain.groovy:40)
	at com.kms.katalon.core.mobile.keyword.builtin.VerifyElementVisibleKeyword$_verifyElementVisible_closure1.doCall(VerifyElementVisibleKeyword.groovy:82)
	at com.kms.katalon.core.mobile.keyword.builtin.VerifyElementVisibleKeyword$_verifyElementVisible_closure1.call(VerifyElementVisibleKeyword.groovy)
	at com.kms.katalon.core.mobile.keyword.internal.MobileKeywordMain.runKeyword(MobileKeywordMain.groovy:21)
	at com.kms.katalon.core.mobile.keyword.builtin.VerifyElementVisibleKeyword.verifyElementVisible(VerifyElementVisibleKeyword.groovy:85)
	at com.kms.katalon.core.mobile.keyword.builtin.VerifyElementVisibleKeyword.execute(VerifyElementVisibleKeyword.groovy:64)
	at com.kms.katalon.core.keyword.internal.KeywordExecutor.executeKeywordForPlatform(KeywordExecutor.groovy:74)
	at com.kms.katalon.core.mobile.keyword.MobileBuiltInKeywords.verifyElementVisible(MobileBuiltInKeywords.groovy:2031)
	at com.kms.katalon.core.mobile.keyword.MobileBuiltInKeywords$verifyElementVisible$6.call(Unknown Source)
	at 04 Estructura de la pantalla - Splash.run(04 Estructura de la pantalla - Splash:22)
	at com.kms.katalon.core.main.ScriptEngine.run(ScriptEngine.java:194)
	at com.kms.katalon.core.main.ScriptEngine.runScriptAsRawText(ScriptEngine.java:119)
	at com.kms.katalon.core.main.TestCaseExecutor.runScript(TestCaseExecutor.java:445)
	at com.kms.katalon.core.main.TestCaseExecutor.doExecute(TestCaseExecutor.java:436)
	at com.kms.katalon.core.main.TestCaseExecutor.processExecutionPhase(TestCaseExecutor.java:415)
	at com.kms.katalon.core.main.TestCaseExecutor.accessMainPhase(TestCaseExecutor.java:407)
	at com.kms.katalon.core.main.TestCaseExecutor.execute(TestCaseExecutor.java:284)
	at com.kms.katalon.core.common.CommonExecutor.accessTestCaseMainPhase(CommonExecutor.java:65)
	at com.kms.katalon.core.main.TestSuiteExecutor.accessTestSuiteMainPhase(TestSuiteExecutor.java:144)
	at com.kms.katalon.core.main.TestSuiteExecutor.execute(TestSuiteExecutor.java:106)
	at com.kms.katalon.core.main.TestCaseMain.startTestSuite(TestCaseMain.java:185)
	at com.kms.katalon.core.main.TestCaseMain$startTestSuite$0.call(Unknown Source)
	at TempTestSuite1653363335604.run(TempTestSuite1653363335604.groovy:36)]]></system-err>
   </testsuite>
</testsuites>
