<?xml version="1.0" encoding="UTF-8"?>
<testsuites name="01HU-Login-Cierre de Sesión" time="878.662" tests="14" failures="3" errors="0">
   <testsuite name="01HU-Login-Cierre de Sesión" tests="14" failures="3" errors="0" time="878.662" skipped="0" timestamp="2022-05-24 12:05:00" hostname="Jose_Arrieta - Jose-Arrieta" id="Test Suites/Sprint 1/01HU-Login-Cierre de Sesión">
      <properties>
         <property name="deviceName" value="HUAWEI MRD-LX3 (Android 9)"/>
         <property name="devicePlatform" value=""/>
         <property name="logFolder" value="C:\\Users\\Jose_Arrieta\\git\\UENO-App-Android\\UENO-App-Android\\Reports\\20220524_120438\\Sprint 1\\01HU-Login-Cierre de Sesi\u00F3n\\20220524_120440"/>
         <property name="logFiles" value="C:\\Users\\Jose_Arrieta\\git\\UENO-App-Android\\UENO-App-Android\\Reports\\20220524_120438\\Sprint 1\\01HU-Login-Cierre de Sesi\u00F3n\\20220524_120440\\appium.log, C:\\Users\\Jose_Arrieta\\git\\UENO-App-Android\\UENO-App-Android\\Reports\\20220524_120438\\Sprint 1\\01HU-Login-Cierre de Sesi\u00F3n\\20220524_120440\\execution0.log"/>
         <property name="attachments" value=""/>
         <property name="hostName" value="Jose_Arrieta - Jose-Arrieta"/>
         <property name="os" value="Windows 10 64bit"/>
         <property name="appiumServerStatus" value="{&quot;value&quot;:{&quot;build&quot;:{&quot;version&quot;:&quot;1.22.3&quot;}},&quot;sessionId&quot;:null,&quot;status&quot;:0}"/>
         <property name="katalonVersion" value="8.3.0.208"/>
         <property name="deviceOS" value="Android"/>
         <property name="appiumVersion" value="1.22.3"/>
         <property name="deviceModel" value="MRD-LX3"/>
         <property name="hostAddress" value="192.168.0.103"/>
         <property name="deviceManufacturer" value="HUAWEI"/>
         <property name="deviceId" value="ASJNW19409003146"/>
         <property name="deviceName" value="HUAWEI MRD-LX3 (Android 9)"/>
         <property name="deviceOSVersion" value="9"/>
      </properties>
      <testcase name="Test Cases/Sprint 1/01HU-Login-Cierre de Sesión/01 Especificaciones Funcionales - Primer Login exitoso del Cliente" time="113.972" classname="Test Cases/Sprint 1/01HU-Login-Cierre de Sesión/01 Especificaciones Funcionales - Primer Login exitoso del Cliente" status="PASSED">
         <system-out><![CDATA[2022-05-24 12:05:00 - [TEST_CASE][PASSED] - Test Cases/Sprint 1/01HU-Login-Cierre de Sesión/01 Especificaciones Funcionales - Primer Login exitoso del Cliente: Test Cases/Sprint 1/01HU-Login-Cierre de Sesión/01 Especificaciones Funcionales - Primer Login exitoso del Cliente

2022-05-24 12:05:02 - [TEST_STEP][PASSED] - startApplication(URL, true): Started app at: 'C:\Users\Jose_Arrieta\Desktop\JA\Proyectos\Automatizacion de pruebas\APK para inicio\crtopyinfinitymobilebanking-release (8).apk'

2022-05-24 12:05:02 - [MESSAGE][WARNING] - Test object with id 'Object Repository/cierre de sesion/android.widget.TextView - Sesin cerrada por inactividad. Ingres de nuevo' does not exist

2022-05-24 12:05:02 - [MESSAGE][WARNING] - Test object with id 'Object Repository/falla de conexion dashboard/android.widget.TextView - Ups Hubo una falla en la conexin. Por favor, verific y prob de nuevo' does not exist

2022-05-24 12:05:02 - [MESSAGE][WARNING] - Test object with id 'Object Repository/dasboard/android.widget.TextView - Te gustara activar tu huella digital como mtodo de acceso predeterminado' does not exist

2022-05-24 12:05:02 - [MESSAGE][INFO] - User set preference: ['deviceId', '']

2022-05-24 12:05:03 - [MESSAGE][INFO] - Detected NodeJS location: "C:\Program Files\nodejs\node.exe"

2022-05-24 12:05:04 - [MESSAGE][INFO] - Appium server started on port 54.121

2022-05-24 12:05:55 - [MESSAGE][PASSED] - Started app at: 'C:\Users\Jose_Arrieta\Desktop\JA\Proyectos\Automatizacion de pruebas\APK para inicio\crtopyinfinitymobilebanking-release (8).apk'

2022-05-24 12:05:55 - [TEST_STEP][PASSED] - delay(10, CONTINUE_ON_FAILURE): Delayed 10 second(s)

2022-05-24 12:06:05 - [MESSAGE][PASSED] - Delayed 10 second(s)

2022-05-24 12:06:05 - [TEST_STEP][PASSED] - Hola = getText(findTestObject("Object Repository/Sprint 1/Inicio primera vez y cierre de sesion/android.widget.TextView - Hola Primer Login"), 0): Text of element 'Object Repository/Sprint 1/Inicio primera vez y cierre de sesion/android.widget.TextView - Hola Primer Login' is: '¡Hola!'

2022-05-24 12:06:05 - [MESSAGE][WARNING] - Timeout '0' is invalid. Using default page load timeout: '30'

2022-05-24 12:06:07 - [MESSAGE][PASSED] - Text of element 'Object Repository/Sprint 1/Inicio primera vez y cierre de sesion/android.widget.TextView - Hola Primer Login' is: '¡Hola!'

2022-05-24 12:06:07 - [TEST_STEP][PASSED] - verifyEqual(Hola, "¡Hola!"): Actual object '¡Hola!' and expected object '¡Hola!' are equal

2022-05-24 12:06:07 - [MESSAGE][PASSED] - Actual object '¡Hola!' and expected object '¡Hola!' are equal

2022-05-24 12:06:07 - [TEST_STEP][PASSED] - setText(findTestObject("Object Repository/Sprint 1/Inicio primera vez y cierre de sesion/android.widget.EditText - Ejemplo 0981123456 (1)"), Numerocelular, 0): Text '0972875200' has been set to element 'Object Repository/Sprint 1/Inicio primera vez y cierre de sesion/android.widget.EditText - Ejemplo 0981123456 (1)'

2022-05-24 12:06:08 - [MESSAGE][WARNING] - Timeout '0' is invalid. Using default page load timeout: '30'

2022-05-24 12:06:09 - [MESSAGE][PASSED] - Text '0972875200' has been set to element 'Object Repository/Sprint 1/Inicio primera vez y cierre de sesion/android.widget.EditText - Ejemplo 0981123456 (1)'

2022-05-24 12:06:09 - [TEST_STEP][PASSED] - setText(findTestObject("Object Repository/Sprint 1/Inicio primera vez y cierre de sesion/android.widget.EditText (2)"), Contrasena, 0): Text 'Kony!12345' has been set to element 'Object Repository/Sprint 1/Inicio primera vez y cierre de sesion/android.widget.EditText (2)'

2022-05-24 12:06:09 - [MESSAGE][WARNING] - Timeout '0' is invalid. Using default page load timeout: '30'

2022-05-24 12:06:11 - [MESSAGE][PASSED] - Text 'Kony!12345' has been set to element 'Object Repository/Sprint 1/Inicio primera vez y cierre de sesion/android.widget.EditText (2)'

2022-05-24 12:06:11 - [TEST_STEP][PASSED] - tap(findTestObject("Object Repository/Sprint 1/Inicio primera vez y cierre de sesion/android.widget.Button - Ingresar (2)"), 0): Tapped on element 'Object Repository/Sprint 1/Inicio primera vez y cierre de sesion/android.widget.Button - Ingresar (2)'

2022-05-24 12:06:11 - [MESSAGE][WARNING] - Timeout '0' is invalid. Using default page load timeout: '30'

2022-05-24 12:06:12 - [MESSAGE][PASSED] - Tapped on element 'Object Repository/Sprint 1/Inicio primera vez y cierre de sesion/android.widget.Button - Ingresar (2)'

2022-05-24 12:06:12 - [TEST_STEP][PASSED] - tap(findTestObject("Sprint 1/Inicio primera vez y cierre de sesion/android.widget.Button - NO (1)"), 0): Tapped on element 'Object Repository/Sprint 1/Inicio primera vez y cierre de sesion/android.widget.Button - NO (1)'

2022-05-24 12:06:12 - [MESSAGE][WARNING] - Timeout '0' is invalid. Using default page load timeout: '30'

2022-05-24 12:06:40 - [MESSAGE][PASSED] - Tapped on element 'Object Repository/Sprint 1/Inicio primera vez y cierre de sesion/android.widget.Button - NO (1)'

2022-05-24 12:06:40 - [TEST_STEP][PASSED] - tap(findTestObject("Sprint 1/Inicio primera vez y cierre de sesion/android.widget.ImageView"), 0): Tapped on element 'Object Repository/Sprint 1/Inicio primera vez y cierre de sesion/android.widget.ImageView'

2022-05-24 12:06:40 - [MESSAGE][WARNING] - Timeout '0' is invalid. Using default page load timeout: '30'

2022-05-24 12:06:44 - [MESSAGE][PASSED] - Tapped on element 'Object Repository/Sprint 1/Inicio primera vez y cierre de sesion/android.widget.ImageView'

2022-05-24 12:06:44 - [TEST_STEP][PASSED] - tap(findTestObject("Sprint 1/cierre de sesion/android.widget.ImageView Icono salir superior"), 0): Tapped on element 'Object Repository/Sprint 1/cierre de sesion/android.widget.ImageView Icono salir superior'

2022-05-24 12:06:44 - [MESSAGE][WARNING] - Timeout '0' is invalid. Using default page load timeout: '30'

2022-05-24 12:06:46 - [MESSAGE][PASSED] - Tapped on element 'Object Repository/Sprint 1/cierre de sesion/android.widget.ImageView Icono salir superior'

2022-05-24 12:06:46 - [TEST_STEP][PASSED] - tap(findTestObject("Sprint 1/cierre de sesion/android.widget.Button - SI (cerrar sesion)"), 0): Tapped on element 'Object Repository/Sprint 1/cierre de sesion/android.widget.Button - SI (cerrar sesion)'

2022-05-24 12:06:46 - [MESSAGE][WARNING] - Timeout '0' is invalid. Using default page load timeout: '30'

2022-05-24 12:06:46 - [MESSAGE][PASSED] - Tapped on element 'Object Repository/Sprint 1/cierre de sesion/android.widget.Button - SI (cerrar sesion)'

2022-05-24 12:06:46 - [TEST_STEP][PASSED] - SILVIA = getText(findTestObject("Sprint 1/Inicio primera vez y cierre de sesion/android.widget.TextView -  NombreUsuario"), 0): Text of element 'Object Repository/Sprint 1/Inicio primera vez y cierre de sesion/android.widget.TextView -  NombreUsuario' is: ' SILVIA'

2022-05-24 12:06:47 - [MESSAGE][WARNING] - Timeout '0' is invalid. Using default page load timeout: '30'

2022-05-24 12:06:54 - [MESSAGE][PASSED] - Text of element 'Object Repository/Sprint 1/Inicio primera vez y cierre de sesion/android.widget.TextView -  NombreUsuario' is: ' SILVIA'

2022-05-24 12:06:54 - [TEST_STEP][PASSED] - verifyEqual(Nombredeusuario, findTestData("Usuarios").getValue(4, 1)): Actual object 'SILVIA' and expected object 'SILVIA' are equal

2022-05-24 12:06:54 - [MESSAGE][PASSED] - Actual object 'SILVIA' and expected object 'SILVIA' are equal]]></system-out>
         <system-err><![CDATA[]]></system-err>
      </testcase>
      <testcase name="Test Cases/Sprint 1/01HU-Login-Cierre de Sesión/02Estructura de la pantalla - Pantalla de Login" time="29.92" classname="Test Cases/Sprint 1/01HU-Login-Cierre de Sesión/02Estructura de la pantalla - Pantalla de Login" status="PASSED">
         <system-out><![CDATA[2022-05-24 12:06:54 - [TEST_CASE][PASSED] - Test Cases/Sprint 1/01HU-Login-Cierre de Sesión/02Estructura de la pantalla - Pantalla de Login: Test Cases/Sprint 1/01HU-Login-Cierre de Sesión/02Estructura de la pantalla - Pantalla de Login

2022-05-24 12:06:55 - [TEST_STEP][PASSED] - startApplication(URL, false): Started app at: 'C:\Users\Jose_Arrieta\Desktop\JA\Proyectos\Automatizacion de pruebas\APK para inicio\crtopyinfinitymobilebanking-release (8).apk'

2022-05-24 12:06:55 - [MESSAGE][INFO] - User set preference: ['deviceId', '']

2022-05-24 12:07:10 - [MESSAGE][PASSED] - Started app at: 'C:\Users\Jose_Arrieta\Desktop\JA\Proyectos\Automatizacion de pruebas\APK para inicio\crtopyinfinitymobilebanking-release (8).apk'

2022-05-24 12:07:10 - [TEST_STEP][PASSED] - delay(5, CONTINUE_ON_FAILURE): Delayed 5 second(s)

2022-05-24 12:07:15 - [MESSAGE][PASSED] - Delayed 5 second(s)

2022-05-24 12:07:15 - [TEST_STEP][PASSED] - clearText(findTestObject("Sprint 1/Login/android.widget.EditText - Numero de celular login"), 0): Element 'Object Repository/Sprint 1/Login/android.widget.EditText - Numero de celular login' text is cleared

2022-05-24 12:07:15 - [MESSAGE][WARNING] - Timeout '0' is invalid. Using default page load timeout: '30'

2022-05-24 12:07:17 - [MESSAGE][PASSED] - Element 'Object Repository/Sprint 1/Login/android.widget.EditText - Numero de celular login' text is cleared

2022-05-24 12:07:17 - [TEST_STEP][PASSED] - Banner = getAttribute(findTestObject("Sprint 1/Login/android.widget.ImageView.Banner"), "resource-id", 0): Element 'Object Repository/Sprint 1/Login/android.widget.ImageView.Banner' has attribute 'resource-id' is 'com.verticalapps.KonyMobileBanking:id/imgKonyLogo'

2022-05-24 12:07:17 - [MESSAGE][WARNING] - Timeout '0' is invalid. Using default page load timeout: '30'

2022-05-24 12:07:18 - [MESSAGE][PASSED] - Element 'Object Repository/Sprint 1/Login/android.widget.ImageView.Banner' has attribute 'resource-id' is 'com.verticalapps.KonyMobileBanking:id/imgKonyLogo'

2022-05-24 12:07:18 - [TEST_STEP][PASSED] - verifyMatch(Banner, "com.verticalapps.KonyMobileBanking:id/imgKonyLogo", false): Actual text 'com.verticalapps.KonyMobileBanking:id/imgKonyLogo' and expected text 'com.verticalapps.KonyMobileBanking:id/imgKonyLogo' are matched 

2022-05-24 12:07:18 - [MESSAGE][PASSED] - Actual text 'com.verticalapps.KonyMobileBanking:id/imgKonyLogo' and expected text 'com.verticalapps.KonyMobileBanking:id/imgKonyLogo' are matched 

2022-05-24 12:07:18 - [TEST_STEP][PASSED] - Hola = getText(findTestObject("Sprint 1/Login/android.widget.TextView - Hola (1)"), 0, CONTINUE_ON_FAILURE): Text of element 'Object Repository/Sprint 1/Login/android.widget.TextView - Hola (1)' is: '¡Hola'

2022-05-24 12:07:19 - [MESSAGE][WARNING] - Timeout '0' is invalid. Using default page load timeout: '30'

2022-05-24 12:07:19 - [MESSAGE][PASSED] - Text of element 'Object Repository/Sprint 1/Login/android.widget.TextView - Hola (1)' is: '¡Hola'

2022-05-24 12:07:19 - [TEST_STEP][PASSED] - verifyEqual(Hola, "¡Hola"): Actual object '¡Hola' and expected object '¡Hola' are equal

2022-05-24 12:07:19 - [MESSAGE][PASSED] - Actual object '¡Hola' and expected object '¡Hola' are equal

2022-05-24 12:07:19 - [TEST_STEP][PASSED] - NumerodeCelular = getText(findTestObject("Sprint 1/Login/android.widget.TextView - Nmero de celular"), 0): Text of element 'Object Repository/Sprint 1/Login/android.widget.TextView - Nmero de celular' is: 'Número de celular:'

2022-05-24 12:07:19 - [MESSAGE][WARNING] - Timeout '0' is invalid. Using default page load timeout: '30'

2022-05-24 12:07:20 - [MESSAGE][PASSED] - Text of element 'Object Repository/Sprint 1/Login/android.widget.TextView - Nmero de celular' is: 'Número de celular:'

2022-05-24 12:07:20 - [TEST_STEP][PASSED] - verifyEqual(NumerodeCelular, "Número de celular:"): Actual object 'Número de celular:' and expected object 'Número de celular:' are equal

2022-05-24 12:07:20 - [MESSAGE][PASSED] - Actual object 'Número de celular:' and expected object 'Número de celular:' are equal

2022-05-24 12:07:20 - [TEST_STEP][PASSED] - Contrasena = getText(findTestObject("Sprint 1/Login/android.widget.TextView - Contrasea"), 0): Text of element 'Object Repository/Sprint 1/Login/android.widget.TextView - Contrasea' is: 'Contraseña:'

2022-05-24 12:07:20 - [MESSAGE][WARNING] - Timeout '0' is invalid. Using default page load timeout: '30'

2022-05-24 12:07:21 - [MESSAGE][PASSED] - Text of element 'Object Repository/Sprint 1/Login/android.widget.TextView - Contrasea' is: 'Contraseña:'

2022-05-24 12:07:21 - [TEST_STEP][PASSED] - verifyEqual(Contrasena, "Contraseña:"): Actual object 'Contraseña:' and expected object 'Contraseña:' are equal

2022-05-24 12:07:21 - [MESSAGE][PASSED] - Actual object 'Contraseña:' and expected object 'Contraseña:' are equal

2022-05-24 12:07:21 - [TEST_STEP][PASSED] - IconoContrasena = getAttribute(findTestObject("Sprint 1/Login/android.widget.ImageView.IconoMostrarContraseña"), "resource-id", 0): Element 'Object Repository/Sprint 1/Login/android.widget.ImageView.IconoMostrarContraseña' has attribute 'resource-id' is 'com.verticalapps.KonyMobileBanking:id/imgPwdVisiblityToggle'

2022-05-24 12:07:21 - [MESSAGE][WARNING] - Timeout '0' is invalid. Using default page load timeout: '30'

2022-05-24 12:07:21 - [MESSAGE][PASSED] - Element 'Object Repository/Sprint 1/Login/android.widget.ImageView.IconoMostrarContraseña' has attribute 'resource-id' is 'com.verticalapps.KonyMobileBanking:id/imgPwdVisiblityToggle'

2022-05-24 12:07:21 - [TEST_STEP][PASSED] - verifyMatch(IconoContrasena, "com.verticalapps.KonyMobileBanking:id/imgPwdVisiblityToggle", false): Actual text 'com.verticalapps.KonyMobileBanking:id/imgPwdVisiblityToggle' and expected text 'com.verticalapps.KonyMobileBanking:id/imgPwdVisiblityToggle' are matched 

2022-05-24 12:07:21 - [MESSAGE][PASSED] - Actual text 'com.verticalapps.KonyMobileBanking:id/imgPwdVisiblityToggle' and expected text 'com.verticalapps.KonyMobileBanking:id/imgPwdVisiblityToggle' are matched 

2022-05-24 12:07:21 - [TEST_STEP][PASSED] - OlvidastetuContrasena = getText(findTestObject("Sprint 1/Login/android.widget.TextView - Olvidaste tu contrasea"), 0): Text of element 'Object Repository/Sprint 1/Login/android.widget.TextView - Olvidaste tu contrasea' is: '¿Olvidaste tu contraseña?'

2022-05-24 12:07:21 - [MESSAGE][WARNING] - Timeout '0' is invalid. Using default page load timeout: '30'

2022-05-24 12:07:22 - [MESSAGE][PASSED] - Text of element 'Object Repository/Sprint 1/Login/android.widget.TextView - Olvidaste tu contrasea' is: '¿Olvidaste tu contraseña?'

2022-05-24 12:07:22 - [TEST_STEP][PASSED] - verifyEqual(OlvidastetuContrasena, "¿Olvidaste tu contraseña?"): Actual object '¿Olvidaste tu contraseña?' and expected object '¿Olvidaste tu contraseña?' are equal

2022-05-24 12:07:22 - [MESSAGE][PASSED] - Actual object '¿Olvidaste tu contraseña?' and expected object '¿Olvidaste tu contraseña?' are equal

2022-05-24 12:07:22 - [TEST_STEP][PASSED] - BotonIngresar = getAttribute(findTestObject("Sprint 1/Login/android.widget.Button - Ingresar"), "text", 0): Element 'Object Repository/Sprint 1/Login/android.widget.Button - Ingresar' has attribute 'text' is 'Ingresar'

2022-05-24 12:07:22 - [MESSAGE][WARNING] - Timeout '0' is invalid. Using default page load timeout: '30'

2022-05-24 12:07:23 - [MESSAGE][PASSED] - Element 'Object Repository/Sprint 1/Login/android.widget.Button - Ingresar' has attribute 'text' is 'Ingresar'

2022-05-24 12:07:23 - [TEST_STEP][PASSED] - verifyEqual(BotonIngresar, "Ingresar"): Actual object 'Ingresar' and expected object 'Ingresar' are equal

2022-05-24 12:07:23 - [MESSAGE][PASSED] - Actual object 'Ingresar' and expected object 'Ingresar' are equal

2022-05-24 12:07:23 - [TEST_STEP][PASSED] - Registrarme = getAttribute(findTestObject("Sprint 1/Login/android.widget.Button - Registrarme"), "text", 0): Element 'Object Repository/Sprint 1/Login/android.widget.Button - Registrarme' has attribute 'text' is 'Registrarme'

2022-05-24 12:07:23 - [MESSAGE][WARNING] - Timeout '0' is invalid. Using default page load timeout: '30'

2022-05-24 12:07:23 - [MESSAGE][PASSED] - Element 'Object Repository/Sprint 1/Login/android.widget.Button - Registrarme' has attribute 'text' is 'Registrarme'

2022-05-24 12:07:23 - [TEST_STEP][PASSED] - verifyEqual(Registrarme, "Registrarme"): Actual object 'Registrarme' and expected object 'Registrarme' are equal

2022-05-24 12:07:23 - [MESSAGE][PASSED] - Actual object 'Registrarme' and expected object 'Registrarme' are equal

2022-05-24 12:07:23 - [TEST_STEP][PASSED] - Soporte = getAttribute(findTestObject("Sprint 1/Login/android.widget.Button - Soporte"), "text", 0): Element 'Object Repository/Sprint 1/Login/android.widget.Button - Soporte' has attribute 'text' is 'Soporte'

2022-05-24 12:07:23 - [MESSAGE][WARNING] - Timeout '0' is invalid. Using default page load timeout: '30'

2022-05-24 12:07:24 - [MESSAGE][PASSED] - Element 'Object Repository/Sprint 1/Login/android.widget.Button - Soporte' has attribute 'text' is 'Soporte'

2022-05-24 12:07:24 - [TEST_STEP][PASSED] - verifyEqual(Soporte, "Soporte"): Actual object 'Soporte' and expected object 'Soporte' are equal

2022-05-24 12:07:24 - [MESSAGE][PASSED] - Actual object 'Soporte' and expected object 'Soporte' are equal

2022-05-24 12:07:24 - [TEST_STEP][PASSED] - TextoAyuda = getAttribute(findTestObject("Sprint 1/Login/android.widget.EditText - Ejemplo 0981123456"), "text", 0): Element 'Object Repository/Sprint 1/Login/android.widget.EditText - Ejemplo 0981123456' has attribute 'text' is 'Ejemplo: 0981123456'

2022-05-24 12:07:24 - [MESSAGE][WARNING] - Timeout '0' is invalid. Using default page load timeout: '30'

2022-05-24 12:07:24 - [MESSAGE][PASSED] - Element 'Object Repository/Sprint 1/Login/android.widget.EditText - Ejemplo 0981123456' has attribute 'text' is 'Ejemplo: 0981123456'

2022-05-24 12:07:24 - [TEST_STEP][PASSED] - verifyEqual(TextoAyuda, "Ejemplo: 0981123456"): Actual object 'Ejemplo: 0981123456' and expected object 'Ejemplo: 0981123456' are equal

2022-05-24 12:07:24 - [MESSAGE][PASSED] - Actual object 'Ejemplo: 0981123456' and expected object 'Ejemplo: 0981123456' are equal]]></system-out>
         <system-err><![CDATA[]]></system-err>
      </testcase>
      <testcase name="Test Cases/Sprint 1/01HU-Login-Cierre de Sesión/03Especificaciones funcionales - Botón Plano Olvidaste tu contraseña" time="73.007" classname="Test Cases/Sprint 1/01HU-Login-Cierre de Sesión/03Especificaciones funcionales - Botón Plano Olvidaste tu contraseña" status="PASSED">
         <system-out><![CDATA[2022-05-24 12:07:24 - [TEST_CASE][PASSED] - Test Cases/Sprint 1/01HU-Login-Cierre de Sesión/03Especificaciones funcionales - Botón Plano Olvidaste tu contraseña: Test Cases/Sprint 1/01HU-Login-Cierre de Sesión/03Especificaciones funcionales - Botón Plano Olvidaste tu contraseña

2022-05-24 12:07:25 - [TEST_STEP][PASSED] - startApplication(URL, true): Started app at: 'C:\Users\Jose_Arrieta\Desktop\JA\Proyectos\Automatizacion de pruebas\APK para inicio\crtopyinfinitymobilebanking-release (8).apk'

2022-05-24 12:07:25 - [MESSAGE][INFO] - User set preference: ['deviceId', '']

2022-05-24 12:08:12 - [MESSAGE][PASSED] - Started app at: 'C:\Users\Jose_Arrieta\Desktop\JA\Proyectos\Automatizacion de pruebas\APK para inicio\crtopyinfinitymobilebanking-release (8).apk'

2022-05-24 12:08:12 - [TEST_STEP][PASSED] - delay(10, CONTINUE_ON_FAILURE): Delayed 10 second(s)

2022-05-24 12:08:22 - [MESSAGE][PASSED] - Delayed 10 second(s)

2022-05-24 12:08:22 - [TEST_STEP][PASSED] - OlvidastetuContrasena = getText(findTestObject("Object Repository/Sprint 1/Olvido Contrasena/android.widget.TextView - Olvidaste tu contrasena Pantalla de inicio"), 0): Text of element 'Object Repository/Sprint 1/Olvido Contrasena/android.widget.TextView - Olvidaste tu contrasena Pantalla de inicio' is: '¿Olvidaste tu contraseña?'

2022-05-24 12:08:22 - [MESSAGE][WARNING] - Timeout '0' is invalid. Using default page load timeout: '30'

2022-05-24 12:08:25 - [MESSAGE][PASSED] - Text of element 'Object Repository/Sprint 1/Olvido Contrasena/android.widget.TextView - Olvidaste tu contrasena Pantalla de inicio' is: '¿Olvidaste tu contraseña?'

2022-05-24 12:08:25 - [TEST_STEP][PASSED] - verifyEqual(OlvidastetuContrasena, "¿Olvidaste tu contraseña?"): Actual object '¿Olvidaste tu contraseña?' and expected object '¿Olvidaste tu contraseña?' are equal

2022-05-24 12:08:25 - [MESSAGE][PASSED] - Actual object '¿Olvidaste tu contraseña?' and expected object '¿Olvidaste tu contraseña?' are equal

2022-05-24 12:08:25 - [TEST_STEP][PASSED] - tap(findTestObject("Sprint 1/Login/android.widget.Button - Olvidaste tu contrasea"), 0): Tapped on element 'Object Repository/Sprint 1/Login/android.widget.Button - Olvidaste tu contrasea'

2022-05-24 12:08:25 - [MESSAGE][WARNING] - Timeout '0' is invalid. Using default page load timeout: '30'

2022-05-24 12:08:26 - [MESSAGE][PASSED] - Tapped on element 'Object Repository/Sprint 1/Login/android.widget.Button - Olvidaste tu contrasea'

2022-05-24 12:08:26 - [TEST_STEP][PASSED] - Titulo = getText(findTestObject("Object Repository/Sprint 1/Olvido Contrasena/android.widget.TextView - Olvidaste tu contrasea (pantalla Olvido)"), 0): Text of element 'Object Repository/Sprint 1/Olvido Contrasena/android.widget.TextView - Olvidaste tu contrasea (pantalla Olvido)' is: '¿Olvidaste tu contraseña?'

2022-05-24 12:08:26 - [MESSAGE][WARNING] - Timeout '0' is invalid. Using default page load timeout: '30'

2022-05-24 12:08:27 - [MESSAGE][PASSED] - Text of element 'Object Repository/Sprint 1/Olvido Contrasena/android.widget.TextView - Olvidaste tu contrasea (pantalla Olvido)' is: '¿Olvidaste tu contraseña?'

2022-05-24 12:08:27 - [TEST_STEP][PASSED] - verifyEqual(Titulo, "¿Olvidaste tu contraseña?"): Actual object '¿Olvidaste tu contraseña?' and expected object '¿Olvidaste tu contraseña?' are equal

2022-05-24 12:08:27 - [MESSAGE][PASSED] - Actual object '¿Olvidaste tu contraseña?' and expected object '¿Olvidaste tu contraseña?' are equal

2022-05-24 12:08:27 - [TEST_STEP][PASSED] - NumeroCedula = getText(findTestObject("Sprint 1/Olvido Contrasena/android.widget.TextView - CI nmero"), 0): Text of element 'Object Repository/Sprint 1/Olvido Contrasena/android.widget.TextView - CI nmero' is: 'CI número:'

2022-05-24 12:08:27 - [MESSAGE][WARNING] - Timeout '0' is invalid. Using default page load timeout: '30'

2022-05-24 12:08:28 - [MESSAGE][PASSED] - Text of element 'Object Repository/Sprint 1/Olvido Contrasena/android.widget.TextView - CI nmero' is: 'CI número:'

2022-05-24 12:08:28 - [TEST_STEP][PASSED] - verifyEqual(NumeroCedula, "CI número:"): Actual object 'CI número:' and expected object 'CI número:' are equal

2022-05-24 12:08:28 - [MESSAGE][PASSED] - Actual object 'CI número:' and expected object 'CI número:' are equal

2022-05-24 12:08:28 - [TEST_STEP][PASSED] - TextoAyuda = getText(findTestObject("Object Repository/Sprint 1/Olvido Contrasena/android.widget.EditText - Ejemplo 1234567"), 0): Text of element 'Object Repository/Sprint 1/Olvido Contrasena/android.widget.EditText - Ejemplo 1234567' is: 'Ejemplo: 1234567'

2022-05-24 12:08:28 - [MESSAGE][WARNING] - Timeout '0' is invalid. Using default page load timeout: '30'

2022-05-24 12:08:29 - [MESSAGE][PASSED] - Text of element 'Object Repository/Sprint 1/Olvido Contrasena/android.widget.EditText - Ejemplo 1234567' is: 'Ejemplo: 1234567'

2022-05-24 12:08:29 - [TEST_STEP][PASSED] - verifyEqual(TextoAyuda, "Ejemplo: 1234567"): Actual object 'Ejemplo: 1234567' and expected object 'Ejemplo: 1234567' are equal

2022-05-24 12:08:29 - [MESSAGE][PASSED] - Actual object 'Ejemplo: 1234567' and expected object 'Ejemplo: 1234567' are equal

2022-05-24 12:08:29 - [TEST_STEP][PASSED] - Nrodecelularconelqueteregistraste = getText(findTestObject("Sprint 1/Olvido Contrasena/android.widget.TextView - Nro. de celular con el que te registraste"), 0): Text of element 'Object Repository/Sprint 1/Olvido Contrasena/android.widget.TextView - Nro. de celular con el que te registraste' is: 'Nro. de celular con el que te registraste:'

2022-05-24 12:08:29 - [MESSAGE][WARNING] - Timeout '0' is invalid. Using default page load timeout: '30'

2022-05-24 12:08:30 - [MESSAGE][PASSED] - Text of element 'Object Repository/Sprint 1/Olvido Contrasena/android.widget.TextView - Nro. de celular con el que te registraste' is: 'Nro. de celular con el que te registraste:'

2022-05-24 12:08:30 - [TEST_STEP][PASSED] - verifyEqual(Nrodecelularconelqueteregistraste, "Nro. de celular con el que te registraste:"): Actual object 'Nro. de celular con el que te registraste:' and expected object 'Nro. de celular con el que te registraste:' are equal

2022-05-24 12:08:30 - [MESSAGE][PASSED] - Actual object 'Nro. de celular con el que te registraste:' and expected object 'Nro. de celular con el que te registraste:' are equal

2022-05-24 12:08:30 - [TEST_STEP][PASSED] - TextoAyuda1 = getText(findTestObject("Object Repository/Sprint 1/Olvido Contrasena/android.widget.EditText - Ejemplo 0981123456"), 0): Text of element 'Object Repository/Sprint 1/Olvido Contrasena/android.widget.EditText - Ejemplo 0981123456' is: 'Ejemplo: 0981123456'

2022-05-24 12:08:30 - [MESSAGE][WARNING] - Timeout '0' is invalid. Using default page load timeout: '30'

2022-05-24 12:08:30 - [MESSAGE][PASSED] - Text of element 'Object Repository/Sprint 1/Olvido Contrasena/android.widget.EditText - Ejemplo 0981123456' is: 'Ejemplo: 0981123456'

2022-05-24 12:08:30 - [TEST_STEP][PASSED] - verifyEqual(TextoAyuda1, "Ejemplo: 0981123456"): Actual object 'Ejemplo: 0981123456' and expected object 'Ejemplo: 0981123456' are equal

2022-05-24 12:08:30 - [MESSAGE][PASSED] - Actual object 'Ejemplo: 0981123456' and expected object 'Ejemplo: 0981123456' are equal

2022-05-24 12:08:30 - [TEST_STEP][PASSED] - Correoelectronicoconelqueteregistraste = getText(findTestObject("Object Repository/Sprint 1/Olvido Contrasena/android.widget.TextView - Correo electrnico con el que te registraste"), 0): Text of element 'Object Repository/Sprint 1/Olvido Contrasena/android.widget.TextView - Correo electrnico con el que te registraste' is: 'Correo electrónico con el que te registraste:'

2022-05-24 12:08:30 - [MESSAGE][WARNING] - Timeout '0' is invalid. Using default page load timeout: '30'

2022-05-24 12:08:31 - [MESSAGE][PASSED] - Text of element 'Object Repository/Sprint 1/Olvido Contrasena/android.widget.TextView - Correo electrnico con el que te registraste' is: 'Correo electrónico con el que te registraste:'

2022-05-24 12:08:31 - [TEST_STEP][PASSED] - verifyEqual(Correoelectronicoconelqueteregistraste, "Correo electrónico con el que te registraste:"): Actual object 'Correo electrónico con el que te registraste:' and expected object 'Correo electrónico con el que te registraste:' are equal

2022-05-24 12:08:31 - [MESSAGE][PASSED] - Actual object 'Correo electrónico con el que te registraste:' and expected object 'Correo electrónico con el que te registraste:' are equal

2022-05-24 12:08:31 - [TEST_STEP][PASSED] - Ejemplo = getText(findTestObject("Object Repository/Sprint 1/Olvido Contrasena/android.widget.EditText - Ejemplo ejemplogmail.com"), 0): Text of element 'Object Repository/Sprint 1/Olvido Contrasena/android.widget.EditText - Ejemplo ejemplogmail.com' is: 'Ejemplo: ejemplo@gmail.com'

2022-05-24 12:08:31 - [MESSAGE][WARNING] - Timeout '0' is invalid. Using default page load timeout: '30'

2022-05-24 12:08:31 - [MESSAGE][PASSED] - Text of element 'Object Repository/Sprint 1/Olvido Contrasena/android.widget.EditText - Ejemplo ejemplogmail.com' is: 'Ejemplo: ejemplo@gmail.com'

2022-05-24 12:08:31 - [TEST_STEP][PASSED] - verifyEqual(Ejemplo, "Ejemplo: ejemplo@gmail.com"): Actual object 'Ejemplo: ejemplo@gmail.com' and expected object 'Ejemplo: ejemplo@gmail.com' are equal

2022-05-24 12:08:31 - [MESSAGE][PASSED] - Actual object 'Ejemplo: ejemplo@gmail.com' and expected object 'Ejemplo: ejemplo@gmail.com' are equal

2022-05-24 12:08:31 - [TEST_STEP][PASSED] - Continuar = getText(findTestObject("Object Repository/Sprint 1/Olvido Contrasena/android.widget.Button - Continuar"), 0): Text of element 'Object Repository/Sprint 1/Olvido Contrasena/android.widget.Button - Continuar' is: 'Continuar'

2022-05-24 12:08:31 - [MESSAGE][WARNING] - Timeout '0' is invalid. Using default page load timeout: '30'

2022-05-24 12:08:32 - [MESSAGE][PASSED] - Text of element 'Object Repository/Sprint 1/Olvido Contrasena/android.widget.Button - Continuar' is: 'Continuar'

2022-05-24 12:08:32 - [TEST_STEP][PASSED] - verifyEqual(Continuar, "Continuar"): Actual object 'Continuar' and expected object 'Continuar' are equal

2022-05-24 12:08:32 - [MESSAGE][PASSED] - Actual object 'Continuar' and expected object 'Continuar' are equal

2022-05-24 12:08:32 - [TEST_STEP][PASSED] - tap(findTestObject("Object Repository/Sprint 1/Olvido Contrasena/android.widget.ImageView Boton Back superior"), 0): Tapped on element 'Object Repository/Sprint 1/Olvido Contrasena/android.widget.ImageView Boton Back superior'

2022-05-24 12:08:32 - [MESSAGE][WARNING] - Timeout '0' is invalid. Using default page load timeout: '30'

2022-05-24 12:08:32 - [MESSAGE][PASSED] - Tapped on element 'Object Repository/Sprint 1/Olvido Contrasena/android.widget.ImageView Boton Back superior'

2022-05-24 12:08:32 - [TEST_STEP][PASSED] - tap(findTestObject("Sprint 1/Olvido Contrasena/android.widget.TextView - Olvidaste tu contrasena Pantalla de inicio"), 0): Tapped on element 'Object Repository/Sprint 1/Olvido Contrasena/android.widget.TextView - Olvidaste tu contrasena Pantalla de inicio'

2022-05-24 12:08:32 - [MESSAGE][WARNING] - Timeout '0' is invalid. Using default page load timeout: '30'

2022-05-24 12:08:36 - [MESSAGE][PASSED] - Tapped on element 'Object Repository/Sprint 1/Olvido Contrasena/android.widget.TextView - Olvidaste tu contrasena Pantalla de inicio'

2022-05-24 12:08:36 - [TEST_STEP][PASSED] - tap(findTestObject("Object Repository/Sprint 1/Olvido Contrasena/android.widget.ImageView (boton x)"), 0): Tapped on element 'Object Repository/Sprint 1/Olvido Contrasena/android.widget.ImageView (boton x)'

2022-05-24 12:08:36 - [MESSAGE][WARNING] - Timeout '0' is invalid. Using default page load timeout: '30'

2022-05-24 12:08:37 - [MESSAGE][PASSED] - Tapped on element 'Object Repository/Sprint 1/Olvido Contrasena/android.widget.ImageView (boton x)']]></system-out>
         <system-err><![CDATA[]]></system-err>
      </testcase>
      <testcase name="Test Cases/Sprint 1/01HU-Login-Cierre de Sesión/05 Especificaciones Funcionales - Focus" time="47.075" classname="Test Cases/Sprint 1/01HU-Login-Cierre de Sesión/05 Especificaciones Funcionales - Focus" status="PASSED">
         <system-out><![CDATA[2022-05-24 12:08:37 - [TEST_CASE][PASSED] - Test Cases/Sprint 1/01HU-Login-Cierre de Sesión/05 Especificaciones Funcionales - Focus: Test Cases/Sprint 1/01HU-Login-Cierre de Sesión/05 Especificaciones Funcionales - Focus

2022-05-24 12:08:38 - [TEST_STEP][PASSED] - startApplication(URL, false): Started app at: 'C:\Users\Jose_Arrieta\Desktop\JA\Proyectos\Automatizacion de pruebas\APK para inicio\crtopyinfinitymobilebanking-release (8).apk'

2022-05-24 12:08:38 - [MESSAGE][INFO] - User set preference: ['deviceId', '']

2022-05-24 12:08:56 - [MESSAGE][PASSED] - Started app at: 'C:\Users\Jose_Arrieta\Desktop\JA\Proyectos\Automatizacion de pruebas\APK para inicio\crtopyinfinitymobilebanking-release (8).apk'

2022-05-24 12:08:56 - [TEST_STEP][PASSED] - delay(10, CONTINUE_ON_FAILURE): Delayed 10 second(s)

2022-05-24 12:09:06 - [MESSAGE][PASSED] - Delayed 10 second(s)

2022-05-24 12:09:06 - [TEST_STEP][PASSED] - tap(findTestObject("Sprint 1/Login/android.widget.TextView - Nmero de celular"), 0, CONTINUE_ON_FAILURE): Tapped on element 'Object Repository/Sprint 1/Login/android.widget.TextView - Nmero de celular'

2022-05-24 12:09:06 - [MESSAGE][WARNING] - Timeout '0' is invalid. Using default page load timeout: '30'

2022-05-24 12:09:08 - [MESSAGE][PASSED] - Tapped on element 'Object Repository/Sprint 1/Login/android.widget.TextView - Nmero de celular'

2022-05-24 12:09:08 - [TEST_STEP][PASSED] - tap(findTestObject("Sprint 1/Login/android.widget.EditText - tipear contrasea"), 0): Tapped on element 'Object Repository/Sprint 1/Login/android.widget.EditText - tipear contrasea'

2022-05-24 12:09:08 - [MESSAGE][WARNING] - Timeout '0' is invalid. Using default page load timeout: '30'

2022-05-24 12:09:09 - [MESSAGE][PASSED] - Tapped on element 'Object Repository/Sprint 1/Login/android.widget.EditText - tipear contrasea'

2022-05-24 12:09:09 - [TEST_STEP][PASSED] - tap(findTestObject("Sprint 1/Login/android.widget.Button - Olvidaste tu contrasea"), 0): Tapped on element 'Object Repository/Sprint 1/Login/android.widget.Button - Olvidaste tu contrasea'

2022-05-24 12:09:09 - [MESSAGE][WARNING] - Timeout '0' is invalid. Using default page load timeout: '30'

2022-05-24 12:09:11 - [MESSAGE][PASSED] - Tapped on element 'Object Repository/Sprint 1/Login/android.widget.Button - Olvidaste tu contrasea'

2022-05-24 12:09:11 - [TEST_STEP][PASSED] - tap(findTestObject("Sprint 1/Olvido Contrasena/android.widget.ImageView Boton Back superior"), 0): Tapped on element 'Object Repository/Sprint 1/Olvido Contrasena/android.widget.ImageView Boton Back superior'

2022-05-24 12:09:11 - [MESSAGE][WARNING] - Timeout '0' is invalid. Using default page load timeout: '30'

2022-05-24 12:09:13 - [MESSAGE][PASSED] - Tapped on element 'Object Repository/Sprint 1/Olvido Contrasena/android.widget.ImageView Boton Back superior'

2022-05-24 12:09:13 - [TEST_STEP][PASSED] - tap(findTestObject("Sprint 1/Login/android.widget.Button - Soporte"), 0): Tapped on element 'Object Repository/Sprint 1/Login/android.widget.Button - Soporte'

2022-05-24 12:09:13 - [MESSAGE][WARNING] - Timeout '0' is invalid. Using default page load timeout: '30'

2022-05-24 12:09:17 - [MESSAGE][PASSED] - Tapped on element 'Object Repository/Sprint 1/Login/android.widget.Button - Soporte'

2022-05-24 12:09:17 - [TEST_STEP][PASSED] - tap(findTestObject("Sprint 1/Soporte/android.widget.ImageView Back Pantalla Soporte"), 0): Tapped on element 'Object Repository/Sprint 1/Soporte/android.widget.ImageView Back Pantalla Soporte'

2022-05-24 12:09:17 - [MESSAGE][WARNING] - Timeout '0' is invalid. Using default page load timeout: '30'

2022-05-24 12:09:19 - [MESSAGE][PASSED] - Tapped on element 'Object Repository/Sprint 1/Soporte/android.widget.ImageView Back Pantalla Soporte'

2022-05-24 12:09:19 - [TEST_STEP][PASSED] - tap(findTestObject("Sprint 1/Login/android.widget.Button - Registrarme"), 0): Tapped on element 'Object Repository/Sprint 1/Login/android.widget.Button - Registrarme'

2022-05-24 12:09:19 - [MESSAGE][WARNING] - Timeout '0' is invalid. Using default page load timeout: '30'

2022-05-24 12:09:23 - [MESSAGE][PASSED] - Tapped on element 'Object Repository/Sprint 1/Login/android.widget.Button - Registrarme'

2022-05-24 12:09:23 - [TEST_STEP][PASSED] - pressBack(): Press back button successfully

2022-05-24 12:09:24 - [MESSAGE][PASSED] - Press back button successfully]]></system-out>
         <system-err><![CDATA[]]></system-err>
      </testcase>
      <testcase name="Test Cases/Sprint 1/01HU-Login-Cierre de Sesión/07 Especificaciones Funcionales - Campo contraseña" time="34.723" classname="Test Cases/Sprint 1/01HU-Login-Cierre de Sesión/07 Especificaciones Funcionales - Campo contraseña" status="PASSED">
         <system-out><![CDATA[2022-05-24 12:09:24 - [TEST_CASE][PASSED] - Test Cases/Sprint 1/01HU-Login-Cierre de Sesión/07 Especificaciones Funcionales - Campo contraseña: Test Cases/Sprint 1/01HU-Login-Cierre de Sesión/07 Especificaciones Funcionales - Campo contraseña

2022-05-24 12:09:25 - [TEST_STEP][PASSED] - startApplication(URL, false): Started app at: 'C:\Users\Jose_Arrieta\Desktop\JA\Proyectos\Automatizacion de pruebas\APK para inicio\crtopyinfinitymobilebanking-release (8).apk'

2022-05-24 12:09:25 - [MESSAGE][INFO] - User set preference: ['deviceId', '']

2022-05-24 12:09:41 - [MESSAGE][PASSED] - Started app at: 'C:\Users\Jose_Arrieta\Desktop\JA\Proyectos\Automatizacion de pruebas\APK para inicio\crtopyinfinitymobilebanking-release (8).apk'

2022-05-24 12:09:41 - [TEST_STEP][PASSED] - delay(10, CONTINUE_ON_FAILURE): Delayed 10 second(s)

2022-05-24 12:09:51 - [MESSAGE][PASSED] - Delayed 10 second(s)

2022-05-24 12:09:51 - [TEST_STEP][PASSED] - clearText(findTestObject("Sprint 1/Login/android.widget.EditText - Numero de celular login"), 0): Element 'Object Repository/Sprint 1/Login/android.widget.EditText - Numero de celular login' text is cleared

2022-05-24 12:09:51 - [MESSAGE][WARNING] - Timeout '0' is invalid. Using default page load timeout: '30'

2022-05-24 12:09:53 - [MESSAGE][PASSED] - Element 'Object Repository/Sprint 1/Login/android.widget.EditText - Numero de celular login' text is cleared

2022-05-24 12:09:53 - [TEST_STEP][PASSED] - setText(findTestObject("Sprint 1/Login/android.widget.EditText - Ejemplo 0981123456"), Numerocelular, 0): Text '0972875200' has been set to element 'Object Repository/Sprint 1/Login/android.widget.EditText - Ejemplo 0981123456'

2022-05-24 12:09:53 - [MESSAGE][WARNING] - Timeout '0' is invalid. Using default page load timeout: '30'

2022-05-24 12:09:55 - [MESSAGE][PASSED] - Text '0972875200' has been set to element 'Object Repository/Sprint 1/Login/android.widget.EditText - Ejemplo 0981123456'

2022-05-24 12:09:55 - [TEST_STEP][PASSED] - setText(findTestObject("Sprint 1/Login/android.widget.EditText - tipear contrasea"), Contrasena, 0): Text 'Kony!12345' has been set to element 'Object Repository/Sprint 1/Login/android.widget.EditText - tipear contrasea'

2022-05-24 12:09:56 - [MESSAGE][WARNING] - Timeout '0' is invalid. Using default page load timeout: '30'

2022-05-24 12:09:58 - [MESSAGE][PASSED] - Text 'Kony!12345' has been set to element 'Object Repository/Sprint 1/Login/android.widget.EditText - tipear contrasea'

2022-05-24 12:09:58 - [TEST_STEP][PASSED] - tap(findTestObject("Sprint 1/Login/android.view.ViewGroup Ojito Ver contrasea"), 0): Tapped on element 'Object Repository/Sprint 1/Login/android.view.ViewGroup Ojito Ver contrasea'

2022-05-24 12:09:58 - [MESSAGE][WARNING] - Timeout '0' is invalid. Using default page load timeout: '30'

2022-05-24 12:09:59 - [MESSAGE][PASSED] - Tapped on element 'Object Repository/Sprint 1/Login/android.view.ViewGroup Ojito Ver contrasea']]></system-out>
         <system-err><![CDATA[]]></system-err>
      </testcase>
      <testcase name="Test Cases/Sprint 1/01HU-Login-Cierre de Sesión/08 Especificaciones Funcionales Numero de Celular -Contraseña" time="32.418" classname="Test Cases/Sprint 1/01HU-Login-Cierre de Sesión/08 Especificaciones Funcionales Numero de Celular -Contraseña" status="PASSED">
         <system-out><![CDATA[2022-05-24 12:09:59 - [TEST_CASE][PASSED] - Test Cases/Sprint 1/01HU-Login-Cierre de Sesión/08 Especificaciones Funcionales Numero de Celular -Contraseña: Test Cases/Sprint 1/01HU-Login-Cierre de Sesión/08 Especificaciones Funcionales Numero de Celular -Contraseña

2022-05-24 12:09:59 - [TEST_STEP][PASSED] - startApplication(URL, false): Started app at: 'C:\Users\Jose_Arrieta\Desktop\JA\Proyectos\Automatizacion de pruebas\APK para inicio\crtopyinfinitymobilebanking-release (8).apk'

2022-05-24 12:09:59 - [MESSAGE][INFO] - User set preference: ['deviceId', '']

2022-05-24 12:10:13 - [MESSAGE][PASSED] - Started app at: 'C:\Users\Jose_Arrieta\Desktop\JA\Proyectos\Automatizacion de pruebas\APK para inicio\crtopyinfinitymobilebanking-release (8).apk'

2022-05-24 12:10:13 - [TEST_STEP][PASSED] - delay(10, CONTINUE_ON_FAILURE): Delayed 10 second(s)

2022-05-24 12:10:23 - [MESSAGE][PASSED] - Delayed 10 second(s)

2022-05-24 12:10:23 - [TEST_STEP][PASSED] - clearText(findTestObject("Sprint 1/Login/android.widget.EditText - Numero de celular login"), 0): Element 'Object Repository/Sprint 1/Login/android.widget.EditText - Numero de celular login' text is cleared

2022-05-24 12:10:23 - [MESSAGE][WARNING] - Timeout '0' is invalid. Using default page load timeout: '30'

2022-05-24 12:10:25 - [MESSAGE][PASSED] - Element 'Object Repository/Sprint 1/Login/android.widget.EditText - Numero de celular login' text is cleared

2022-05-24 12:10:25 - [TEST_STEP][PASSED] - setText(findTestObject("Sprint 1/Login/android.widget.EditText - Ejemplo 0981123456"), Numerocelular, 0): Text '0972875200' has been set to element 'Object Repository/Sprint 1/Login/android.widget.EditText - Ejemplo 0981123456'

2022-05-24 12:10:25 - [MESSAGE][WARNING] - Timeout '0' is invalid. Using default page load timeout: '30'

2022-05-24 12:10:27 - [MESSAGE][PASSED] - Text '0972875200' has been set to element 'Object Repository/Sprint 1/Login/android.widget.EditText - Ejemplo 0981123456'

2022-05-24 12:10:27 - [TEST_STEP][PASSED] - setText(findTestObject("Sprint 1/Login/android.widget.EditText - tipear contrasea"), Contrasena, 0): Text 'Kony!12345' has been set to element 'Object Repository/Sprint 1/Login/android.widget.EditText - tipear contrasea'

2022-05-24 12:10:27 - [MESSAGE][WARNING] - Timeout '0' is invalid. Using default page load timeout: '30'

2022-05-24 12:10:29 - [MESSAGE][PASSED] - Text 'Kony!12345' has been set to element 'Object Repository/Sprint 1/Login/android.widget.EditText - tipear contrasea'

2022-05-24 12:10:29 - [TEST_STEP][PASSED] - checkElement(findTestObject("Sprint 1/Login/android.widget.Button - Ingresar"), 0): Element 'Object Repository/Sprint 1/Login/android.widget.Button - Ingresar' is checked

2022-05-24 12:10:29 - [MESSAGE][WARNING] - Timeout '0' is invalid. Using default page load timeout: '30'

2022-05-24 12:10:31 - [MESSAGE][PASSED] - Element 'Object Repository/Sprint 1/Login/android.widget.Button - Ingresar' is checked]]></system-out>
         <system-err><![CDATA[]]></system-err>
      </testcase>
      <testcase name="Test Cases/Sprint 1/01HU-Login-Cierre de Sesión/10 Especificaciones Funcionales para el campo numero de Celular" time="39.813" classname="Test Cases/Sprint 1/01HU-Login-Cierre de Sesión/10 Especificaciones Funcionales para el campo numero de Celular" status="PASSED">
         <system-out><![CDATA[2022-05-24 12:10:31 - [TEST_CASE][PASSED] - Test Cases/Sprint 1/01HU-Login-Cierre de Sesión/10 Especificaciones Funcionales para el campo numero de Celular: Test Cases/Sprint 1/01HU-Login-Cierre de Sesión/10 Especificaciones Funcionales para el campo numero de Celular

2022-05-24 12:10:32 - [TEST_STEP][PASSED] - startApplication(URL, false): Started app at: 'C:\Users\Jose_Arrieta\Desktop\JA\Proyectos\Automatizacion de pruebas\APK para inicio\crtopyinfinitymobilebanking-release (8).apk'

2022-05-24 12:10:32 - [MESSAGE][INFO] - User set preference: ['deviceId', '']

2022-05-24 12:10:59 - [MESSAGE][PASSED] - Started app at: 'C:\Users\Jose_Arrieta\Desktop\JA\Proyectos\Automatizacion de pruebas\APK para inicio\crtopyinfinitymobilebanking-release (8).apk'

2022-05-24 12:10:59 - [TEST_STEP][PASSED] - delay(10): Delayed 10 second(s)

2022-05-24 12:11:09 - [MESSAGE][PASSED] - Delayed 10 second(s)

2022-05-24 12:11:09 - [TEST_STEP][PASSED] - NumeroCelular = getText(findTestObject("Sprint 1/Login/android.widget.EditText - Numero de celular login"), 0): Text of element 'Object Repository/Sprint 1/Login/android.widget.EditText - Numero de celular login' is: '0972875200'

2022-05-24 12:11:09 - [MESSAGE][WARNING] - Timeout '0' is invalid. Using default page load timeout: '30'

2022-05-24 12:11:11 - [MESSAGE][PASSED] - Text of element 'Object Repository/Sprint 1/Login/android.widget.EditText - Numero de celular login' is: '0972875200'

2022-05-24 12:11:11 - [TEST_STEP][PASSED] - verifyEqual(NumeroCelular, NumeroEsperado): Actual object '0972875200' and expected object '0972875200' are equal

2022-05-24 12:11:11 - [MESSAGE][PASSED] - Actual object '0972875200' and expected object '0972875200' are equal]]></system-out>
         <system-err><![CDATA[]]></system-err>
      </testcase>
      <testcase name="Test Cases/Sprint 1/01HU-Login-Cierre de Sesión/11 Especificaciones Funcionales - Login exitoso del usuario" time="34.74" classname="Test Cases/Sprint 1/01HU-Login-Cierre de Sesión/11 Especificaciones Funcionales - Login exitoso del usuario" status="PASSED">
         <system-out><![CDATA[2022-05-24 12:11:11 - [TEST_CASE][PASSED] - Test Cases/Sprint 1/01HU-Login-Cierre de Sesión/11 Especificaciones Funcionales - Login exitoso del usuario: Test Cases/Sprint 1/01HU-Login-Cierre de Sesión/11 Especificaciones Funcionales - Login exitoso del usuario

2022-05-24 12:11:12 - [TEST_STEP][PASSED] - startApplication(APKjose, false): Started app at: 'C:\Users\Jose_Arrieta\Desktop\JA\Proyectos\Automatizacion de pruebas\APK para inicio\crtopyinfinitymobilebanking-release (8).apk'

2022-05-24 12:11:12 - [MESSAGE][INFO] - User set preference: ['deviceId', '']

2022-05-24 12:11:26 - [MESSAGE][PASSED] - Started app at: 'C:\Users\Jose_Arrieta\Desktop\JA\Proyectos\Automatizacion de pruebas\APK para inicio\crtopyinfinitymobilebanking-release (8).apk'

2022-05-24 12:11:26 - [TEST_STEP][PASSED] - delay(10, STOP_ON_FAILURE): Delayed 10 second(s)

2022-05-24 12:11:36 - [MESSAGE][PASSED] - Delayed 10 second(s)

2022-05-24 12:11:36 - [TEST_STEP][PASSED] - clearText(findTestObject("Sprint 1/Login/android.widget.EditText - Numero de celular login"), 0): Element 'Object Repository/Sprint 1/Login/android.widget.EditText - Numero de celular login' text is cleared

2022-05-24 12:11:37 - [MESSAGE][WARNING] - Timeout '0' is invalid. Using default page load timeout: '30'

2022-05-24 12:11:39 - [MESSAGE][PASSED] - Element 'Object Repository/Sprint 1/Login/android.widget.EditText - Numero de celular login' text is cleared

2022-05-24 12:11:39 - [TEST_STEP][PASSED] - setText(findTestObject("Sprint 1/Login/android.widget.EditText - Ejemplo 0981123456"), Numerocelular, 0): Text '0972875200' has been set to element 'Object Repository/Sprint 1/Login/android.widget.EditText - Ejemplo 0981123456'

2022-05-24 12:11:39 - [MESSAGE][WARNING] - Timeout '0' is invalid. Using default page load timeout: '30'

2022-05-24 12:11:42 - [MESSAGE][PASSED] - Text '0972875200' has been set to element 'Object Repository/Sprint 1/Login/android.widget.EditText - Ejemplo 0981123456'

2022-05-24 12:11:42 - [TEST_STEP][PASSED] - setText(findTestObject("Sprint 1/Login/android.widget.EditText - tipear contrasea"), Contrasena, 0): Text 'Kony!12345' has been set to element 'Object Repository/Sprint 1/Login/android.widget.EditText - tipear contrasea'

2022-05-24 12:11:42 - [MESSAGE][WARNING] - Timeout '0' is invalid. Using default page load timeout: '30'

2022-05-24 12:11:44 - [MESSAGE][PASSED] - Text 'Kony!12345' has been set to element 'Object Repository/Sprint 1/Login/android.widget.EditText - tipear contrasea'

2022-05-24 12:11:44 - [TEST_STEP][PASSED] - tap(findTestObject("Sprint 1/Login/android.widget.Button - Ingresar"), 0): Tapped on element 'Object Repository/Sprint 1/Login/android.widget.Button - Ingresar'

2022-05-24 12:11:44 - [MESSAGE][WARNING] - Timeout '0' is invalid. Using default page load timeout: '30'

2022-05-24 12:11:46 - [MESSAGE][PASSED] - Tapped on element 'Object Repository/Sprint 1/Login/android.widget.Button - Ingresar']]></system-out>
         <system-err><![CDATA[]]></system-err>
      </testcase>
      <testcase name="Test Cases/Sprint 1/01HU-Login-Cierre de Sesión/12Especificaciones Funcionales - Login Fallido del usuario" time="71.252" classname="Test Cases/Sprint 1/01HU-Login-Cierre de Sesión/12Especificaciones Funcionales - Login Fallido del usuario" status="FAILED">
         <failure type="FAILED" message="Test Cases/Sprint 1/01HU-Login-Cierre de Sesión/12Especificaciones Funcionales - Login Fallido del usuario FAILED.
Reason:
com.kms.katalon.core.exception.StepFailedException: Unable to verify equal between actual object 'Ups! Se bloqueó tu contraseña. Para poder reingresar podés restaurarla.' and expected object '&quot;El número de celular y/o la contraseña ingresados son incorrectos.”.' (Root cause: com.kms.katalon.core.exception.StepFailedException: Actual object 'Ups! Se bloqueó tu contraseña. Para poder reingresar podés restaurarla.' and expected object '&quot;El número de celular y/o la contraseña ingresados son incorrectos.”.' are not equal
	at com.kms.katalon.core.keyword.builtin.VerifyEqualKeyword$_verifyEqual_closure1.doCall(VerifyEqualKeyword.groovy:58)
	at com.kms.katalon.core.keyword.builtin.VerifyEqualKeyword$_verifyEqual_closure1.call(VerifyEqualKeyword.groovy)
	at com.kms.katalon.core.keyword.internal.KeywordMain.runKeyword(KeywordMain.groovy:74)
	at com.kms.katalon.core.keyword.builtin.VerifyEqualKeyword.verifyEqual(VerifyEqualKeyword.groovy:63)
	at com.kms.katalon.core.keyword.builtin.VerifyEqualKeyword.execute(VerifyEqualKeyword.groovy:44)
	at com.kms.katalon.core.keyword.internal.KeywordExecutor.executeKeywordForPlatform(KeywordExecutor.groovy:74)
	at com.kms.katalon.core.keyword.BuiltinKeywords.verifyEqual(BuiltinKeywords.groovy:141)
	at 12Especificaciones Funcionales - Login Fallido del usuario.run(12Especificaciones Funcionales - Login Fallido del usuario:36)
	at com.kms.katalon.core.main.ScriptEngine.run(ScriptEngine.java:194)
	at com.kms.katalon.core.main.ScriptEngine.runScriptAsRawText(ScriptEngine.java:119)
	at com.kms.katalon.core.main.TestCaseExecutor.runScript(TestCaseExecutor.java:445)
	at com.kms.katalon.core.main.TestCaseExecutor.doExecute(TestCaseExecutor.java:436)
	at com.kms.katalon.core.main.TestCaseExecutor.processExecutionPhase(TestCaseExecutor.java:415)
	at com.kms.katalon.core.main.TestCaseExecutor.accessMainPhase(TestCaseExecutor.java:407)
	at com.kms.katalon.core.main.TestCaseExecutor.execute(TestCaseExecutor.java:284)
	at com.kms.katalon.core.common.CommonExecutor.accessTestCaseMainPhase(CommonExecutor.java:65)
	at com.kms.katalon.core.main.TestSuiteExecutor.accessTestSuiteMainPhase(TestSuiteExecutor.java:144)
	at com.kms.katalon.core.main.TestSuiteExecutor.execute(TestSuiteExecutor.java:106)
	at com.kms.katalon.core.main.TestCaseMain.startTestSuite(TestCaseMain.java:185)
	at com.kms.katalon.core.main.TestCaseMain$startTestSuite$0.call(Unknown Source)
	at TempTestSuite1653408280222.run(TempTestSuite1653408280222.groovy:36)
)
	at com.kms.katalon.core.keyword.internal.KeywordMain.stepFailed(KeywordMain.groovy:39)
	at com.kms.katalon.core.keyword.internal.KeywordMain.stepFailed(KeywordMain.groovy)
	at com.kms.katalon.core.keyword.internal.KeywordMain.runKeyword(KeywordMain.groovy:76)
	at com.kms.katalon.core.keyword.builtin.VerifyEqualKeyword.verifyEqual(VerifyEqualKeyword.groovy:63)
	at com.kms.katalon.core.keyword.builtin.VerifyEqualKeyword.execute(VerifyEqualKeyword.groovy:44)
	at com.kms.katalon.core.keyword.internal.KeywordExecutor.executeKeywordForPlatform(KeywordExecutor.groovy:74)
	at com.kms.katalon.core.keyword.BuiltinKeywords.verifyEqual(BuiltinKeywords.groovy:141)
	at 12Especificaciones Funcionales - Login Fallido del usuario.run(12Especificaciones Funcionales - Login Fallido del usuario:36)
	at com.kms.katalon.core.main.ScriptEngine.run(ScriptEngine.java:194)
	at com.kms.katalon.core.main.ScriptEngine.runScriptAsRawText(ScriptEngine.java:119)
	at com.kms.katalon.core.main.TestCaseExecutor.runScript(TestCaseExecutor.java:445)
	at com.kms.katalon.core.main.TestCaseExecutor.doExecute(TestCaseExecutor.java:436)
	at com.kms.katalon.core.main.TestCaseExecutor.processExecutionPhase(TestCaseExecutor.java:415)
	at com.kms.katalon.core.main.TestCaseExecutor.accessMainPhase(TestCaseExecutor.java:407)
	at com.kms.katalon.core.main.TestCaseExecutor.execute(TestCaseExecutor.java:284)
	at com.kms.katalon.core.common.CommonExecutor.accessTestCaseMainPhase(CommonExecutor.java:65)
	at com.kms.katalon.core.main.TestSuiteExecutor.accessTestSuiteMainPhase(TestSuiteExecutor.java:144)
	at com.kms.katalon.core.main.TestSuiteExecutor.execute(TestSuiteExecutor.java:106)
	at com.kms.katalon.core.main.TestCaseMain.startTestSuite(TestCaseMain.java:185)
	at com.kms.katalon.core.main.TestCaseMain$startTestSuite$0.call(Unknown Source)
	at TempTestSuite1653408280222.run(TempTestSuite1653408280222.groovy:36)
Caused by: com.kms.katalon.core.exception.StepFailedException: Actual object 'Ups! Se bloqueó tu contraseña. Para poder reingresar podés restaurarla.' and expected object '&quot;El número de celular y/o la contraseña ingresados son incorrectos.”.' are not equal
	at com.kms.katalon.core.keyword.builtin.VerifyEqualKeyword$_verifyEqual_closure1.doCall(VerifyEqualKeyword.groovy:58)
	at com.kms.katalon.core.keyword.builtin.VerifyEqualKeyword$_verifyEqual_closure1.call(VerifyEqualKeyword.groovy)
	at com.kms.katalon.core.keyword.internal.KeywordMain.runKeyword(KeywordMain.groovy:74)
	... 18 more
"/>
         <system-out><![CDATA[2022-05-24 12:11:46 - [TEST_CASE][FAILED] - Test Cases/Sprint 1/01HU-Login-Cierre de Sesión/12Especificaciones Funcionales - Login Fallido del usuario: Test Cases/Sprint 1/01HU-Login-Cierre de Sesión/12Especificaciones Funcionales - Login Fallido del usuario FAILED.
Reason:
com.kms.katalon.core.exception.StepFailedException: Unable to verify equal between actual object 'Ups! Se bloqueó tu contraseña. Para poder reingresar podés restaurarla.' and expected object '"El número de celular y/o la contraseña ingresados son incorrectos.”.' (Root cause: com.kms.katalon.core.exception.StepFailedException: Actual object 'Ups! Se bloqueó tu contraseña. Para poder reingresar podés restaurarla.' and expected object '"El número de celular y/o la contraseña ingresados son incorrectos.”.' are not equal
	at com.kms.katalon.core.keyword.builtin.VerifyEqualKeyword$_verifyEqual_closure1.doCall(VerifyEqualKeyword.groovy:58)
	at com.kms.katalon.core.keyword.builtin.VerifyEqualKeyword$_verifyEqual_closure1.call(VerifyEqualKeyword.groovy)
	at com.kms.katalon.core.keyword.internal.KeywordMain.runKeyword(KeywordMain.groovy:74)
	at com.kms.katalon.core.keyword.builtin.VerifyEqualKeyword.verifyEqual(VerifyEqualKeyword.groovy:63)
	at com.kms.katalon.core.keyword.builtin.VerifyEqualKeyword.execute(VerifyEqualKeyword.groovy:44)
	at com.kms.katalon.core.keyword.internal.KeywordExecutor.executeKeywordForPlatform(KeywordExecutor.groovy:74)
	at com.kms.katalon.core.keyword.BuiltinKeywords.verifyEqual(BuiltinKeywords.groovy:141)
	at 12Especificaciones Funcionales - Login Fallido del usuario.run(12Especificaciones Funcionales - Login Fallido del usuario:36)
	at com.kms.katalon.core.main.ScriptEngine.run(ScriptEngine.java:194)
	at com.kms.katalon.core.main.ScriptEngine.runScriptAsRawText(ScriptEngine.java:119)
	at com.kms.katalon.core.main.TestCaseExecutor.runScript(TestCaseExecutor.java:445)
	at com.kms.katalon.core.main.TestCaseExecutor.doExecute(TestCaseExecutor.java:436)
	at com.kms.katalon.core.main.TestCaseExecutor.processExecutionPhase(TestCaseExecutor.java:415)
	at com.kms.katalon.core.main.TestCaseExecutor.accessMainPhase(TestCaseExecutor.java:407)
	at com.kms.katalon.core.main.TestCaseExecutor.execute(TestCaseExecutor.java:284)
	at com.kms.katalon.core.common.CommonExecutor.accessTestCaseMainPhase(CommonExecutor.java:65)
	at com.kms.katalon.core.main.TestSuiteExecutor.accessTestSuiteMainPhase(TestSuiteExecutor.java:144)
	at com.kms.katalon.core.main.TestSuiteExecutor.execute(TestSuiteExecutor.java:106)
	at com.kms.katalon.core.main.TestCaseMain.startTestSuite(TestCaseMain.java:185)
	at com.kms.katalon.core.main.TestCaseMain$startTestSuite$0.call(Unknown Source)
	at TempTestSuite1653408280222.run(TempTestSuite1653408280222.groovy:36)
)
	at com.kms.katalon.core.keyword.internal.KeywordMain.stepFailed(KeywordMain.groovy:39)
	at com.kms.katalon.core.keyword.internal.KeywordMain.stepFailed(KeywordMain.groovy)
	at com.kms.katalon.core.keyword.internal.KeywordMain.runKeyword(KeywordMain.groovy:76)
	at com.kms.katalon.core.keyword.builtin.VerifyEqualKeyword.verifyEqual(VerifyEqualKeyword.groovy:63)
	at com.kms.katalon.core.keyword.builtin.VerifyEqualKeyword.execute(VerifyEqualKeyword.groovy:44)
	at com.kms.katalon.core.keyword.internal.KeywordExecutor.executeKeywordForPlatform(KeywordExecutor.groovy:74)
	at com.kms.katalon.core.keyword.BuiltinKeywords.verifyEqual(BuiltinKeywords.groovy:141)
	at 12Especificaciones Funcionales - Login Fallido del usuario.run(12Especificaciones Funcionales - Login Fallido del usuario:36)
	at com.kms.katalon.core.main.ScriptEngine.run(ScriptEngine.java:194)
	at com.kms.katalon.core.main.ScriptEngine.runScriptAsRawText(ScriptEngine.java:119)
	at com.kms.katalon.core.main.TestCaseExecutor.runScript(TestCaseExecutor.java:445)
	at com.kms.katalon.core.main.TestCaseExecutor.doExecute(TestCaseExecutor.java:436)
	at com.kms.katalon.core.main.TestCaseExecutor.processExecutionPhase(TestCaseExecutor.java:415)
	at com.kms.katalon.core.main.TestCaseExecutor.accessMainPhase(TestCaseExecutor.java:407)
	at com.kms.katalon.core.main.TestCaseExecutor.execute(TestCaseExecutor.java:284)
	at com.kms.katalon.core.common.CommonExecutor.accessTestCaseMainPhase(CommonExecutor.java:65)
	at com.kms.katalon.core.main.TestSuiteExecutor.accessTestSuiteMainPhase(TestSuiteExecutor.java:144)
	at com.kms.katalon.core.main.TestSuiteExecutor.execute(TestSuiteExecutor.java:106)
	at com.kms.katalon.core.main.TestCaseMain.startTestSuite(TestCaseMain.java:185)
	at com.kms.katalon.core.main.TestCaseMain$startTestSuite$0.call(Unknown Source)
	at TempTestSuite1653408280222.run(TempTestSuite1653408280222.groovy:36)
Caused by: com.kms.katalon.core.exception.StepFailedException: Actual object 'Ups! Se bloqueó tu contraseña. Para poder reingresar podés restaurarla.' and expected object '"El número de celular y/o la contraseña ingresados son incorrectos.”.' are not equal
	at com.kms.katalon.core.keyword.builtin.VerifyEqualKeyword$_verifyEqual_closure1.doCall(VerifyEqualKeyword.groovy:58)
	at com.kms.katalon.core.keyword.builtin.VerifyEqualKeyword$_verifyEqual_closure1.call(VerifyEqualKeyword.groovy)
	at com.kms.katalon.core.keyword.internal.KeywordMain.runKeyword(KeywordMain.groovy:74)
	... 18 more


2022-05-24 12:11:47 - [TEST_STEP][PASSED] - startApplication(URL, false): Started app at: 'C:\Users\Jose_Arrieta\Desktop\JA\Proyectos\Automatizacion de pruebas\APK para inicio\crtopyinfinitymobilebanking-release (8).apk'

2022-05-24 12:11:47 - [MESSAGE][INFO] - User set preference: ['deviceId', '']

2022-05-24 12:12:22 - [MESSAGE][PASSED] - Started app at: 'C:\Users\Jose_Arrieta\Desktop\JA\Proyectos\Automatizacion de pruebas\APK para inicio\crtopyinfinitymobilebanking-release (8).apk'

2022-05-24 12:12:22 - [TEST_STEP][PASSED] - delay(10, STOP_ON_FAILURE): Delayed 10 second(s)

2022-05-24 12:12:32 - [MESSAGE][PASSED] - Delayed 10 second(s)

2022-05-24 12:12:32 - [TEST_STEP][PASSED] - clearText(findTestObject("Sprint 1/Login/android.widget.EditText - Numero de celular login"), 0): Element 'Object Repository/Sprint 1/Login/android.widget.EditText - Numero de celular login' text is cleared

2022-05-24 12:12:32 - [MESSAGE][WARNING] - Timeout '0' is invalid. Using default page load timeout: '30'

2022-05-24 12:12:34 - [MESSAGE][PASSED] - Element 'Object Repository/Sprint 1/Login/android.widget.EditText - Numero de celular login' text is cleared

2022-05-24 12:12:34 - [TEST_STEP][PASSED] - setText(findTestObject("Sprint 1/Login/android.widget.EditText - Ejemplo 0981123456"), numerocelular, 0): Text '0999000601' has been set to element 'Object Repository/Sprint 1/Login/android.widget.EditText - Ejemplo 0981123456'

2022-05-24 12:12:34 - [MESSAGE][WARNING] - Timeout '0' is invalid. Using default page load timeout: '30'

2022-05-24 12:12:37 - [MESSAGE][PASSED] - Text '0999000601' has been set to element 'Object Repository/Sprint 1/Login/android.widget.EditText - Ejemplo 0981123456'

2022-05-24 12:12:37 - [TEST_STEP][PASSED] - setText(findTestObject("Sprint 1/Login/android.widget.EditText - tipear contrasea"), contrasena, 0): Text '0999000601' has been set to element 'Object Repository/Sprint 1/Login/android.widget.EditText - tipear contrasea'

2022-05-24 12:12:37 - [MESSAGE][WARNING] - Timeout '0' is invalid. Using default page load timeout: '30'

2022-05-24 12:12:39 - [MESSAGE][PASSED] - Text '0999000601' has been set to element 'Object Repository/Sprint 1/Login/android.widget.EditText - tipear contrasea'

2022-05-24 12:12:39 - [TEST_STEP][PASSED] - tap(findTestObject("Sprint 1/Login/android.widget.Button - Ingresar"), 0): Tapped on element 'Object Repository/Sprint 1/Login/android.widget.Button - Ingresar'

2022-05-24 12:12:39 - [MESSAGE][WARNING] - Timeout '0' is invalid. Using default page load timeout: '30'

2022-05-24 12:12:40 - [MESSAGE][PASSED] - Tapped on element 'Object Repository/Sprint 1/Login/android.widget.Button - Ingresar'

2022-05-24 12:12:40 - [TEST_STEP][PASSED] - numerocontrasenaincorrecto = getText(findTestObject("Sprint 1/inicio fallido/android.widget.TextView - mensaje contrasena incorrecta"), 0): Text of element 'Object Repository/Sprint 1/inicio fallido/android.widget.TextView - mensaje contrasena incorrecta' is: 'Ups! Se bloqueó tu contraseña. Para poder reingresar podés restaurarla.'

2022-05-24 12:12:40 - [MESSAGE][WARNING] - Timeout '0' is invalid. Using default page load timeout: '30'

2022-05-24 12:12:44 - [MESSAGE][PASSED] - Text of element 'Object Repository/Sprint 1/inicio fallido/android.widget.TextView - mensaje contrasena incorrecta' is: 'Ups! Se bloqueó tu contraseña. Para poder reingresar podés restaurarla.'

2022-05-24 12:12:44 - [TEST_STEP][FAILED] - verifyEqual(numerocontrasenaincorrecto, ""El número de celular y/o la contraseña ingresados son incorrectos.”."): Unable to verify equal between actual object 'Ups! Se bloqueó tu contraseña. Para poder reingresar podés restaurarla.' and expected object '"El número de celular y/o la contraseña ingresados son incorrectos.”.' (Root cause: com.kms.katalon.core.exception.StepFailedException: Actual object 'Ups! Se bloqueó tu contraseña. Para poder reingresar podés restaurarla.' and expected object '"El número de celular y/o la contraseña ingresados son incorrectos.”.' are not equal
	at com.kms.katalon.core.keyword.builtin.VerifyEqualKeyword$_verifyEqual_closure1.doCall(VerifyEqualKeyword.groovy:58)
	at com.kms.katalon.core.keyword.builtin.VerifyEqualKeyword$_verifyEqual_closure1.call(VerifyEqualKeyword.groovy)
	at com.kms.katalon.core.keyword.internal.KeywordMain.runKeyword(KeywordMain.groovy:74)
	at com.kms.katalon.core.keyword.builtin.VerifyEqualKeyword.verifyEqual(VerifyEqualKeyword.groovy:63)
	at com.kms.katalon.core.keyword.builtin.VerifyEqualKeyword.execute(VerifyEqualKeyword.groovy:44)
	at com.kms.katalon.core.keyword.internal.KeywordExecutor.executeKeywordForPlatform(KeywordExecutor.groovy:74)
	at com.kms.katalon.core.keyword.BuiltinKeywords.verifyEqual(BuiltinKeywords.groovy:141)
	at 12Especificaciones Funcionales - Login Fallido del usuario.run(12Especificaciones Funcionales - Login Fallido del usuario:36)
	at com.kms.katalon.core.main.ScriptEngine.run(ScriptEngine.java:194)
	at com.kms.katalon.core.main.ScriptEngine.runScriptAsRawText(ScriptEngine.java:119)
	at com.kms.katalon.core.main.TestCaseExecutor.runScript(TestCaseExecutor.java:445)
	at com.kms.katalon.core.main.TestCaseExecutor.doExecute(TestCaseExecutor.java:436)
	at com.kms.katalon.core.main.TestCaseExecutor.processExecutionPhase(TestCaseExecutor.java:415)
	at com.kms.katalon.core.main.TestCaseExecutor.accessMainPhase(TestCaseExecutor.java:407)
	at com.kms.katalon.core.main.TestCaseExecutor.execute(TestCaseExecutor.java:284)
	at com.kms.katalon.core.common.CommonExecutor.accessTestCaseMainPhase(CommonExecutor.java:65)
	at com.kms.katalon.core.main.TestSuiteExecutor.accessTestSuiteMainPhase(TestSuiteExecutor.java:144)
	at com.kms.katalon.core.main.TestSuiteExecutor.execute(TestSuiteExecutor.java:106)
	at com.kms.katalon.core.main.TestCaseMain.startTestSuite(TestCaseMain.java:185)
	at com.kms.katalon.core.main.TestCaseMain$startTestSuite$0.call(Unknown Source)
	at TempTestSuite1653408280222.run(TempTestSuite1653408280222.groovy:36)
)

2022-05-24 12:12:44 - [MESSAGE][FAILED] - Unable to verify equal between actual object 'Ups! Se bloqueó tu contraseña. Para poder reingresar podés restaurarla.' and expected object '"El número de celular y/o la contraseña ingresados son incorrectos.”.' (Root cause: com.kms.katalon.core.exception.StepFailedException: Actual object 'Ups! Se bloqueó tu contraseña. Para poder reingresar podés restaurarla.' and expected object '"El número de celular y/o la contraseña ingresados son incorrectos.”.' are not equal
	at com.kms.katalon.core.keyword.builtin.VerifyEqualKeyword$_verifyEqual_closure1.doCall(VerifyEqualKeyword.groovy:58)
	at com.kms.katalon.core.keyword.builtin.VerifyEqualKeyword$_verifyEqual_closure1.call(VerifyEqualKeyword.groovy)
	at com.kms.katalon.core.keyword.internal.KeywordMain.runKeyword(KeywordMain.groovy:74)
	at com.kms.katalon.core.keyword.builtin.VerifyEqualKeyword.verifyEqual(VerifyEqualKeyword.groovy:63)
	at com.kms.katalon.core.keyword.builtin.VerifyEqualKeyword.execute(VerifyEqualKeyword.groovy:44)
	at com.kms.katalon.core.keyword.internal.KeywordExecutor.executeKeywordForPlatform(KeywordExecutor.groovy:74)
	at com.kms.katalon.core.keyword.BuiltinKeywords.verifyEqual(BuiltinKeywords.groovy:141)
	at 12Especificaciones Funcionales - Login Fallido del usuario.run(12Especificaciones Funcionales - Login Fallido del usuario:36)
	at com.kms.katalon.core.main.ScriptEngine.run(ScriptEngine.java:194)
	at com.kms.katalon.core.main.ScriptEngine.runScriptAsRawText(ScriptEngine.java:119)
	at com.kms.katalon.core.main.TestCaseExecutor.runScript(TestCaseExecutor.java:445)
	at com.kms.katalon.core.main.TestCaseExecutor.doExecute(TestCaseExecutor.java:436)
	at com.kms.katalon.core.main.TestCaseExecutor.processExecutionPhase(TestCaseExecutor.java:415)
	at com.kms.katalon.core.main.TestCaseExecutor.accessMainPhase(TestCaseExecutor.java:407)
	at com.kms.katalon.core.main.TestCaseExecutor.execute(TestCaseExecutor.java:284)
	at com.kms.katalon.core.common.CommonExecutor.accessTestCaseMainPhase(CommonExecutor.java:65)
	at com.kms.katalon.core.main.TestSuiteExecutor.accessTestSuiteMainPhase(TestSuiteExecutor.java:144)
	at com.kms.katalon.core.main.TestSuiteExecutor.execute(TestSuiteExecutor.java:106)
	at com.kms.katalon.core.main.TestCaseMain.startTestSuite(TestCaseMain.java:185)
	at com.kms.katalon.core.main.TestCaseMain$startTestSuite$0.call(Unknown Source)
	at TempTestSuite1653408280222.run(TempTestSuite1653408280222.groovy:36)
)

2022-05-24 12:12:44 - [TEST_STEP][PASSED] - tap(findTestObject("Sprint 1/Login/android.widget.Button - Ingresar"), 0): Tapped on element 'Object Repository/Sprint 1/Login/android.widget.Button - Ingresar'

2022-05-24 12:12:44 - [MESSAGE][WARNING] - Timeout '0' is invalid. Using default page load timeout: '30'

2022-05-24 12:12:44 - [MESSAGE][PASSED] - Tapped on element 'Object Repository/Sprint 1/Login/android.widget.Button - Ingresar'

2022-05-24 12:12:44 - [TEST_STEP][PASSED] - delay(10, CONTINUE_ON_FAILURE): Delayed 10 second(s)

2022-05-24 12:12:54 - [MESSAGE][PASSED] - Delayed 10 second(s)

2022-05-24 12:12:54 - [TEST_STEP][PASSED] - tap(findTestObject("Sprint 1/Login/android.widget.Button - Ingresar"), 0): Tapped on element 'Object Repository/Sprint 1/Login/android.widget.Button - Ingresar'

2022-05-24 12:12:54 - [MESSAGE][WARNING] - Timeout '0' is invalid. Using default page load timeout: '30'

2022-05-24 12:12:55 - [MESSAGE][PASSED] - Tapped on element 'Object Repository/Sprint 1/Login/android.widget.Button - Ingresar'

2022-05-24 12:12:55 - [TEST_STEP][PASSED] - UsuarioBloqueado = getText(findTestObject("Sprint 1/inicio fallido/android.widget.TextView - Ups Se bloque tu contrasea. Para poder reingresar pods restaurarla"), 0): Text of element 'Object Repository/Sprint 1/inicio fallido/android.widget.TextView - Ups Se bloque tu contrasea. Para poder reingresar pods restaurarla' is: 'Ups! Se bloqueó tu contraseña. Para poder reingresar podés restaurarla.'

2022-05-24 12:12:55 - [MESSAGE][WARNING] - Timeout '0' is invalid. Using default page load timeout: '30'

2022-05-24 12:12:57 - [MESSAGE][PASSED] - Text of element 'Object Repository/Sprint 1/inicio fallido/android.widget.TextView - Ups Se bloque tu contrasea. Para poder reingresar pods restaurarla' is: 'Ups! Se bloqueó tu contraseña. Para poder reingresar podés restaurarla.'

2022-05-24 12:12:57 - [TEST_STEP][PASSED] - verifyEqual(UsuarioBloqueado, "Ups! Se bloqueó tu contraseña. Para poder reingresar podés restaurarla."): Actual object 'Ups! Se bloqueó tu contraseña. Para poder reingresar podés restaurarla.' and expected object 'Ups! Se bloqueó tu contraseña. Para poder reingresar podés restaurarla.' are equal

2022-05-24 12:12:57 - [MESSAGE][PASSED] - Actual object 'Ups! Se bloqueó tu contraseña. Para poder reingresar podés restaurarla.' and expected object 'Ups! Se bloqueó tu contraseña. Para poder reingresar podés restaurarla.' are equal]]></system-out>
         <system-err><![CDATA[2022-05-24 12:11:46 - [TEST_CASE][FAILED] - Test Cases/Sprint 1/01HU-Login-Cierre de Sesión/12Especificaciones Funcionales - Login Fallido del usuario: Test Cases/Sprint 1/01HU-Login-Cierre de Sesión/12Especificaciones Funcionales - Login Fallido del usuario FAILED.
Reason:
com.kms.katalon.core.exception.StepFailedException: Unable to verify equal between actual object 'Ups! Se bloqueó tu contraseña. Para poder reingresar podés restaurarla.' and expected object '"El número de celular y/o la contraseña ingresados son incorrectos.”.' (Root cause: com.kms.katalon.core.exception.StepFailedException: Actual object 'Ups! Se bloqueó tu contraseña. Para poder reingresar podés restaurarla.' and expected object '"El número de celular y/o la contraseña ingresados son incorrectos.”.' are not equal
	at com.kms.katalon.core.keyword.builtin.VerifyEqualKeyword$_verifyEqual_closure1.doCall(VerifyEqualKeyword.groovy:58)
	at com.kms.katalon.core.keyword.builtin.VerifyEqualKeyword$_verifyEqual_closure1.call(VerifyEqualKeyword.groovy)
	at com.kms.katalon.core.keyword.internal.KeywordMain.runKeyword(KeywordMain.groovy:74)
	at com.kms.katalon.core.keyword.builtin.VerifyEqualKeyword.verifyEqual(VerifyEqualKeyword.groovy:63)
	at com.kms.katalon.core.keyword.builtin.VerifyEqualKeyword.execute(VerifyEqualKeyword.groovy:44)
	at com.kms.katalon.core.keyword.internal.KeywordExecutor.executeKeywordForPlatform(KeywordExecutor.groovy:74)
	at com.kms.katalon.core.keyword.BuiltinKeywords.verifyEqual(BuiltinKeywords.groovy:141)
	at 12Especificaciones Funcionales - Login Fallido del usuario.run(12Especificaciones Funcionales - Login Fallido del usuario:36)
	at com.kms.katalon.core.main.ScriptEngine.run(ScriptEngine.java:194)
	at com.kms.katalon.core.main.ScriptEngine.runScriptAsRawText(ScriptEngine.java:119)
	at com.kms.katalon.core.main.TestCaseExecutor.runScript(TestCaseExecutor.java:445)
	at com.kms.katalon.core.main.TestCaseExecutor.doExecute(TestCaseExecutor.java:436)
	at com.kms.katalon.core.main.TestCaseExecutor.processExecutionPhase(TestCaseExecutor.java:415)
	at com.kms.katalon.core.main.TestCaseExecutor.accessMainPhase(TestCaseExecutor.java:407)
	at com.kms.katalon.core.main.TestCaseExecutor.execute(TestCaseExecutor.java:284)
	at com.kms.katalon.core.common.CommonExecutor.accessTestCaseMainPhase(CommonExecutor.java:65)
	at com.kms.katalon.core.main.TestSuiteExecutor.accessTestSuiteMainPhase(TestSuiteExecutor.java:144)
	at com.kms.katalon.core.main.TestSuiteExecutor.execute(TestSuiteExecutor.java:106)
	at com.kms.katalon.core.main.TestCaseMain.startTestSuite(TestCaseMain.java:185)
	at com.kms.katalon.core.main.TestCaseMain$startTestSuite$0.call(Unknown Source)
	at TempTestSuite1653408280222.run(TempTestSuite1653408280222.groovy:36)
)
	at com.kms.katalon.core.keyword.internal.KeywordMain.stepFailed(KeywordMain.groovy:39)
	at com.kms.katalon.core.keyword.internal.KeywordMain.stepFailed(KeywordMain.groovy)
	at com.kms.katalon.core.keyword.internal.KeywordMain.runKeyword(KeywordMain.groovy:76)
	at com.kms.katalon.core.keyword.builtin.VerifyEqualKeyword.verifyEqual(VerifyEqualKeyword.groovy:63)
	at com.kms.katalon.core.keyword.builtin.VerifyEqualKeyword.execute(VerifyEqualKeyword.groovy:44)
	at com.kms.katalon.core.keyword.internal.KeywordExecutor.executeKeywordForPlatform(KeywordExecutor.groovy:74)
	at com.kms.katalon.core.keyword.BuiltinKeywords.verifyEqual(BuiltinKeywords.groovy:141)
	at 12Especificaciones Funcionales - Login Fallido del usuario.run(12Especificaciones Funcionales - Login Fallido del usuario:36)
	at com.kms.katalon.core.main.ScriptEngine.run(ScriptEngine.java:194)
	at com.kms.katalon.core.main.ScriptEngine.runScriptAsRawText(ScriptEngine.java:119)
	at com.kms.katalon.core.main.TestCaseExecutor.runScript(TestCaseExecutor.java:445)
	at com.kms.katalon.core.main.TestCaseExecutor.doExecute(TestCaseExecutor.java:436)
	at com.kms.katalon.core.main.TestCaseExecutor.processExecutionPhase(TestCaseExecutor.java:415)
	at com.kms.katalon.core.main.TestCaseExecutor.accessMainPhase(TestCaseExecutor.java:407)
	at com.kms.katalon.core.main.TestCaseExecutor.execute(TestCaseExecutor.java:284)
	at com.kms.katalon.core.common.CommonExecutor.accessTestCaseMainPhase(CommonExecutor.java:65)
	at com.kms.katalon.core.main.TestSuiteExecutor.accessTestSuiteMainPhase(TestSuiteExecutor.java:144)
	at com.kms.katalon.core.main.TestSuiteExecutor.execute(TestSuiteExecutor.java:106)
	at com.kms.katalon.core.main.TestCaseMain.startTestSuite(TestCaseMain.java:185)
	at com.kms.katalon.core.main.TestCaseMain$startTestSuite$0.call(Unknown Source)
	at TempTestSuite1653408280222.run(TempTestSuite1653408280222.groovy:36)
Caused by: com.kms.katalon.core.exception.StepFailedException: Actual object 'Ups! Se bloqueó tu contraseña. Para poder reingresar podés restaurarla.' and expected object '"El número de celular y/o la contraseña ingresados son incorrectos.”.' are not equal
	at com.kms.katalon.core.keyword.builtin.VerifyEqualKeyword$_verifyEqual_closure1.doCall(VerifyEqualKeyword.groovy:58)
	at com.kms.katalon.core.keyword.builtin.VerifyEqualKeyword$_verifyEqual_closure1.call(VerifyEqualKeyword.groovy)
	at com.kms.katalon.core.keyword.internal.KeywordMain.runKeyword(KeywordMain.groovy:74)
	... 18 more]]></system-err>
      </testcase>
      <testcase name="Test Cases/Sprint 1/01HU-Login-Cierre de Sesión/13 Especificaciones funcionales - Cierre de Sesión" time="61.623" classname="Test Cases/Sprint 1/01HU-Login-Cierre de Sesión/13 Especificaciones funcionales - Cierre de Sesión" status="PASSED">
         <system-out><![CDATA[2022-05-24 12:12:57 - [TEST_CASE][PASSED] - Test Cases/Sprint 1/01HU-Login-Cierre de Sesión/13 Especificaciones funcionales - Cierre de Sesión: Test Cases/Sprint 1/01HU-Login-Cierre de Sesión/13 Especificaciones funcionales - Cierre de Sesión

2022-05-24 12:12:57 - [TEST_STEP][PASSED] - callTestCase(findTestCase("Sprint 1/01HU-Login-Cierre de Sesión/11 Especificaciones Funcionales - Login exitoso del usuario"), ["NumeroCelular":findTestData("Usuarios").getValue(1, 1), "Contrasena":findTestData("Usuarios").getValue(2, 1)], CONTINUE_ON_FAILURE): Call Test Case 'Test Cases/Sprint 1/01HU-Login-Cierre de Sesión/11 Especificaciones Funcionales - Login exitoso del usuario' successfully

2022-05-24 12:12:58 - [TEST_CASE][PASSED] - Test Cases/Sprint 1/01HU-Login-Cierre de Sesión/11 Especificaciones Funcionales - Login exitoso del usuario: Test Cases/Sprint 1/01HU-Login-Cierre de Sesión/11 Especificaciones Funcionales - Login exitoso del usuario

2022-05-24 12:12:58 - [TEST_STEP][PASSED] - startApplication(APKjose, false): Started app at: 'C:\Users\Jose_Arrieta\Desktop\JA\Proyectos\Automatizacion de pruebas\APK para inicio\crtopyinfinitymobilebanking-release (8).apk'

2022-05-24 12:12:58 - [MESSAGE][INFO] - User set preference: ['deviceId', '']

2022-05-24 12:13:12 - [MESSAGE][PASSED] - Started app at: 'C:\Users\Jose_Arrieta\Desktop\JA\Proyectos\Automatizacion de pruebas\APK para inicio\crtopyinfinitymobilebanking-release (8).apk'

2022-05-24 12:13:12 - [TEST_STEP][PASSED] - delay(10, STOP_ON_FAILURE): Delayed 10 second(s)

2022-05-24 12:13:22 - [MESSAGE][PASSED] - Delayed 10 second(s)

2022-05-24 12:13:22 - [TEST_STEP][PASSED] - clearText(findTestObject("Sprint 1/Login/android.widget.EditText - Numero de celular login"), 0): Element 'Object Repository/Sprint 1/Login/android.widget.EditText - Numero de celular login' text is cleared

2022-05-24 12:13:22 - [MESSAGE][WARNING] - Timeout '0' is invalid. Using default page load timeout: '30'

2022-05-24 12:13:25 - [MESSAGE][PASSED] - Element 'Object Repository/Sprint 1/Login/android.widget.EditText - Numero de celular login' text is cleared

2022-05-24 12:13:25 - [TEST_STEP][PASSED] - setText(findTestObject("Sprint 1/Login/android.widget.EditText - Ejemplo 0981123456"), Numerocelular, 0): Text '0972875200' has been set to element 'Object Repository/Sprint 1/Login/android.widget.EditText - Ejemplo 0981123456'

2022-05-24 12:13:25 - [MESSAGE][WARNING] - Timeout '0' is invalid. Using default page load timeout: '30'

2022-05-24 12:13:28 - [MESSAGE][PASSED] - Text '0972875200' has been set to element 'Object Repository/Sprint 1/Login/android.widget.EditText - Ejemplo 0981123456'

2022-05-24 12:13:28 - [TEST_STEP][PASSED] - setText(findTestObject("Sprint 1/Login/android.widget.EditText - tipear contrasea"), Contrasena, 0): Text 'Kony!12345' has been set to element 'Object Repository/Sprint 1/Login/android.widget.EditText - tipear contrasea'

2022-05-24 12:13:28 - [MESSAGE][WARNING] - Timeout '0' is invalid. Using default page load timeout: '30'

2022-05-24 12:13:30 - [MESSAGE][PASSED] - Text 'Kony!12345' has been set to element 'Object Repository/Sprint 1/Login/android.widget.EditText - tipear contrasea'

2022-05-24 12:13:30 - [TEST_STEP][PASSED] - tap(findTestObject("Sprint 1/Login/android.widget.Button - Ingresar"), 0): Tapped on element 'Object Repository/Sprint 1/Login/android.widget.Button - Ingresar'

2022-05-24 12:13:30 - [MESSAGE][WARNING] - Timeout '0' is invalid. Using default page load timeout: '30'

2022-05-24 12:13:31 - [MESSAGE][PASSED] - Tapped on element 'Object Repository/Sprint 1/Login/android.widget.Button - Ingresar'

2022-05-24 12:13:31 - [MESSAGE][PASSED] - Call Test Case 'Test Cases/Sprint 1/01HU-Login-Cierre de Sesión/11 Especificaciones Funcionales - Login exitoso del usuario' successfully

2022-05-24 12:13:31 - [TEST_STEP][PASSED] - tap(findTestObject("Object Repository/Sprint 1/cierre de sesion/android.widget.ImageView Menu hamburguesa Inferior"), 0): Tapped on element 'Object Repository/Sprint 1/cierre de sesion/android.widget.ImageView Menu hamburguesa Inferior'

2022-05-24 12:13:31 - [MESSAGE][WARNING] - Timeout '0' is invalid. Using default page load timeout: '30'

2022-05-24 12:13:55 - [MESSAGE][PASSED] - Tapped on element 'Object Repository/Sprint 1/cierre de sesion/android.widget.ImageView Menu hamburguesa Inferior'

2022-05-24 12:13:55 - [TEST_STEP][PASSED] - tap(findTestObject("Object Repository/Sprint 1/cierre de sesion/android.widget.ImageView Icono salir superior"), 0): Tapped on element 'Object Repository/Sprint 1/cierre de sesion/android.widget.ImageView Icono salir superior'

2022-05-24 12:13:55 - [MESSAGE][WARNING] - Timeout '0' is invalid. Using default page load timeout: '30'

2022-05-24 12:13:58 - [MESSAGE][PASSED] - Tapped on element 'Object Repository/Sprint 1/cierre de sesion/android.widget.ImageView Icono salir superior'

2022-05-24 12:13:58 - [TEST_STEP][PASSED] - tap(findTestObject("Sprint 1/cierre de sesion/android.widget.Button - SI (cerrar sesion)"), 0): Tapped on element 'Object Repository/Sprint 1/cierre de sesion/android.widget.Button - SI (cerrar sesion)'

2022-05-24 12:13:58 - [MESSAGE][WARNING] - Timeout '0' is invalid. Using default page load timeout: '30'

2022-05-24 12:13:59 - [MESSAGE][PASSED] - Tapped on element 'Object Repository/Sprint 1/cierre de sesion/android.widget.Button - SI (cerrar sesion)']]></system-out>
         <system-err><![CDATA[]]></system-err>
      </testcase>
      <testcase name="Test Cases/Sprint 1/01HU-Login-Cierre de Sesión/15 Cerrar sesión del cliente desde la pantalla Dashboard" time="71.56" classname="Test Cases/Sprint 1/01HU-Login-Cierre de Sesión/15 Cerrar sesión del cliente desde la pantalla Dashboard" status="PASSED">
         <system-out><![CDATA[2022-05-24 12:13:59 - [TEST_CASE][PASSED] - Test Cases/Sprint 1/01HU-Login-Cierre de Sesión/15 Cerrar sesión del cliente desde la pantalla Dashboard: Test Cases/Sprint 1/01HU-Login-Cierre de Sesión/15 Cerrar sesión del cliente desde la pantalla Dashboard

2022-05-24 12:13:59 - [TEST_STEP][PASSED] - startApplication(URL, false): Started app at: 'C:\Users\Jose_Arrieta\Desktop\JA\Proyectos\Automatizacion de pruebas\APK para inicio\crtopyinfinitymobilebanking-release (8).apk'

2022-05-24 12:13:59 - [MESSAGE][INFO] - User set preference: ['deviceId', '']

2022-05-24 12:14:19 - [MESSAGE][PASSED] - Started app at: 'C:\Users\Jose_Arrieta\Desktop\JA\Proyectos\Automatizacion de pruebas\APK para inicio\crtopyinfinitymobilebanking-release (8).apk'

2022-05-24 12:14:19 - [TEST_STEP][PASSED] - delay(10, CONTINUE_ON_FAILURE): Delayed 10 second(s)

2022-05-24 12:14:29 - [MESSAGE][PASSED] - Delayed 10 second(s)

2022-05-24 12:14:29 - [TEST_STEP][PASSED] - clearText(findTestObject("Sprint 1/Login/android.widget.EditText - Numero de celular login"), 0): Element 'Object Repository/Sprint 1/Login/android.widget.EditText - Numero de celular login' text is cleared

2022-05-24 12:14:29 - [MESSAGE][WARNING] - Timeout '0' is invalid. Using default page load timeout: '30'

2022-05-24 12:14:32 - [MESSAGE][PASSED] - Element 'Object Repository/Sprint 1/Login/android.widget.EditText - Numero de celular login' text is cleared

2022-05-24 12:14:32 - [TEST_STEP][PASSED] - setText(findTestObject("Sprint 1/Login/android.widget.EditText - Ejemplo 0981123456"), Numerocelular, 0): Text '0972875200' has been set to element 'Object Repository/Sprint 1/Login/android.widget.EditText - Ejemplo 0981123456'

2022-05-24 12:14:32 - [MESSAGE][WARNING] - Timeout '0' is invalid. Using default page load timeout: '30'

2022-05-24 12:14:34 - [MESSAGE][PASSED] - Text '0972875200' has been set to element 'Object Repository/Sprint 1/Login/android.widget.EditText - Ejemplo 0981123456'

2022-05-24 12:14:34 - [TEST_STEP][PASSED] - setText(findTestObject("Sprint 1/Login/android.widget.EditText - tipear contrasea"), Contrasena, 0): Text 'Kony!12345' has been set to element 'Object Repository/Sprint 1/Login/android.widget.EditText - tipear contrasea'

2022-05-24 12:14:34 - [MESSAGE][WARNING] - Timeout '0' is invalid. Using default page load timeout: '30'

2022-05-24 12:14:36 - [MESSAGE][PASSED] - Text 'Kony!12345' has been set to element 'Object Repository/Sprint 1/Login/android.widget.EditText - tipear contrasea'

2022-05-24 12:14:36 - [TEST_STEP][PASSED] - tap(findTestObject("Object Repository/Sprint 1/cierre de sesion/android.widget.Button - Ingresar"), 0): Tapped on element 'Object Repository/Sprint 1/cierre de sesion/android.widget.Button - Ingresar'

2022-05-24 12:14:36 - [MESSAGE][WARNING] - Timeout '0' is invalid. Using default page load timeout: '30'

2022-05-24 12:14:38 - [MESSAGE][PASSED] - Tapped on element 'Object Repository/Sprint 1/cierre de sesion/android.widget.Button - Ingresar'

2022-05-24 12:14:38 - [TEST_STEP][PASSED] - tap(findTestObject("Object Repository/Sprint 1/cierre de sesion/android.widget.ImageView Menu hamburguesa Inferior"), 0): Tapped on element 'Object Repository/Sprint 1/cierre de sesion/android.widget.ImageView Menu hamburguesa Inferior'

2022-05-24 12:14:38 - [MESSAGE][WARNING] - Timeout '0' is invalid. Using default page load timeout: '30'

2022-05-24 12:15:06 - [MESSAGE][PASSED] - Tapped on element 'Object Repository/Sprint 1/cierre de sesion/android.widget.ImageView Menu hamburguesa Inferior'

2022-05-24 12:15:06 - [TEST_STEP][PASSED] - tap(findTestObject("Object Repository/Sprint 1/cierre de sesion/android.widget.ImageView Icono salir superior"), 0): Tapped on element 'Object Repository/Sprint 1/cierre de sesion/android.widget.ImageView Icono salir superior'

2022-05-24 12:15:06 - [MESSAGE][WARNING] - Timeout '0' is invalid. Using default page load timeout: '30'

2022-05-24 12:15:10 - [MESSAGE][PASSED] - Tapped on element 'Object Repository/Sprint 1/cierre de sesion/android.widget.ImageView Icono salir superior'

2022-05-24 12:15:10 - [TEST_STEP][PASSED] - tap(findTestObject("Sprint 1/cierre de sesion/android.widget.Button - SI (cerrar sesion)"), 0): Tapped on element 'Object Repository/Sprint 1/cierre de sesion/android.widget.Button - SI (cerrar sesion)'

2022-05-24 12:15:10 - [MESSAGE][WARNING] - Timeout '0' is invalid. Using default page load timeout: '30'

2022-05-24 12:15:10 - [MESSAGE][PASSED] - Tapped on element 'Object Repository/Sprint 1/cierre de sesion/android.widget.Button - SI (cerrar sesion)']]></system-out>
         <system-err><![CDATA[]]></system-err>
      </testcase>
      <testcase name="Test Cases/Sprint 1/01HU-Login-Cierre de Sesión/16 Cierre de sesión del cliente desde la pantalla Resumen de Saldo" time="72.89" classname="Test Cases/Sprint 1/01HU-Login-Cierre de Sesión/16 Cierre de sesión del cliente desde la pantalla Resumen de Saldo" status="PASSED">
         <system-out><![CDATA[2022-05-24 12:15:10 - [TEST_CASE][PASSED] - Test Cases/Sprint 1/01HU-Login-Cierre de Sesión/16 Cierre de sesión del cliente desde la pantalla Resumen de Saldo: Test Cases/Sprint 1/01HU-Login-Cierre de Sesión/16 Cierre de sesión del cliente desde la pantalla Resumen de Saldo

2022-05-24 12:15:11 - [TEST_STEP][PASSED] - startApplication(URL, false): Started app at: 'C:\Users\Jose_Arrieta\Desktop\JA\Proyectos\Automatizacion de pruebas\APK para inicio\crtopyinfinitymobilebanking-release (8).apk'

2022-05-24 12:15:11 - [MESSAGE][INFO] - User set preference: ['deviceId', '']

2022-05-24 12:15:32 - [MESSAGE][PASSED] - Started app at: 'C:\Users\Jose_Arrieta\Desktop\JA\Proyectos\Automatizacion de pruebas\APK para inicio\crtopyinfinitymobilebanking-release (8).apk'

2022-05-24 12:15:32 - [TEST_STEP][PASSED] - delay(10, CONTINUE_ON_FAILURE): Delayed 10 second(s)

2022-05-24 12:15:42 - [MESSAGE][PASSED] - Delayed 10 second(s)

2022-05-24 12:15:42 - [TEST_STEP][PASSED] - clearText(findTestObject("Sprint 1/Login/android.widget.EditText - Numero de celular login"), 0): Element 'Object Repository/Sprint 1/Login/android.widget.EditText - Numero de celular login' text is cleared

2022-05-24 12:15:42 - [MESSAGE][WARNING] - Timeout '0' is invalid. Using default page load timeout: '30'

2022-05-24 12:15:44 - [MESSAGE][PASSED] - Element 'Object Repository/Sprint 1/Login/android.widget.EditText - Numero de celular login' text is cleared

2022-05-24 12:15:44 - [TEST_STEP][PASSED] - setText(findTestObject("Sprint 1/Login/android.widget.EditText - Ejemplo 0981123456"), Numerocelular, 0): Text '0972875200' has been set to element 'Object Repository/Sprint 1/Login/android.widget.EditText - Ejemplo 0981123456'

2022-05-24 12:15:44 - [MESSAGE][WARNING] - Timeout '0' is invalid. Using default page load timeout: '30'

2022-05-24 12:15:47 - [MESSAGE][PASSED] - Text '0972875200' has been set to element 'Object Repository/Sprint 1/Login/android.widget.EditText - Ejemplo 0981123456'

2022-05-24 12:15:47 - [TEST_STEP][PASSED] - setText(findTestObject("Sprint 1/Login/android.widget.EditText - tipear contrasea"), Contrasena, 0): Text 'Kony!12345' has been set to element 'Object Repository/Sprint 1/Login/android.widget.EditText - tipear contrasea'

2022-05-24 12:15:47 - [MESSAGE][WARNING] - Timeout '0' is invalid. Using default page load timeout: '30'

2022-05-24 12:15:48 - [MESSAGE][PASSED] - Text 'Kony!12345' has been set to element 'Object Repository/Sprint 1/Login/android.widget.EditText - tipear contrasea'

2022-05-24 12:15:48 - [TEST_STEP][PASSED] - tap(findTestObject("Object Repository/Sprint 1/cierre de sesion/android.widget.Button - Ingresar"), 0): Tapped on element 'Object Repository/Sprint 1/cierre de sesion/android.widget.Button - Ingresar'

2022-05-24 12:15:49 - [MESSAGE][WARNING] - Timeout '0' is invalid. Using default page load timeout: '30'

2022-05-24 12:15:50 - [MESSAGE][PASSED] - Tapped on element 'Object Repository/Sprint 1/cierre de sesion/android.widget.Button - Ingresar'

2022-05-24 12:15:50 - [TEST_STEP][PASSED] - tap(findTestObject("Object Repository/Sprint 1/cierre de sesion/android.widget.ImageView Menu hamburguesa Inferior"), 0): Tapped on element 'Object Repository/Sprint 1/cierre de sesion/android.widget.ImageView Menu hamburguesa Inferior'

2022-05-24 12:15:50 - [MESSAGE][WARNING] - Timeout '0' is invalid. Using default page load timeout: '30'

2022-05-24 12:16:19 - [MESSAGE][PASSED] - Tapped on element 'Object Repository/Sprint 1/cierre de sesion/android.widget.ImageView Menu hamburguesa Inferior'

2022-05-24 12:16:19 - [TEST_STEP][PASSED] - tap(findTestObject("Object Repository/Sprint 1/cierre de sesion/android.widget.ImageView Icono salir superior"), 0): Tapped on element 'Object Repository/Sprint 1/cierre de sesion/android.widget.ImageView Icono salir superior'

2022-05-24 12:16:19 - [MESSAGE][WARNING] - Timeout '0' is invalid. Using default page load timeout: '30'

2022-05-24 12:16:22 - [MESSAGE][PASSED] - Tapped on element 'Object Repository/Sprint 1/cierre de sesion/android.widget.ImageView Icono salir superior'

2022-05-24 12:16:22 - [TEST_STEP][PASSED] - tap(findTestObject("Sprint 1/cierre de sesion/android.widget.Button - SI (cerrar sesion)"), 0): Tapped on element 'Object Repository/Sprint 1/cierre de sesion/android.widget.Button - SI (cerrar sesion)'

2022-05-24 12:16:22 - [MESSAGE][WARNING] - Timeout '0' is invalid. Using default page load timeout: '30'

2022-05-24 12:16:23 - [MESSAGE][PASSED] - Tapped on element 'Object Repository/Sprint 1/cierre de sesion/android.widget.Button - SI (cerrar sesion)']]></system-out>
         <system-err><![CDATA[]]></system-err>
      </testcase>
      <testcase name="Test Cases/Sprint 1/01HU-Login-Cierre de Sesión/18 Validaciones Funcionales - Intentar iniciar sesión con falla de conexión" time="55.461" classname="Test Cases/Sprint 1/01HU-Login-Cierre de Sesión/18 Validaciones Funcionales - Intentar iniciar sesión con falla de conexión" status="FAILED">
         <failure type="FAILED" message="Test Cases/Sprint 1/01HU-Login-Cierre de Sesión/18 Validaciones Funcionales - Intentar iniciar sesión con falla de conexión FAILED.
Reason:
com.kms.katalon.core.exception.StepFailedException: Unable to verify equal between actual object '' and expected object 'Ups! Hubo una falla en la conexión. Por favor, verificá y probá de nuevo.' (Root cause: com.kms.katalon.core.exception.StepFailedException: Actual object '' and expected object 'Ups! Hubo una falla en la conexión. Por favor, verificá y probá de nuevo.' are not equal
	at com.kms.katalon.core.keyword.builtin.VerifyEqualKeyword$_verifyEqual_closure1.doCall(VerifyEqualKeyword.groovy:58)
	at com.kms.katalon.core.keyword.builtin.VerifyEqualKeyword$_verifyEqual_closure1.call(VerifyEqualKeyword.groovy)
	at com.kms.katalon.core.keyword.internal.KeywordMain.runKeyword(KeywordMain.groovy:74)
	at com.kms.katalon.core.keyword.builtin.VerifyEqualKeyword.verifyEqual(VerifyEqualKeyword.groovy:63)
	at com.kms.katalon.core.keyword.builtin.VerifyEqualKeyword.execute(VerifyEqualKeyword.groovy:44)
	at com.kms.katalon.core.keyword.internal.KeywordExecutor.executeKeywordForPlatform(KeywordExecutor.groovy:74)
	at com.kms.katalon.core.keyword.BuiltinKeywords.verifyEqual(BuiltinKeywords.groovy:141)
	at 18 Validaciones Funcionales - Intentar iniciar sesión con falla de conexión.run(18 Validaciones Funcionales - Intentar iniciar sesión con falla de conexión:38)
	at com.kms.katalon.core.main.ScriptEngine.run(ScriptEngine.java:194)
	at com.kms.katalon.core.main.ScriptEngine.runScriptAsRawText(ScriptEngine.java:119)
	at com.kms.katalon.core.main.TestCaseExecutor.runScript(TestCaseExecutor.java:445)
	at com.kms.katalon.core.main.TestCaseExecutor.doExecute(TestCaseExecutor.java:436)
	at com.kms.katalon.core.main.TestCaseExecutor.processExecutionPhase(TestCaseExecutor.java:415)
	at com.kms.katalon.core.main.TestCaseExecutor.accessMainPhase(TestCaseExecutor.java:407)
	at com.kms.katalon.core.main.TestCaseExecutor.execute(TestCaseExecutor.java:284)
	at com.kms.katalon.core.common.CommonExecutor.accessTestCaseMainPhase(CommonExecutor.java:65)
	at com.kms.katalon.core.main.TestSuiteExecutor.accessTestSuiteMainPhase(TestSuiteExecutor.java:144)
	at com.kms.katalon.core.main.TestSuiteExecutor.execute(TestSuiteExecutor.java:106)
	at com.kms.katalon.core.main.TestCaseMain.startTestSuite(TestCaseMain.java:185)
	at com.kms.katalon.core.main.TestCaseMain$startTestSuite$0.call(Unknown Source)
	at TempTestSuite1653408280222.run(TempTestSuite1653408280222.groovy:36)
)
	at com.kms.katalon.core.keyword.internal.KeywordMain.stepFailed(KeywordMain.groovy:39)
	at com.kms.katalon.core.keyword.internal.KeywordMain.stepFailed(KeywordMain.groovy)
	at com.kms.katalon.core.keyword.internal.KeywordMain.runKeyword(KeywordMain.groovy:76)
	at com.kms.katalon.core.keyword.builtin.VerifyEqualKeyword.verifyEqual(VerifyEqualKeyword.groovy:63)
	at com.kms.katalon.core.keyword.builtin.VerifyEqualKeyword.execute(VerifyEqualKeyword.groovy:44)
	at com.kms.katalon.core.keyword.internal.KeywordExecutor.executeKeywordForPlatform(KeywordExecutor.groovy:74)
	at com.kms.katalon.core.keyword.BuiltinKeywords.verifyEqual(BuiltinKeywords.groovy:141)
	at 18 Validaciones Funcionales - Intentar iniciar sesión con falla de conexión.run(18 Validaciones Funcionales - Intentar iniciar sesión con falla de conexión:38)
	at com.kms.katalon.core.main.ScriptEngine.run(ScriptEngine.java:194)
	at com.kms.katalon.core.main.ScriptEngine.runScriptAsRawText(ScriptEngine.java:119)
	at com.kms.katalon.core.main.TestCaseExecutor.runScript(TestCaseExecutor.java:445)
	at com.kms.katalon.core.main.TestCaseExecutor.doExecute(TestCaseExecutor.java:436)
	at com.kms.katalon.core.main.TestCaseExecutor.processExecutionPhase(TestCaseExecutor.java:415)
	at com.kms.katalon.core.main.TestCaseExecutor.accessMainPhase(TestCaseExecutor.java:407)
	at com.kms.katalon.core.main.TestCaseExecutor.execute(TestCaseExecutor.java:284)
	at com.kms.katalon.core.common.CommonExecutor.accessTestCaseMainPhase(CommonExecutor.java:65)
	at com.kms.katalon.core.main.TestSuiteExecutor.accessTestSuiteMainPhase(TestSuiteExecutor.java:144)
	at com.kms.katalon.core.main.TestSuiteExecutor.execute(TestSuiteExecutor.java:106)
	at com.kms.katalon.core.main.TestCaseMain.startTestSuite(TestCaseMain.java:185)
	at com.kms.katalon.core.main.TestCaseMain$startTestSuite$0.call(Unknown Source)
	at TempTestSuite1653408280222.run(TempTestSuite1653408280222.groovy:36)
Caused by: com.kms.katalon.core.exception.StepFailedException: Actual object '' and expected object 'Ups! Hubo una falla en la conexión. Por favor, verificá y probá de nuevo.' are not equal
	at com.kms.katalon.core.keyword.builtin.VerifyEqualKeyword$_verifyEqual_closure1.doCall(VerifyEqualKeyword.groovy:58)
	at com.kms.katalon.core.keyword.builtin.VerifyEqualKeyword$_verifyEqual_closure1.call(VerifyEqualKeyword.groovy)
	at com.kms.katalon.core.keyword.internal.KeywordMain.runKeyword(KeywordMain.groovy:74)
	... 18 more
"/>
         <system-out><![CDATA[2022-05-24 12:16:23 - [TEST_CASE][FAILED] - Test Cases/Sprint 1/01HU-Login-Cierre de Sesión/18 Validaciones Funcionales - Intentar iniciar sesión con falla de conexión: Test Cases/Sprint 1/01HU-Login-Cierre de Sesión/18 Validaciones Funcionales - Intentar iniciar sesión con falla de conexión FAILED.
Reason:
com.kms.katalon.core.exception.StepFailedException: Unable to verify equal between actual object '' and expected object 'Ups! Hubo una falla en la conexión. Por favor, verificá y probá de nuevo.' (Root cause: com.kms.katalon.core.exception.StepFailedException: Actual object '' and expected object 'Ups! Hubo una falla en la conexión. Por favor, verificá y probá de nuevo.' are not equal
	at com.kms.katalon.core.keyword.builtin.VerifyEqualKeyword$_verifyEqual_closure1.doCall(VerifyEqualKeyword.groovy:58)
	at com.kms.katalon.core.keyword.builtin.VerifyEqualKeyword$_verifyEqual_closure1.call(VerifyEqualKeyword.groovy)
	at com.kms.katalon.core.keyword.internal.KeywordMain.runKeyword(KeywordMain.groovy:74)
	at com.kms.katalon.core.keyword.builtin.VerifyEqualKeyword.verifyEqual(VerifyEqualKeyword.groovy:63)
	at com.kms.katalon.core.keyword.builtin.VerifyEqualKeyword.execute(VerifyEqualKeyword.groovy:44)
	at com.kms.katalon.core.keyword.internal.KeywordExecutor.executeKeywordForPlatform(KeywordExecutor.groovy:74)
	at com.kms.katalon.core.keyword.BuiltinKeywords.verifyEqual(BuiltinKeywords.groovy:141)
	at 18 Validaciones Funcionales - Intentar iniciar sesión con falla de conexión.run(18 Validaciones Funcionales - Intentar iniciar sesión con falla de conexión:38)
	at com.kms.katalon.core.main.ScriptEngine.run(ScriptEngine.java:194)
	at com.kms.katalon.core.main.ScriptEngine.runScriptAsRawText(ScriptEngine.java:119)
	at com.kms.katalon.core.main.TestCaseExecutor.runScript(TestCaseExecutor.java:445)
	at com.kms.katalon.core.main.TestCaseExecutor.doExecute(TestCaseExecutor.java:436)
	at com.kms.katalon.core.main.TestCaseExecutor.processExecutionPhase(TestCaseExecutor.java:415)
	at com.kms.katalon.core.main.TestCaseExecutor.accessMainPhase(TestCaseExecutor.java:407)
	at com.kms.katalon.core.main.TestCaseExecutor.execute(TestCaseExecutor.java:284)
	at com.kms.katalon.core.common.CommonExecutor.accessTestCaseMainPhase(CommonExecutor.java:65)
	at com.kms.katalon.core.main.TestSuiteExecutor.accessTestSuiteMainPhase(TestSuiteExecutor.java:144)
	at com.kms.katalon.core.main.TestSuiteExecutor.execute(TestSuiteExecutor.java:106)
	at com.kms.katalon.core.main.TestCaseMain.startTestSuite(TestCaseMain.java:185)
	at com.kms.katalon.core.main.TestCaseMain$startTestSuite$0.call(Unknown Source)
	at TempTestSuite1653408280222.run(TempTestSuite1653408280222.groovy:36)
)
	at com.kms.katalon.core.keyword.internal.KeywordMain.stepFailed(KeywordMain.groovy:39)
	at com.kms.katalon.core.keyword.internal.KeywordMain.stepFailed(KeywordMain.groovy)
	at com.kms.katalon.core.keyword.internal.KeywordMain.runKeyword(KeywordMain.groovy:76)
	at com.kms.katalon.core.keyword.builtin.VerifyEqualKeyword.verifyEqual(VerifyEqualKeyword.groovy:63)
	at com.kms.katalon.core.keyword.builtin.VerifyEqualKeyword.execute(VerifyEqualKeyword.groovy:44)
	at com.kms.katalon.core.keyword.internal.KeywordExecutor.executeKeywordForPlatform(KeywordExecutor.groovy:74)
	at com.kms.katalon.core.keyword.BuiltinKeywords.verifyEqual(BuiltinKeywords.groovy:141)
	at 18 Validaciones Funcionales - Intentar iniciar sesión con falla de conexión.run(18 Validaciones Funcionales - Intentar iniciar sesión con falla de conexión:38)
	at com.kms.katalon.core.main.ScriptEngine.run(ScriptEngine.java:194)
	at com.kms.katalon.core.main.ScriptEngine.runScriptAsRawText(ScriptEngine.java:119)
	at com.kms.katalon.core.main.TestCaseExecutor.runScript(TestCaseExecutor.java:445)
	at com.kms.katalon.core.main.TestCaseExecutor.doExecute(TestCaseExecutor.java:436)
	at com.kms.katalon.core.main.TestCaseExecutor.processExecutionPhase(TestCaseExecutor.java:415)
	at com.kms.katalon.core.main.TestCaseExecutor.accessMainPhase(TestCaseExecutor.java:407)
	at com.kms.katalon.core.main.TestCaseExecutor.execute(TestCaseExecutor.java:284)
	at com.kms.katalon.core.common.CommonExecutor.accessTestCaseMainPhase(CommonExecutor.java:65)
	at com.kms.katalon.core.main.TestSuiteExecutor.accessTestSuiteMainPhase(TestSuiteExecutor.java:144)
	at com.kms.katalon.core.main.TestSuiteExecutor.execute(TestSuiteExecutor.java:106)
	at com.kms.katalon.core.main.TestCaseMain.startTestSuite(TestCaseMain.java:185)
	at com.kms.katalon.core.main.TestCaseMain$startTestSuite$0.call(Unknown Source)
	at TempTestSuite1653408280222.run(TempTestSuite1653408280222.groovy:36)
Caused by: com.kms.katalon.core.exception.StepFailedException: Actual object '' and expected object 'Ups! Hubo una falla en la conexión. Por favor, verificá y probá de nuevo.' are not equal
	at com.kms.katalon.core.keyword.builtin.VerifyEqualKeyword$_verifyEqual_closure1.doCall(VerifyEqualKeyword.groovy:58)
	at com.kms.katalon.core.keyword.builtin.VerifyEqualKeyword$_verifyEqual_closure1.call(VerifyEqualKeyword.groovy)
	at com.kms.katalon.core.keyword.internal.KeywordMain.runKeyword(KeywordMain.groovy:74)
	... 18 more


2022-05-24 12:16:24 - [TEST_STEP][PASSED] - startApplication(URL, false): Started app at: 'C:\Users\Jose_Arrieta\Desktop\JA\Proyectos\Automatizacion de pruebas\APK para inicio\crtopyinfinitymobilebanking-release (8).apk'

2022-05-24 12:16:24 - [MESSAGE][INFO] - User set preference: ['deviceId', '']

2022-05-24 12:16:47 - [MESSAGE][PASSED] - Started app at: 'C:\Users\Jose_Arrieta\Desktop\JA\Proyectos\Automatizacion de pruebas\APK para inicio\crtopyinfinitymobilebanking-release (8).apk'

2022-05-24 12:16:47 - [TEST_STEP][PASSED] - delay(10, STOP_ON_FAILURE): Delayed 10 second(s)

2022-05-24 12:16:57 - [MESSAGE][PASSED] - Delayed 10 second(s)

2022-05-24 12:16:57 - [TEST_STEP][PASSED] - toggleAirplaneMode("yes", CONTINUE_ON_FAILURE): Toggled airplane mode: 'yes'

2022-05-24 12:17:04 - [MESSAGE][PASSED] - Toggled airplane mode: 'yes'

2022-05-24 12:17:04 - [TEST_STEP][PASSED] - clearText(findTestObject("Sprint 1/Login/android.widget.EditText - Numero de celular login"), 0): Element 'Object Repository/Sprint 1/Login/android.widget.EditText - Numero de celular login' text is cleared

2022-05-24 12:17:04 - [MESSAGE][WARNING] - Timeout '0' is invalid. Using default page load timeout: '30'

2022-05-24 12:17:07 - [MESSAGE][PASSED] - Element 'Object Repository/Sprint 1/Login/android.widget.EditText - Numero de celular login' text is cleared

2022-05-24 12:17:07 - [TEST_STEP][PASSED] - setText(findTestObject("Sprint 1/Login/android.widget.EditText - Ejemplo 0981123456"), Numerocelular, 0): Text '0972875200' has been set to element 'Object Repository/Sprint 1/Login/android.widget.EditText - Ejemplo 0981123456'

2022-05-24 12:17:07 - [MESSAGE][WARNING] - Timeout '0' is invalid. Using default page load timeout: '30'

2022-05-24 12:17:10 - [MESSAGE][PASSED] - Text '0972875200' has been set to element 'Object Repository/Sprint 1/Login/android.widget.EditText - Ejemplo 0981123456'

2022-05-24 12:17:10 - [TEST_STEP][PASSED] - setText(findTestObject("Sprint 1/Login/android.widget.EditText - tipear contrasea"), Contrasena, 0): Text 'Kony!12345' has been set to element 'Object Repository/Sprint 1/Login/android.widget.EditText - tipear contrasea'

2022-05-24 12:17:10 - [MESSAGE][WARNING] - Timeout '0' is invalid. Using default page load timeout: '30'

2022-05-24 12:17:12 - [MESSAGE][PASSED] - Text 'Kony!12345' has been set to element 'Object Repository/Sprint 1/Login/android.widget.EditText - tipear contrasea'

2022-05-24 12:17:12 - [TEST_STEP][PASSED] - tap(findTestObject("Sprint 1/Login/android.widget.Button - Ingresar"), 0): Tapped on element 'Object Repository/Sprint 1/Login/android.widget.Button - Ingresar'

2022-05-24 12:17:13 - [MESSAGE][WARNING] - Timeout '0' is invalid. Using default page load timeout: '30'

2022-05-24 12:17:15 - [MESSAGE][PASSED] - Tapped on element 'Object Repository/Sprint 1/Login/android.widget.Button - Ingresar'

2022-05-24 12:17:15 - [TEST_STEP][PASSED] - Mensajefallaconexion = getText(findTestObject("Sprint 1/falla de conexion dashboard/android.widget.TextView - Ups Hubo una falla en la conexin. Por favor, verific y prob de nuevo"), 0): Text of element 'Object Repository/Sprint 1/falla de conexion dashboard/android.widget.TextView - Ups Hubo una falla en la conexin. Por favor, verific y prob de nuevo' is: 'Ups! Hubo una falla en la conexión. Por favor, verificá y probá de nuevo.'

2022-05-24 12:17:15 - [MESSAGE][WARNING] - Timeout '0' is invalid. Using default page load timeout: '30'

2022-05-24 12:17:16 - [MESSAGE][PASSED] - Text of element 'Object Repository/Sprint 1/falla de conexion dashboard/android.widget.TextView - Ups Hubo una falla en la conexin. Por favor, verific y prob de nuevo' is: 'Ups! Hubo una falla en la conexión. Por favor, verificá y probá de nuevo.'

2022-05-24 12:17:16 - [TEST_STEP][FAILED] - verifyEqual(Falladeconexion, "Ups! Hubo una falla en la conexión. Por favor, verificá y probá de nuevo."): Unable to verify equal between actual object '' and expected object 'Ups! Hubo una falla en la conexión. Por favor, verificá y probá de nuevo.' (Root cause: com.kms.katalon.core.exception.StepFailedException: Actual object '' and expected object 'Ups! Hubo una falla en la conexión. Por favor, verificá y probá de nuevo.' are not equal
	at com.kms.katalon.core.keyword.builtin.VerifyEqualKeyword$_verifyEqual_closure1.doCall(VerifyEqualKeyword.groovy:58)
	at com.kms.katalon.core.keyword.builtin.VerifyEqualKeyword$_verifyEqual_closure1.call(VerifyEqualKeyword.groovy)
	at com.kms.katalon.core.keyword.internal.KeywordMain.runKeyword(KeywordMain.groovy:74)
	at com.kms.katalon.core.keyword.builtin.VerifyEqualKeyword.verifyEqual(VerifyEqualKeyword.groovy:63)
	at com.kms.katalon.core.keyword.builtin.VerifyEqualKeyword.execute(VerifyEqualKeyword.groovy:44)
	at com.kms.katalon.core.keyword.internal.KeywordExecutor.executeKeywordForPlatform(KeywordExecutor.groovy:74)
	at com.kms.katalon.core.keyword.BuiltinKeywords.verifyEqual(BuiltinKeywords.groovy:141)
	at 18 Validaciones Funcionales - Intentar iniciar sesión con falla de conexión.run(18 Validaciones Funcionales - Intentar iniciar sesión con falla de conexión:38)
	at com.kms.katalon.core.main.ScriptEngine.run(ScriptEngine.java:194)
	at com.kms.katalon.core.main.ScriptEngine.runScriptAsRawText(ScriptEngine.java:119)
	at com.kms.katalon.core.main.TestCaseExecutor.runScript(TestCaseExecutor.java:445)
	at com.kms.katalon.core.main.TestCaseExecutor.doExecute(TestCaseExecutor.java:436)
	at com.kms.katalon.core.main.TestCaseExecutor.processExecutionPhase(TestCaseExecutor.java:415)
	at com.kms.katalon.core.main.TestCaseExecutor.accessMainPhase(TestCaseExecutor.java:407)
	at com.kms.katalon.core.main.TestCaseExecutor.execute(TestCaseExecutor.java:284)
	at com.kms.katalon.core.common.CommonExecutor.accessTestCaseMainPhase(CommonExecutor.java:65)
	at com.kms.katalon.core.main.TestSuiteExecutor.accessTestSuiteMainPhase(TestSuiteExecutor.java:144)
	at com.kms.katalon.core.main.TestSuiteExecutor.execute(TestSuiteExecutor.java:106)
	at com.kms.katalon.core.main.TestCaseMain.startTestSuite(TestCaseMain.java:185)
	at com.kms.katalon.core.main.TestCaseMain$startTestSuite$0.call(Unknown Source)
	at TempTestSuite1653408280222.run(TempTestSuite1653408280222.groovy:36)
)

2022-05-24 12:17:16 - [MESSAGE][FAILED] - Unable to verify equal between actual object '' and expected object 'Ups! Hubo una falla en la conexión. Por favor, verificá y probá de nuevo.' (Root cause: com.kms.katalon.core.exception.StepFailedException: Actual object '' and expected object 'Ups! Hubo una falla en la conexión. Por favor, verificá y probá de nuevo.' are not equal
	at com.kms.katalon.core.keyword.builtin.VerifyEqualKeyword$_verifyEqual_closure1.doCall(VerifyEqualKeyword.groovy:58)
	at com.kms.katalon.core.keyword.builtin.VerifyEqualKeyword$_verifyEqual_closure1.call(VerifyEqualKeyword.groovy)
	at com.kms.katalon.core.keyword.internal.KeywordMain.runKeyword(KeywordMain.groovy:74)
	at com.kms.katalon.core.keyword.builtin.VerifyEqualKeyword.verifyEqual(VerifyEqualKeyword.groovy:63)
	at com.kms.katalon.core.keyword.builtin.VerifyEqualKeyword.execute(VerifyEqualKeyword.groovy:44)
	at com.kms.katalon.core.keyword.internal.KeywordExecutor.executeKeywordForPlatform(KeywordExecutor.groovy:74)
	at com.kms.katalon.core.keyword.BuiltinKeywords.verifyEqual(BuiltinKeywords.groovy:141)
	at 18 Validaciones Funcionales - Intentar iniciar sesión con falla de conexión.run(18 Validaciones Funcionales - Intentar iniciar sesión con falla de conexión:38)
	at com.kms.katalon.core.main.ScriptEngine.run(ScriptEngine.java:194)
	at com.kms.katalon.core.main.ScriptEngine.runScriptAsRawText(ScriptEngine.java:119)
	at com.kms.katalon.core.main.TestCaseExecutor.runScript(TestCaseExecutor.java:445)
	at com.kms.katalon.core.main.TestCaseExecutor.doExecute(TestCaseExecutor.java:436)
	at com.kms.katalon.core.main.TestCaseExecutor.processExecutionPhase(TestCaseExecutor.java:415)
	at com.kms.katalon.core.main.TestCaseExecutor.accessMainPhase(TestCaseExecutor.java:407)
	at com.kms.katalon.core.main.TestCaseExecutor.execute(TestCaseExecutor.java:284)
	at com.kms.katalon.core.common.CommonExecutor.accessTestCaseMainPhase(CommonExecutor.java:65)
	at com.kms.katalon.core.main.TestSuiteExecutor.accessTestSuiteMainPhase(TestSuiteExecutor.java:144)
	at com.kms.katalon.core.main.TestSuiteExecutor.execute(TestSuiteExecutor.java:106)
	at com.kms.katalon.core.main.TestCaseMain.startTestSuite(TestCaseMain.java:185)
	at com.kms.katalon.core.main.TestCaseMain$startTestSuite$0.call(Unknown Source)
	at TempTestSuite1653408280222.run(TempTestSuite1653408280222.groovy:36)
)

2022-05-24 12:17:16 - [TEST_STEP][PASSED] - tap(findTestObject("Sprint 1/falla de conexion dashboard/android.widget.Button - ACEPTAR"), 0): Tapped on element 'Object Repository/Sprint 1/falla de conexion dashboard/android.widget.Button - ACEPTAR'

2022-05-24 12:17:16 - [MESSAGE][WARNING] - Timeout '0' is invalid. Using default page load timeout: '30'

2022-05-24 12:17:17 - [MESSAGE][PASSED] - Tapped on element 'Object Repository/Sprint 1/falla de conexion dashboard/android.widget.Button - ACEPTAR'

2022-05-24 12:17:17 - [TEST_STEP][PASSED] - toggleAirplaneMode("no", CONTINUE_ON_FAILURE): Toggled airplane mode: 'no'

2022-05-24 12:17:19 - [MESSAGE][PASSED] - Toggled airplane mode: 'no']]></system-out>
         <system-err><![CDATA[2022-05-24 12:16:23 - [TEST_CASE][FAILED] - Test Cases/Sprint 1/01HU-Login-Cierre de Sesión/18 Validaciones Funcionales - Intentar iniciar sesión con falla de conexión: Test Cases/Sprint 1/01HU-Login-Cierre de Sesión/18 Validaciones Funcionales - Intentar iniciar sesión con falla de conexión FAILED.
Reason:
com.kms.katalon.core.exception.StepFailedException: Unable to verify equal between actual object '' and expected object 'Ups! Hubo una falla en la conexión. Por favor, verificá y probá de nuevo.' (Root cause: com.kms.katalon.core.exception.StepFailedException: Actual object '' and expected object 'Ups! Hubo una falla en la conexión. Por favor, verificá y probá de nuevo.' are not equal
	at com.kms.katalon.core.keyword.builtin.VerifyEqualKeyword$_verifyEqual_closure1.doCall(VerifyEqualKeyword.groovy:58)
	at com.kms.katalon.core.keyword.builtin.VerifyEqualKeyword$_verifyEqual_closure1.call(VerifyEqualKeyword.groovy)
	at com.kms.katalon.core.keyword.internal.KeywordMain.runKeyword(KeywordMain.groovy:74)
	at com.kms.katalon.core.keyword.builtin.VerifyEqualKeyword.verifyEqual(VerifyEqualKeyword.groovy:63)
	at com.kms.katalon.core.keyword.builtin.VerifyEqualKeyword.execute(VerifyEqualKeyword.groovy:44)
	at com.kms.katalon.core.keyword.internal.KeywordExecutor.executeKeywordForPlatform(KeywordExecutor.groovy:74)
	at com.kms.katalon.core.keyword.BuiltinKeywords.verifyEqual(BuiltinKeywords.groovy:141)
	at 18 Validaciones Funcionales - Intentar iniciar sesión con falla de conexión.run(18 Validaciones Funcionales - Intentar iniciar sesión con falla de conexión:38)
	at com.kms.katalon.core.main.ScriptEngine.run(ScriptEngine.java:194)
	at com.kms.katalon.core.main.ScriptEngine.runScriptAsRawText(ScriptEngine.java:119)
	at com.kms.katalon.core.main.TestCaseExecutor.runScript(TestCaseExecutor.java:445)
	at com.kms.katalon.core.main.TestCaseExecutor.doExecute(TestCaseExecutor.java:436)
	at com.kms.katalon.core.main.TestCaseExecutor.processExecutionPhase(TestCaseExecutor.java:415)
	at com.kms.katalon.core.main.TestCaseExecutor.accessMainPhase(TestCaseExecutor.java:407)
	at com.kms.katalon.core.main.TestCaseExecutor.execute(TestCaseExecutor.java:284)
	at com.kms.katalon.core.common.CommonExecutor.accessTestCaseMainPhase(CommonExecutor.java:65)
	at com.kms.katalon.core.main.TestSuiteExecutor.accessTestSuiteMainPhase(TestSuiteExecutor.java:144)
	at com.kms.katalon.core.main.TestSuiteExecutor.execute(TestSuiteExecutor.java:106)
	at com.kms.katalon.core.main.TestCaseMain.startTestSuite(TestCaseMain.java:185)
	at com.kms.katalon.core.main.TestCaseMain$startTestSuite$0.call(Unknown Source)
	at TempTestSuite1653408280222.run(TempTestSuite1653408280222.groovy:36)
)
	at com.kms.katalon.core.keyword.internal.KeywordMain.stepFailed(KeywordMain.groovy:39)
	at com.kms.katalon.core.keyword.internal.KeywordMain.stepFailed(KeywordMain.groovy)
	at com.kms.katalon.core.keyword.internal.KeywordMain.runKeyword(KeywordMain.groovy:76)
	at com.kms.katalon.core.keyword.builtin.VerifyEqualKeyword.verifyEqual(VerifyEqualKeyword.groovy:63)
	at com.kms.katalon.core.keyword.builtin.VerifyEqualKeyword.execute(VerifyEqualKeyword.groovy:44)
	at com.kms.katalon.core.keyword.internal.KeywordExecutor.executeKeywordForPlatform(KeywordExecutor.groovy:74)
	at com.kms.katalon.core.keyword.BuiltinKeywords.verifyEqual(BuiltinKeywords.groovy:141)
	at 18 Validaciones Funcionales - Intentar iniciar sesión con falla de conexión.run(18 Validaciones Funcionales - Intentar iniciar sesión con falla de conexión:38)
	at com.kms.katalon.core.main.ScriptEngine.run(ScriptEngine.java:194)
	at com.kms.katalon.core.main.ScriptEngine.runScriptAsRawText(ScriptEngine.java:119)
	at com.kms.katalon.core.main.TestCaseExecutor.runScript(TestCaseExecutor.java:445)
	at com.kms.katalon.core.main.TestCaseExecutor.doExecute(TestCaseExecutor.java:436)
	at com.kms.katalon.core.main.TestCaseExecutor.processExecutionPhase(TestCaseExecutor.java:415)
	at com.kms.katalon.core.main.TestCaseExecutor.accessMainPhase(TestCaseExecutor.java:407)
	at com.kms.katalon.core.main.TestCaseExecutor.execute(TestCaseExecutor.java:284)
	at com.kms.katalon.core.common.CommonExecutor.accessTestCaseMainPhase(CommonExecutor.java:65)
	at com.kms.katalon.core.main.TestSuiteExecutor.accessTestSuiteMainPhase(TestSuiteExecutor.java:144)
	at com.kms.katalon.core.main.TestSuiteExecutor.execute(TestSuiteExecutor.java:106)
	at com.kms.katalon.core.main.TestCaseMain.startTestSuite(TestCaseMain.java:185)
	at com.kms.katalon.core.main.TestCaseMain$startTestSuite$0.call(Unknown Source)
	at TempTestSuite1653408280222.run(TempTestSuite1653408280222.groovy:36)
Caused by: com.kms.katalon.core.exception.StepFailedException: Actual object '' and expected object 'Ups! Hubo una falla en la conexión. Por favor, verificá y probá de nuevo.' are not equal
	at com.kms.katalon.core.keyword.builtin.VerifyEqualKeyword$_verifyEqual_closure1.doCall(VerifyEqualKeyword.groovy:58)
	at com.kms.katalon.core.keyword.builtin.VerifyEqualKeyword$_verifyEqual_closure1.call(VerifyEqualKeyword.groovy)
	at com.kms.katalon.core.keyword.internal.KeywordMain.runKeyword(KeywordMain.groovy:74)
	... 18 more]]></system-err>
      </testcase>
      <testcase name="Test Cases/Sprint 1/01HU-Login-Cierre de Sesión/19 Estructura de pantalla - Pantalla Cierre de sesión" time="139.832" classname="Test Cases/Sprint 1/01HU-Login-Cierre de Sesión/19 Estructura de pantalla - Pantalla Cierre de sesión" status="FAILED">
         <failure type="FAILED" message="Test Cases/Sprint 1/01HU-Login-Cierre de Sesión/19 Estructura de pantalla - Pantalla Cierre de sesión FAILED.
Reason:
com.kms.katalon.core.exception.StepFailedException: Object Object Repository/Sprint 1/cierre de sesion/android.widget.ImageView Menu hamburguesa Inferior not found
	at com.kms.katalon.core.keyword.internal.KeywordMain.stepFailed(KeywordMain.groovy:39)
	at com.kms.katalon.core.mobile.keyword.internal.MobileKeywordMain.stepFailed(MobileKeywordMain.groovy:40)
	at com.kms.katalon.core.mobile.keyword.builtin.TapKeyword$_tap_closure1.doCall(TapKeyword.groovy:79)
	at com.kms.katalon.core.mobile.keyword.builtin.TapKeyword$_tap_closure1.call(TapKeyword.groovy)
	at com.kms.katalon.core.mobile.keyword.internal.MobileKeywordMain.runKeyword(MobileKeywordMain.groovy:21)
	at com.kms.katalon.core.mobile.keyword.builtin.TapKeyword.tap(TapKeyword.groovy:84)
	at com.kms.katalon.core.mobile.keyword.builtin.TapKeyword.execute(TapKeyword.groovy:68)
	at com.kms.katalon.core.keyword.internal.KeywordExecutor.executeKeywordForPlatform(KeywordExecutor.groovy:74)
	at com.kms.katalon.core.mobile.keyword.MobileBuiltInKeywords.tap(MobileBuiltInKeywords.groovy:1490)
	at com.kms.katalon.core.mobile.keyword.MobileBuiltInKeywords$tap$2.call(Unknown Source)
	at 19 Estructura de pantalla - Pantalla Cierre de sesión.run(19 Estructura de pantalla - Pantalla Cierre de sesión:24)
	at com.kms.katalon.core.main.ScriptEngine.run(ScriptEngine.java:194)
	at com.kms.katalon.core.main.ScriptEngine.runScriptAsRawText(ScriptEngine.java:119)
	at com.kms.katalon.core.main.TestCaseExecutor.runScript(TestCaseExecutor.java:445)
	at com.kms.katalon.core.main.TestCaseExecutor.doExecute(TestCaseExecutor.java:436)
	at com.kms.katalon.core.main.TestCaseExecutor.processExecutionPhase(TestCaseExecutor.java:415)
	at com.kms.katalon.core.main.TestCaseExecutor.accessMainPhase(TestCaseExecutor.java:407)
	at com.kms.katalon.core.main.TestCaseExecutor.execute(TestCaseExecutor.java:284)
	at com.kms.katalon.core.common.CommonExecutor.accessTestCaseMainPhase(CommonExecutor.java:65)
	at com.kms.katalon.core.main.TestSuiteExecutor.accessTestSuiteMainPhase(TestSuiteExecutor.java:144)
	at com.kms.katalon.core.main.TestSuiteExecutor.execute(TestSuiteExecutor.java:106)
	at com.kms.katalon.core.main.TestCaseMain.startTestSuite(TestCaseMain.java:185)
	at com.kms.katalon.core.main.TestCaseMain$startTestSuite$0.call(Unknown Source)
	at TempTestSuite1653408280222.run(TempTestSuite1653408280222.groovy:36)
"/>
         <system-out><![CDATA[2022-05-24 12:17:19 - [TEST_CASE][FAILED] - Test Cases/Sprint 1/01HU-Login-Cierre de Sesión/19 Estructura de pantalla - Pantalla Cierre de sesión: Test Cases/Sprint 1/01HU-Login-Cierre de Sesión/19 Estructura de pantalla - Pantalla Cierre de sesión FAILED.
Reason:
com.kms.katalon.core.exception.StepFailedException: Object Object Repository/Sprint 1/cierre de sesion/android.widget.ImageView Menu hamburguesa Inferior not found
	at com.kms.katalon.core.keyword.internal.KeywordMain.stepFailed(KeywordMain.groovy:39)
	at com.kms.katalon.core.mobile.keyword.internal.MobileKeywordMain.stepFailed(MobileKeywordMain.groovy:40)
	at com.kms.katalon.core.mobile.keyword.builtin.TapKeyword$_tap_closure1.doCall(TapKeyword.groovy:79)
	at com.kms.katalon.core.mobile.keyword.builtin.TapKeyword$_tap_closure1.call(TapKeyword.groovy)
	at com.kms.katalon.core.mobile.keyword.internal.MobileKeywordMain.runKeyword(MobileKeywordMain.groovy:21)
	at com.kms.katalon.core.mobile.keyword.builtin.TapKeyword.tap(TapKeyword.groovy:84)
	at com.kms.katalon.core.mobile.keyword.builtin.TapKeyword.execute(TapKeyword.groovy:68)
	at com.kms.katalon.core.keyword.internal.KeywordExecutor.executeKeywordForPlatform(KeywordExecutor.groovy:74)
	at com.kms.katalon.core.mobile.keyword.MobileBuiltInKeywords.tap(MobileBuiltInKeywords.groovy:1490)
	at com.kms.katalon.core.mobile.keyword.MobileBuiltInKeywords$tap$2.call(Unknown Source)
	at 19 Estructura de pantalla - Pantalla Cierre de sesión.run(19 Estructura de pantalla - Pantalla Cierre de sesión:24)
	at com.kms.katalon.core.main.ScriptEngine.run(ScriptEngine.java:194)
	at com.kms.katalon.core.main.ScriptEngine.runScriptAsRawText(ScriptEngine.java:119)
	at com.kms.katalon.core.main.TestCaseExecutor.runScript(TestCaseExecutor.java:445)
	at com.kms.katalon.core.main.TestCaseExecutor.doExecute(TestCaseExecutor.java:436)
	at com.kms.katalon.core.main.TestCaseExecutor.processExecutionPhase(TestCaseExecutor.java:415)
	at com.kms.katalon.core.main.TestCaseExecutor.accessMainPhase(TestCaseExecutor.java:407)
	at com.kms.katalon.core.main.TestCaseExecutor.execute(TestCaseExecutor.java:284)
	at com.kms.katalon.core.common.CommonExecutor.accessTestCaseMainPhase(CommonExecutor.java:65)
	at com.kms.katalon.core.main.TestSuiteExecutor.accessTestSuiteMainPhase(TestSuiteExecutor.java:144)
	at com.kms.katalon.core.main.TestSuiteExecutor.execute(TestSuiteExecutor.java:106)
	at com.kms.katalon.core.main.TestCaseMain.startTestSuite(TestCaseMain.java:185)
	at com.kms.katalon.core.main.TestCaseMain$startTestSuite$0.call(Unknown Source)
	at TempTestSuite1653408280222.run(TempTestSuite1653408280222.groovy:36)


2022-05-24 12:17:19 - [TEST_STEP][PASSED] - callTestCase(findTestCase("Sprint 1/01HU-Login-Cierre de Sesión/11 Especificaciones Funcionales - Login exitoso del usuario"), ["NumeroCelular":findTestData("Usuarios").getValue(1, 1), "Contrasena":findTestData("Usuarios").getValue(2, 1)], CONTINUE_ON_FAILURE): Call Test Case 'Test Cases/Sprint 1/01HU-Login-Cierre de Sesión/11 Especificaciones Funcionales - Login exitoso del usuario' successfully

2022-05-24 12:17:19 - [TEST_CASE][PASSED] - Test Cases/Sprint 1/01HU-Login-Cierre de Sesión/11 Especificaciones Funcionales - Login exitoso del usuario: Test Cases/Sprint 1/01HU-Login-Cierre de Sesión/11 Especificaciones Funcionales - Login exitoso del usuario

2022-05-24 12:17:19 - [TEST_STEP][PASSED] - startApplication(APKjose, false): Started app at: 'C:\Users\Jose_Arrieta\Desktop\JA\Proyectos\Automatizacion de pruebas\APK para inicio\crtopyinfinitymobilebanking-release (8).apk'

2022-05-24 12:17:19 - [MESSAGE][INFO] - User set preference: ['deviceId', '']

2022-05-24 12:17:47 - [MESSAGE][PASSED] - Started app at: 'C:\Users\Jose_Arrieta\Desktop\JA\Proyectos\Automatizacion de pruebas\APK para inicio\crtopyinfinitymobilebanking-release (8).apk'

2022-05-24 12:17:47 - [TEST_STEP][PASSED] - delay(10, STOP_ON_FAILURE): Delayed 10 second(s)

2022-05-24 12:17:57 - [MESSAGE][PASSED] - Delayed 10 second(s)

2022-05-24 12:17:57 - [TEST_STEP][PASSED] - clearText(findTestObject("Sprint 1/Login/android.widget.EditText - Numero de celular login"), 0): Element 'Object Repository/Sprint 1/Login/android.widget.EditText - Numero de celular login' text is cleared

2022-05-24 12:17:57 - [MESSAGE][WARNING] - Timeout '0' is invalid. Using default page load timeout: '30'

2022-05-24 12:18:00 - [MESSAGE][PASSED] - Element 'Object Repository/Sprint 1/Login/android.widget.EditText - Numero de celular login' text is cleared

2022-05-24 12:18:00 - [TEST_STEP][PASSED] - setText(findTestObject("Sprint 1/Login/android.widget.EditText - Ejemplo 0981123456"), Numerocelular, 0): Text '0972875200' has been set to element 'Object Repository/Sprint 1/Login/android.widget.EditText - Ejemplo 0981123456'

2022-05-24 12:18:00 - [MESSAGE][WARNING] - Timeout '0' is invalid. Using default page load timeout: '30'

2022-05-24 12:18:03 - [MESSAGE][PASSED] - Text '0972875200' has been set to element 'Object Repository/Sprint 1/Login/android.widget.EditText - Ejemplo 0981123456'

2022-05-24 12:18:03 - [TEST_STEP][PASSED] - setText(findTestObject("Sprint 1/Login/android.widget.EditText - tipear contrasea"), Contrasena, 0): Text 'Kony!12345' has been set to element 'Object Repository/Sprint 1/Login/android.widget.EditText - tipear contrasea'

2022-05-24 12:18:03 - [MESSAGE][WARNING] - Timeout '0' is invalid. Using default page load timeout: '30'

2022-05-24 12:18:06 - [MESSAGE][PASSED] - Text 'Kony!12345' has been set to element 'Object Repository/Sprint 1/Login/android.widget.EditText - tipear contrasea'

2022-05-24 12:18:06 - [TEST_STEP][PASSED] - tap(findTestObject("Sprint 1/Login/android.widget.Button - Ingresar"), 0): Tapped on element 'Object Repository/Sprint 1/Login/android.widget.Button - Ingresar'

2022-05-24 12:18:06 - [MESSAGE][WARNING] - Timeout '0' is invalid. Using default page load timeout: '30'

2022-05-24 12:18:08 - [MESSAGE][PASSED] - Tapped on element 'Object Repository/Sprint 1/Login/android.widget.Button - Ingresar'

2022-05-24 12:18:08 - [MESSAGE][PASSED] - Call Test Case 'Test Cases/Sprint 1/01HU-Login-Cierre de Sesión/11 Especificaciones Funcionales - Login exitoso del usuario' successfully

2022-05-24 12:18:08 - [TEST_STEP][FAILED] - tap(findTestObject("Object Repository/Sprint 1/cierre de sesion/android.widget.ImageView Menu hamburguesa Inferior"), 0): Object Object Repository/Sprint 1/cierre de sesion/android.widget.ImageView Menu hamburguesa Inferior not found

2022-05-24 12:18:08 - [MESSAGE][WARNING] - Timeout '0' is invalid. Using default page load timeout: '30'

2022-05-24 12:18:38 - [MESSAGE][FAILED] - Object Object Repository/Sprint 1/cierre de sesion/android.widget.ImageView Menu hamburguesa Inferior not found

2022-05-24 12:18:38 - [TEST_STEP][FAILED] - tap(findTestObject("Object Repository/Sprint 1/cierre de sesion/android.widget.ImageView Icono salir superior"), 0): Object Object Repository/Sprint 1/cierre de sesion/android.widget.ImageView Icono salir superior not found

2022-05-24 12:18:38 - [MESSAGE][WARNING] - Timeout '0' is invalid. Using default page load timeout: '30'

2022-05-24 12:19:08 - [MESSAGE][FAILED] - Object Object Repository/Sprint 1/cierre de sesion/android.widget.ImageView Icono salir superior not found

2022-05-24 12:19:08 - [TEST_STEP][FAILED] - mensajecierresesion = getText(findTestObject("Sprint 1/cierre de sesion/android.widget.TextView - Ests seguro de querer salir"), 0): Object Object Repository/Sprint 1/cierre de sesion/android.widget.TextView - Ests seguro de querer salir not found

2022-05-24 12:19:08 - [MESSAGE][WARNING] - Timeout '0' is invalid. Using default page load timeout: '30'

2022-05-24 12:19:39 - [MESSAGE][FAILED] - Object Object Repository/Sprint 1/cierre de sesion/android.widget.TextView - Ests seguro de querer salir not found

2022-05-24 12:19:39 - [TEST_STEP][FAILED] - verifyEqual(mensajecierresesion, "¿Estás seguro de querer salir?"): Unable to verify equal between actual object 'null' and expected object '¿Estás seguro de querer salir?' (Root cause: com.kms.katalon.core.exception.StepFailedException: Actual object 'null' and expected object '¿Estás seguro de querer salir?' are not equal
	at com.kms.katalon.core.keyword.builtin.VerifyEqualKeyword$_verifyEqual_closure1.doCall(VerifyEqualKeyword.groovy:58)
	at com.kms.katalon.core.keyword.builtin.VerifyEqualKeyword$_verifyEqual_closure1.call(VerifyEqualKeyword.groovy)
	at com.kms.katalon.core.keyword.internal.KeywordMain.runKeyword(KeywordMain.groovy:74)
	at com.kms.katalon.core.keyword.builtin.VerifyEqualKeyword.verifyEqual(VerifyEqualKeyword.groovy:63)
	at com.kms.katalon.core.keyword.builtin.VerifyEqualKeyword.execute(VerifyEqualKeyword.groovy:44)
	at com.kms.katalon.core.keyword.internal.KeywordExecutor.executeKeywordForPlatform(KeywordExecutor.groovy:74)
	at com.kms.katalon.core.keyword.BuiltinKeywords.verifyEqual(BuiltinKeywords.groovy:141)
	at 19 Estructura de pantalla - Pantalla Cierre de sesión.run(19 Estructura de pantalla - Pantalla Cierre de sesión:31)
	at com.kms.katalon.core.main.ScriptEngine.run(ScriptEngine.java:194)
	at com.kms.katalon.core.main.ScriptEngine.runScriptAsRawText(ScriptEngine.java:119)
	at com.kms.katalon.core.main.TestCaseExecutor.runScript(TestCaseExecutor.java:445)
	at com.kms.katalon.core.main.TestCaseExecutor.doExecute(TestCaseExecutor.java:436)
	at com.kms.katalon.core.main.TestCaseExecutor.processExecutionPhase(TestCaseExecutor.java:415)
	at com.kms.katalon.core.main.TestCaseExecutor.accessMainPhase(TestCaseExecutor.java:407)
	at com.kms.katalon.core.main.TestCaseExecutor.execute(TestCaseExecutor.java:284)
	at com.kms.katalon.core.common.CommonExecutor.accessTestCaseMainPhase(CommonExecutor.java:65)
	at com.kms.katalon.core.main.TestSuiteExecutor.accessTestSuiteMainPhase(TestSuiteExecutor.java:144)
	at com.kms.katalon.core.main.TestSuiteExecutor.execute(TestSuiteExecutor.java:106)
	at com.kms.katalon.core.main.TestCaseMain.startTestSuite(TestCaseMain.java:185)
	at com.kms.katalon.core.main.TestCaseMain$startTestSuite$0.call(Unknown Source)
	at TempTestSuite1653408280222.run(TempTestSuite1653408280222.groovy:36)
)

2022-05-24 12:19:39 - [MESSAGE][FAILED] - Unable to verify equal between actual object 'null' and expected object '¿Estás seguro de querer salir?' (Root cause: com.kms.katalon.core.exception.StepFailedException: Actual object 'null' and expected object '¿Estás seguro de querer salir?' are not equal
	at com.kms.katalon.core.keyword.builtin.VerifyEqualKeyword$_verifyEqual_closure1.doCall(VerifyEqualKeyword.groovy:58)
	at com.kms.katalon.core.keyword.builtin.VerifyEqualKeyword$_verifyEqual_closure1.call(VerifyEqualKeyword.groovy)
	at com.kms.katalon.core.keyword.internal.KeywordMain.runKeyword(KeywordMain.groovy:74)
	at com.kms.katalon.core.keyword.builtin.VerifyEqualKeyword.verifyEqual(VerifyEqualKeyword.groovy:63)
	at com.kms.katalon.core.keyword.builtin.VerifyEqualKeyword.execute(VerifyEqualKeyword.groovy:44)
	at com.kms.katalon.core.keyword.internal.KeywordExecutor.executeKeywordForPlatform(KeywordExecutor.groovy:74)
	at com.kms.katalon.core.keyword.BuiltinKeywords.verifyEqual(BuiltinKeywords.groovy:141)
	at 19 Estructura de pantalla - Pantalla Cierre de sesión.run(19 Estructura de pantalla - Pantalla Cierre de sesión:31)
	at com.kms.katalon.core.main.ScriptEngine.run(ScriptEngine.java:194)
	at com.kms.katalon.core.main.ScriptEngine.runScriptAsRawText(ScriptEngine.java:119)
	at com.kms.katalon.core.main.TestCaseExecutor.runScript(TestCaseExecutor.java:445)
	at com.kms.katalon.core.main.TestCaseExecutor.doExecute(TestCaseExecutor.java:436)
	at com.kms.katalon.core.main.TestCaseExecutor.processExecutionPhase(TestCaseExecutor.java:415)
	at com.kms.katalon.core.main.TestCaseExecutor.accessMainPhase(TestCaseExecutor.java:407)
	at com.kms.katalon.core.main.TestCaseExecutor.execute(TestCaseExecutor.java:284)
	at com.kms.katalon.core.common.CommonExecutor.accessTestCaseMainPhase(CommonExecutor.java:65)
	at com.kms.katalon.core.main.TestSuiteExecutor.accessTestSuiteMainPhase(TestSuiteExecutor.java:144)
	at com.kms.katalon.core.main.TestSuiteExecutor.execute(TestSuiteExecutor.java:106)
	at com.kms.katalon.core.main.TestCaseMain.startTestSuite(TestCaseMain.java:185)
	at com.kms.katalon.core.main.TestCaseMain$startTestSuite$0.call(Unknown Source)
	at TempTestSuite1653408280222.run(TempTestSuite1653408280222.groovy:36)
)]]></system-out>
         <system-err><![CDATA[2022-05-24 12:17:19 - [TEST_CASE][FAILED] - Test Cases/Sprint 1/01HU-Login-Cierre de Sesión/19 Estructura de pantalla - Pantalla Cierre de sesión: Test Cases/Sprint 1/01HU-Login-Cierre de Sesión/19 Estructura de pantalla - Pantalla Cierre de sesión FAILED.
Reason:
com.kms.katalon.core.exception.StepFailedException: Object Object Repository/Sprint 1/cierre de sesion/android.widget.ImageView Menu hamburguesa Inferior not found
	at com.kms.katalon.core.keyword.internal.KeywordMain.stepFailed(KeywordMain.groovy:39)
	at com.kms.katalon.core.mobile.keyword.internal.MobileKeywordMain.stepFailed(MobileKeywordMain.groovy:40)
	at com.kms.katalon.core.mobile.keyword.builtin.TapKeyword$_tap_closure1.doCall(TapKeyword.groovy:79)
	at com.kms.katalon.core.mobile.keyword.builtin.TapKeyword$_tap_closure1.call(TapKeyword.groovy)
	at com.kms.katalon.core.mobile.keyword.internal.MobileKeywordMain.runKeyword(MobileKeywordMain.groovy:21)
	at com.kms.katalon.core.mobile.keyword.builtin.TapKeyword.tap(TapKeyword.groovy:84)
	at com.kms.katalon.core.mobile.keyword.builtin.TapKeyword.execute(TapKeyword.groovy:68)
	at com.kms.katalon.core.keyword.internal.KeywordExecutor.executeKeywordForPlatform(KeywordExecutor.groovy:74)
	at com.kms.katalon.core.mobile.keyword.MobileBuiltInKeywords.tap(MobileBuiltInKeywords.groovy:1490)
	at com.kms.katalon.core.mobile.keyword.MobileBuiltInKeywords$tap$2.call(Unknown Source)
	at 19 Estructura de pantalla - Pantalla Cierre de sesión.run(19 Estructura de pantalla - Pantalla Cierre de sesión:24)
	at com.kms.katalon.core.main.ScriptEngine.run(ScriptEngine.java:194)
	at com.kms.katalon.core.main.ScriptEngine.runScriptAsRawText(ScriptEngine.java:119)
	at com.kms.katalon.core.main.TestCaseExecutor.runScript(TestCaseExecutor.java:445)
	at com.kms.katalon.core.main.TestCaseExecutor.doExecute(TestCaseExecutor.java:436)
	at com.kms.katalon.core.main.TestCaseExecutor.processExecutionPhase(TestCaseExecutor.java:415)
	at com.kms.katalon.core.main.TestCaseExecutor.accessMainPhase(TestCaseExecutor.java:407)
	at com.kms.katalon.core.main.TestCaseExecutor.execute(TestCaseExecutor.java:284)
	at com.kms.katalon.core.common.CommonExecutor.accessTestCaseMainPhase(CommonExecutor.java:65)
	at com.kms.katalon.core.main.TestSuiteExecutor.accessTestSuiteMainPhase(TestSuiteExecutor.java:144)
	at com.kms.katalon.core.main.TestSuiteExecutor.execute(TestSuiteExecutor.java:106)
	at com.kms.katalon.core.main.TestCaseMain.startTestSuite(TestCaseMain.java:185)
	at com.kms.katalon.core.main.TestCaseMain$startTestSuite$0.call(Unknown Source)
	at TempTestSuite1653408280222.run(TempTestSuite1653408280222.groovy:36)]]></system-err>
      </testcase>
      <system-out><![CDATA[2022-05-24 12:05:00 - [TEST_SUITE][FAILED] - 01HU-Login-Cierre de Sesión: Test Cases/Sprint 1/01HU-Login-Cierre de Sesión/12Especificaciones Funcionales - Login Fallido del usuario FAILED.
Reason:
com.kms.katalon.core.exception.StepFailedException: Unable to verify equal between actual object 'Ups! Se bloqueó tu contraseña. Para poder reingresar podés restaurarla.' and expected object '"El número de celular y/o la contraseña ingresados son incorrectos.”.' (Root cause: com.kms.katalon.core.exception.StepFailedException: Actual object 'Ups! Se bloqueó tu contraseña. Para poder reingresar podés restaurarla.' and expected object '"El número de celular y/o la contraseña ingresados son incorrectos.”.' are not equal
	at com.kms.katalon.core.keyword.builtin.VerifyEqualKeyword$_verifyEqual_closure1.doCall(VerifyEqualKeyword.groovy:58)
	at com.kms.katalon.core.keyword.builtin.VerifyEqualKeyword$_verifyEqual_closure1.call(VerifyEqualKeyword.groovy)
	at com.kms.katalon.core.keyword.internal.KeywordMain.runKeyword(KeywordMain.groovy:74)
	at com.kms.katalon.core.keyword.builtin.VerifyEqualKeyword.verifyEqual(VerifyEqualKeyword.groovy:63)
	at com.kms.katalon.core.keyword.builtin.VerifyEqualKeyword.execute(VerifyEqualKeyword.groovy:44)
	at com.kms.katalon.core.keyword.internal.KeywordExecutor.executeKeywordForPlatform(KeywordExecutor.groovy:74)
	at com.kms.katalon.core.keyword.BuiltinKeywords.verifyEqual(BuiltinKeywords.groovy:141)
	at 12Especificaciones Funcionales - Login Fallido del usuario.run(12Especificaciones Funcionales - Login Fallido del usuario:36)
	at com.kms.katalon.core.main.ScriptEngine.run(ScriptEngine.java:194)
	at com.kms.katalon.core.main.ScriptEngine.runScriptAsRawText(ScriptEngine.java:119)
	at com.kms.katalon.core.main.TestCaseExecutor.runScript(TestCaseExecutor.java:445)
	at com.kms.katalon.core.main.TestCaseExecutor.doExecute(TestCaseExecutor.java:436)
	at com.kms.katalon.core.main.TestCaseExecutor.processExecutionPhase(TestCaseExecutor.java:415)
	at com.kms.katalon.core.main.TestCaseExecutor.accessMainPhase(TestCaseExecutor.java:407)
	at com.kms.katalon.core.main.TestCaseExecutor.execute(TestCaseExecutor.java:284)
	at com.kms.katalon.core.common.CommonExecutor.accessTestCaseMainPhase(CommonExecutor.java:65)
	at com.kms.katalon.core.main.TestSuiteExecutor.accessTestSuiteMainPhase(TestSuiteExecutor.java:144)
	at com.kms.katalon.core.main.TestSuiteExecutor.execute(TestSuiteExecutor.java:106)
	at com.kms.katalon.core.main.TestCaseMain.startTestSuite(TestCaseMain.java:185)
	at com.kms.katalon.core.main.TestCaseMain$startTestSuite$0.call(Unknown Source)
	at TempTestSuite1653408280222.run(TempTestSuite1653408280222.groovy:36)
)
	at com.kms.katalon.core.keyword.internal.KeywordMain.stepFailed(KeywordMain.groovy:39)
	at com.kms.katalon.core.keyword.internal.KeywordMain.stepFailed(KeywordMain.groovy)
	at com.kms.katalon.core.keyword.internal.KeywordMain.runKeyword(KeywordMain.groovy:76)
	at com.kms.katalon.core.keyword.builtin.VerifyEqualKeyword.verifyEqual(VerifyEqualKeyword.groovy:63)
	at com.kms.katalon.core.keyword.builtin.VerifyEqualKeyword.execute(VerifyEqualKeyword.groovy:44)
	at com.kms.katalon.core.keyword.internal.KeywordExecutor.executeKeywordForPlatform(KeywordExecutor.groovy:74)
	at com.kms.katalon.core.keyword.BuiltinKeywords.verifyEqual(BuiltinKeywords.groovy:141)
	at 12Especificaciones Funcionales - Login Fallido del usuario.run(12Especificaciones Funcionales - Login Fallido del usuario:36)
	at com.kms.katalon.core.main.ScriptEngine.run(ScriptEngine.java:194)
	at com.kms.katalon.core.main.ScriptEngine.runScriptAsRawText(ScriptEngine.java:119)
	at com.kms.katalon.core.main.TestCaseExecutor.runScript(TestCaseExecutor.java:445)
	at com.kms.katalon.core.main.TestCaseExecutor.doExecute(TestCaseExecutor.java:436)
	at com.kms.katalon.core.main.TestCaseExecutor.processExecutionPhase(TestCaseExecutor.java:415)
	at com.kms.katalon.core.main.TestCaseExecutor.accessMainPhase(TestCaseExecutor.java:407)
	at com.kms.katalon.core.main.TestCaseExecutor.execute(TestCaseExecutor.java:284)
	at com.kms.katalon.core.common.CommonExecutor.accessTestCaseMainPhase(CommonExecutor.java:65)
	at com.kms.katalon.core.main.TestSuiteExecutor.accessTestSuiteMainPhase(TestSuiteExecutor.java:144)
	at com.kms.katalon.core.main.TestSuiteExecutor.execute(TestSuiteExecutor.java:106)
	at com.kms.katalon.core.main.TestCaseMain.startTestSuite(TestCaseMain.java:185)
	at com.kms.katalon.core.main.TestCaseMain$startTestSuite$0.call(Unknown Source)
	at TempTestSuite1653408280222.run(TempTestSuite1653408280222.groovy:36)
Caused by: com.kms.katalon.core.exception.StepFailedException: Actual object 'Ups! Se bloqueó tu contraseña. Para poder reingresar podés restaurarla.' and expected object '"El número de celular y/o la contraseña ingresados son incorrectos.”.' are not equal
	at com.kms.katalon.core.keyword.builtin.VerifyEqualKeyword$_verifyEqual_closure1.doCall(VerifyEqualKeyword.groovy:58)
	at com.kms.katalon.core.keyword.builtin.VerifyEqualKeyword$_verifyEqual_closure1.call(VerifyEqualKeyword.groovy)
	at com.kms.katalon.core.keyword.internal.KeywordMain.runKeyword(KeywordMain.groovy:74)
	... 18 more]]></system-out>
      <system-err><![CDATA[2022-05-24 12:05:00 - [TEST_SUITE][FAILED] - 01HU-Login-Cierre de Sesión: Test Cases/Sprint 1/01HU-Login-Cierre de Sesión/12Especificaciones Funcionales - Login Fallido del usuario FAILED.
Reason:
com.kms.katalon.core.exception.StepFailedException: Unable to verify equal between actual object 'Ups! Se bloqueó tu contraseña. Para poder reingresar podés restaurarla.' and expected object '"El número de celular y/o la contraseña ingresados son incorrectos.”.' (Root cause: com.kms.katalon.core.exception.StepFailedException: Actual object 'Ups! Se bloqueó tu contraseña. Para poder reingresar podés restaurarla.' and expected object '"El número de celular y/o la contraseña ingresados son incorrectos.”.' are not equal
	at com.kms.katalon.core.keyword.builtin.VerifyEqualKeyword$_verifyEqual_closure1.doCall(VerifyEqualKeyword.groovy:58)
	at com.kms.katalon.core.keyword.builtin.VerifyEqualKeyword$_verifyEqual_closure1.call(VerifyEqualKeyword.groovy)
	at com.kms.katalon.core.keyword.internal.KeywordMain.runKeyword(KeywordMain.groovy:74)
	at com.kms.katalon.core.keyword.builtin.VerifyEqualKeyword.verifyEqual(VerifyEqualKeyword.groovy:63)
	at com.kms.katalon.core.keyword.builtin.VerifyEqualKeyword.execute(VerifyEqualKeyword.groovy:44)
	at com.kms.katalon.core.keyword.internal.KeywordExecutor.executeKeywordForPlatform(KeywordExecutor.groovy:74)
	at com.kms.katalon.core.keyword.BuiltinKeywords.verifyEqual(BuiltinKeywords.groovy:141)
	at 12Especificaciones Funcionales - Login Fallido del usuario.run(12Especificaciones Funcionales - Login Fallido del usuario:36)
	at com.kms.katalon.core.main.ScriptEngine.run(ScriptEngine.java:194)
	at com.kms.katalon.core.main.ScriptEngine.runScriptAsRawText(ScriptEngine.java:119)
	at com.kms.katalon.core.main.TestCaseExecutor.runScript(TestCaseExecutor.java:445)
	at com.kms.katalon.core.main.TestCaseExecutor.doExecute(TestCaseExecutor.java:436)
	at com.kms.katalon.core.main.TestCaseExecutor.processExecutionPhase(TestCaseExecutor.java:415)
	at com.kms.katalon.core.main.TestCaseExecutor.accessMainPhase(TestCaseExecutor.java:407)
	at com.kms.katalon.core.main.TestCaseExecutor.execute(TestCaseExecutor.java:284)
	at com.kms.katalon.core.common.CommonExecutor.accessTestCaseMainPhase(CommonExecutor.java:65)
	at com.kms.katalon.core.main.TestSuiteExecutor.accessTestSuiteMainPhase(TestSuiteExecutor.java:144)
	at com.kms.katalon.core.main.TestSuiteExecutor.execute(TestSuiteExecutor.java:106)
	at com.kms.katalon.core.main.TestCaseMain.startTestSuite(TestCaseMain.java:185)
	at com.kms.katalon.core.main.TestCaseMain$startTestSuite$0.call(Unknown Source)
	at TempTestSuite1653408280222.run(TempTestSuite1653408280222.groovy:36)
)
	at com.kms.katalon.core.keyword.internal.KeywordMain.stepFailed(KeywordMain.groovy:39)
	at com.kms.katalon.core.keyword.internal.KeywordMain.stepFailed(KeywordMain.groovy)
	at com.kms.katalon.core.keyword.internal.KeywordMain.runKeyword(KeywordMain.groovy:76)
	at com.kms.katalon.core.keyword.builtin.VerifyEqualKeyword.verifyEqual(VerifyEqualKeyword.groovy:63)
	at com.kms.katalon.core.keyword.builtin.VerifyEqualKeyword.execute(VerifyEqualKeyword.groovy:44)
	at com.kms.katalon.core.keyword.internal.KeywordExecutor.executeKeywordForPlatform(KeywordExecutor.groovy:74)
	at com.kms.katalon.core.keyword.BuiltinKeywords.verifyEqual(BuiltinKeywords.groovy:141)
	at 12Especificaciones Funcionales - Login Fallido del usuario.run(12Especificaciones Funcionales - Login Fallido del usuario:36)
	at com.kms.katalon.core.main.ScriptEngine.run(ScriptEngine.java:194)
	at com.kms.katalon.core.main.ScriptEngine.runScriptAsRawText(ScriptEngine.java:119)
	at com.kms.katalon.core.main.TestCaseExecutor.runScript(TestCaseExecutor.java:445)
	at com.kms.katalon.core.main.TestCaseExecutor.doExecute(TestCaseExecutor.java:436)
	at com.kms.katalon.core.main.TestCaseExecutor.processExecutionPhase(TestCaseExecutor.java:415)
	at com.kms.katalon.core.main.TestCaseExecutor.accessMainPhase(TestCaseExecutor.java:407)
	at com.kms.katalon.core.main.TestCaseExecutor.execute(TestCaseExecutor.java:284)
	at com.kms.katalon.core.common.CommonExecutor.accessTestCaseMainPhase(CommonExecutor.java:65)
	at com.kms.katalon.core.main.TestSuiteExecutor.accessTestSuiteMainPhase(TestSuiteExecutor.java:144)
	at com.kms.katalon.core.main.TestSuiteExecutor.execute(TestSuiteExecutor.java:106)
	at com.kms.katalon.core.main.TestCaseMain.startTestSuite(TestCaseMain.java:185)
	at com.kms.katalon.core.main.TestCaseMain$startTestSuite$0.call(Unknown Source)
	at TempTestSuite1653408280222.run(TempTestSuite1653408280222.groovy:36)
Caused by: com.kms.katalon.core.exception.StepFailedException: Actual object 'Ups! Se bloqueó tu contraseña. Para poder reingresar podés restaurarla.' and expected object '"El número de celular y/o la contraseña ingresados son incorrectos.”.' are not equal
	at com.kms.katalon.core.keyword.builtin.VerifyEqualKeyword$_verifyEqual_closure1.doCall(VerifyEqualKeyword.groovy:58)
	at com.kms.katalon.core.keyword.builtin.VerifyEqualKeyword$_verifyEqual_closure1.call(VerifyEqualKeyword.groovy)
	at com.kms.katalon.core.keyword.internal.KeywordMain.runKeyword(KeywordMain.groovy:74)
	... 18 more]]></system-err>
   </testsuite>
</testsuites>
